2023-12-09 23:16:39.726879 ========================================Basic Configurations========================================
2023-12-09 23:16:39.726931 Daemon Filename: /home/Desktop/studies/q_functionals_daemon/results/final/5agent_5landmarks_fixed_full_egreedy/centralized_run_1-step-update_func-polynomial_rank-2_episode-10000_lr0001_b512_l3_n256_m500000_iter1/timestamp.log
2023-12-09 23:16:39.726953 Training Environment: q_functions_5agent_5landmarks_fixed
2023-12-09 23:16:39.726970 Functional: polynomial
2023-12-09 23:16:39.726985 rank: 2
2023-12-09 23:16:39.727000 seed: 0
2023-12-09 23:16:39.727018 learning_rate: 0.001
2023-12-09 23:16:39.727035 target_network_learning_rate: 0.005
2023-12-09 23:16:39.727050 nb_runs: 5
2023-12-09 23:16:39.727065 ma_type: centralized
2023-12-09 23:16:39.727080 policy_type: e_greedy
2023-12-09 23:16:39.727095 noise_std: 0.05
2023-12-09 23:16:39.727110 ========================================Model Configurations========================================
2023-12-09 23:16:39.727126 TD3 Trick:: False
2023-12-09 23:16:39.727142 Entropy Regularization: 0.0
2023-12-09 23:16:39.727158 ======================================Sampling Configurations=======================================
2023-12-09 23:16:39.727172 : q_functions_5agent_5landmarks_fixed
2023-12-09 23:16:39.727188 Using quantile sampling during bootstrapping:: False
2023-12-09 23:16:39.727203 Using quantile sampling during evaluation interaction: False
2023-12-09 23:16:39.727218 Using quantile sampling during training interaction:: False
2023-12-09 23:16:39.727233 Sampling Percent: 0.01
2023-12-09 23:16:39.727248 Anneal Sampling Percent: False
2023-12-09 23:16:39.727263 ===============================================Split================================================
2023-12-09 23:16:39.751212 running on CUDA...
2023-12-09 23:16:44.640720 Episodes 0:, 
2023-12-09 23:16:44.640851 Total steps 0/500000, 
2023-12-09 23:16:44.641330 Evaluation Reward: [0.82721967 1.11634258 0.9775743  0.99469826 0.90065048],
2023-12-09 23:16:44.641404 Time: 3.123
2023-12-09 23:20:16.690315 Episodes 200:, 
2023-12-09 23:20:16.690391 Total steps 10000/500000, 
2023-12-09 23:20:16.690647 Evaluation Reward: [1.9965006  1.13822664 1.09092136 2.17431061 2.30163139],
2023-12-09 23:20:16.690694 Time: 212.048
2023-12-09 23:23:47.366272 Episodes 400:, 
2023-12-09 23:23:47.366346 Total steps 20000/500000, 
2023-12-09 23:23:47.366588 Evaluation Reward: [1.62531615 1.07757165 0.53090196 1.82760159 2.13001034],
2023-12-09 23:23:47.366631 Time: 210.663
2023-12-09 23:27:14.163617 Episodes 600:, 
2023-12-09 23:27:14.163689 Total steps 30000/500000, 
2023-12-09 23:27:14.163938 Evaluation Reward: [2.09950533 2.05286977 2.24980772 1.86914265 1.79732241],
2023-12-09 23:27:14.163983 Time: 206.782
2023-12-09 23:30:44.106569 Episodes 800:, 
2023-12-09 23:30:44.106659 Total steps 40000/500000, 
2023-12-09 23:30:44.106951 Evaluation Reward: [2.40906138 1.17807865 1.1629722  1.43588725 2.17620747],
2023-12-09 23:30:44.106999 Time: 209.927
2023-12-09 23:34:10.860673 Episodes 1000:, 
2023-12-09 23:34:10.860765 Total steps 50000/500000, 
2023-12-09 23:34:10.861103 Evaluation Reward: [0.70892104 1.95238684 0.45448052 1.85625184 0.89143382],
2023-12-09 23:34:10.861163 Time: 206.736
2023-12-09 23:37:28.960108 Episodes 1200:, 
2023-12-09 23:37:28.960186 Total steps 60000/500000, 
2023-12-09 23:37:28.960441 Evaluation Reward: [1.28766767 0.87791218 1.16697349 3.92977147 3.55785392],
2023-12-09 23:37:28.960485 Time: 198.074
2023-12-09 23:40:46.827126 Episodes 1400:, 
2023-12-09 23:40:46.827211 Total steps 70000/500000, 
2023-12-09 23:40:46.827466 Evaluation Reward: [1.52608136 0.53575277 0.705588   0.62199207 2.43988754],
2023-12-09 23:40:46.827514 Time: 197.846
2023-12-09 23:44:03.951814 Episodes 1600:, 
2023-12-09 23:44:03.951910 Total steps 80000/500000, 
2023-12-09 23:44:03.952158 Evaluation Reward: [0.54840284 1.27809206 1.44096736 2.11879756 2.98482919],
2023-12-09 23:44:03.952203 Time: 197.105
2023-12-09 23:47:21.974183 Episodes 1800:, 
2023-12-09 23:47:21.974271 Total steps 90000/500000, 
2023-12-09 23:47:21.974549 Evaluation Reward: [1.41664698 1.59302555 2.62910263 2.71126946 4.1824299 ],
2023-12-09 23:47:21.974601 Time: 197.998
2023-12-09 23:50:39.806829 Episodes 2000:, 
2023-12-09 23:50:39.806904 Total steps 100000/500000, 
2023-12-09 23:50:39.807228 Evaluation Reward: [0.90198385 0.62073881 1.08122395 1.51646532 1.68148097],
2023-12-09 23:50:39.807284 Time: 197.812
2023-12-09 23:53:58.043425 Episodes 2200:, 
2023-12-09 23:53:58.043509 Total steps 110000/500000, 
2023-12-09 23:53:58.043774 Evaluation Reward: [1.52165821 3.5449234  2.16904335 0.54706081 2.17426928],
2023-12-09 23:53:58.043816 Time: 198.212
2023-12-09 23:57:15.731230 Episodes 2400:, 
2023-12-09 23:57:15.731317 Total steps 120000/500000, 
2023-12-09 23:57:15.731575 Evaluation Reward: [2.1084335  6.57671859 1.47541493 0.62024186 2.43222437],
2023-12-09 23:57:15.731622 Time: 197.667
2023-12-10 00:00:34.263782 Episodes 2600:, 
2023-12-10 00:00:34.263865 Total steps 130000/500000, 
2023-12-10 00:00:34.264166 Evaluation Reward: [1.15968896 2.76514112 1.17638125 1.63032024 2.50331679],
2023-12-10 00:00:34.264210 Time: 198.511
2023-12-10 00:03:53.123672 Episodes 2800:, 
2023-12-10 00:03:53.123762 Total steps 140000/500000, 
2023-12-10 00:03:53.124052 Evaluation Reward: [0.54895364 2.38354552 1.08236827 2.33949015 1.65707999],
2023-12-10 00:03:53.124100 Time: 198.837
2023-12-10 00:07:12.884817 Episodes 3000:, 
2023-12-10 00:07:12.884892 Total steps 150000/500000, 
2023-12-10 00:07:12.885132 Evaluation Reward: [1.61040008 1.96013769 2.4499032  3.66199279 1.33874148],
2023-12-10 00:07:12.885180 Time: 199.736
2023-12-10 00:10:32.965910 Episodes 3200:, 
2023-12-10 00:10:32.965992 Total steps 160000/500000, 
2023-12-10 00:10:32.966246 Evaluation Reward: [1.07084114 4.51692667 1.73399044 3.1781343  2.72466727],
2023-12-10 00:10:32.966290 Time: 200.055
2023-12-10 00:13:52.119590 Episodes 3400:, 
2023-12-10 00:13:52.119673 Total steps 170000/500000, 
2023-12-10 00:13:52.119934 Evaluation Reward: [0.59690249 1.95600411 0.6797287  3.56435386 1.59677493],
2023-12-10 00:13:52.119982 Time: 199.121
2023-12-10 00:17:10.720329 Episodes 3600:, 
2023-12-10 00:17:10.720418 Total steps 180000/500000, 
2023-12-10 00:17:10.720667 Evaluation Reward: [2.13167078 2.14036786 3.75528615 3.87407341 3.86992547],
2023-12-10 00:17:10.720710 Time: 198.574
2023-12-10 00:20:28.799015 Episodes 3800:, 
2023-12-10 00:20:28.799095 Total steps 190000/500000, 
2023-12-10 00:20:28.799356 Evaluation Reward: [1.97592681 1.21369815 2.40694169 2.48820378 2.22273784],
2023-12-10 00:20:28.799403 Time: 198.048
2023-12-10 00:23:47.514323 Episodes 4000:, 
2023-12-10 00:23:47.514411 Total steps 200000/500000, 
2023-12-10 00:23:47.514693 Evaluation Reward: [3.6715673  0.61431386 1.44593376 0.88166226 1.92898442],
2023-12-10 00:23:47.514742 Time: 198.687
2023-12-10 00:27:06.408253 Episodes 4200:, 
2023-12-10 00:27:06.408329 Total steps 210000/500000, 
2023-12-10 00:27:06.408579 Evaluation Reward: [1.65656549 2.2832111  1.42736959 2.99229783 4.34267723],
2023-12-10 00:27:06.408625 Time: 198.8
2023-12-10 00:30:24.660299 Episodes 4400:, 
2023-12-10 00:30:24.660386 Total steps 220000/500000, 
2023-12-10 00:30:24.660663 Evaluation Reward: [0.72288395 1.7524886  2.80399737 3.3752308  4.65739326],
2023-12-10 00:30:24.660707 Time: 198.222
2023-12-10 00:33:42.970983 Episodes 4600:, 
2023-12-10 00:33:42.971068 Total steps 230000/500000, 
2023-12-10 00:33:42.971355 Evaluation Reward: [1.09288004 1.31506089 2.51274178 5.1135329  2.07854929],
2023-12-10 00:33:42.971400 Time: 198.282
2023-12-10 00:37:01.983676 Episodes 4800:, 
2023-12-10 00:37:01.984035 Total steps 240000/500000, 
2023-12-10 00:37:01.988298 Evaluation Reward: [3.12371635 3.86591698 3.66657149 3.5440568  2.97509666],
2023-12-10 00:37:01.988397 Time: 198.976
2023-12-10 00:40:21.017634 Episodes 5000:, 
2023-12-10 00:40:21.017712 Total steps 250000/500000, 
2023-12-10 00:40:21.017973 Evaluation Reward: [1.7641556  1.13398732 1.31504905 2.19326601 2.91257292],
2023-12-10 00:40:21.018024 Time: 198.978
2023-12-10 00:43:39.605820 Episodes 5200:, 
2023-12-10 00:43:39.605906 Total steps 260000/500000, 
2023-12-10 00:43:39.606145 Evaluation Reward: [0.82743965 1.82435349 3.0525921  3.31482517 3.05891671],
2023-12-10 00:43:39.606188 Time: 198.555
2023-12-10 00:46:58.927277 Episodes 5400:, 
2023-12-10 00:46:58.927353 Total steps 270000/500000, 
2023-12-10 00:46:58.927593 Evaluation Reward: [1.08357696 1.9149925  1.23436318 3.14220377 2.52399607],
2023-12-10 00:46:58.927640 Time: 199.29
2023-12-10 00:50:18.155378 Episodes 5600:, 
2023-12-10 00:50:18.155474 Total steps 280000/500000, 
2023-12-10 00:50:18.155758 Evaluation Reward: [1.55108935 1.09144971 1.08276808 1.15171696 1.31750809],
2023-12-10 00:50:18.155809 Time: 199.197
2023-12-10 00:53:37.147752 Episodes 5800:, 
2023-12-10 00:53:37.147838 Total steps 290000/500000, 
2023-12-10 00:53:37.148115 Evaluation Reward: [0.72382958 3.86990041 0.81924979 1.34691582 1.91024836],
2023-12-10 00:53:37.148158 Time: 198.959
2023-12-10 00:56:55.350463 Episodes 6000:, 
2023-12-10 00:56:55.350548 Total steps 300000/500000, 
2023-12-10 00:56:55.350788 Evaluation Reward: [1.25973948 1.05520311 2.35187715 2.60811361 1.8109365 ],
2023-12-10 00:56:55.350834 Time: 198.107
2023-12-10 01:00:14.498755 Episodes 6200:, 
2023-12-10 01:00:14.498829 Total steps 310000/500000, 
2023-12-10 01:00:14.499069 Evaluation Reward: [3.41009741 3.4928646  3.27333406 3.6059684  1.2863902 ],
2023-12-10 01:00:14.499115 Time: 199.108
2023-12-10 01:03:33.800498 Episodes 6400:, 
2023-12-10 01:03:33.800573 Total steps 320000/500000, 
2023-12-10 01:03:33.800825 Evaluation Reward: [0.62196004 4.4224505  1.52010277 4.12217746 2.47533092],
2023-12-10 01:03:33.800874 Time: 199.266
2023-12-10 01:06:55.613203 Episodes 6600:, 
2023-12-10 01:06:55.613286 Total steps 330000/500000, 
2023-12-10 01:06:55.613539 Evaluation Reward: [1.54865719 1.09547299 1.80151177 2.5157452  0.16742339],
2023-12-10 01:06:55.613588 Time: 201.776
2023-12-10 01:10:15.115765 Episodes 6800:, 
2023-12-10 01:10:15.115841 Total steps 340000/500000, 
2023-12-10 01:10:15.116104 Evaluation Reward: [0.43992682 2.01213526 0.63011968 1.07419729 2.19578817],
2023-12-10 01:10:15.116150 Time: 199.465
2023-12-10 01:13:34.140390 Episodes 7000:, 
2023-12-10 01:13:34.140512 Total steps 350000/500000, 
2023-12-10 01:13:34.140792 Evaluation Reward: [0.98044158 1.08065639 0.81882628 1.60446977 1.48002361],
2023-12-10 01:13:34.140842 Time: 198.981
2023-12-10 01:16:52.961262 Episodes 7200:, 
2023-12-10 01:16:52.961341 Total steps 360000/500000, 
2023-12-10 01:16:52.961579 Evaluation Reward: [1.45185098 2.33102591 1.47107784 0.90985733 1.75675956],
2023-12-10 01:16:52.961621 Time: 198.784
2023-12-10 01:20:11.345528 Episodes 7400:, 
2023-12-10 01:20:11.345611 Total steps 370000/500000, 
2023-12-10 01:20:11.345857 Evaluation Reward: [0.52432491 0.88892164 1.33555998 0.62456516 0.53267944],
2023-12-10 01:20:11.345904 Time: 198.348
2023-12-10 01:23:24.417675 Episodes 7600:, 
2023-12-10 01:23:24.417759 Total steps 380000/500000, 
2023-12-10 01:23:24.418073 Evaluation Reward: [0.36497689 0.43658669 0.71008014 2.71142981 0.55719632],
2023-12-10 01:23:24.418129 Time: 193.032
2023-12-10 01:26:44.202520 Episodes 7800:, 
2023-12-10 01:26:44.202608 Total steps 390000/500000, 
2023-12-10 01:26:44.202931 Evaluation Reward: [1.07633894 3.27912786 0.71362578 1.22134807 0.45686871],
2023-12-10 01:26:44.202992 Time: 199.68
2023-12-10 01:30:02.986882 Episodes 8000:, 
2023-12-10 01:30:02.986962 Total steps 400000/500000, 
2023-12-10 01:30:02.987209 Evaluation Reward: [1.92936636 1.35006181 4.33750008 1.17271739 1.70508416],
2023-12-10 01:30:02.987256 Time: 198.737
2023-12-10 01:33:24.278657 Episodes 8200:, 
2023-12-10 01:33:24.278747 Total steps 410000/500000, 
2023-12-10 01:33:24.279056 Evaluation Reward: [0.26752336 1.51792528 1.05132404 1.42341035 0.96725887],
2023-12-10 01:33:24.279109 Time: 201.249
2023-12-10 01:36:46.102992 Episodes 8400:, 
2023-12-10 01:36:46.103071 Total steps 420000/500000, 
2023-12-10 01:36:46.103309 Evaluation Reward: [1.32159538 0.87680457 1.66774946 2.62836583 0.90539247],
2023-12-10 01:36:46.103352 Time: 201.762
2023-12-10 01:40:07.140263 Episodes 8600:, 
2023-12-10 01:40:07.140350 Total steps 430000/500000, 
2023-12-10 01:40:07.140624 Evaluation Reward: [2.01959283 1.09492198 0.26959704 1.54234978 1.15577879],
2023-12-10 01:40:07.140675 Time: 200.981
2023-12-10 01:43:28.493831 Episodes 8800:, 
2023-12-10 01:43:28.493909 Total steps 440000/500000, 
2023-12-10 01:43:28.494151 Evaluation Reward: [0.08491038 0.52521875 1.18430393 0.45814403 3.29980373],
2023-12-10 01:43:28.494198 Time: 201.301
2023-12-10 01:46:47.574612 Episodes 9000:, 
2023-12-10 01:46:47.574695 Total steps 450000/500000, 
2023-12-10 01:46:47.574957 Evaluation Reward: [1.91914465 0.4632421  2.25078143 0.88611677 0.25989368],
2023-12-10 01:46:47.575003 Time: 199.033
2023-12-10 01:50:07.293027 Episodes 9200:, 
2023-12-10 01:50:07.293124 Total steps 460000/500000, 
2023-12-10 01:50:07.293521 Evaluation Reward: [1.94488383 2.26478232 1.07817116 0.82833892 1.26894127],
2023-12-10 01:50:07.293598 Time: 199.676
2023-12-10 01:53:26.770508 Episodes 9400:, 
2023-12-10 01:53:26.770593 Total steps 470000/500000, 
2023-12-10 01:53:26.770854 Evaluation Reward: [1.07831389 1.92897619 1.74158542 0.91054533 0.73114808],
2023-12-10 01:53:26.770910 Time: 199.41
2023-12-10 01:56:45.641482 Episodes 9600:, 
2023-12-10 01:56:45.641563 Total steps 480000/500000, 
2023-12-10 01:56:45.641802 Evaluation Reward: [4.15216817 1.76468125 0.36235975 1.78040116 0.62418295],
2023-12-10 01:56:45.641844 Time: 198.819
2023-12-10 02:00:04.537901 Episodes 9800:, 
2023-12-10 02:00:04.538000 Total steps 490000/500000, 
2023-12-10 02:00:04.538287 Evaluation Reward: [2.3192011  1.61347371 0.71501679 1.63332348 1.07903859],
2023-12-10 02:00:04.538338 Time: 198.85
2023-12-10 02:03:23.371194 Episodes 9999:, 
2023-12-10 02:03:23.371297 Total steps 499999/500000, 
2023-12-10 02:03:23.371682 Evaluation Reward: [1.06787338 1.82562147 0.97757865 1.62677909 1.1442398 ],
2023-12-10 02:03:23.371749 Time: 198.78
2023-12-10 02:03:23.426711 ========================================Basic Configurations========================================
2023-12-10 02:03:23.426829 Daemon Filename: /home/Desktop/studies/q_functionals_daemon/results/final/5agent_5landmarks_fixed_full_egreedy/centralized_run_1-step-update_func-polynomial_rank-2_episode-10000_lr0001_b512_l3_n256_m500000_iter1/timestamp.log
2023-12-10 02:03:23.426881 Training Environment: q_functions_5agent_5landmarks_fixed
2023-12-10 02:03:23.426925 Functional: polynomial
2023-12-10 02:03:23.426966 rank: 2
2023-12-10 02:03:23.427009 seed: 1
2023-12-10 02:03:23.427058 learning_rate: 0.001
2023-12-10 02:03:23.427097 target_network_learning_rate: 0.005
2023-12-10 02:03:23.427120 nb_runs: 5
2023-12-10 02:03:23.427137 ma_type: centralized
2023-12-10 02:03:23.427156 policy_type: e_greedy
2023-12-10 02:03:23.427175 noise_std: 0.05
2023-12-10 02:03:23.427195 ========================================Model Configurations========================================
2023-12-10 02:03:23.427215 TD3 Trick:: False
2023-12-10 02:03:23.427233 Entropy Regularization: 0.0
2023-12-10 02:03:23.427251 ======================================Sampling Configurations=======================================
2023-12-10 02:03:23.427268 : q_functions_5agent_5landmarks_fixed
2023-12-10 02:03:23.427285 Using quantile sampling during bootstrapping:: False
2023-12-10 02:03:23.427303 Using quantile sampling during evaluation interaction: False
2023-12-10 02:03:23.427320 Using quantile sampling during training interaction:: False
2023-12-10 02:03:23.427338 Sampling Percent: 0.01
2023-12-10 02:03:23.427355 Anneal Sampling Percent: False
2023-12-10 02:03:23.427372 ===============================================Split================================================
2023-12-10 02:03:23.428847 running on CUDA...
2023-12-10 02:03:24.639582 Episodes 0:, 
2023-12-10 02:03:24.639659 Total steps 0/500000, 
2023-12-10 02:03:24.639914 Evaluation Reward: [0.45263334 1.82339455 0.86898607 1.08771447 1.47641005],
2023-12-10 02:03:24.639961 Time: 0.985
2023-12-10 02:06:30.208783 Episodes 200:, 
2023-12-10 02:06:30.208863 Total steps 10000/500000, 
2023-12-10 02:06:30.209121 Evaluation Reward: [2.34845172 2.05986299 3.19289878 3.92494154 6.66174604],
2023-12-10 02:06:30.209163 Time: 185.561
2023-12-10 02:09:48.405094 Episodes 400:, 
2023-12-10 02:09:48.405170 Total steps 20000/500000, 
2023-12-10 02:09:48.405409 Evaluation Reward: [2.73546118 3.26259877 1.14953631 0.62434634 4.45348241],
2023-12-10 02:09:48.405454 Time: 198.179
2023-12-10 02:13:04.998723 Episodes 600:, 
2023-12-10 02:13:04.998797 Total steps 30000/500000, 
2023-12-10 02:13:04.999039 Evaluation Reward: [2.8360278  1.13160205 2.45176439 2.79854536 2.13117169],
2023-12-10 02:13:04.999086 Time: 196.576
2023-12-10 02:16:21.962899 Episodes 800:, 
2023-12-10 02:16:21.963004 Total steps 40000/500000, 
2023-12-10 02:16:21.963357 Evaluation Reward: [5.79605708 3.53093973 1.75572981 3.80267556 2.97927765],
2023-12-10 02:16:21.963418 Time: 196.948
2023-12-10 02:19:39.924391 Episodes 1000:, 
2023-12-10 02:19:39.924470 Total steps 50000/500000, 
2023-12-10 02:19:39.924705 Evaluation Reward: [1.62392841 2.25299568 1.46737407 1.09419285 2.04300676],
2023-12-10 02:19:39.924752 Time: 197.934
2023-12-10 02:22:57.984067 Episodes 1200:, 
2023-12-10 02:22:57.984146 Total steps 60000/500000, 
2023-12-10 02:22:57.984415 Evaluation Reward: [1.71220637 1.82323954 2.91072378 1.26250428 2.63292426],
2023-12-10 02:22:57.984471 Time: 198.04
2023-12-10 02:26:15.689991 Episodes 1400:, 
2023-12-10 02:26:15.690070 Total steps 70000/500000, 
2023-12-10 02:26:15.690343 Evaluation Reward: [2.9862665  3.69037241 5.17174931 1.56604599 2.624956  ],
2023-12-10 02:26:15.690393 Time: 197.685
2023-12-10 02:29:33.927425 Episodes 1600:, 
2023-12-10 02:29:33.927524 Total steps 80000/500000, 
2023-12-10 02:29:33.927830 Evaluation Reward: [3.77031167 0.70727065 3.17518036 3.42974507 2.85223398],
2023-12-10 02:29:33.927897 Time: 198.216
2023-12-10 02:32:51.795616 Episodes 1800:, 
2023-12-10 02:32:51.795708 Total steps 90000/500000, 
2023-12-10 02:32:51.795994 Evaluation Reward: [3.11610518 2.02308377 4.02972777 2.72940371 3.89337756],
2023-12-10 02:32:51.796039 Time: 197.845
2023-12-10 02:36:09.543701 Episodes 2000:, 
2023-12-10 02:36:09.543783 Total steps 100000/500000, 
2023-12-10 02:36:09.544076 Evaluation Reward: [4.14025434 0.98877819 2.49700289 4.45433273 1.74334703],
2023-12-10 02:36:09.544131 Time: 197.725
2023-12-10 02:39:27.769056 Episodes 2200:, 
2023-12-10 02:39:27.769133 Total steps 110000/500000, 
2023-12-10 02:39:27.769377 Evaluation Reward: [5.77598074e+00 4.99690688e+00 4.49233752e+00 1.12172457e-29
 5.73501411e+00],
2023-12-10 02:39:27.769423 Time: 198.205
2023-12-10 02:42:48.455317 Episodes 2400:, 
2023-12-10 02:42:48.455399 Total steps 120000/500000, 
2023-12-10 02:42:48.455627 Evaluation Reward: [2.96373901 3.81418613 1.15207782 1.26290369 2.28483412],
2023-12-10 02:42:48.455675 Time: 200.664
2023-12-10 02:46:07.665357 Episodes 2600:, 
2023-12-10 02:46:07.665435 Total steps 130000/500000, 
2023-12-10 02:46:07.665754 Evaluation Reward: [3.41284547 1.95921083 2.95189591 3.84763735 2.30830024],
2023-12-10 02:46:07.665808 Time: 199.188
2023-12-10 02:49:25.677251 Episodes 2800:, 
2023-12-10 02:49:25.677330 Total steps 140000/500000, 
2023-12-10 02:49:25.677569 Evaluation Reward: [3.46117424 1.64523229 2.08567138 3.64050004 2.48135318],
2023-12-10 02:49:25.677610 Time: 197.979
2023-12-10 02:52:44.278126 Episodes 3000:, 
2023-12-10 02:52:44.278197 Total steps 150000/500000, 
2023-12-10 02:52:44.278434 Evaluation Reward: [2.72810874 1.07578229 1.35237786 1.48318008 2.1610092 ],
2023-12-10 02:52:44.278475 Time: 198.578
2023-12-10 02:56:03.030061 Episodes 3200:, 
2023-12-10 02:56:03.030137 Total steps 160000/500000, 
2023-12-10 02:56:03.030386 Evaluation Reward: [4.95133098 3.5386079  3.24915959 4.74879273 2.38299538],
2023-12-10 02:56:03.030439 Time: 198.728
2023-12-10 02:59:21.439147 Episodes 3400:, 
2023-12-10 02:59:21.439229 Total steps 170000/500000, 
2023-12-10 02:59:21.439491 Evaluation Reward: [4.5812165  1.46698761 4.36692231 2.61005057 2.67896227],
2023-12-10 02:59:21.439540 Time: 198.385
2023-12-10 03:02:40.847398 Episodes 3600:, 
2023-12-10 03:02:40.847512 Total steps 180000/500000, 
2023-12-10 03:02:40.847762 Evaluation Reward: [5.67987174 1.99277658 4.10645819 0.55103461 1.39346184],
2023-12-10 03:02:40.847806 Time: 199.316
2023-12-10 03:05:59.704580 Episodes 3800:, 
2023-12-10 03:05:59.704655 Total steps 190000/500000, 
2023-12-10 03:05:59.704899 Evaluation Reward: [4.03122162 3.03645216 1.60275406 1.12119936 1.13802181],
2023-12-10 03:05:59.704942 Time: 198.826
2023-12-10 03:09:18.361134 Episodes 4000:, 
2023-12-10 03:09:18.361222 Total steps 200000/500000, 
2023-12-10 03:09:18.361469 Evaluation Reward: [3.31478694 1.87809661 1.99457797 4.72895528 2.03213878],
2023-12-10 03:09:18.361512 Time: 198.626
2023-12-10 03:12:35.832762 Episodes 4200:, 
2023-12-10 03:12:35.832845 Total steps 210000/500000, 
2023-12-10 03:12:35.837106 Evaluation Reward: [4.7219028  1.0487811  1.95606837 3.73332868 2.58910144],
2023-12-10 03:12:35.837157 Time: 197.447
2023-12-10 03:15:54.912489 Episodes 4400:, 
2023-12-10 03:15:54.912572 Total steps 220000/500000, 
2023-12-10 03:15:54.912812 Evaluation Reward: [5.13181997 2.43963507 3.31778841 2.12423267 2.56636394],
2023-12-10 03:15:54.912852 Time: 199.046
2023-12-10 03:19:13.743737 Episodes 4600:, 
2023-12-10 03:19:13.743832 Total steps 230000/500000, 
2023-12-10 03:19:13.744180 Evaluation Reward: [6.91268504 2.98558498 2.3799431  1.87887581 2.73367132],
2023-12-10 03:19:13.744237 Time: 198.803
2023-12-10 03:22:32.720709 Episodes 4800:, 
2023-12-10 03:22:32.720801 Total steps 240000/500000, 
2023-12-10 03:22:32.721045 Evaluation Reward: [7.0433945  3.80398776 3.14665074 2.00663179 1.42390686],
2023-12-10 03:22:32.721086 Time: 198.94
2023-12-10 03:25:48.164808 Episodes 5000:, 
2023-12-10 03:25:48.164889 Total steps 250000/500000, 
2023-12-10 03:25:48.165167 Evaluation Reward: [1.9397103  2.83600245 5.28677037 2.81103124 0.88279528],
2023-12-10 03:25:48.165225 Time: 195.41
2023-12-10 03:29:03.916154 Episodes 5200:, 
2023-12-10 03:29:03.916228 Total steps 260000/500000, 
2023-12-10 03:29:03.916479 Evaluation Reward: [3.59188499 2.83003009 3.75251767 2.70599863 2.96905575],
2023-12-10 03:29:03.916525 Time: 195.716
2023-12-10 03:32:23.581963 Episodes 5400:, 
2023-12-10 03:32:23.582268 Total steps 270000/500000, 
2023-12-10 03:32:23.582566 Evaluation Reward: [5.68556219 3.58529198 1.78297204 2.89935927 1.89270873],
2023-12-10 03:32:23.582609 Time: 199.635
2023-12-10 03:35:42.867320 Episodes 5600:, 
2023-12-10 03:35:42.867397 Total steps 280000/500000, 
2023-12-10 03:35:42.867636 Evaluation Reward: [4.18598569 4.06454103 4.67127354 2.28306684 2.44766027],
2023-12-10 03:35:42.867679 Time: 199.253
2023-12-10 03:39:01.957834 Episodes 5800:, 
2023-12-10 03:39:01.957917 Total steps 290000/500000, 
2023-12-10 03:39:01.958171 Evaluation Reward: [3.7383422  2.05774091 4.68810246 1.61487141 1.20463266],
2023-12-10 03:39:01.958221 Time: 199.056
2023-12-10 03:42:23.104124 Episodes 6000:, 
2023-12-10 03:42:23.110512 Total steps 300000/500000, 
2023-12-10 03:42:23.110828 Evaluation Reward: [1.58462407 1.21464454 4.59147811 4.65458178 3.03040406],
2023-12-10 03:42:23.110871 Time: 201.117
2023-12-10 03:45:43.227125 Episodes 6200:, 
2023-12-10 03:45:43.227213 Total steps 310000/500000, 
2023-12-10 03:45:43.227457 Evaluation Reward: [2.17168338 3.40815452 1.97811988 6.61078372 2.10751171],
2023-12-10 03:45:43.227504 Time: 200.081
2023-12-10 03:49:02.688281 Episodes 6400:, 
2023-12-10 03:49:02.688361 Total steps 320000/500000, 
2023-12-10 03:49:02.688607 Evaluation Reward: [3.91272485 1.8973848  3.16605481 4.61975309 2.81471702],
2023-12-10 03:49:02.688649 Time: 199.422
2023-12-10 03:52:22.127818 Episodes 6600:, 
2023-12-10 03:52:22.127905 Total steps 330000/500000, 
2023-12-10 03:52:22.128149 Evaluation Reward: [4.691642   0.43664249 3.64415218 2.01795066 3.71077712],
2023-12-10 03:52:22.128196 Time: 199.404
2023-12-10 03:55:41.163729 Episodes 6800:, 
2023-12-10 03:55:41.163807 Total steps 340000/500000, 
2023-12-10 03:55:41.164096 Evaluation Reward: [2.38245223 0.99016756 3.99654383 2.14867045 1.5299553 ],
2023-12-10 03:55:41.164154 Time: 199.002
2023-12-10 03:59:00.218464 Episodes 7000:, 
2023-12-10 03:59:00.218569 Total steps 350000/500000, 
2023-12-10 03:59:00.218953 Evaluation Reward: [3.32343552 0.63064205 3.85921412 3.34169676 3.41363813],
2023-12-10 03:59:00.219018 Time: 199.016
2023-12-10 04:02:19.698668 Episodes 7200:, 
2023-12-10 04:02:19.698759 Total steps 360000/500000, 
2023-12-10 04:02:19.699014 Evaluation Reward: [2.33235067 0.71313725 2.35192192 4.63551167 3.31751382],
2023-12-10 04:02:19.699061 Time: 199.419
2023-12-10 04:05:38.891332 Episodes 7400:, 
2023-12-10 04:05:38.891418 Total steps 370000/500000, 
2023-12-10 04:05:38.891707 Evaluation Reward: [0.3592804  1.53914149 1.14348458 1.64663131 1.97316681],
2023-12-10 04:05:38.891764 Time: 199.152
2023-12-10 04:08:58.964064 Episodes 7600:, 
2023-12-10 04:08:58.964136 Total steps 380000/500000, 
2023-12-10 04:08:58.964374 Evaluation Reward: [3.03447731 1.48576439 2.0113643  1.21496303 0.86833049],
2023-12-10 04:08:58.964417 Time: 200.035
2023-12-10 04:12:18.118128 Episodes 7800:, 
2023-12-10 04:12:18.124529 Total steps 390000/500000, 
2023-12-10 04:12:18.124818 Evaluation Reward: [3.10359328 1.55002594 0.54269798 0.70709859 1.96281565],
2023-12-10 04:12:18.124860 Time: 199.12
2023-12-10 04:15:37.780436 Episodes 8000:, 
2023-12-10 04:15:37.780528 Total steps 400000/500000, 
2023-12-10 04:15:37.780857 Evaluation Reward: [2.20039376 1.63421688 0.33230499 0.90395007 1.24443358],
2023-12-10 04:15:37.780910 Time: 199.616
2023-12-10 04:18:56.863614 Episodes 8200:, 
2023-12-10 04:18:56.869985 Total steps 410000/500000, 
2023-12-10 04:18:56.870900 Evaluation Reward: [4.82544448e-73 7.06605378e-01 4.39204281e-01 3.10818330e-29
 1.15415581e+00],
2023-12-10 04:18:56.870971 Time: 199.047
2023-12-10 04:22:16.455774 Episodes 8400:, 
2023-12-10 04:22:16.456064 Total steps 420000/500000, 
2023-12-10 04:22:16.456336 Evaluation Reward: [1.08189289 3.41968092 1.23884772 0.97079562 0.53449699],
2023-12-10 04:22:16.456391 Time: 199.523
2023-12-10 04:25:35.936305 Episodes 8600:, 
2023-12-10 04:25:35.936470 Total steps 430000/500000, 
2023-12-10 04:25:35.936776 Evaluation Reward: [2.76703586 1.6952075  0.70441802 0.37650624 0.17097926],
2023-12-10 04:25:35.936821 Time: 199.438
2023-12-10 04:28:55.503888 Episodes 8800:, 
2023-12-10 04:28:55.504493 Total steps 440000/500000, 
2023-12-10 04:28:55.505945 Evaluation Reward: [1.15396457 1.07617748 1.3467944  1.6390161  0.35645859],
2023-12-10 04:28:55.506117 Time: 199.523
2023-12-10 04:33:18.237422 Episodes 9000:, 
2023-12-10 04:33:18.237687 Total steps 450000/500000, 
2023-12-10 04:33:18.239577 Evaluation Reward: [1.58641469 0.35956972 1.50739699 0.74259009 2.08375966],
2023-12-10 04:33:18.239835 Time: 262.684
2023-12-10 04:36:53.130852 Episodes 9200:, 
2023-12-10 04:36:53.131995 Total steps 460000/500000, 
2023-12-10 04:36:53.133348 Evaluation Reward: [1.98343117 0.96932385 0.4556953  0.63572725 0.54210784],
2023-12-10 04:36:53.134061 Time: 214.845
2023-12-10 04:40:36.127524 Episodes 9400:, 
2023-12-10 04:40:36.127757 Total steps 470000/500000, 
2023-12-10 04:40:36.129513 Evaluation Reward: [1.52615872 0.4306664  1.01340785 0.85701371 1.42407975],
2023-12-10 04:40:36.129734 Time: 222.949
2023-12-10 04:44:28.627502 Episodes 9600:, 
2023-12-10 04:44:28.627734 Total steps 480000/500000, 
2023-12-10 04:44:28.629508 Evaluation Reward: [0.08617781 1.67340808 0.61744268 1.00623752 0.7176495 ],
2023-12-10 04:44:28.629719 Time: 232.45
2023-12-10 04:48:05.064641 Episodes 9800:, 
2023-12-10 04:48:05.064949 Total steps 490000/500000, 
2023-12-10 04:48:05.066575 Evaluation Reward: [2.88623442 1.94099866 0.25462641 1.18242246 0.70636832],
2023-12-10 04:48:05.066785 Time: 216.39
2023-12-10 04:51:34.943437 Episodes 9999:, 
2023-12-10 04:51:34.943679 Total steps 499999/500000, 
2023-12-10 04:51:34.944119 Evaluation Reward: [0.87756414 0.7349558  2.27639099 0.35115861 0.43292747],
2023-12-10 04:51:34.944182 Time: 209.828
2023-12-10 04:51:35.083900 ========================================Basic Configurations========================================
2023-12-10 04:51:35.084029 Daemon Filename: /home/Desktop/studies/q_functionals_daemon/results/final/5agent_5landmarks_fixed_full_egreedy/centralized_run_1-step-update_func-polynomial_rank-2_episode-10000_lr0001_b512_l3_n256_m500000_iter1/timestamp.log
2023-12-10 04:51:35.084084 Training Environment: q_functions_5agent_5landmarks_fixed
2023-12-10 04:51:35.084129 Functional: polynomial
2023-12-10 04:51:35.084173 rank: 2
2023-12-10 04:51:35.084214 seed: 2
2023-12-10 04:51:35.084264 learning_rate: 0.001
2023-12-10 04:51:35.084310 target_network_learning_rate: 0.005
2023-12-10 04:51:35.084351 nb_runs: 5
2023-12-10 04:51:35.084392 ma_type: centralized
2023-12-10 04:51:35.084432 policy_type: e_greedy
2023-12-10 04:51:35.084474 noise_std: 0.05
2023-12-10 04:51:35.084518 ========================================Model Configurations========================================
2023-12-10 04:51:35.084560 TD3 Trick:: False
2023-12-10 04:51:35.084604 Entropy Regularization: 0.0
2023-12-10 04:51:35.084644 ======================================Sampling Configurations=======================================
2023-12-10 04:51:35.084686 : q_functions_5agent_5landmarks_fixed
2023-12-10 04:51:35.084727 Using quantile sampling during bootstrapping:: False
2023-12-10 04:51:35.084763 Using quantile sampling during evaluation interaction: False
2023-12-10 04:51:35.084793 Using quantile sampling during training interaction:: False
2023-12-10 04:51:35.084823 Sampling Percent: 0.01
2023-12-10 04:51:35.084856 Anneal Sampling Percent: False
2023-12-10 04:51:35.084891 ===============================================Split================================================
2023-12-10 04:51:35.088225 running on CUDA...
2023-12-10 04:51:36.370348 Episodes 0:, 
2023-12-10 04:51:36.370421 Total steps 0/500000, 
2023-12-10 04:51:36.370667 Evaluation Reward: [1.64402782 1.99059847 0.19111854 0.43874949 2.03024799],
2023-12-10 04:51:36.370712 Time: 1.042
2023-12-10 04:54:40.975823 Episodes 200:, 
2023-12-10 04:54:40.975923 Total steps 10000/500000, 
2023-12-10 04:54:40.976173 Evaluation Reward: [2.73305817 3.2468688  1.34625314 1.735749   1.14811784],
2023-12-10 04:54:40.976220 Time: 184.605
2023-12-10 04:57:56.913196 Episodes 400:, 
2023-12-10 04:57:56.913296 Total steps 20000/500000, 
2023-12-10 04:57:56.913550 Evaluation Reward: [1.51107649 3.12459998 3.39077712 0.08295017 2.68257262],
2023-12-10 04:57:56.913594 Time: 195.919
2023-12-10 05:01:13.163907 Episodes 600:, 
2023-12-10 05:01:13.164002 Total steps 30000/500000, 
2023-12-10 05:01:13.164288 Evaluation Reward: [2.1716831  1.93709772 1.06672764 0.64550926 0.98016007],
2023-12-10 05:01:13.164333 Time: 196.233
2023-12-10 05:04:30.094723 Episodes 800:, 
2023-12-10 05:04:30.094804 Total steps 40000/500000, 
2023-12-10 05:04:30.095062 Evaluation Reward: [5.18011434 2.25723342 2.01257739 1.80317593 1.7536313 ],
2023-12-10 05:04:30.095109 Time: 196.909
2023-12-10 05:07:47.148613 Episodes 1000:, 
2023-12-10 05:07:47.148695 Total steps 50000/500000, 
2023-12-10 05:07:47.148960 Evaluation Reward: [1.10057541 2.56682991 2.41871026 0.50177042 1.96276193],
2023-12-10 05:07:47.149011 Time: 197.031
2023-12-10 05:11:03.815658 Episodes 1200:, 
2023-12-10 05:11:03.815749 Total steps 60000/500000, 
2023-12-10 05:11:03.816139 Evaluation Reward: [0.87535854 1.45762754 3.34046722 0.5930075  2.14501118],
2023-12-10 05:11:03.816187 Time: 196.648
2023-12-10 05:14:21.486846 Episodes 1400:, 
2023-12-10 05:14:21.486930 Total steps 70000/500000, 
2023-12-10 05:14:21.487235 Evaluation Reward: [4.58701254 1.39557081 4.21467346 2.45802098 2.90992971],
2023-12-10 05:14:21.487288 Time: 197.652
2023-12-10 05:17:39.398739 Episodes 1600:, 
2023-12-10 05:17:39.398816 Total steps 80000/500000, 
2023-12-10 05:17:39.399081 Evaluation Reward: [1.77801189 1.3155342  4.75718438 3.68846584 2.03757367],
2023-12-10 05:17:39.399130 Time: 197.892
2023-12-10 05:20:57.033482 Episodes 1800:, 
2023-12-10 05:20:57.033557 Total steps 90000/500000, 
2023-12-10 05:20:57.033803 Evaluation Reward: [0.69835745 1.36337277 2.55745798 2.46888947 4.00462616],
2023-12-10 05:20:57.033850 Time: 197.614
2023-12-10 05:24:14.993932 Episodes 2000:, 
2023-12-10 05:24:14.994009 Total steps 100000/500000, 
2023-12-10 05:24:14.994277 Evaluation Reward: [1.69663353 1.20038422 3.9644381  1.25683469 2.9872798 ],
2023-12-10 05:24:14.994326 Time: 197.939
2023-12-10 05:27:33.940038 Episodes 2200:, 
2023-12-10 05:27:33.940119 Total steps 110000/500000, 
2023-12-10 05:27:33.940405 Evaluation Reward: [1.1350979  1.97546573 4.88449092 2.78923188 3.33208335],
2023-12-10 05:27:33.940452 Time: 198.926
2023-12-10 05:30:52.361612 Episodes 2400:, 
2023-12-10 05:30:52.361692 Total steps 120000/500000, 
2023-12-10 05:30:52.361940 Evaluation Reward: [1.03893124 1.33148246 4.00698865 1.24007701 2.51316229],
2023-12-10 05:30:52.361989 Time: 198.4
2023-12-10 05:34:03.503621 Episodes 2600:, 
2023-12-10 05:34:03.503706 Total steps 130000/500000, 
2023-12-10 05:34:03.504054 Evaluation Reward: [0.79743492 2.49935756 4.52529144 2.91037447 1.81449222],
2023-12-10 05:34:03.504110 Time: 191.12
2023-12-10 05:37:22.527856 Episodes 2800:, 
2023-12-10 05:37:22.527946 Total steps 140000/500000, 
2023-12-10 05:37:22.528223 Evaluation Reward: [0.1800024  1.53434068 1.37404772 2.15918251 2.5064164 ],
2023-12-10 05:37:22.528272 Time: 198.998
2023-12-10 05:40:42.255778 Episodes 3000:, 
2023-12-10 05:40:42.255884 Total steps 150000/500000, 
2023-12-10 05:40:42.256189 Evaluation Reward: [1.44276269 1.42000504 1.37848082 0.45383806 2.93612148],
2023-12-10 05:40:42.256260 Time: 199.703
2023-12-10 05:44:02.097601 Episodes 3200:, 
2023-12-10 05:44:02.097683 Total steps 160000/500000, 
2023-12-10 05:44:02.097931 Evaluation Reward: [1.60715413 0.54907367 3.1557679  0.7826209  1.33616646],
2023-12-10 05:44:02.097977 Time: 199.815
2023-12-10 05:47:22.134954 Episodes 3400:, 
2023-12-10 05:47:22.135035 Total steps 170000/500000, 
2023-12-10 05:47:22.135318 Evaluation Reward: [1.34258737 0.72860993 1.31402729 1.15860463 2.23750723],
2023-12-10 05:47:22.135369 Time: 200.012
2023-12-10 05:50:41.311453 Episodes 3600:, 
2023-12-10 05:50:41.311548 Total steps 180000/500000, 
2023-12-10 05:50:41.311800 Evaluation Reward: [1.06266278 0.99029128 1.61544822 2.24580947 1.72917153],
2023-12-10 05:50:41.311846 Time: 199.147
2023-12-10 05:54:00.618064 Episodes 3800:, 
2023-12-10 05:54:00.618154 Total steps 190000/500000, 
2023-12-10 05:54:00.618425 Evaluation Reward: [0.80572232 2.34644167 1.75897246 1.17953727 1.70979311],
2023-12-10 05:54:00.618476 Time: 199.281
2023-12-10 05:57:19.863220 Episodes 4000:, 
2023-12-10 05:57:19.863297 Total steps 200000/500000, 
2023-12-10 05:57:19.863563 Evaluation Reward: [0.81974366 1.35385524 6.143508   0.33810695 1.12521748],
2023-12-10 05:57:19.863621 Time: 199.215
2023-12-10 06:00:38.830794 Episodes 4200:, 
2023-12-10 06:00:38.830872 Total steps 210000/500000, 
2023-12-10 06:00:38.831112 Evaluation Reward: [2.8165942  1.39877157 3.23116863 0.97483694 1.085     ],
2023-12-10 06:00:38.831163 Time: 198.94
2023-12-10 06:03:57.924454 Episodes 4400:, 
2023-12-10 06:03:57.924543 Total steps 220000/500000, 
2023-12-10 06:03:57.924871 Evaluation Reward: [1.50568998 1.57693055 3.07022562 1.75611607 2.27157697],
2023-12-10 06:03:57.924928 Time: 199.064
2023-12-10 06:07:16.943573 Episodes 4600:, 
2023-12-10 06:07:16.943655 Total steps 230000/500000, 
2023-12-10 06:07:16.943919 Evaluation Reward: [0.92063842 1.34696146 2.06935804 0.77335334 2.44307609],
2023-12-10 06:07:16.943966 Time: 198.978
2023-12-10 06:10:35.387883 Episodes 4800:, 
2023-12-10 06:10:35.387965 Total steps 240000/500000, 
2023-12-10 06:10:35.388209 Evaluation Reward: [0.62752614 1.50616869 1.05799322 2.93034482 1.52941935],
2023-12-10 06:10:35.388262 Time: 198.416
2023-12-10 06:13:54.637751 Episodes 5000:, 
2023-12-10 06:13:54.637835 Total steps 250000/500000, 
2023-12-10 06:13:54.638103 Evaluation Reward: [3.39454058 3.11814812 5.59693467 2.53620266 0.93976731],
2023-12-10 06:13:54.638161 Time: 199.22
2023-12-10 06:17:13.609199 Episodes 5200:, 
2023-12-10 06:17:13.609288 Total steps 260000/500000, 
2023-12-10 06:17:13.609543 Evaluation Reward: [0.52028916 1.01403594 1.74602539 2.17476318 3.23313002],
2023-12-10 06:17:13.609601 Time: 198.931
2023-12-10 06:20:32.809354 Episodes 5400:, 
2023-12-10 06:20:32.809437 Total steps 270000/500000, 
2023-12-10 06:20:32.809678 Evaluation Reward: [0.96819623 0.99033298 5.87424314 2.95927515 0.46242416],
2023-12-10 06:20:32.809726 Time: 199.166
2023-12-10 06:23:51.872163 Episodes 5600:, 
2023-12-10 06:23:51.872238 Total steps 280000/500000, 
2023-12-10 06:23:51.872476 Evaluation Reward: [0.53511164 1.16221168 0.52102736 1.10939564 0.65203225],
2023-12-10 06:23:51.872526 Time: 199.032
2023-12-10 06:27:10.788335 Episodes 5800:, 
2023-12-10 06:27:10.788422 Total steps 290000/500000, 
2023-12-10 06:27:10.788682 Evaluation Reward: [1.3099201  1.69906341 2.60659266 4.6042515  0.17981942],
2023-12-10 06:27:10.788731 Time: 198.881
2023-12-10 06:30:29.965227 Episodes 6000:, 
2023-12-10 06:30:29.965306 Total steps 300000/500000, 
2023-12-10 06:30:29.965578 Evaluation Reward: [1.38270786 1.42369803 3.73777591 2.61233568 0.51267662],
2023-12-10 06:30:29.965624 Time: 199.142
2023-12-10 06:33:48.692671 Episodes 6200:, 
2023-12-10 06:33:48.692750 Total steps 310000/500000, 
2023-12-10 06:33:48.693017 Evaluation Reward: [0.52228683 0.34045786 1.17863821 4.15168251 0.5133257 ],
2023-12-10 06:33:48.693065 Time: 198.694
2023-12-10 06:37:07.950858 Episodes 6400:, 
2023-12-10 06:37:07.950936 Total steps 320000/500000, 
2023-12-10 06:37:07.951177 Evaluation Reward: [1.28847464 1.5229359  5.41496841 0.5380901  1.61409423],
2023-12-10 06:37:07.951224 Time: 199.224
2023-12-10 06:40:28.274161 Episodes 6600:, 
2023-12-10 06:40:28.274300 Total steps 330000/500000, 
2023-12-10 06:40:28.274686 Evaluation Reward: [0.95899095 2.51338203 1.63560765 0.91593661 1.22702427],
2023-12-10 06:40:28.274748 Time: 200.284
2023-12-10 06:43:50.182097 Episodes 6800:, 
2023-12-10 06:43:50.182179 Total steps 340000/500000, 
2023-12-10 06:43:50.182436 Evaluation Reward: [0.97982615 0.43447091 0.62555938 1.09505717 1.90370383],
2023-12-10 06:43:50.182486 Time: 201.851
2023-12-10 06:47:10.335423 Episodes 7000:, 
2023-12-10 06:47:10.335516 Total steps 350000/500000, 
2023-12-10 06:47:10.335889 Evaluation Reward: [1.54459319 3.15142649 1.04226371 1.71521615 3.09978018],
2023-12-10 06:47:10.335958 Time: 200.109
2023-12-10 06:50:30.102292 Episodes 7200:, 
2023-12-10 06:50:30.102373 Total steps 360000/500000, 
2023-12-10 06:50:30.102614 Evaluation Reward: [0.71161558 1.58976324 1.46295146 2.56569396 0.6949322 ],
2023-12-10 06:50:30.102662 Time: 199.706
2023-12-10 06:53:49.869410 Episodes 7400:, 
2023-12-10 06:53:49.869496 Total steps 370000/500000, 
2023-12-10 06:53:49.869823 Evaluation Reward: [1.24695323 2.62995062 1.54941809 4.17112824 2.0584576 ],
2023-12-10 06:53:49.869881 Time: 199.729
2023-12-10 06:57:09.034239 Episodes 7600:, 
2023-12-10 06:57:09.034325 Total steps 380000/500000, 
2023-12-10 06:57:09.034690 Evaluation Reward: [2.67311846 3.7153183  0.45488925 0.74377163 1.05798809],
2023-12-10 06:57:09.034746 Time: 199.122
2023-12-10 07:00:27.756224 Episodes 7800:, 
2023-12-10 07:00:27.756307 Total steps 390000/500000, 
2023-12-10 07:00:27.756556 Evaluation Reward: [2.26891766 0.86472822 2.5215969  0.5205895  2.00261905],
2023-12-10 07:00:27.756605 Time: 198.683
2023-12-10 07:03:46.856454 Episodes 8000:, 
2023-12-10 07:03:46.856544 Total steps 400000/500000, 
2023-12-10 07:03:46.856809 Evaluation Reward: [1.64565605 2.00160839 1.37104544 0.87773348 0.70301537],
2023-12-10 07:03:46.856858 Time: 199.058
2023-12-10 07:07:06.303890 Episodes 8200:, 
2023-12-10 07:07:06.303974 Total steps 410000/500000, 
2023-12-10 07:07:06.304226 Evaluation Reward: [0.18333774 0.55114329 1.98793664 0.88212223 0.54743954],
2023-12-10 07:07:06.304276 Time: 199.407
2023-12-10 07:10:25.482748 Episodes 8400:, 
2023-12-10 07:10:25.482824 Total steps 420000/500000, 
2023-12-10 07:10:25.483069 Evaluation Reward: [1.32963673 0.73196725 1.68223524 0.69737805 1.14381892],
2023-12-10 07:10:25.483116 Time: 199.139
2023-12-10 07:13:44.537609 Episodes 8600:, 
2023-12-10 07:13:44.537721 Total steps 430000/500000, 
2023-12-10 07:13:44.538003 Evaluation Reward: [0.44763058 1.52384691 0.1631078  1.09559826 1.88208903],
2023-12-10 07:13:44.538068 Time: 199.014
2023-12-10 07:17:03.274871 Episodes 8800:, 
2023-12-10 07:17:03.274947 Total steps 440000/500000, 
2023-12-10 07:17:03.275190 Evaluation Reward: [1.59927815 0.62060424 1.08546651 0.17329843 0.72984566],
2023-12-10 07:17:03.275234 Time: 198.691
2023-12-10 07:20:22.160856 Episodes 9000:, 
2023-12-10 07:20:22.160938 Total steps 450000/500000, 
2023-12-10 07:20:22.161180 Evaluation Reward: [0.52259431 0.62655711 1.79833075 1.08112505 0.61076991],
2023-12-10 07:20:22.161222 Time: 198.778
2023-12-10 07:23:40.975060 Episodes 9200:, 
2023-12-10 07:23:40.975138 Total steps 460000/500000, 
2023-12-10 07:23:40.975394 Evaluation Reward: [0.79117989 0.79187752 0.0889921  1.33962115 0.35753615],
2023-12-10 07:23:40.975444 Time: 198.76
2023-12-10 07:27:00.508628 Episodes 9400:, 
2023-12-10 07:27:00.508707 Total steps 470000/500000, 
2023-12-10 07:27:00.508966 Evaluation Reward: [2.50035026 2.2416168  0.52387109 1.9587846  2.92668704],
2023-12-10 07:27:00.509009 Time: 199.486
2023-12-10 07:30:19.852790 Episodes 9600:, 
2023-12-10 07:30:19.852877 Total steps 480000/500000, 
2023-12-10 07:30:19.853205 Evaluation Reward: [2.47851015 1.70732204 0.28742784 0.36001373 4.53696595],
2023-12-10 07:30:19.853266 Time: 199.281
2023-12-10 07:33:38.957071 Episodes 9800:, 
2023-12-10 07:33:38.957167 Total steps 490000/500000, 
2023-12-10 07:33:38.957417 Evaluation Reward: [1.67753637 0.71494994 0.36660868 3.51316914 1.67585436],
2023-12-10 07:33:38.957465 Time: 199.047
2023-12-10 07:36:52.153760 Episodes 9999:, 
2023-12-10 07:36:52.153847 Total steps 499999/500000, 
2023-12-10 07:36:52.154172 Evaluation Reward: [0.6063     0.9582082  1.07519621 1.27133522 0.36266899],
2023-12-10 07:36:52.154228 Time: 193.152
2023-12-10 07:36:52.219426 ========================================Basic Configurations========================================
2023-12-10 07:36:52.219513 Daemon Filename: /home/Desktop/studies/q_functionals_daemon/results/final/5agent_5landmarks_fixed_full_egreedy/centralized_run_1-step-update_func-polynomial_rank-2_episode-10000_lr0001_b512_l3_n256_m500000_iter1/timestamp.log
2023-12-10 07:36:52.219546 Training Environment: q_functions_5agent_5landmarks_fixed
2023-12-10 07:36:52.219574 Functional: polynomial
2023-12-10 07:36:52.219601 rank: 2
2023-12-10 07:36:52.219629 seed: 3
2023-12-10 07:36:52.219665 learning_rate: 0.001
2023-12-10 07:36:52.219696 target_network_learning_rate: 0.005
2023-12-10 07:36:52.219726 nb_runs: 5
2023-12-10 07:36:52.219751 ma_type: centralized
2023-12-10 07:36:52.219770 policy_type: e_greedy
2023-12-10 07:36:52.219790 noise_std: 0.05
2023-12-10 07:36:52.219811 ========================================Model Configurations========================================
2023-12-10 07:36:52.219831 TD3 Trick:: False
2023-12-10 07:36:52.219851 Entropy Regularization: 0.0
2023-12-10 07:36:52.219881 ======================================Sampling Configurations=======================================
2023-12-10 07:36:52.219904 : q_functions_5agent_5landmarks_fixed
2023-12-10 07:36:52.219923 Using quantile sampling during bootstrapping:: False
2023-12-10 07:36:52.219940 Using quantile sampling during evaluation interaction: False
2023-12-10 07:36:52.219958 Using quantile sampling during training interaction:: False
2023-12-10 07:36:52.219977 Sampling Percent: 0.01
2023-12-10 07:36:52.219995 Anneal Sampling Percent: False
2023-12-10 07:36:52.220013 ===============================================Split================================================
2023-12-10 07:36:52.221405 running on CUDA...
2023-12-10 07:36:53.346243 Episodes 0:, 
2023-12-10 07:36:53.346317 Total steps 0/500000, 
2023-12-10 07:36:53.346564 Evaluation Reward: [0.9912197  1.45597094 1.51981317 0.81152173 0.44893951],
2023-12-10 07:36:53.346610 Time: 0.938
2023-12-10 07:39:57.627467 Episodes 200:, 
2023-12-10 07:39:57.627548 Total steps 10000/500000, 
2023-12-10 07:39:57.627822 Evaluation Reward: [1.93508479 4.86809693 0.76859199 1.53114947 3.71308883],
2023-12-10 07:39:57.627895 Time: 184.273
2023-12-10 07:43:16.169875 Episodes 400:, 
2023-12-10 07:43:16.169954 Total steps 20000/500000, 
2023-12-10 07:43:16.170199 Evaluation Reward: [2.64194025 1.34357967 1.41945819 1.14914693 1.4966237 ],
2023-12-10 07:43:16.170244 Time: 198.525
2023-12-10 07:46:34.691311 Episodes 600:, 
2023-12-10 07:46:34.691415 Total steps 30000/500000, 
2023-12-10 07:46:34.691774 Evaluation Reward: [1.78445214 1.06156927 0.71314835 0.92832739 3.17145201],
2023-12-10 07:46:34.691836 Time: 198.505
2023-12-10 07:49:52.058637 Episodes 800:, 
2023-12-10 07:49:52.058723 Total steps 40000/500000, 
2023-12-10 07:49:52.058979 Evaluation Reward: [1.44257426 2.38175561 1.33506947 1.19512805 0.6241545 ],
2023-12-10 07:49:52.059022 Time: 197.35
2023-12-10 07:53:10.187099 Episodes 1000:, 
2023-12-10 07:53:10.187180 Total steps 50000/500000, 
2023-12-10 07:53:10.187418 Evaluation Reward: [0.70394381 0.69077049 2.62177904 1.47264965 0.73200045],
2023-12-10 07:53:10.187461 Time: 198.111
2023-12-10 07:56:27.981010 Episodes 1200:, 
2023-12-10 07:56:27.981087 Total steps 60000/500000, 
2023-12-10 07:56:27.981423 Evaluation Reward: [4.94171891e-29 1.64008366e+00 1.88645096e+00 1.44720862e+00
 2.11003069e+00],
2023-12-10 07:56:27.981480 Time: 197.776
2023-12-10 07:59:45.317804 Episodes 1400:, 
2023-12-10 07:59:45.317885 Total steps 70000/500000, 
2023-12-10 07:59:45.318129 Evaluation Reward: [2.17154282 1.78067122 1.47353069 1.24381375 2.23323654],
2023-12-10 07:59:45.318175 Time: 197.315
2023-12-10 08:03:02.538650 Episodes 1600:, 
2023-12-10 08:03:02.538760 Total steps 80000/500000, 
2023-12-10 08:03:02.539109 Evaluation Reward: [0.57156015 2.74086841 0.80113272 1.90727764 2.82455719],
2023-12-10 08:03:02.539157 Time: 197.197
2023-12-10 08:06:20.427614 Episodes 1800:, 
2023-12-10 08:06:20.427704 Total steps 90000/500000, 
2023-12-10 08:06:20.427958 Evaluation Reward: [2.07434085 2.75528187 1.36769077 3.56248376 1.57591263],
2023-12-10 08:06:20.428002 Time: 197.869
2023-12-10 08:09:38.535640 Episodes 2000:, 
2023-12-10 08:09:38.535720 Total steps 100000/500000, 
2023-12-10 08:09:38.535976 Evaluation Reward: [1.69340458 2.41003838 0.98393581 2.10530655 1.00574365],
2023-12-10 08:09:38.536023 Time: 198.087
2023-12-10 08:12:57.271667 Episodes 2200:, 
2023-12-10 08:12:57.271745 Total steps 110000/500000, 
2023-12-10 08:12:57.272060 Evaluation Reward: [0.80479051 2.1712918  1.59513809 1.53993703 2.48565018],
2023-12-10 08:12:57.272113 Time: 198.713
2023-12-10 08:16:15.355367 Episodes 2400:, 
2023-12-10 08:16:15.355447 Total steps 120000/500000, 
2023-12-10 08:16:15.355745 Evaluation Reward: [2.14018173 2.70172984 2.84122814 2.45589721 2.31107277],
2023-12-10 08:16:15.355797 Time: 198.059
2023-12-10 08:19:34.108492 Episodes 2600:, 
2023-12-10 08:19:34.114894 Total steps 130000/500000, 
2023-12-10 08:19:34.115215 Evaluation Reward: [1.06161043 1.10822514 2.1635991  2.21764844 2.09761674],
2023-12-10 08:19:34.115259 Time: 198.732
2023-12-10 08:22:52.356848 Episodes 2800:, 
2023-12-10 08:22:52.356960 Total steps 140000/500000, 
2023-12-10 08:22:52.357240 Evaluation Reward: [1.64623708 1.25563294 1.3227556  4.20430707 2.03510238],
2023-12-10 08:22:52.357285 Time: 198.215
2023-12-10 08:26:10.332107 Episodes 3000:, 
2023-12-10 08:26:10.332194 Total steps 150000/500000, 
2023-12-10 08:26:10.332452 Evaluation Reward: [1.20316255 2.70963075 2.54950756 3.03741986 1.75013698],
2023-12-10 08:26:10.332496 Time: 197.953
2023-12-10 08:29:28.725317 Episodes 3200:, 
2023-12-10 08:29:28.725399 Total steps 160000/500000, 
2023-12-10 08:29:28.725666 Evaluation Reward: [0.90546646 3.04561017 0.71830205 4.46615795 2.30674597],
2023-12-10 08:29:28.725716 Time: 198.368
2023-12-10 08:32:47.135896 Episodes 3400:, 
2023-12-10 08:32:47.135976 Total steps 170000/500000, 
2023-12-10 08:32:47.136222 Evaluation Reward: [1.85589746 1.98557758 1.42076272 3.19996931 1.63341968],
2023-12-10 08:32:47.136271 Time: 198.322
2023-12-10 08:36:05.690537 Episodes 3600:, 
2023-12-10 08:36:05.690622 Total steps 180000/500000, 
2023-12-10 08:36:05.690878 Evaluation Reward: [0.73179728 3.07740935 2.50616964 1.69236635 1.39365509],
2023-12-10 08:36:05.690945 Time: 198.52
2023-12-10 08:39:23.953508 Episodes 3800:, 
2023-12-10 08:39:23.953600 Total steps 190000/500000, 
2023-12-10 08:39:23.953856 Evaluation Reward: [2.13837416 1.67885608 0.27502464 3.87880687 2.59894424],
2023-12-10 08:39:23.953905 Time: 198.232
2023-12-10 08:42:44.554044 Episodes 4000:, 
2023-12-10 08:42:44.554120 Total steps 200000/500000, 
2023-12-10 08:42:44.554360 Evaluation Reward: [1.07167685 5.23050549 2.44054744 4.4648848  0.41866743],
2023-12-10 08:42:44.554408 Time: 200.571
2023-12-10 08:46:05.145632 Episodes 4200:, 
2023-12-10 08:46:05.145743 Total steps 210000/500000, 
2023-12-10 08:46:05.146160 Evaluation Reward: [0.53491421 0.51373617 2.58501059 2.44719631 0.90828385],
2023-12-10 08:46:05.146227 Time: 200.56
2023-12-10 08:49:24.403614 Episodes 4400:, 
2023-12-10 08:49:24.403690 Total steps 220000/500000, 
2023-12-10 08:49:24.403948 Evaluation Reward: [0.95464258 4.19087715 0.99319477 2.05537055 1.44805686],
2023-12-10 08:49:24.403998 Time: 199.194
2023-12-10 08:52:42.985718 Episodes 4600:, 
2023-12-10 08:52:42.985795 Total steps 230000/500000, 
2023-12-10 08:52:42.986066 Evaluation Reward: [0.69289461 1.15557529 1.17009895 3.88125932 3.50210342],
2023-12-10 08:52:42.986115 Time: 198.554
2023-12-10 08:56:02.042249 Episodes 4800:, 
2023-12-10 08:56:02.042326 Total steps 240000/500000, 
2023-12-10 08:56:02.042592 Evaluation Reward: [0.81212821 1.69483974 2.31503636 2.13893362 3.41718624],
2023-12-10 08:56:02.042634 Time: 199.027
2023-12-10 08:59:21.292708 Episodes 5000:, 
2023-12-10 08:59:21.292786 Total steps 250000/500000, 
2023-12-10 08:59:21.293029 Evaluation Reward: [0.3717325  0.94610255 2.45898051 2.45414918 0.86276079],
2023-12-10 08:59:21.293079 Time: 199.219
2023-12-10 09:02:40.078952 Episodes 5200:, 
2023-12-10 09:02:40.085360 Total steps 260000/500000, 
2023-12-10 09:02:40.085784 Evaluation Reward: [0.45175412 1.77428926 1.78257483 0.83788109 2.68187526],
2023-12-10 09:02:40.085841 Time: 198.758
2023-12-10 09:05:57.985470 Episodes 5400:, 
2023-12-10 09:05:57.985547 Total steps 270000/500000, 
2023-12-10 09:05:57.985784 Evaluation Reward: [0.9972218  2.12324728 1.77800263 4.16887011 1.67279897],
2023-12-10 09:05:57.985831 Time: 197.867
2023-12-10 09:09:17.279492 Episodes 5600:, 
2023-12-10 09:09:17.279570 Total steps 280000/500000, 
2023-12-10 09:09:17.279804 Evaluation Reward: [0.45866815 1.87290402 2.24071843 2.71608673 2.1628228 ],
2023-12-10 09:09:17.279850 Time: 199.262
2023-12-10 09:12:36.063519 Episodes 5800:, 
2023-12-10 09:12:36.063613 Total steps 290000/500000, 
2023-12-10 09:12:36.063893 Evaluation Reward: [0.44627245 2.3179954  1.21037829 1.58909129 0.79017526],
2023-12-10 09:12:36.063941 Time: 198.742
2023-12-10 09:15:54.528360 Episodes 6000:, 
2023-12-10 09:15:54.528443 Total steps 300000/500000, 
2023-12-10 09:15:54.528690 Evaluation Reward: [1.11858656 2.27644679 0.45775468 3.02532352 0.53481439],
2023-12-10 09:15:54.528739 Time: 198.431
2023-12-10 09:19:13.934877 Episodes 6200:, 
2023-12-10 09:19:13.934960 Total steps 310000/500000, 
2023-12-10 09:19:13.935209 Evaluation Reward: [0.9899058  1.6879795  0.7319075  2.92350643 0.90614142],
2023-12-10 09:19:13.935255 Time: 199.373
2023-12-10 09:22:33.415944 Episodes 6400:, 
2023-12-10 09:22:33.416036 Total steps 320000/500000, 
2023-12-10 09:22:33.416286 Evaluation Reward: [0.91312383 2.88867274 1.31955252 1.63088576 1.16491935],
2023-12-10 09:22:33.416332 Time: 199.434
2023-12-10 09:25:53.011129 Episodes 6600:, 
2023-12-10 09:25:53.011215 Total steps 330000/500000, 
2023-12-10 09:25:53.011503 Evaluation Reward: [1.79517643 0.90790807 1.81459548 1.70864066 1.792358  ],
2023-12-10 09:25:53.011551 Time: 199.561
2023-12-10 09:29:11.721160 Episodes 6800:, 
2023-12-10 09:29:11.727553 Total steps 340000/500000, 
2023-12-10 09:29:11.727882 Evaluation Reward: [1.9709377  1.44907416 0.81554911 4.08205177 1.29326282],
2023-12-10 09:29:11.727927 Time: 198.681
2023-12-10 09:32:30.960189 Episodes 7000:, 
2023-12-10 09:32:30.960275 Total steps 350000/500000, 
2023-12-10 09:32:30.960539 Evaluation Reward: [1.9658126  0.90842496 1.61719072 1.17022849 2.83803366],
2023-12-10 09:32:30.960591 Time: 199.197
2023-12-10 09:35:49.741687 Episodes 7200:, 
2023-12-10 09:35:49.741766 Total steps 360000/500000, 
2023-12-10 09:35:49.742091 Evaluation Reward: [1.0778536  1.88205155 0.99975767 2.168959   0.53209078],
2023-12-10 09:35:49.742146 Time: 198.742
2023-12-10 09:39:06.006715 Episodes 7400:, 
2023-12-10 09:39:06.006807 Total steps 370000/500000, 
2023-12-10 09:39:06.007090 Evaluation Reward: [2.11119649 1.34847782 0.99622321 4.50704406 3.15708359],
2023-12-10 09:39:06.007135 Time: 196.212
2023-12-10 09:42:04.453499 Episodes 7600:, 
2023-12-10 09:42:04.453576 Total steps 380000/500000, 
2023-12-10 09:42:04.453813 Evaluation Reward: [1.46459928 1.35784198 0.46433907 1.77948029 1.31268306],
2023-12-10 09:42:04.453857 Time: 178.41
2023-12-10 09:45:01.529826 Episodes 7800:, 
2023-12-10 09:45:01.529916 Total steps 390000/500000, 
2023-12-10 09:45:01.530166 Evaluation Reward: [1.14770283 3.01290083 0.70607089 1.51473343 1.71842497],
2023-12-10 09:45:01.530214 Time: 177.036
2023-12-10 09:47:57.475268 Episodes 8000:, 
2023-12-10 09:47:57.475340 Total steps 400000/500000, 
2023-12-10 09:47:57.475567 Evaluation Reward: [0.9007705  2.06086289 0.62903505 1.98776147 1.25785777],
2023-12-10 09:47:57.475612 Time: 175.908
2023-12-10 09:50:54.042713 Episodes 8200:, 
2023-12-10 09:50:54.042830 Total steps 410000/500000, 
2023-12-10 09:50:54.043155 Evaluation Reward: [0.85671156 2.25036254 0.36048551 0.82727033 1.25078259],
2023-12-10 09:50:54.043209 Time: 176.529
2023-12-10 09:53:50.059733 Episodes 8400:, 
2023-12-10 09:53:50.059814 Total steps 420000/500000, 
2023-12-10 09:53:50.066460 Evaluation Reward: [9.79718126e-01 1.38412120e+00 1.14600571e+00 3.58868955e-01
 7.70541853e-29],
2023-12-10 09:53:50.066536 Time: 175.985
2023-12-10 09:56:46.209087 Episodes 8600:, 
2023-12-10 09:56:46.209165 Total steps 430000/500000, 
2023-12-10 09:56:46.209459 Evaluation Reward: [1.23508155 1.81119698 1.33193977 0.62757912 0.64644805],
2023-12-10 09:56:46.209509 Time: 176.103
2023-12-10 09:59:42.288683 Episodes 8800:, 
2023-12-10 09:59:42.288766 Total steps 440000/500000, 
2023-12-10 09:59:42.289029 Evaluation Reward: [2.80024965 0.62076088 2.24273098 0.81818328 1.00128768],
2023-12-10 09:59:42.289074 Time: 176.035
2023-12-10 10:02:38.495321 Episodes 9000:, 
2023-12-10 10:02:38.495397 Total steps 450000/500000, 
2023-12-10 10:02:38.495650 Evaluation Reward: [0.81391878 3.86404895 1.08725145 0.44769609 0.63044118],
2023-12-10 10:02:38.495700 Time: 176.168
2023-12-10 10:05:34.557265 Episodes 9200:, 
2023-12-10 10:05:34.557350 Total steps 460000/500000, 
2023-12-10 10:05:34.557674 Evaluation Reward: [1.85211167 1.0575738  2.69953604 1.07258576 0.35687128],
2023-12-10 10:05:34.557731 Time: 176.018
2023-12-10 10:08:31.366608 Episodes 9400:, 
2023-12-10 10:08:31.366686 Total steps 470000/500000, 
2023-12-10 10:08:31.366919 Evaluation Reward: [0.35884332 0.87524688 1.41442638 3.73354718 0.93811084],
2023-12-10 10:08:31.366962 Time: 176.759
2023-12-10 10:11:27.367964 Episodes 9600:, 
2023-12-10 10:11:27.368039 Total steps 480000/500000, 
2023-12-10 10:11:27.368310 Evaluation Reward: [1.63760404 0.27302265 0.63400153 1.0492939  1.63821948],
2023-12-10 10:11:27.368354 Time: 175.88
2023-12-10 10:14:23.943310 Episodes 9800:, 
2023-12-10 10:14:23.943386 Total steps 490000/500000, 
2023-12-10 10:14:23.943622 Evaluation Reward: [1.66395199 0.92158894 1.17342503 2.62828801 1.64519252],
2023-12-10 10:14:23.943664 Time: 176.53
2023-12-10 10:17:19.621850 Episodes 9999:, 
2023-12-10 10:17:19.621935 Total steps 499999/500000, 
2023-12-10 10:17:19.622214 Evaluation Reward: [1.20766493 1.13383978 0.75319886 3.49544416 0.61786785],
2023-12-10 10:17:19.622267 Time: 175.634
2023-12-10 10:17:19.672319 ========================================Basic Configurations========================================
2023-12-10 10:17:19.672385 Daemon Filename: /home/Desktop/studies/q_functionals_daemon/results/final/5agent_5landmarks_fixed_full_egreedy/centralized_run_1-step-update_func-polynomial_rank-2_episode-10000_lr0001_b512_l3_n256_m500000_iter1/timestamp.log
2023-12-10 10:17:19.672419 Training Environment: q_functions_5agent_5landmarks_fixed
2023-12-10 10:17:19.672438 Functional: polynomial
2023-12-10 10:17:19.672456 rank: 2
2023-12-10 10:17:19.672473 seed: 4
2023-12-10 10:17:19.672506 learning_rate: 0.001
2023-12-10 10:17:19.672525 target_network_learning_rate: 0.005
2023-12-10 10:17:19.672543 nb_runs: 5
2023-12-10 10:17:19.672560 ma_type: centralized
2023-12-10 10:17:19.672576 policy_type: e_greedy
2023-12-10 10:17:19.672593 noise_std: 0.05
2023-12-10 10:17:19.672611 ========================================Model Configurations========================================
2023-12-10 10:17:19.672629 TD3 Trick:: False
2023-12-10 10:17:19.672646 Entropy Regularization: 0.0
2023-12-10 10:17:19.672662 ======================================Sampling Configurations=======================================
2023-12-10 10:17:19.672680 : q_functions_5agent_5landmarks_fixed
2023-12-10 10:17:19.672697 Using quantile sampling during bootstrapping:: False
2023-12-10 10:17:19.672713 Using quantile sampling during evaluation interaction: False
2023-12-10 10:17:19.672729 Using quantile sampling during training interaction:: False
2023-12-10 10:17:19.672746 Sampling Percent: 0.01
2023-12-10 10:17:19.672764 Anneal Sampling Percent: False
2023-12-10 10:17:19.672781 ===============================================Split================================================
2023-12-10 10:17:19.674197 running on CUDA...
2023-12-10 10:17:20.626957 Episodes 0:, 
2023-12-10 10:17:20.627044 Total steps 0/500000, 
2023-12-10 10:17:20.627298 Evaluation Reward: [0.97699474 1.06593828 1.62085235 0.60231043 1.14364924],
2023-12-10 10:17:20.627341 Time: 0.743
2023-12-10 10:20:04.661434 Episodes 200:, 
2023-12-10 10:20:04.661514 Total steps 10000/500000, 
2023-12-10 10:20:04.661756 Evaluation Reward: [3.29484977 2.29376606 2.72290331 3.05757307 1.36797309],
2023-12-10 10:20:04.661808 Time: 164.034
2023-12-10 10:22:58.040905 Episodes 400:, 
2023-12-10 10:22:58.040983 Total steps 20000/500000, 
2023-12-10 10:22:58.041229 Evaluation Reward: [2.8715649  3.3301219  1.34849183 2.198068   2.26504006],
2023-12-10 10:22:58.041276 Time: 173.353
2023-12-10 10:25:52.154518 Episodes 600:, 
2023-12-10 10:25:52.154604 Total steps 30000/500000, 
2023-12-10 10:25:52.154848 Evaluation Reward: [3.03191746 0.87996085 3.06338291 0.78904388 1.16282411],
2023-12-10 10:25:52.154896 Time: 174.096
2023-12-10 10:28:46.624522 Episodes 800:, 
2023-12-10 10:28:46.624609 Total steps 40000/500000, 
2023-12-10 10:28:46.624850 Evaluation Reward: [2.51263842 1.83903932 0.65236637 1.50944307 4.09710346],
2023-12-10 10:28:46.624895 Time: 174.453
2023-12-10 10:31:41.143960 Episodes 1000:, 
2023-12-10 10:31:41.144064 Total steps 50000/500000, 
2023-12-10 10:31:41.144412 Evaluation Reward: [1.95309454 1.93774329 3.13679325 2.92562225 2.48440845],
2023-12-10 10:31:41.144471 Time: 174.502
2023-12-10 10:34:35.884133 Episodes 1200:, 
2023-12-10 10:34:35.884224 Total steps 60000/500000, 
2023-12-10 10:34:35.884471 Evaluation Reward: [1.25392554 1.49249045 2.59372038 2.59586661 2.12463906],
2023-12-10 10:34:35.884516 Time: 174.718
2023-12-10 10:37:31.087220 Episodes 1400:, 
2023-12-10 10:37:31.087301 Total steps 70000/500000, 
2023-12-10 10:37:31.087537 Evaluation Reward: [3.02078697 2.74339354 1.67039469 2.08155234 1.41009331],
2023-12-10 10:37:31.087583 Time: 175.186
2023-12-10 10:40:27.384133 Episodes 1600:, 
2023-12-10 10:40:27.384217 Total steps 80000/500000, 
2023-12-10 10:40:27.384466 Evaluation Reward: [3.31068967 2.12807331 2.04833381 2.82506813 1.25635354],
2023-12-10 10:40:27.384515 Time: 176.277
2023-12-10 10:43:25.374774 Episodes 1800:, 
2023-12-10 10:43:25.374858 Total steps 90000/500000, 
2023-12-10 10:43:25.375093 Evaluation Reward: [1.26449331 2.62269234 4.54062922 1.71219985 1.06258868],
2023-12-10 10:43:25.375139 Time: 177.968
2023-12-10 10:46:22.046337 Episodes 2000:, 
2023-12-10 10:46:22.046418 Total steps 100000/500000, 
2023-12-10 10:46:22.046663 Evaluation Reward: [2.76371896 1.5478276  1.51927417 2.37226302 0.88532157],
2023-12-10 10:46:22.046704 Time: 176.65
2023-12-10 10:49:17.733089 Episodes 2200:, 
2023-12-10 10:49:17.733165 Total steps 110000/500000, 
2023-12-10 10:49:17.733404 Evaluation Reward: [1.40865876 0.54355034 1.32813762 1.18203352 0.90896021],
2023-12-10 10:49:17.733452 Time: 175.668
2023-12-10 10:52:12.664675 Episodes 2400:, 
2023-12-10 10:52:12.664751 Total steps 120000/500000, 
2023-12-10 10:52:12.665014 Evaluation Reward: [1.50717367 1.58167885 1.04799942 2.70924279 0.5541713 ],
2023-12-10 10:52:12.665055 Time: 174.911
2023-12-10 10:55:08.375692 Episodes 2600:, 
2023-12-10 10:55:08.375788 Total steps 130000/500000, 
2023-12-10 10:55:08.376130 Evaluation Reward: [2.23746107 0.27931334 1.51860935 1.26522602 1.975876  ],
2023-12-10 10:55:08.376189 Time: 175.688
2023-12-10 10:58:03.202067 Episodes 2800:, 
2023-12-10 10:58:03.202153 Total steps 140000/500000, 
2023-12-10 10:58:03.202443 Evaluation Reward: [3.8941697  1.22022217 1.08697596 0.9481163  1.43628269],
2023-12-10 10:58:03.202497 Time: 174.798
2023-12-10 11:00:59.394200 Episodes 3000:, 
2023-12-10 11:00:59.394285 Total steps 150000/500000, 
2023-12-10 11:00:59.394522 Evaluation Reward: [2.64922506 3.14790535 2.14113774 3.25328516 1.36126887],
2023-12-10 11:00:59.394568 Time: 176.17
2023-12-10 11:03:55.090343 Episodes 3200:, 
2023-12-10 11:03:55.090419 Total steps 160000/500000, 
2023-12-10 11:03:55.090657 Evaluation Reward: [2.52445495 2.09085374 4.15598802 2.05613405 1.16719077],
2023-12-10 11:03:55.090700 Time: 175.587
2023-12-10 11:06:53.275253 Episodes 3400:, 
2023-12-10 11:06:53.275340 Total steps 170000/500000, 
2023-12-10 11:06:53.275604 Evaluation Reward: [0.81690683 1.38667602 1.57486125 1.25078158 1.16760576],
2023-12-10 11:06:53.275652 Time: 178.158
2023-12-10 11:09:43.447357 Episodes 3600:, 
2023-12-10 11:09:43.447428 Total steps 180000/500000, 
2023-12-10 11:09:43.447662 Evaluation Reward: [1.16502299 3.10197508 2.82445235 2.30027178 1.37390796],
2023-12-10 11:09:43.447706 Time: 170.14
2023-12-10 11:12:27.175547 Episodes 3800:, 
2023-12-10 11:12:27.175618 Total steps 190000/500000, 
2023-12-10 11:12:27.175841 Evaluation Reward: [2.99410134 2.15229748 2.25234917 2.33689818 1.14882257],
2023-12-10 11:12:27.175892 Time: 163.702
2023-12-10 11:15:15.081214 Episodes 4000:, 
2023-12-10 11:15:15.081285 Total steps 200000/500000, 
2023-12-10 11:15:15.081541 Evaluation Reward: [0.44585378 0.61423622 3.99512472 1.51342106 0.73554059],
2023-12-10 11:15:15.081588 Time: 167.88
2023-12-10 11:17:53.483189 Episodes 4200:, 
2023-12-10 11:17:53.483264 Total steps 210000/500000, 
2023-12-10 11:17:53.483499 Evaluation Reward: [2.27279345 3.3232523  3.15972372 1.26815992 1.92409651],
2023-12-10 11:17:53.483539 Time: 158.377
2023-12-10 11:20:31.933350 Episodes 4400:, 
2023-12-10 11:20:31.933427 Total steps 220000/500000, 
2023-12-10 11:20:31.933660 Evaluation Reward: [2.5051061  0.51366509 3.03902123 0.74173167 1.7095571 ],
2023-12-10 11:20:31.933705 Time: 158.425
2023-12-10 11:23:05.727428 Episodes 4600:, 
2023-12-10 11:23:05.727513 Total steps 230000/500000, 
2023-12-10 11:23:05.727747 Evaluation Reward: [1.22330427 2.90419958 2.70745978 1.68382857 1.81149101],
2023-12-10 11:23:05.727798 Time: 153.767
2023-12-10 11:25:38.911472 Episodes 4800:, 
2023-12-10 11:25:38.911544 Total steps 240000/500000, 
2023-12-10 11:25:38.911794 Evaluation Reward: [2.17270088 1.60364469 2.21414398 0.73291714 1.53810167],
2023-12-10 11:25:38.911845 Time: 153.157
2023-12-10 11:28:12.830189 Episodes 5000:, 
2023-12-10 11:28:12.830264 Total steps 250000/500000, 
2023-12-10 11:28:12.830500 Evaluation Reward: [0.44652944 4.69313237 3.41771003 2.20492288 1.6699693 ],
2023-12-10 11:28:12.830540 Time: 153.833
2023-12-10 11:30:45.517924 Episodes 5200:, 
2023-12-10 11:30:45.518008 Total steps 260000/500000, 
2023-12-10 11:30:45.518238 Evaluation Reward: [1.77758079 3.72702568 0.88700928 0.89506216 0.71753733],
2023-12-10 11:30:45.518282 Time: 152.66
2023-12-10 11:33:19.274735 Episodes 5400:, 
2023-12-10 11:33:19.274814 Total steps 270000/500000, 
2023-12-10 11:33:19.275031 Evaluation Reward: [3.15226271 4.03819283 2.99643612 2.45962199 2.59888797],
2023-12-10 11:33:19.275073 Time: 153.727
2023-12-10 11:35:52.426964 Episodes 5600:, 
2023-12-10 11:35:52.427044 Total steps 280000/500000, 
2023-12-10 11:35:52.427288 Evaluation Reward: [1.465182   0.89372112 1.4262428  2.59710514 0.34785571],
2023-12-10 11:35:52.427327 Time: 153.124
2023-12-10 11:38:25.760646 Episodes 5800:, 
2023-12-10 11:38:25.760720 Total steps 290000/500000, 
2023-12-10 11:38:25.760959 Evaluation Reward: [1.14412583 3.61104875 3.16504955 3.52926719 1.01352457],
2023-12-10 11:38:25.761003 Time: 153.304
2023-12-10 11:41:00.453975 Episodes 6000:, 
2023-12-10 11:41:00.454063 Total steps 300000/500000, 
2023-12-10 11:41:00.458351 Evaluation Reward: [1.16450156 2.66492455 2.96178445 0.82254863 2.0447305 ],
2023-12-10 11:41:00.458403 Time: 154.667
2023-12-10 11:43:36.258254 Episodes 6200:, 
2023-12-10 11:43:36.258326 Total steps 310000/500000, 
2023-12-10 11:43:36.258551 Evaluation Reward: [3.93076577 1.44144666 1.14866839 1.73103442 1.26259662],
2023-12-10 11:43:36.258600 Time: 155.76
2023-12-10 11:46:11.378995 Episodes 6400:, 
2023-12-10 11:46:11.379065 Total steps 320000/500000, 
2023-12-10 11:46:11.379303 Evaluation Reward: [0.41645172 1.64611696 0.65209516 1.11018259 0.83514002],
2023-12-10 11:46:11.379351 Time: 155.089
2023-12-10 11:48:45.694129 Episodes 6600:, 
2023-12-10 11:48:45.694203 Total steps 330000/500000, 
2023-12-10 11:48:45.694431 Evaluation Reward: [1.44206433 1.8441231  1.87875188 0.99629738 0.92168054],
2023-12-10 11:48:45.694480 Time: 154.283
2023-12-10 11:51:18.949500 Episodes 6800:, 
2023-12-10 11:51:18.949576 Total steps 340000/500000, 
2023-12-10 11:51:18.949807 Evaluation Reward: [0.90562299 2.49332931 2.00249988 1.38062948 0.99509999],
2023-12-10 11:51:18.949849 Time: 153.164
2023-12-10 11:53:52.731946 Episodes 7000:, 
2023-12-10 11:53:52.732017 Total steps 350000/500000, 
2023-12-10 11:53:52.732238 Evaluation Reward: [1.29185172 0.92715495 1.24810162 0.7973384  3.66112264],
2023-12-10 11:53:52.732281 Time: 153.75
2023-12-10 11:56:26.641279 Episodes 7200:, 
2023-12-10 11:56:26.641360 Total steps 360000/500000, 
2023-12-10 11:56:26.641598 Evaluation Reward: [1.69546119 1.40833017 2.93645473 1.78483664 1.59727609],
2023-12-10 11:56:26.641641 Time: 153.876
2023-12-10 11:58:59.323384 Episodes 7400:, 
2023-12-10 11:58:59.323455 Total steps 370000/500000, 
2023-12-10 11:58:59.323670 Evaluation Reward: [0.45864676 1.5966286  1.18632275 2.49306455 1.3129462 ],
2023-12-10 11:58:59.323713 Time: 152.65
2023-12-10 12:01:33.344622 Episodes 7600:, 
2023-12-10 12:01:33.344703 Total steps 380000/500000, 
2023-12-10 12:01:33.344953 Evaluation Reward: [0.79864243 3.28163314 2.78543776 1.13912886 0.88429711],
2023-12-10 12:01:33.345016 Time: 153.984
2023-12-10 12:04:07.595041 Episodes 7800:, 
2023-12-10 12:04:07.595113 Total steps 390000/500000, 
2023-12-10 12:04:07.595343 Evaluation Reward: [1.00385367 1.70911918 0.45391705 4.36510298 1.37494765],
2023-12-10 12:04:07.595385 Time: 154.214
2023-12-10 12:06:42.586611 Episodes 8000:, 
2023-12-10 12:06:42.586694 Total steps 400000/500000, 
2023-12-10 12:06:42.586931 Evaluation Reward: [0.52467162 0.8695608  1.10739269 0.88927454 1.3431077 ],
2023-12-10 12:06:42.586975 Time: 154.956
2023-12-10 12:09:18.987191 Episodes 8200:, 
2023-12-10 12:09:18.987269 Total steps 410000/500000, 
2023-12-10 12:09:18.987562 Evaluation Reward: [1.43281232 1.46171561 0.77710752 1.35413093 1.03437943],
2023-12-10 12:09:18.987611 Time: 156.365
2023-12-10 12:11:54.787240 Episodes 8400:, 
2023-12-10 12:11:54.787314 Total steps 420000/500000, 
2023-12-10 12:11:54.787583 Evaluation Reward: [2.5974536  1.5700091  0.72345192 1.70941749 1.77177233],
2023-12-10 12:11:54.787629 Time: 155.749
2023-12-10 12:14:28.291395 Episodes 8600:, 
2023-12-10 12:14:28.291467 Total steps 430000/500000, 
2023-12-10 12:14:28.291721 Evaluation Reward: [0.72438115 2.82611664 1.17821462 2.59481424 0.99254892],
2023-12-10 12:14:28.291763 Time: 153.469
2023-12-10 12:17:03.889476 Episodes 8800:, 
2023-12-10 12:17:03.889550 Total steps 440000/500000, 
2023-12-10 12:17:03.889772 Evaluation Reward: [0.26628703 2.88412905 0.54005493 3.7823419  0.90967258],
2023-12-10 12:17:03.889820 Time: 155.561
2023-12-10 12:19:36.931436 Episodes 9000:, 
2023-12-10 12:19:36.931514 Total steps 450000/500000, 
2023-12-10 12:19:36.931745 Evaluation Reward: [0.90911317 0.70634967 1.00221735 2.09676871 1.07114852],
2023-12-10 12:19:36.931787 Time: 152.944
2023-12-10 12:22:22.617294 Episodes 9200:, 
2023-12-10 12:22:22.617368 Total steps 460000/500000, 
2023-12-10 12:22:22.617627 Evaluation Reward: [0.44896771 3.40276477 3.3832791  0.60662142 1.49205617],
2023-12-10 12:22:22.617670 Time: 165.647
2023-12-10 12:24:55.460019 Episodes 9400:, 
2023-12-10 12:24:55.460088 Total steps 470000/500000, 
2023-12-10 12:24:55.460337 Evaluation Reward: [0.6858959  1.17803695 1.08013187 3.29666907 4.1713021 ],
2023-12-10 12:24:55.460378 Time: 152.802
2023-12-10 12:27:28.063064 Episodes 9600:, 
2023-12-10 12:27:28.063138 Total steps 480000/500000, 
2023-12-10 12:27:28.063387 Evaluation Reward: [1.17706648 0.72031477 1.65444094 1.06693365 0.27234451],
2023-12-10 12:27:28.063431 Time: 152.563
2023-12-10 12:30:00.636857 Episodes 9800:, 
2023-12-10 12:30:00.636929 Total steps 490000/500000, 
2023-12-10 12:30:00.637157 Evaluation Reward: [1.83424311 0.81577472 2.96734286 0.44211422 1.97569874],
2023-12-10 12:30:00.637201 Time: 152.527
2023-12-10 12:32:31.863729 Episodes 9999:, 
2023-12-10 12:32:31.863802 Total steps 499999/500000, 
2023-12-10 12:32:31.864047 Evaluation Reward: [1.88509651 0.90639182 0.95515801 1.64336894 1.26193445],
2023-12-10 12:32:31.864089 Time: 151.187
