2023-12-08 23:41:23.567414 ========================================Basic Configurations========================================
2023-12-08 23:41:23.567541 Daemon Filename: /home/Desktop/studies/q_functionals_daemon/results/final/2agent_2landmarks_full_egreedy/mix_sum_run_1-step-update_func-polynomial_rank-2_episode-10000_lr0001_b512_l3_n256_m500000_iter1/timestamp.log
2023-12-08 23:41:23.567596 Training Environment: q_functions_2agent_2landmarks
2023-12-08 23:41:23.567628 Functional: polynomial
2023-12-08 23:41:23.567655 rank: 2
2023-12-08 23:41:23.567683 seed: 0
2023-12-08 23:41:23.567715 learning_rate: 0.001
2023-12-08 23:41:23.567745 target_network_learning_rate: 0.005
2023-12-08 23:41:23.567773 nb_runs: 5
2023-12-08 23:41:23.567800 ma_type: mix_sum
2023-12-08 23:41:23.567826 policy_type: e_greedy
2023-12-08 23:41:23.567853 noise_std: 0.05
2023-12-08 23:41:23.567898 ========================================Model Configurations========================================
2023-12-08 23:41:23.567929 TD3 Trick:: False
2023-12-08 23:41:23.567956 Entropy Regularization: 0.0
2023-12-08 23:41:23.567984 ======================================Sampling Configurations=======================================
2023-12-08 23:41:23.568018 : q_functions_2agent_2landmarks
2023-12-08 23:41:23.568056 Using quantile sampling during bootstrapping:: False
2023-12-08 23:41:23.568099 Using quantile sampling during evaluation interaction: False
2023-12-08 23:41:23.568136 Using quantile sampling during training interaction:: False
2023-12-08 23:41:23.568170 Sampling Percent: 0.01
2023-12-08 23:41:23.568199 Anneal Sampling Percent: False
2023-12-08 23:41:23.568227 ===============================================Split================================================
2023-12-08 23:41:23.570111 running on CUDA...
2023-12-08 23:41:42.839503 Episodes 0:, 
2023-12-08 23:41:42.839580 Total steps 0/500000, 
2023-12-08 23:41:42.839821 Evaluation Reward: [0.6205659  0.25142902],
2023-12-08 23:41:42.839878 Time: 0.941
2023-12-08 23:43:37.884125 Episodes 200:, 
2023-12-08 23:43:37.884225 Total steps 10000/500000, 
2023-12-08 23:43:37.884585 Evaluation Reward: [3.31502881 9.8761589 ],
2023-12-08 23:43:37.884662 Time: 115.044
2023-12-08 23:45:33.728939 Episodes 400:, 
2023-12-08 23:45:33.729045 Total steps 20000/500000, 
2023-12-08 23:45:33.729396 Evaluation Reward: [42.31574519 41.46006522],
2023-12-08 23:45:33.729453 Time: 115.813
2023-12-08 23:47:21.895380 Episodes 600:, 
2023-12-08 23:47:21.895472 Total steps 30000/500000, 
2023-12-08 23:47:21.895720 Evaluation Reward: [40.7325205  38.44975028],
2023-12-08 23:47:21.895766 Time: 108.137
2023-12-08 23:48:58.356998 Episodes 800:, 
2023-12-08 23:48:58.357071 Total steps 40000/500000, 
2023-12-08 23:48:58.357307 Evaluation Reward: [42.21912593 39.29399262],
2023-12-08 23:48:58.357348 Time: 96.443
2023-12-08 23:50:37.274594 Episodes 1000:, 
2023-12-08 23:50:37.274670 Total steps 50000/500000, 
2023-12-08 23:50:37.274976 Evaluation Reward: [41.81753261 36.47669477],
2023-12-08 23:50:37.275030 Time: 98.898
2023-12-08 23:52:13.309733 Episodes 1200:, 
2023-12-08 23:52:13.309806 Total steps 60000/500000, 
2023-12-08 23:52:13.310042 Evaluation Reward: [40.13161888 37.57496588],
2023-12-08 23:52:13.310090 Time: 96.014
2023-12-08 23:53:52.557597 Episodes 1400:, 
2023-12-08 23:53:52.557676 Total steps 70000/500000, 
2023-12-08 23:53:52.557907 Evaluation Reward: [36.76744965 34.27421094],
2023-12-08 23:53:52.557948 Time: 99.229
2023-12-08 23:55:30.385398 Episodes 1600:, 
2023-12-08 23:55:30.385474 Total steps 80000/500000, 
2023-12-08 23:55:30.385700 Evaluation Reward: [40.01207808 41.77715055],
2023-12-08 23:55:30.385749 Time: 97.807
2023-12-08 23:57:07.948440 Episodes 1800:, 
2023-12-08 23:57:07.948516 Total steps 90000/500000, 
2023-12-08 23:57:07.948730 Evaluation Reward: [43.06181293 41.07130705],
2023-12-08 23:57:07.948772 Time: 97.539
2023-12-08 23:58:46.588105 Episodes 2000:, 
2023-12-08 23:58:46.588179 Total steps 100000/500000, 
2023-12-08 23:58:46.588434 Evaluation Reward: [40.93358492 38.7751561 ],
2023-12-08 23:58:46.588484 Time: 98.62
2023-12-09 00:00:27.582376 Episodes 2200:, 
2023-12-09 00:00:27.582458 Total steps 110000/500000, 
2023-12-09 00:00:27.582698 Evaluation Reward: [42.91847608 40.07793929],
2023-12-09 00:00:27.582743 Time: 100.972
2023-12-09 00:02:04.726741 Episodes 2400:, 
2023-12-09 00:02:04.726822 Total steps 120000/500000, 
2023-12-09 00:02:04.727076 Evaluation Reward: [42.19353103 28.34806075],
2023-12-09 00:02:04.727119 Time: 97.115
2023-12-09 00:03:44.449408 Episodes 2600:, 
2023-12-09 00:03:44.449491 Total steps 130000/500000, 
2023-12-09 00:03:44.449803 Evaluation Reward: [41.47452654 42.14150026],
2023-12-09 00:03:44.449858 Time: 99.7
2023-12-09 00:05:21.325253 Episodes 2800:, 
2023-12-09 00:05:21.325338 Total steps 140000/500000, 
2023-12-09 00:05:21.325579 Evaluation Reward: [41.22995509 42.02872164],
2023-12-09 00:05:21.325625 Time: 96.85
2023-12-09 00:07:00.341255 Episodes 3000:, 
2023-12-09 00:07:00.341351 Total steps 150000/500000, 
2023-12-09 00:07:00.341649 Evaluation Reward: [41.92480492 43.03304329],
2023-12-09 00:07:00.341698 Time: 98.993
2023-12-09 00:08:39.479378 Episodes 3200:, 
2023-12-09 00:08:39.479464 Total steps 160000/500000, 
2023-12-09 00:08:39.479755 Evaluation Reward: [40.23278917 41.14835318],
2023-12-09 00:08:39.479813 Time: 99.109
2023-12-09 00:10:17.941330 Episodes 3400:, 
2023-12-09 00:10:17.941439 Total steps 170000/500000, 
2023-12-09 00:10:17.941677 Evaluation Reward: [42.42884104 36.90715276],
2023-12-09 00:10:17.941717 Time: 98.364
2023-12-09 00:11:57.377532 Episodes 3600:, 
2023-12-09 00:11:57.377614 Total steps 180000/500000, 
2023-12-09 00:11:57.377859 Evaluation Reward: [40.55100558 40.6792585 ],
2023-12-09 00:11:57.377901 Time: 99.41
2023-12-09 00:13:36.495218 Episodes 3800:, 
2023-12-09 00:13:36.495296 Total steps 190000/500000, 
2023-12-09 00:13:36.495526 Evaluation Reward: [41.71310613 42.53202569],
2023-12-09 00:13:36.495570 Time: 99.089
2023-12-09 00:15:16.114282 Episodes 4000:, 
2023-12-09 00:15:16.114366 Total steps 200000/500000, 
2023-12-09 00:15:16.114596 Evaluation Reward: [39.86211685 40.53180003],
2023-12-09 00:15:16.114644 Time: 99.589
2023-12-09 00:16:45.327465 Episodes 4200:, 
2023-12-09 00:16:45.327536 Total steps 210000/500000, 
2023-12-09 00:16:45.327751 Evaluation Reward: [39.4709902 39.7236903],
2023-12-09 00:16:45.327793 Time: 89.183
2023-12-09 00:18:08.176848 Episodes 4400:, 
2023-12-09 00:18:08.176917 Total steps 220000/500000, 
2023-12-09 00:18:08.177121 Evaluation Reward: [42.4348836  40.55299873],
2023-12-09 00:18:08.177160 Time: 82.823
2023-12-09 00:19:30.500638 Episodes 4600:, 
2023-12-09 00:19:30.500705 Total steps 230000/500000, 
2023-12-09 00:19:30.500926 Evaluation Reward: [42.23809611 42.34667522],
2023-12-09 00:19:30.500964 Time: 82.297
2023-12-09 00:20:51.795229 Episodes 4800:, 
2023-12-09 00:20:51.795296 Total steps 240000/500000, 
2023-12-09 00:20:51.795499 Evaluation Reward: [41.44993744 41.82671794],
2023-12-09 00:20:51.795537 Time: 81.267
2023-12-09 00:22:13.524252 Episodes 5000:, 
2023-12-09 00:22:13.524318 Total steps 250000/500000, 
2023-12-09 00:22:13.524564 Evaluation Reward: [39.5002138  42.08302342],
2023-12-09 00:22:13.524617 Time: 81.702
2023-12-09 00:23:34.941023 Episodes 5200:, 
2023-12-09 00:23:34.941094 Total steps 260000/500000, 
2023-12-09 00:23:34.941306 Evaluation Reward: [43.03838152 40.63460509],
2023-12-09 00:23:34.941347 Time: 81.39
2023-12-09 00:24:56.267152 Episodes 5400:, 
2023-12-09 00:24:56.267220 Total steps 270000/500000, 
2023-12-09 00:24:56.267426 Evaluation Reward: [34.90608829 34.48568551],
2023-12-09 00:24:56.267468 Time: 81.298
2023-12-09 00:26:18.666805 Episodes 5600:, 
2023-12-09 00:26:18.666871 Total steps 280000/500000, 
2023-12-09 00:26:18.667082 Evaluation Reward: [40.93590587 41.41026094],
2023-12-09 00:26:18.667130 Time: 82.313
2023-12-09 00:27:40.624495 Episodes 5800:, 
2023-12-09 00:27:40.624559 Total steps 290000/500000, 
2023-12-09 00:27:40.624763 Evaluation Reward: [42.59043973 42.09339303],
2023-12-09 00:27:40.624803 Time: 81.909
2023-12-09 00:29:03.094964 Episodes 6000:, 
2023-12-09 00:29:03.095031 Total steps 300000/500000, 
2023-12-09 00:29:03.095243 Evaluation Reward: [36.67170958 39.23035158],
2023-12-09 00:29:03.095284 Time: 82.441
2023-12-09 00:30:25.448676 Episodes 6200:, 
2023-12-09 00:30:25.448753 Total steps 310000/500000, 
2023-12-09 00:30:25.449023 Evaluation Reward: [43.15774854 40.09161494],
2023-12-09 00:30:25.449069 Time: 82.323
2023-12-09 00:31:51.883836 Episodes 6400:, 
2023-12-09 00:31:51.883926 Total steps 320000/500000, 
2023-12-09 00:31:51.884202 Evaluation Reward: [41.1328853  40.60844583],
2023-12-09 00:31:51.884249 Time: 86.394
2023-12-09 00:33:19.554676 Episodes 6600:, 
2023-12-09 00:33:19.554741 Total steps 330000/500000, 
2023-12-09 00:33:19.554943 Evaluation Reward: [41.93354279 40.38430002],
2023-12-09 00:33:19.554980 Time: 87.63
2023-12-09 00:34:45.774729 Episodes 6800:, 
2023-12-09 00:34:45.774801 Total steps 340000/500000, 
2023-12-09 00:34:45.775037 Evaluation Reward: [40.18771118 39.18291976],
2023-12-09 00:34:45.775078 Time: 86.188
2023-12-09 00:36:10.833324 Episodes 7000:, 
2023-12-09 00:36:10.833397 Total steps 350000/500000, 
2023-12-09 00:36:10.833644 Evaluation Reward: [41.82088373 40.37105931],
2023-12-09 00:36:10.833683 Time: 85.024
2023-12-09 00:37:35.512334 Episodes 7200:, 
2023-12-09 00:37:35.512397 Total steps 360000/500000, 
2023-12-09 00:37:35.512591 Evaluation Reward: [42.18047685 39.51435345],
2023-12-09 00:37:35.512629 Time: 84.644
2023-12-09 00:38:58.294265 Episodes 7400:, 
2023-12-09 00:38:58.294343 Total steps 370000/500000, 
2023-12-09 00:38:58.294619 Evaluation Reward: [40.14000191 39.21127866],
2023-12-09 00:38:58.294660 Time: 82.735
2023-12-09 00:40:20.758718 Episodes 7600:, 
2023-12-09 00:40:20.758800 Total steps 380000/500000, 
2023-12-09 00:40:20.759030 Evaluation Reward: [40.59005359 39.01764769],
2023-12-09 00:40:20.759076 Time: 82.417
2023-12-09 00:41:43.339588 Episodes 7800:, 
2023-12-09 00:41:43.339657 Total steps 390000/500000, 
2023-12-09 00:41:43.339881 Evaluation Reward: [37.98342159 40.6088418 ],
2023-12-09 00:41:43.339927 Time: 82.49
2023-12-09 00:43:06.382062 Episodes 8000:, 
2023-12-09 00:43:06.382135 Total steps 400000/500000, 
2023-12-09 00:43:06.382380 Evaluation Reward: [37.89702306 36.25003424],
2023-12-09 00:43:06.382423 Time: 83.008
2023-12-09 00:44:28.986874 Episodes 8200:, 
2023-12-09 00:44:28.986954 Total steps 410000/500000, 
2023-12-09 00:44:28.987183 Evaluation Reward: [38.63194849 41.26217068],
2023-12-09 00:44:28.987226 Time: 82.565
2023-12-09 00:45:51.212192 Episodes 8400:, 
2023-12-09 00:45:51.212272 Total steps 420000/500000, 
2023-12-09 00:45:51.212507 Evaluation Reward: [37.60509644 37.32035724],
2023-12-09 00:45:51.212543 Time: 82.187
2023-12-09 00:47:13.008894 Episodes 8600:, 
2023-12-09 00:47:13.008961 Total steps 430000/500000, 
2023-12-09 00:47:13.009161 Evaluation Reward: [38.43622549 39.56538778],
2023-12-09 00:47:13.009199 Time: 81.762
2023-12-09 00:48:35.445864 Episodes 8800:, 
2023-12-09 00:48:35.445935 Total steps 440000/500000, 
2023-12-09 00:48:35.446149 Evaluation Reward: [42.50142402 43.48177905],
2023-12-09 00:48:35.446184 Time: 82.403
2023-12-09 00:49:57.749776 Episodes 9000:, 
2023-12-09 00:49:57.749848 Total steps 450000/500000, 
2023-12-09 00:49:57.750051 Evaluation Reward: [41.88671962 42.33404597],
2023-12-09 00:49:57.750088 Time: 82.268
2023-12-09 00:51:19.166565 Episodes 9200:, 
2023-12-09 00:51:19.166643 Total steps 460000/500000, 
2023-12-09 00:51:19.166882 Evaluation Reward: [42.13123701 37.02230849],
2023-12-09 00:51:19.166930 Time: 81.376
2023-12-09 00:52:40.642900 Episodes 9400:, 
2023-12-09 00:52:40.642962 Total steps 470000/500000, 
2023-12-09 00:52:40.643158 Evaluation Reward: [41.33945534 42.10869411],
2023-12-09 00:52:40.643194 Time: 81.436
2023-12-09 00:54:02.467529 Episodes 9600:, 
2023-12-09 00:54:02.467613 Total steps 480000/500000, 
2023-12-09 00:54:02.467843 Evaluation Reward: [42.11909198 39.35485442],
2023-12-09 00:54:02.467898 Time: 81.787
2023-12-09 00:55:26.100934 Episodes 9800:, 
2023-12-09 00:55:26.101010 Total steps 490000/500000, 
2023-12-09 00:55:26.101215 Evaluation Reward: [39.38395565 41.9102538 ],
2023-12-09 00:55:26.101263 Time: 83.594
2023-12-09 00:56:48.164277 Episodes 9999:, 
2023-12-09 00:56:48.164345 Total steps 499999/500000, 
2023-12-09 00:56:48.164552 Evaluation Reward: [39.46800411 41.95810897],
2023-12-09 00:56:48.164592 Time: 81.967
2023-12-09 00:56:48.213790 ========================================Basic Configurations========================================
2023-12-09 00:56:48.213871 Daemon Filename: /home/Desktop/studies/q_functionals_daemon/results/final/2agent_2landmarks_full_egreedy/mix_sum_run_1-step-update_func-polynomial_rank-2_episode-10000_lr0001_b512_l3_n256_m500000_iter1/timestamp.log
2023-12-09 00:56:48.213903 Training Environment: q_functions_2agent_2landmarks
2023-12-09 00:56:48.213921 Functional: polynomial
2023-12-09 00:56:48.213939 rank: 2
2023-12-09 00:56:48.213954 seed: 1
2023-12-09 00:56:48.213977 learning_rate: 0.001
2023-12-09 00:56:48.213994 target_network_learning_rate: 0.005
2023-12-09 00:56:48.214010 nb_runs: 5
2023-12-09 00:56:48.214026 ma_type: mix_sum
2023-12-09 00:56:48.214041 policy_type: e_greedy
2023-12-09 00:56:48.214057 noise_std: 0.05
2023-12-09 00:56:48.214074 ========================================Model Configurations========================================
2023-12-09 00:56:48.214095 TD3 Trick:: False
2023-12-09 00:56:48.214115 Entropy Regularization: 0.0
2023-12-09 00:56:48.214131 ======================================Sampling Configurations=======================================
2023-12-09 00:56:48.214146 : q_functions_2agent_2landmarks
2023-12-09 00:56:48.214161 Using quantile sampling during bootstrapping:: False
2023-12-09 00:56:48.214176 Using quantile sampling during evaluation interaction: False
2023-12-09 00:56:48.214191 Using quantile sampling during training interaction:: False
2023-12-09 00:56:48.214207 Sampling Percent: 0.01
2023-12-09 00:56:48.214222 Anneal Sampling Percent: False
2023-12-09 00:56:48.214238 ===============================================Split================================================
2023-12-09 00:56:48.215357 running on CUDA...
2023-12-09 00:57:01.208824 Episodes 0:, 
2023-12-09 00:57:01.208910 Total steps 0/500000, 
2023-12-09 00:57:01.209133 Evaluation Reward: [6.19510052 0.66780349],
2023-12-09 00:57:01.209169 Time: 0.586
2023-12-09 00:58:19.682958 Episodes 200:, 
2023-12-09 00:58:19.683026 Total steps 10000/500000, 
2023-12-09 00:58:19.683284 Evaluation Reward: [ 7.88460274 21.66210598],
2023-12-09 00:58:19.683334 Time: 78.474
2023-12-09 00:59:39.367430 Episodes 400:, 
2023-12-09 00:59:39.367502 Total steps 20000/500000, 
2023-12-09 00:59:39.367721 Evaluation Reward: [30.45236888 38.99846322],
2023-12-09 00:59:39.367758 Time: 79.661
2023-12-09 01:00:59.821512 Episodes 600:, 
2023-12-09 01:00:59.821579 Total steps 30000/500000, 
2023-12-09 01:00:59.821802 Evaluation Reward: [41.35582924 42.70237511],
2023-12-09 01:00:59.821843 Time: 80.437
2023-12-09 01:02:20.213459 Episodes 800:, 
2023-12-09 01:02:20.213535 Total steps 40000/500000, 
2023-12-09 01:02:20.213732 Evaluation Reward: [39.97571893 40.71974542],
2023-12-09 01:02:20.213767 Time: 80.377
2023-12-09 01:03:40.681304 Episodes 1000:, 
2023-12-09 01:03:40.681375 Total steps 50000/500000, 
2023-12-09 01:03:40.681581 Evaluation Reward: [38.87528049 41.61931057],
2023-12-09 01:03:40.681624 Time: 80.45
2023-12-09 01:05:01.011084 Episodes 1200:, 
2023-12-09 01:05:01.011152 Total steps 60000/500000, 
2023-12-09 01:05:01.011376 Evaluation Reward: [41.11521886 41.88512578],
2023-12-09 01:05:01.011420 Time: 80.312
2023-12-09 01:06:22.279656 Episodes 1400:, 
2023-12-09 01:06:22.279723 Total steps 70000/500000, 
2023-12-09 01:06:22.279948 Evaluation Reward: [37.57553008 36.30312081],
2023-12-09 01:06:22.279993 Time: 81.25
2023-12-09 01:07:43.768230 Episodes 1600:, 
2023-12-09 01:07:43.768304 Total steps 80000/500000, 
2023-12-09 01:07:43.768543 Evaluation Reward: [39.32908901 39.09313478],
2023-12-09 01:07:43.768585 Time: 81.471
2023-12-09 01:09:04.210001 Episodes 1800:, 
2023-12-09 01:09:04.210085 Total steps 90000/500000, 
2023-12-09 01:09:04.210301 Evaluation Reward: [41.05525134 42.88144941],
2023-12-09 01:09:04.210338 Time: 80.423
2023-12-09 01:10:25.448716 Episodes 2000:, 
2023-12-09 01:10:25.448782 Total steps 100000/500000, 
2023-12-09 01:10:25.448976 Evaluation Reward: [39.6529209  36.99324455],
2023-12-09 01:10:25.449014 Time: 81.221
2023-12-09 01:11:46.372108 Episodes 2200:, 
2023-12-09 01:11:46.372182 Total steps 110000/500000, 
2023-12-09 01:11:46.372394 Evaluation Reward: [40.30802736 39.36465395],
2023-12-09 01:11:46.372436 Time: 80.906
2023-12-09 01:13:07.831171 Episodes 2400:, 
2023-12-09 01:13:07.831237 Total steps 120000/500000, 
2023-12-09 01:13:07.831439 Evaluation Reward: [40.76553803 41.54144113],
2023-12-09 01:13:07.831477 Time: 81.439
2023-12-09 01:14:29.217399 Episodes 2600:, 
2023-12-09 01:14:29.217473 Total steps 130000/500000, 
2023-12-09 01:14:29.217710 Evaluation Reward: [39.93825721 40.60569094],
2023-12-09 01:14:29.217755 Time: 81.311
2023-12-09 01:15:50.765578 Episodes 2800:, 
2023-12-09 01:15:50.765645 Total steps 140000/500000, 
2023-12-09 01:15:50.765869 Evaluation Reward: [39.61465822 41.11139271],
2023-12-09 01:15:50.765913 Time: 81.526
2023-12-09 01:17:12.283653 Episodes 3000:, 
2023-12-09 01:17:12.283723 Total steps 150000/500000, 
2023-12-09 01:17:12.283952 Evaluation Reward: [42.86540133 40.48403371],
2023-12-09 01:17:12.283994 Time: 81.497
2023-12-09 01:18:34.179930 Episodes 3200:, 
2023-12-09 01:18:34.179999 Total steps 160000/500000, 
2023-12-09 01:18:34.180204 Evaluation Reward: [33.08057338 41.05005068],
2023-12-09 01:18:34.180242 Time: 81.875
2023-12-09 01:19:55.194498 Episodes 3400:, 
2023-12-09 01:19:55.194566 Total steps 170000/500000, 
2023-12-09 01:19:55.194784 Evaluation Reward: [40.88783944 41.32860846],
2023-12-09 01:19:55.194823 Time: 80.993
2023-12-09 01:21:17.611772 Episodes 3600:, 
2023-12-09 01:21:17.611843 Total steps 180000/500000, 
2023-12-09 01:21:17.612067 Evaluation Reward: [39.10525265 40.11466804],
2023-12-09 01:21:17.612108 Time: 82.395
2023-12-09 01:22:38.712547 Episodes 3800:, 
2023-12-09 01:22:38.712614 Total steps 190000/500000, 
2023-12-09 01:22:38.712820 Evaluation Reward: [36.54057885 38.48973477],
2023-12-09 01:22:38.712864 Time: 81.077
2023-12-09 01:24:00.526592 Episodes 4000:, 
2023-12-09 01:24:00.526672 Total steps 200000/500000, 
2023-12-09 01:24:00.526896 Evaluation Reward: [35.11663457 35.83286711],
2023-12-09 01:24:00.526936 Time: 81.788
2023-12-09 01:25:22.160198 Episodes 4200:, 
2023-12-09 01:25:22.160267 Total steps 210000/500000, 
2023-12-09 01:25:22.160472 Evaluation Reward: [38.92447896 37.17912123],
2023-12-09 01:25:22.160509 Time: 81.607
2023-12-09 01:26:43.935769 Episodes 4400:, 
2023-12-09 01:26:43.935835 Total steps 220000/500000, 
2023-12-09 01:26:43.936053 Evaluation Reward: [41.89982385 41.54360513],
2023-12-09 01:26:43.936091 Time: 81.75
2023-12-09 01:28:05.859490 Episodes 4600:, 
2023-12-09 01:28:05.859560 Total steps 230000/500000, 
2023-12-09 01:28:05.859757 Evaluation Reward: [42.05999282 38.79934855],
2023-12-09 01:28:05.859795 Time: 81.898
2023-12-09 01:29:27.108121 Episodes 4800:, 
2023-12-09 01:29:27.108194 Total steps 240000/500000, 
2023-12-09 01:29:27.108414 Evaluation Reward: [42.06031427 40.81838099],
2023-12-09 01:29:27.108453 Time: 81.223
2023-12-09 01:30:48.507675 Episodes 5000:, 
2023-12-09 01:30:48.507762 Total steps 250000/500000, 
2023-12-09 01:30:48.507992 Evaluation Reward: [40.62617992 41.34404904],
2023-12-09 01:30:48.508032 Time: 81.372
2023-12-09 01:32:14.514338 Episodes 5200:, 
2023-12-09 01:32:14.514405 Total steps 260000/500000, 
2023-12-09 01:32:14.514649 Evaluation Reward: [35.5183586 40.9611701],
2023-12-09 01:32:14.514690 Time: 85.979
2023-12-09 01:33:40.772475 Episodes 5400:, 
2023-12-09 01:33:40.772553 Total steps 270000/500000, 
2023-12-09 01:33:40.776737 Evaluation Reward: [39.13156882 38.2367432 ],
2023-12-09 01:33:40.776781 Time: 86.232
2023-12-09 01:35:04.419408 Episodes 5600:, 
2023-12-09 01:35:04.419476 Total steps 280000/500000, 
2023-12-09 01:35:04.419702 Evaluation Reward: [37.95642568 37.41333216],
2023-12-09 01:35:04.419759 Time: 83.612
2023-12-09 01:36:29.488343 Episodes 5800:, 
2023-12-09 01:36:29.488413 Total steps 290000/500000, 
2023-12-09 01:36:29.488618 Evaluation Reward: [39.47534998 38.04137075],
2023-12-09 01:36:29.488661 Time: 85.04
2023-12-09 01:37:51.813722 Episodes 6000:, 
2023-12-09 01:37:51.813807 Total steps 300000/500000, 
2023-12-09 01:37:51.814028 Evaluation Reward: [37.26708615 39.75363396],
2023-12-09 01:37:51.814068 Time: 82.296
2023-12-09 01:39:13.398966 Episodes 6200:, 
2023-12-09 01:39:13.399043 Total steps 310000/500000, 
2023-12-09 01:39:13.399250 Evaluation Reward: [41.28365779 43.78107711],
2023-12-09 01:39:13.399287 Time: 81.553
2023-12-09 01:40:36.068461 Episodes 6400:, 
2023-12-09 01:40:36.068544 Total steps 320000/500000, 
2023-12-09 01:40:36.068752 Evaluation Reward: [38.7102735  37.55653902],
2023-12-09 01:40:36.068790 Time: 82.636
2023-12-09 01:41:58.074271 Episodes 6600:, 
2023-12-09 01:41:58.074335 Total steps 330000/500000, 
2023-12-09 01:41:58.074562 Evaluation Reward: [39.78052576 37.06347295],
2023-12-09 01:41:58.074605 Time: 81.974
2023-12-09 01:43:19.687501 Episodes 6800:, 
2023-12-09 01:43:19.687574 Total steps 340000/500000, 
2023-12-09 01:43:19.687791 Evaluation Reward: [39.27301062 40.43031766],
2023-12-09 01:43:19.687834 Time: 81.581
2023-12-09 01:44:42.489356 Episodes 7000:, 
2023-12-09 01:44:42.489438 Total steps 350000/500000, 
2023-12-09 01:44:42.489639 Evaluation Reward: [40.81761305 40.03262047],
2023-12-09 01:44:42.489678 Time: 82.765
2023-12-09 01:46:05.578586 Episodes 7200:, 
2023-12-09 01:46:05.578662 Total steps 360000/500000, 
2023-12-09 01:46:05.578904 Evaluation Reward: [38.94335936 38.81664222],
2023-12-09 01:46:05.578955 Time: 83.055
2023-12-09 01:47:27.806022 Episodes 7400:, 
2023-12-09 01:47:27.806093 Total steps 370000/500000, 
2023-12-09 01:47:27.806302 Evaluation Reward: [42.64223684 41.72169292],
2023-12-09 01:47:27.806344 Time: 82.192
2023-12-09 01:48:49.464783 Episodes 7600:, 
2023-12-09 01:48:49.464865 Total steps 380000/500000, 
2023-12-09 01:48:49.465075 Evaluation Reward: [40.16021831 40.89623077],
2023-12-09 01:48:49.465114 Time: 81.624
2023-12-09 01:50:12.070090 Episodes 7800:, 
2023-12-09 01:50:12.070162 Total steps 390000/500000, 
2023-12-09 01:50:12.070374 Evaluation Reward: [41.5234996 43.0953648],
2023-12-09 01:50:12.070425 Time: 82.568
2023-12-09 01:51:34.886862 Episodes 8000:, 
2023-12-09 01:51:34.886936 Total steps 400000/500000, 
2023-12-09 01:51:34.887195 Evaluation Reward: [38.72785709 39.28902391],
2023-12-09 01:51:34.887234 Time: 82.782
2023-12-09 01:52:57.966957 Episodes 8200:, 
2023-12-09 01:52:57.967026 Total steps 410000/500000, 
2023-12-09 01:52:57.967236 Evaluation Reward: [42.71970073 41.21588476],
2023-12-09 01:52:57.967275 Time: 83.044
2023-12-09 01:54:20.130536 Episodes 8400:, 
2023-12-09 01:54:20.130617 Total steps 420000/500000, 
2023-12-09 01:54:20.130836 Evaluation Reward: [36.42203165 36.75257727],
2023-12-09 01:54:20.130875 Time: 82.129
2023-12-09 01:55:42.491495 Episodes 8600:, 
2023-12-09 01:55:42.491574 Total steps 430000/500000, 
2023-12-09 01:55:42.491811 Evaluation Reward: [42.05546024 41.94984594],
2023-12-09 01:55:42.491858 Time: 82.324
2023-12-09 01:57:04.636205 Episodes 8800:, 
2023-12-09 01:57:04.636281 Total steps 440000/500000, 
2023-12-09 01:57:04.636494 Evaluation Reward: [36.3370247  42.72176413],
2023-12-09 01:57:04.636530 Time: 82.052
2023-12-09 01:58:24.330161 Episodes 9000:, 
2023-12-09 01:58:24.330229 Total steps 450000/500000, 
2023-12-09 01:58:24.330461 Evaluation Reward: [41.31303984 41.276272  ],
2023-12-09 01:58:24.330507 Time: 79.654
2023-12-09 01:59:45.087236 Episodes 9200:, 
2023-12-09 01:59:45.087303 Total steps 460000/500000, 
2023-12-09 01:59:45.087525 Evaluation Reward: [40.47846073 39.08586485],
2023-12-09 01:59:45.087568 Time: 80.72
2023-12-09 02:01:08.134599 Episodes 9400:, 
2023-12-09 02:01:08.134667 Total steps 470000/500000, 
2023-12-09 02:01:08.134926 Evaluation Reward: [41.87946567 39.94003565],
2023-12-09 02:01:08.134971 Time: 83.011
2023-12-09 02:02:31.289810 Episodes 9600:, 
2023-12-09 02:02:31.289896 Total steps 480000/500000, 
2023-12-09 02:02:31.290168 Evaluation Reward: [39.82613668 38.28371835],
2023-12-09 02:02:31.290217 Time: 83.112
2023-12-09 02:03:52.846919 Episodes 9800:, 
2023-12-09 02:03:52.846994 Total steps 490000/500000, 
2023-12-09 02:03:52.847282 Evaluation Reward: [41.0396542  42.55928401],
2023-12-09 02:03:52.847330 Time: 81.516
2023-12-09 02:05:16.675431 Episodes 9999:, 
2023-12-09 02:05:16.675501 Total steps 499999/500000, 
2023-12-09 02:05:16.675745 Evaluation Reward: [37.91228178 37.41206479],
2023-12-09 02:05:16.675792 Time: 83.776
2023-12-09 02:05:16.727698 ========================================Basic Configurations========================================
2023-12-09 02:05:16.727753 Daemon Filename: /home/Desktop/studies/q_functionals_daemon/results/final/2agent_2landmarks_full_egreedy/mix_sum_run_1-step-update_func-polynomial_rank-2_episode-10000_lr0001_b512_l3_n256_m500000_iter1/timestamp.log
2023-12-09 02:05:16.727774 Training Environment: q_functions_2agent_2landmarks
2023-12-09 02:05:16.727790 Functional: polynomial
2023-12-09 02:05:16.727806 rank: 2
2023-12-09 02:05:16.727822 seed: 2
2023-12-09 02:05:16.727848 learning_rate: 0.001
2023-12-09 02:05:16.727865 target_network_learning_rate: 0.005
2023-12-09 02:05:16.727896 nb_runs: 5
2023-12-09 02:05:16.727912 ma_type: mix_sum
2023-12-09 02:05:16.727928 policy_type: e_greedy
2023-12-09 02:05:16.727944 noise_std: 0.05
2023-12-09 02:05:16.727961 ========================================Model Configurations========================================
2023-12-09 02:05:16.727977 TD3 Trick:: False
2023-12-09 02:05:16.727994 Entropy Regularization: 0.0
2023-12-09 02:05:16.728010 ======================================Sampling Configurations=======================================
2023-12-09 02:05:16.728025 : q_functions_2agent_2landmarks
2023-12-09 02:05:16.728041 Using quantile sampling during bootstrapping:: False
2023-12-09 02:05:16.728057 Using quantile sampling during evaluation interaction: False
2023-12-09 02:05:16.728073 Using quantile sampling during training interaction:: False
2023-12-09 02:05:16.728088 Sampling Percent: 0.01
2023-12-09 02:05:16.728104 Anneal Sampling Percent: False
2023-12-09 02:05:16.728119 ===============================================Split================================================
2023-12-09 02:05:16.728935 running on CUDA...
2023-12-09 02:05:29.813980 Episodes 0:, 
2023-12-09 02:05:29.814057 Total steps 0/500000, 
2023-12-09 02:05:29.814267 Evaluation Reward: [1.27248669e-05 6.02229729e+00],
2023-12-09 02:05:29.814306 Time: 0.599
2023-12-09 02:06:48.674453 Episodes 200:, 
2023-12-09 02:06:48.674521 Total steps 10000/500000, 
2023-12-09 02:06:48.674728 Evaluation Reward: [22.28153742  5.03698004],
2023-12-09 02:06:48.674772 Time: 78.86
2023-12-09 02:08:08.391567 Episodes 400:, 
2023-12-09 02:08:08.391649 Total steps 20000/500000, 
2023-12-09 02:08:08.391850 Evaluation Reward: [35.2713544  33.88436385],
2023-12-09 02:08:08.391896 Time: 79.702
2023-12-09 02:09:29.408376 Episodes 600:, 
2023-12-09 02:09:29.408451 Total steps 30000/500000, 
2023-12-09 02:09:29.408657 Evaluation Reward: [34.70363003 39.26934323],
2023-12-09 02:09:29.408696 Time: 81.0
2023-12-09 02:10:49.012858 Episodes 800:, 
2023-12-09 02:10:49.012926 Total steps 40000/500000, 
2023-12-09 02:10:49.013177 Evaluation Reward: [36.0792936  37.18528062],
2023-12-09 02:10:49.013222 Time: 79.589
2023-12-09 02:12:09.895855 Episodes 1000:, 
2023-12-09 02:12:09.895929 Total steps 50000/500000, 
2023-12-09 02:12:09.896131 Evaluation Reward: [41.37406772 43.00397576],
2023-12-09 02:12:09.896172 Time: 80.862
2023-12-09 02:13:30.133007 Episodes 1200:, 
2023-12-09 02:13:30.133075 Total steps 60000/500000, 
2023-12-09 02:13:30.133278 Evaluation Reward: [31.91624724 39.87894709],
2023-12-09 02:13:30.133320 Time: 80.22
2023-12-09 02:14:51.317152 Episodes 1400:, 
2023-12-09 02:14:51.317224 Total steps 70000/500000, 
2023-12-09 02:14:51.317442 Evaluation Reward: [33.28699856 42.06852315],
2023-12-09 02:14:51.317511 Time: 81.166
2023-12-09 02:16:12.554078 Episodes 1600:, 
2023-12-09 02:16:12.554148 Total steps 80000/500000, 
2023-12-09 02:16:12.554353 Evaluation Reward: [30.71993205 39.43254996],
2023-12-09 02:16:12.554392 Time: 81.219
2023-12-09 02:17:33.783992 Episodes 1800:, 
2023-12-09 02:17:33.784057 Total steps 90000/500000, 
2023-12-09 02:17:33.784253 Evaluation Reward: [42.35685965 39.64921893],
2023-12-09 02:17:33.784290 Time: 81.211
2023-12-09 02:18:55.216207 Episodes 2000:, 
2023-12-09 02:18:55.216282 Total steps 100000/500000, 
2023-12-09 02:18:55.216491 Evaluation Reward: [41.69265011 33.75412769],
2023-12-09 02:18:55.216530 Time: 81.414
2023-12-09 02:20:16.264514 Episodes 2200:, 
2023-12-09 02:20:16.264597 Total steps 110000/500000, 
2023-12-09 02:20:16.264852 Evaluation Reward: [34.87407168 41.17981416],
2023-12-09 02:20:16.264910 Time: 80.97
2023-12-09 02:21:38.371874 Episodes 2400:, 
2023-12-09 02:21:38.371965 Total steps 120000/500000, 
2023-12-09 02:21:38.372161 Evaluation Reward: [42.2413097  36.04352745],
2023-12-09 02:21:38.372198 Time: 82.083
2023-12-09 02:22:59.935244 Episodes 2600:, 
2023-12-09 02:22:59.935318 Total steps 130000/500000, 
2023-12-09 02:22:59.935547 Evaluation Reward: [39.39249185 42.60477652],
2023-12-09 02:22:59.935597 Time: 81.544
2023-12-09 02:24:21.997231 Episodes 2800:, 
2023-12-09 02:24:21.997316 Total steps 140000/500000, 
2023-12-09 02:24:21.997603 Evaluation Reward: [33.55584866 38.28458735],
2023-12-09 02:24:21.997654 Time: 82.042
2023-12-09 02:25:43.048687 Episodes 3000:, 
2023-12-09 02:25:43.048752 Total steps 150000/500000, 
2023-12-09 02:25:43.048952 Evaluation Reward: [40.99727882 39.51174459],
2023-12-09 02:25:43.048993 Time: 81.028
2023-12-09 02:27:05.770673 Episodes 3200:, 
2023-12-09 02:27:05.770742 Total steps 160000/500000, 
2023-12-09 02:27:05.770965 Evaluation Reward: [36.28042403 36.31280736],
2023-12-09 02:27:05.771002 Time: 82.641
2023-12-09 02:28:26.663848 Episodes 3400:, 
2023-12-09 02:28:26.663935 Total steps 170000/500000, 
2023-12-09 02:28:26.664151 Evaluation Reward: [36.07141102 39.40299835],
2023-12-09 02:28:26.664188 Time: 80.871
2023-12-09 02:29:48.296554 Episodes 3600:, 
2023-12-09 02:29:48.296637 Total steps 180000/500000, 
2023-12-09 02:29:48.296848 Evaluation Reward: [39.84905543 34.27358583],
2023-12-09 02:29:48.296897 Time: 81.608
2023-12-09 02:31:09.901162 Episodes 3800:, 
2023-12-09 02:31:09.901229 Total steps 190000/500000, 
2023-12-09 02:31:09.901437 Evaluation Reward: [33.66551127 40.68378601],
2023-12-09 02:31:09.901475 Time: 81.579
2023-12-09 02:32:37.312335 Episodes 4000:, 
2023-12-09 02:32:37.312407 Total steps 200000/500000, 
2023-12-09 02:32:37.312612 Evaluation Reward: [38.6780783  40.23182542],
2023-12-09 02:32:37.312658 Time: 87.384
2023-12-09 02:34:02.779650 Episodes 4200:, 
2023-12-09 02:34:02.779723 Total steps 210000/500000, 
2023-12-09 02:34:02.779983 Evaluation Reward: [39.99362503 40.21590292],
2023-12-09 02:34:02.780023 Time: 85.442
2023-12-09 02:35:26.925311 Episodes 4400:, 
2023-12-09 02:35:26.925379 Total steps 220000/500000, 
2023-12-09 02:35:26.925583 Evaluation Reward: [36.48821329 41.13824746],
2023-12-09 02:35:26.925622 Time: 84.12
2023-12-09 02:36:51.610852 Episodes 4600:, 
2023-12-09 02:36:51.610919 Total steps 230000/500000, 
2023-12-09 02:36:51.611117 Evaluation Reward: [40.77194197 40.70675616],
2023-12-09 02:36:51.611157 Time: 84.659
2023-12-09 02:38:14.261442 Episodes 4800:, 
2023-12-09 02:38:14.261521 Total steps 240000/500000, 
2023-12-09 02:38:14.261736 Evaluation Reward: [36.23382319 37.5790098 ],
2023-12-09 02:38:14.261774 Time: 82.625
2023-12-09 02:39:37.142093 Episodes 5000:, 
2023-12-09 02:39:37.142178 Total steps 250000/500000, 
2023-12-09 02:39:37.142385 Evaluation Reward: [38.60291008 38.28371528],
2023-12-09 02:39:37.142422 Time: 82.797
2023-12-09 02:40:59.436409 Episodes 5200:, 
2023-12-09 02:40:59.436480 Total steps 260000/500000, 
2023-12-09 02:40:59.436678 Evaluation Reward: [38.4111191 41.4162652],
2023-12-09 02:40:59.436720 Time: 82.266
2023-12-09 02:42:23.006072 Episodes 5400:, 
2023-12-09 02:42:23.006139 Total steps 270000/500000, 
2023-12-09 02:42:23.006340 Evaluation Reward: [31.88667862 39.82308942],
2023-12-09 02:42:23.006379 Time: 83.541
2023-12-09 02:43:45.284646 Episodes 5600:, 
2023-12-09 02:43:45.284711 Total steps 280000/500000, 
2023-12-09 02:43:45.284962 Evaluation Reward: [40.58424401 41.79825951],
2023-12-09 02:43:45.285004 Time: 82.244
2023-12-09 02:45:08.050535 Episodes 5800:, 
2023-12-09 02:45:08.050604 Total steps 290000/500000, 
2023-12-09 02:45:08.050826 Evaluation Reward: [40.6368999  39.07477367],
2023-12-09 02:45:08.050864 Time: 82.723
2023-12-09 02:46:30.403339 Episodes 6000:, 
2023-12-09 02:46:30.403410 Total steps 300000/500000, 
2023-12-09 02:46:30.403627 Evaluation Reward: [38.97486408 41.32897854],
2023-12-09 02:46:30.403672 Time: 82.324
2023-12-09 02:47:52.011595 Episodes 6200:, 
2023-12-09 02:47:52.011686 Total steps 310000/500000, 
2023-12-09 02:47:52.011902 Evaluation Reward: [38.05189037 41.265042  ],
2023-12-09 02:47:52.011942 Time: 81.573
2023-12-09 02:49:13.875905 Episodes 6400:, 
2023-12-09 02:49:13.875975 Total steps 320000/500000, 
2023-12-09 02:49:13.876179 Evaluation Reward: [39.7426236  32.74571737],
2023-12-09 02:49:13.876221 Time: 81.835
2023-12-09 02:50:36.406089 Episodes 6600:, 
2023-12-09 02:50:36.406162 Total steps 330000/500000, 
2023-12-09 02:50:36.406368 Evaluation Reward: [41.25440509 37.30769969],
2023-12-09 02:50:36.406408 Time: 82.5
2023-12-09 02:51:58.481710 Episodes 6800:, 
2023-12-09 02:51:58.481778 Total steps 340000/500000, 
2023-12-09 02:51:58.481983 Evaluation Reward: [42.56016575 42.95753645],
2023-12-09 02:51:58.482025 Time: 81.988
2023-12-09 02:53:20.914037 Episodes 7000:, 
2023-12-09 02:53:20.914103 Total steps 350000/500000, 
2023-12-09 02:53:20.914303 Evaluation Reward: [37.50810886 38.54184369],
2023-12-09 02:53:20.914344 Time: 82.398
2023-12-09 02:54:42.614485 Episodes 7200:, 
2023-12-09 02:54:42.614556 Total steps 360000/500000, 
2023-12-09 02:54:42.614758 Evaluation Reward: [37.4934902  39.12207997],
2023-12-09 02:54:42.614797 Time: 81.664
2023-12-09 02:56:04.325099 Episodes 7400:, 
2023-12-09 02:56:04.325196 Total steps 370000/500000, 
2023-12-09 02:56:04.325475 Evaluation Reward: [38.33561639 38.78613379],
2023-12-09 02:56:04.325514 Time: 81.678
2023-12-09 02:57:26.575275 Episodes 7600:, 
2023-12-09 02:57:26.575346 Total steps 380000/500000, 
2023-12-09 02:57:26.575599 Evaluation Reward: [37.88729511 36.91721847],
2023-12-09 02:57:26.575647 Time: 82.217
2023-12-09 02:58:48.962178 Episodes 7800:, 
2023-12-09 02:58:48.962245 Total steps 390000/500000, 
2023-12-09 02:58:48.962444 Evaluation Reward: [35.729146  32.2186224],
2023-12-09 02:58:48.962484 Time: 82.345
2023-12-09 03:00:11.795935 Episodes 8000:, 
2023-12-09 03:00:11.796004 Total steps 400000/500000, 
2023-12-09 03:00:11.796220 Evaluation Reward: [40.65931234 41.63343094],
2023-12-09 03:00:11.796260 Time: 82.801
2023-12-09 03:01:34.148748 Episodes 8200:, 
2023-12-09 03:01:34.148813 Total steps 410000/500000, 
2023-12-09 03:01:34.149015 Evaluation Reward: [35.79438681 40.28843425],
2023-12-09 03:01:34.149052 Time: 82.319
2023-12-09 03:02:57.044594 Episodes 8400:, 
2023-12-09 03:02:57.044667 Total steps 420000/500000, 
2023-12-09 03:02:57.044875 Evaluation Reward: [41.1439709  39.82972312],
2023-12-09 03:02:57.044915 Time: 82.862
2023-12-09 03:04:19.858872 Episodes 8600:, 
2023-12-09 03:04:19.858943 Total steps 430000/500000, 
2023-12-09 03:04:19.859161 Evaluation Reward: [27.68842803 37.42907765],
2023-12-09 03:04:19.859202 Time: 82.778
2023-12-09 03:05:42.570031 Episodes 8800:, 
2023-12-09 03:05:42.570107 Total steps 440000/500000, 
2023-12-09 03:05:42.570306 Evaluation Reward: [39.7994322 42.6733782],
2023-12-09 03:05:42.570346 Time: 82.672
2023-12-09 03:07:05.302528 Episodes 9000:, 
2023-12-09 03:07:05.302599 Total steps 450000/500000, 
2023-12-09 03:07:05.302813 Evaluation Reward: [38.58986283 41.53315309],
2023-12-09 03:07:05.302864 Time: 82.696
2023-12-09 03:08:28.440757 Episodes 9200:, 
2023-12-09 03:08:28.440832 Total steps 460000/500000, 
2023-12-09 03:08:28.441051 Evaluation Reward: [40.68264082 42.35750622],
2023-12-09 03:08:28.441101 Time: 83.098
2023-12-09 03:09:51.403857 Episodes 9400:, 
2023-12-09 03:09:51.403933 Total steps 470000/500000, 
2023-12-09 03:09:51.404128 Evaluation Reward: [37.39366502 39.14536308],
2023-12-09 03:09:51.404165 Time: 82.925
2023-12-09 03:11:13.434824 Episodes 9600:, 
2023-12-09 03:11:13.434904 Total steps 480000/500000, 
2023-12-09 03:11:13.435131 Evaluation Reward: [39.15279429 36.81170339],
2023-12-09 03:11:13.435174 Time: 81.992
2023-12-09 03:12:35.346888 Episodes 9800:, 
2023-12-09 03:12:35.346956 Total steps 490000/500000, 
2023-12-09 03:12:35.347160 Evaluation Reward: [41.78055272 40.28384635],
2023-12-09 03:12:35.347203 Time: 81.874
2023-12-09 03:13:57.523253 Episodes 9999:, 
2023-12-09 03:13:57.523320 Total steps 499999/500000, 
2023-12-09 03:13:57.523561 Evaluation Reward: [36.63408023 39.30845029],
2023-12-09 03:13:57.523603 Time: 82.137
2023-12-09 03:13:57.572017 ========================================Basic Configurations========================================
2023-12-09 03:13:57.572076 Daemon Filename: /home/Desktop/studies/q_functionals_daemon/results/final/2agent_2landmarks_full_egreedy/mix_sum_run_1-step-update_func-polynomial_rank-2_episode-10000_lr0001_b512_l3_n256_m500000_iter1/timestamp.log
2023-12-09 03:13:57.572097 Training Environment: q_functions_2agent_2landmarks
2023-12-09 03:13:57.572112 Functional: polynomial
2023-12-09 03:13:57.572128 rank: 2
2023-12-09 03:13:57.572143 seed: 3
2023-12-09 03:13:57.572163 learning_rate: 0.001
2023-12-09 03:13:57.572179 target_network_learning_rate: 0.005
2023-12-09 03:13:57.572194 nb_runs: 5
2023-12-09 03:13:57.572210 ma_type: mix_sum
2023-12-09 03:13:57.572273 policy_type: e_greedy
2023-12-09 03:13:57.572291 noise_std: 0.05
2023-12-09 03:13:57.572307 ========================================Model Configurations========================================
2023-12-09 03:13:57.572323 TD3 Trick:: False
2023-12-09 03:13:57.572339 Entropy Regularization: 0.0
2023-12-09 03:13:57.572354 ======================================Sampling Configurations=======================================
2023-12-09 03:13:57.572369 : q_functions_2agent_2landmarks
2023-12-09 03:13:57.572385 Using quantile sampling during bootstrapping:: False
2023-12-09 03:13:57.572400 Using quantile sampling during evaluation interaction: False
2023-12-09 03:13:57.572415 Using quantile sampling during training interaction:: False
2023-12-09 03:13:57.572430 Sampling Percent: 0.01
2023-12-09 03:13:57.572445 Anneal Sampling Percent: False
2023-12-09 03:13:57.572460 ===============================================Split================================================
2023-12-09 03:13:57.573236 running on CUDA...
2023-12-09 03:14:10.177764 Episodes 0:, 
2023-12-09 03:14:10.177834 Total steps 0/500000, 
2023-12-09 03:14:10.178056 Evaluation Reward: [1.74414927 3.19578791],
2023-12-09 03:14:10.178095 Time: 0.575
2023-12-09 03:15:28.041176 Episodes 200:, 
2023-12-09 03:15:28.041250 Total steps 10000/500000, 
2023-12-09 03:15:28.041469 Evaluation Reward: [38.83294478 14.28855727],
2023-12-09 03:15:28.041512 Time: 77.863
2023-12-09 03:16:48.009592 Episodes 400:, 
2023-12-09 03:16:48.009663 Total steps 20000/500000, 
2023-12-09 03:16:48.009932 Evaluation Reward: [39.91721698 39.56198967],
2023-12-09 03:16:48.009981 Time: 79.953
2023-12-09 03:18:08.381340 Episodes 600:, 
2023-12-09 03:18:08.381408 Total steps 30000/500000, 
2023-12-09 03:18:08.381625 Evaluation Reward: [40.60994194 39.80122122],
2023-12-09 03:18:08.381668 Time: 80.348
2023-12-09 03:19:29.057574 Episodes 800:, 
2023-12-09 03:19:29.057642 Total steps 40000/500000, 
2023-12-09 03:19:29.057868 Evaluation Reward: [41.26898192 42.81148347],
2023-12-09 03:19:29.057909 Time: 80.661
2023-12-09 03:20:49.053614 Episodes 1000:, 
2023-12-09 03:20:49.053680 Total steps 50000/500000, 
2023-12-09 03:20:49.053911 Evaluation Reward: [41.67406776 42.62304672],
2023-12-09 03:20:49.053960 Time: 79.979
2023-12-09 03:22:09.781871 Episodes 1200:, 
2023-12-09 03:22:09.781940 Total steps 60000/500000, 
2023-12-09 03:22:09.782147 Evaluation Reward: [41.35048608 43.3806458 ],
2023-12-09 03:22:09.782198 Time: 80.709
2023-12-09 03:23:31.308334 Episodes 1400:, 
2023-12-09 03:23:31.308407 Total steps 70000/500000, 
2023-12-09 03:23:31.308614 Evaluation Reward: [41.35797742 41.49423959],
2023-12-09 03:23:31.308655 Time: 81.509
2023-12-09 03:24:52.146476 Episodes 1600:, 
2023-12-09 03:24:52.146544 Total steps 80000/500000, 
2023-12-09 03:24:52.146751 Evaluation Reward: [39.23337198 41.83786412],
2023-12-09 03:24:52.146788 Time: 80.82
2023-12-09 03:26:13.482185 Episodes 1800:, 
2023-12-09 03:26:13.482269 Total steps 90000/500000, 
2023-12-09 03:26:13.482471 Evaluation Reward: [42.39231885 41.4689293 ],
2023-12-09 03:26:13.482513 Time: 81.318
2023-12-09 03:27:34.661624 Episodes 2000:, 
2023-12-09 03:27:34.661689 Total steps 100000/500000, 
2023-12-09 03:27:34.661889 Evaluation Reward: [38.03359232 40.30992379],
2023-12-09 03:27:34.661927 Time: 81.159
2023-12-09 03:28:53.326727 Episodes 2200:, 
2023-12-09 03:28:53.326799 Total steps 110000/500000, 
2023-12-09 03:28:53.326985 Evaluation Reward: [40.99582481 42.91071463],
2023-12-09 03:28:53.327024 Time: 78.646
2023-12-09 03:29:57.936170 Episodes 2400:, 
2023-12-09 03:29:57.936225 Total steps 120000/500000, 
2023-12-09 03:29:57.936396 Evaluation Reward: [30.05684958 40.08774503],
2023-12-09 03:29:57.936429 Time: 64.591
2023-12-09 03:31:01.369574 Episodes 2600:, 
2023-12-09 03:31:01.369631 Total steps 130000/500000, 
2023-12-09 03:31:01.369795 Evaluation Reward: [40.91241978 40.79523871],
2023-12-09 03:31:01.369826 Time: 63.418
2023-12-09 03:32:11.395914 Episodes 2800:, 
2023-12-09 03:32:11.395973 Total steps 140000/500000, 
2023-12-09 03:32:11.396148 Evaluation Reward: [40.43775449 40.74687524],
2023-12-09 03:32:11.396183 Time: 70.01
2023-12-09 03:33:18.029526 Episodes 3000:, 
2023-12-09 03:33:18.029587 Total steps 150000/500000, 
2023-12-09 03:33:18.029778 Evaluation Reward: [42.0114156  41.36352406],
2023-12-09 03:33:18.029819 Time: 66.616
2023-12-09 03:34:24.066515 Episodes 3200:, 
2023-12-09 03:34:24.066576 Total steps 160000/500000, 
2023-12-09 03:34:24.066767 Evaluation Reward: [39.19645491 40.36858487],
2023-12-09 03:34:24.066800 Time: 66.02
2023-12-09 03:35:28.285724 Episodes 3400:, 
2023-12-09 03:35:28.285785 Total steps 170000/500000, 
2023-12-09 03:35:28.285963 Evaluation Reward: [41.50961038 40.72413209],
2023-12-09 03:35:28.285999 Time: 64.202
2023-12-09 03:36:31.549470 Episodes 3600:, 
2023-12-09 03:36:31.549529 Total steps 180000/500000, 
2023-12-09 03:36:31.549696 Evaluation Reward: [40.49990758 40.98242358],
2023-12-09 03:36:31.549726 Time: 63.244
2023-12-09 03:37:34.117785 Episodes 3800:, 
2023-12-09 03:37:34.117842 Total steps 190000/500000, 
2023-12-09 03:37:34.118011 Evaluation Reward: [40.86909351 40.69997833],
2023-12-09 03:37:34.118042 Time: 62.501
2023-12-09 03:38:37.072815 Episodes 4000:, 
2023-12-09 03:38:37.072875 Total steps 200000/500000, 
2023-12-09 03:38:37.073041 Evaluation Reward: [38.06036092 40.05907317],
2023-12-09 03:38:37.073072 Time: 62.934
2023-12-09 03:39:39.947673 Episodes 4200:, 
2023-12-09 03:39:39.947732 Total steps 210000/500000, 
2023-12-09 03:39:39.947912 Evaluation Reward: [39.75284747 44.48306992],
2023-12-09 03:39:39.947946 Time: 62.855
2023-12-09 03:40:44.310873 Episodes 4400:, 
2023-12-09 03:40:44.310930 Total steps 220000/500000, 
2023-12-09 03:40:44.311096 Evaluation Reward: [40.44926191 42.22822698],
2023-12-09 03:40:44.311127 Time: 64.342
2023-12-09 03:41:47.559704 Episodes 4600:, 
2023-12-09 03:41:47.559756 Total steps 230000/500000, 
2023-12-09 03:41:47.559934 Evaluation Reward: [38.89538199 42.12893063],
2023-12-09 03:41:47.559966 Time: 63.227
2023-12-09 03:42:50.449814 Episodes 4800:, 
2023-12-09 03:42:50.449873 Total steps 240000/500000, 
2023-12-09 03:42:50.450046 Evaluation Reward: [42.90257356 42.23707439],
2023-12-09 03:42:50.450082 Time: 62.868
2023-12-09 03:43:53.006220 Episodes 5000:, 
2023-12-09 03:43:53.006277 Total steps 250000/500000, 
2023-12-09 03:43:53.006449 Evaluation Reward: [40.85586696 40.97080804],
2023-12-09 03:43:53.006480 Time: 62.532
2023-12-09 03:44:56.100369 Episodes 5200:, 
2023-12-09 03:44:56.100424 Total steps 260000/500000, 
2023-12-09 03:44:56.100598 Evaluation Reward: [40.82940954 39.30905462],
2023-12-09 03:44:56.100632 Time: 63.071
2023-12-09 03:45:59.568229 Episodes 5400:, 
2023-12-09 03:45:59.568287 Total steps 270000/500000, 
2023-12-09 03:45:59.568457 Evaluation Reward: [37.2534949  43.13965678],
2023-12-09 03:45:59.568490 Time: 63.445
2023-12-09 03:47:02.720299 Episodes 5600:, 
2023-12-09 03:47:02.720355 Total steps 280000/500000, 
2023-12-09 03:47:02.720550 Evaluation Reward: [38.61086036 41.53496564],
2023-12-09 03:47:02.720582 Time: 63.083
2023-12-09 03:48:05.712931 Episodes 5800:, 
2023-12-09 03:48:05.712990 Total steps 290000/500000, 
2023-12-09 03:48:05.713164 Evaluation Reward: [43.72571717 42.07797977],
2023-12-09 03:48:05.713196 Time: 62.968
2023-12-09 03:49:09.572611 Episodes 6000:, 
2023-12-09 03:49:09.572669 Total steps 300000/500000, 
2023-12-09 03:49:09.572843 Evaluation Reward: [43.24631165 41.60268078],
2023-12-09 03:49:09.572877 Time: 63.835
2023-12-09 03:50:13.891737 Episodes 6200:, 
2023-12-09 03:50:13.891794 Total steps 310000/500000, 
2023-12-09 03:50:13.891979 Evaluation Reward: [41.18966789 42.66986774],
2023-12-09 03:50:13.892013 Time: 64.294
2023-12-09 03:51:17.770244 Episodes 6400:, 
2023-12-09 03:51:17.770302 Total steps 320000/500000, 
2023-12-09 03:51:17.770470 Evaluation Reward: [38.45683016 37.07309311],
2023-12-09 03:51:17.770502 Time: 63.854
2023-12-09 03:52:21.626665 Episodes 6600:, 
2023-12-09 03:52:21.626719 Total steps 330000/500000, 
2023-12-09 03:52:21.626892 Evaluation Reward: [39.13400574 42.17439743],
2023-12-09 03:52:21.626926 Time: 63.832
2023-12-09 03:53:25.583375 Episodes 6800:, 
2023-12-09 03:53:25.583432 Total steps 340000/500000, 
2023-12-09 03:53:25.583602 Evaluation Reward: [38.29373707 44.01191158],
2023-12-09 03:53:25.583634 Time: 63.93
2023-12-09 03:54:28.863851 Episodes 7000:, 
2023-12-09 03:54:28.863913 Total steps 350000/500000, 
2023-12-09 03:54:28.864082 Evaluation Reward: [39.15615608 39.66229786],
2023-12-09 03:54:28.864113 Time: 63.255
2023-12-09 03:55:32.549797 Episodes 7200:, 
2023-12-09 03:55:32.549854 Total steps 360000/500000, 
2023-12-09 03:55:32.550027 Evaluation Reward: [40.15976867 39.59277834],
2023-12-09 03:55:32.550060 Time: 63.659
2023-12-09 03:56:36.282012 Episodes 7400:, 
2023-12-09 03:56:36.282067 Total steps 370000/500000, 
2023-12-09 03:56:36.282243 Evaluation Reward: [42.86544519 42.98211843],
2023-12-09 03:56:36.282275 Time: 63.706
2023-12-09 03:57:39.707889 Episodes 7600:, 
2023-12-09 03:57:39.707949 Total steps 380000/500000, 
2023-12-09 03:57:39.708136 Evaluation Reward: [38.73591899 38.86855774],
2023-12-09 03:57:39.708169 Time: 63.399
2023-12-09 03:58:43.433405 Episodes 7800:, 
2023-12-09 03:58:43.433460 Total steps 390000/500000, 
2023-12-09 03:58:43.433634 Evaluation Reward: [37.4211612  40.96239379],
2023-12-09 03:58:43.433668 Time: 63.648
2023-12-09 03:59:47.197143 Episodes 8000:, 
2023-12-09 03:59:47.197195 Total steps 400000/500000, 
2023-12-09 03:59:47.197363 Evaluation Reward: [38.81993023 41.29227391],
2023-12-09 03:59:47.197393 Time: 63.736
2023-12-09 04:00:50.839594 Episodes 8200:, 
2023-12-09 04:00:50.839652 Total steps 410000/500000, 
2023-12-09 04:00:50.839831 Evaluation Reward: [41.18052312 39.58240543],
2023-12-09 04:00:50.839863 Time: 63.615
2023-12-09 04:01:54.511284 Episodes 8400:, 
2023-12-09 04:01:54.511339 Total steps 420000/500000, 
2023-12-09 04:01:54.511509 Evaluation Reward: [42.71656735 44.08044423],
2023-12-09 04:01:54.511540 Time: 63.643
2023-12-09 04:02:58.485101 Episodes 8600:, 
2023-12-09 04:02:58.485162 Total steps 430000/500000, 
2023-12-09 04:02:58.485349 Evaluation Reward: [40.99100252 41.13905478],
2023-12-09 04:02:58.485387 Time: 63.946
2023-12-09 04:04:01.721028 Episodes 8800:, 
2023-12-09 04:04:01.721086 Total steps 440000/500000, 
2023-12-09 04:04:01.721259 Evaluation Reward: [41.89686134 42.31246054],
2023-12-09 04:04:01.721293 Time: 63.194
2023-12-09 04:05:05.313272 Episodes 9000:, 
2023-12-09 04:05:05.313329 Total steps 450000/500000, 
2023-12-09 04:05:05.313514 Evaluation Reward: [41.24037056 41.67640141],
2023-12-09 04:05:05.313550 Time: 63.562
2023-12-09 04:06:09.251136 Episodes 9200:, 
2023-12-09 04:06:09.251195 Total steps 460000/500000, 
2023-12-09 04:06:09.251368 Evaluation Reward: [42.90843986 41.71640146],
2023-12-09 04:06:09.251400 Time: 63.909
2023-12-09 04:07:13.666806 Episodes 9400:, 
2023-12-09 04:07:13.666863 Total steps 470000/500000, 
2023-12-09 04:07:13.667075 Evaluation Reward: [42.78558358 41.83529082],
2023-12-09 04:07:13.667114 Time: 64.385
2023-12-09 04:08:17.160081 Episodes 9600:, 
2023-12-09 04:08:17.160139 Total steps 480000/500000, 
2023-12-09 04:08:17.160308 Evaluation Reward: [35.85382989 42.03293966],
2023-12-09 04:08:17.160340 Time: 63.453
2023-12-09 04:09:20.542509 Episodes 9800:, 
2023-12-09 04:09:20.542567 Total steps 490000/500000, 
2023-12-09 04:09:20.542766 Evaluation Reward: [38.73755052 39.34659372],
2023-12-09 04:09:20.542799 Time: 63.351
2023-12-09 04:10:23.866368 Episodes 9999:, 
2023-12-09 04:10:23.866423 Total steps 499999/500000, 
2023-12-09 04:10:23.866594 Evaluation Reward: [41.01759352 43.31870191],
2023-12-09 04:10:23.866626 Time: 63.293
2023-12-09 04:10:23.905513 ========================================Basic Configurations========================================
2023-12-09 04:10:23.905558 Daemon Filename: /home/Desktop/studies/q_functionals_daemon/results/final/2agent_2landmarks_full_egreedy/mix_sum_run_1-step-update_func-polynomial_rank-2_episode-10000_lr0001_b512_l3_n256_m500000_iter1/timestamp.log
2023-12-09 04:10:23.905579 Training Environment: q_functions_2agent_2landmarks
2023-12-09 04:10:23.905596 Functional: polynomial
2023-12-09 04:10:23.905612 rank: 2
2023-12-09 04:10:23.905625 seed: 4
2023-12-09 04:10:23.905641 learning_rate: 0.001
2023-12-09 04:10:23.905656 target_network_learning_rate: 0.005
2023-12-09 04:10:23.905669 nb_runs: 5
2023-12-09 04:10:23.905681 ma_type: mix_sum
2023-12-09 04:10:23.905694 policy_type: e_greedy
2023-12-09 04:10:23.905706 noise_std: 0.05
2023-12-09 04:10:23.905720 ========================================Model Configurations========================================
2023-12-09 04:10:23.905733 TD3 Trick:: False
2023-12-09 04:10:23.905746 Entropy Regularization: 0.0
2023-12-09 04:10:23.905758 ======================================Sampling Configurations=======================================
2023-12-09 04:10:23.905770 : q_functions_2agent_2landmarks
2023-12-09 04:10:23.905782 Using quantile sampling during bootstrapping:: False
2023-12-09 04:10:23.905795 Using quantile sampling during evaluation interaction: False
2023-12-09 04:10:23.905807 Using quantile sampling during training interaction:: False
2023-12-09 04:10:23.905820 Sampling Percent: 0.01
2023-12-09 04:10:23.905833 Anneal Sampling Percent: False
2023-12-09 04:10:23.905845 ===============================================Split================================================
2023-12-09 04:10:23.906592 running on CUDA...
2023-12-09 04:10:34.345897 Episodes 0:, 
2023-12-09 04:10:34.345954 Total steps 0/500000, 
2023-12-09 04:10:34.346133 Evaluation Reward: [0.45673163 0.09936643],
2023-12-09 04:10:34.346165 Time: 0.476
2023-12-09 04:11:34.930321 Episodes 200:, 
2023-12-09 04:11:34.930384 Total steps 10000/500000, 
2023-12-09 04:11:34.930588 Evaluation Reward: [35.15292104 21.48549177],
2023-12-09 04:11:34.930621 Time: 60.584
2023-12-09 04:12:36.405893 Episodes 400:, 
2023-12-09 04:12:36.405951 Total steps 20000/500000, 
2023-12-09 04:12:36.406119 Evaluation Reward: [39.03225928 39.00127749],
2023-12-09 04:12:36.406152 Time: 61.462
2023-12-09 04:13:38.154418 Episodes 600:, 
2023-12-09 04:13:38.154474 Total steps 30000/500000, 
2023-12-09 04:13:38.154640 Evaluation Reward: [42.42049724 42.97887641],
2023-12-09 04:13:38.154671 Time: 61.736
2023-12-09 04:14:40.683856 Episodes 800:, 
2023-12-09 04:14:40.683927 Total steps 40000/500000, 
2023-12-09 04:14:40.684161 Evaluation Reward: [36.93140654 42.03598582],
2023-12-09 04:14:40.684201 Time: 62.517
2023-12-09 04:15:43.744222 Episodes 1000:, 
2023-12-09 04:15:43.744293 Total steps 50000/500000, 
2023-12-09 04:15:43.744470 Evaluation Reward: [41.90133001 41.39616748],
2023-12-09 04:15:43.744501 Time: 63.044
2023-12-09 04:16:46.640533 Episodes 1200:, 
2023-12-09 04:16:46.640592 Total steps 60000/500000, 
2023-12-09 04:16:46.640763 Evaluation Reward: [40.86860618 42.18515669],
2023-12-09 04:16:46.640795 Time: 62.882
2023-12-09 04:17:49.272979 Episodes 1400:, 
2023-12-09 04:17:49.273036 Total steps 70000/500000, 
2023-12-09 04:17:49.273244 Evaluation Reward: [32.89998622 37.92224373],
2023-12-09 04:17:49.273284 Time: 62.618
2023-12-09 04:18:51.417107 Episodes 1600:, 
2023-12-09 04:18:51.417163 Total steps 80000/500000, 
2023-12-09 04:18:51.417329 Evaluation Reward: [41.0808604  40.45648118],
2023-12-09 04:18:51.417359 Time: 62.122
2023-12-09 04:19:54.716178 Episodes 1800:, 
2023-12-09 04:19:54.716235 Total steps 90000/500000, 
2023-12-09 04:19:54.716407 Evaluation Reward: [41.52026568 41.0973505 ],
2023-12-09 04:19:54.716441 Time: 63.284
2023-12-09 04:20:57.748447 Episodes 2000:, 
2023-12-09 04:20:57.748507 Total steps 100000/500000, 
2023-12-09 04:20:57.748721 Evaluation Reward: [41.65690031 42.38856185],
2023-12-09 04:20:57.748760 Time: 63.017
2023-12-09 04:22:00.934451 Episodes 2200:, 
2023-12-09 04:22:00.934510 Total steps 110000/500000, 
2023-12-09 04:22:00.934700 Evaluation Reward: [41.29749449 38.60946828],
2023-12-09 04:22:00.934735 Time: 63.17
2023-12-09 04:23:03.525603 Episodes 2400:, 
2023-12-09 04:23:03.525661 Total steps 120000/500000, 
2023-12-09 04:23:03.525839 Evaluation Reward: [40.58456819 42.668783  ],
2023-12-09 04:23:03.525875 Time: 62.576
2023-12-09 04:24:06.001732 Episodes 2600:, 
2023-12-09 04:24:06.001788 Total steps 130000/500000, 
2023-12-09 04:24:06.001959 Evaluation Reward: [38.0465119 41.811126 ],
2023-12-09 04:24:06.001991 Time: 62.46
2023-12-09 04:25:09.025548 Episodes 2800:, 
2023-12-09 04:25:09.025605 Total steps 140000/500000, 
2023-12-09 04:25:09.025777 Evaluation Reward: [38.42263926 42.47311953],
2023-12-09 04:25:09.025808 Time: 63.007
2023-12-09 04:26:12.059920 Episodes 3000:, 
2023-12-09 04:26:12.059982 Total steps 150000/500000, 
2023-12-09 04:26:12.060156 Evaluation Reward: [41.12652333 35.70087456],
2023-12-09 04:26:12.060187 Time: 63.016
2023-12-09 04:27:15.151840 Episodes 3200:, 
2023-12-09 04:27:15.151903 Total steps 160000/500000, 
2023-12-09 04:27:15.152093 Evaluation Reward: [37.28302369 36.80576842],
2023-12-09 04:27:15.152126 Time: 63.075
2023-12-09 04:28:18.547443 Episodes 3400:, 
2023-12-09 04:28:18.547497 Total steps 170000/500000, 
2023-12-09 04:28:18.547665 Evaluation Reward: [41.49854537 42.36309875],
2023-12-09 04:28:18.547695 Time: 63.377
2023-12-09 04:29:22.624283 Episodes 3600:, 
2023-12-09 04:29:22.624342 Total steps 180000/500000, 
2023-12-09 04:29:22.624524 Evaluation Reward: [43.28005105 40.59293559],
2023-12-09 04:29:22.624558 Time: 64.058
2023-12-09 04:30:25.466734 Episodes 3800:, 
2023-12-09 04:30:25.466803 Total steps 190000/500000, 
2023-12-09 04:30:25.467002 Evaluation Reward: [40.95795136 44.16564849],
2023-12-09 04:30:25.467038 Time: 62.823
2023-12-09 04:31:31.260258 Episodes 4000:, 
2023-12-09 04:31:31.260319 Total steps 200000/500000, 
2023-12-09 04:31:31.260507 Evaluation Reward: [38.45538701 39.80391248],
2023-12-09 04:31:31.260541 Time: 65.774
2023-12-09 04:32:38.476392 Episodes 4200:, 
2023-12-09 04:32:38.476458 Total steps 210000/500000, 
2023-12-09 04:32:38.476636 Evaluation Reward: [43.44606674 41.40090162],
2023-12-09 04:32:38.476668 Time: 67.192
2023-12-09 04:33:44.266947 Episodes 4400:, 
2023-12-09 04:33:44.267002 Total steps 220000/500000, 
2023-12-09 04:33:44.267170 Evaluation Reward: [41.87330545 39.37596478],
2023-12-09 04:33:44.267201 Time: 65.72
2023-12-09 04:34:49.644868 Episodes 4600:, 
2023-12-09 04:34:49.644927 Total steps 230000/500000, 
2023-12-09 04:34:49.645100 Evaluation Reward: [40.79204594 34.70092407],
2023-12-09 04:34:49.645132 Time: 65.355
2023-12-09 04:35:53.060139 Episodes 4800:, 
2023-12-09 04:35:53.060197 Total steps 240000/500000, 
2023-12-09 04:35:53.060378 Evaluation Reward: [41.00031461 39.86915632],
2023-12-09 04:35:53.060410 Time: 63.39
2023-12-09 04:36:56.217294 Episodes 5000:, 
2023-12-09 04:36:56.217356 Total steps 250000/500000, 
2023-12-09 04:36:56.217550 Evaluation Reward: [37.87548484 38.38978251],
2023-12-09 04:36:56.217592 Time: 63.135
2023-12-09 04:37:59.273215 Episodes 5200:, 
2023-12-09 04:37:59.273277 Total steps 260000/500000, 
2023-12-09 04:37:59.273473 Evaluation Reward: [41.39923261 40.20653008],
2023-12-09 04:37:59.273516 Time: 63.033
2023-12-09 04:39:02.939629 Episodes 5400:, 
2023-12-09 04:39:02.939686 Total steps 270000/500000, 
2023-12-09 04:39:02.939904 Evaluation Reward: [42.83263487 37.23351582],
2023-12-09 04:39:02.939944 Time: 63.643
2023-12-09 04:40:06.462322 Episodes 5600:, 
2023-12-09 04:40:06.462374 Total steps 280000/500000, 
2023-12-09 04:40:06.462538 Evaluation Reward: [44.21688196 39.86460378],
2023-12-09 04:40:06.462569 Time: 63.492
2023-12-09 04:41:09.852243 Episodes 5800:, 
2023-12-09 04:41:09.852301 Total steps 290000/500000, 
2023-12-09 04:41:09.852488 Evaluation Reward: [37.60724307 38.98750388],
2023-12-09 04:41:09.852520 Time: 63.367
2023-12-09 04:42:13.753328 Episodes 6000:, 
2023-12-09 04:42:13.753385 Total steps 300000/500000, 
2023-12-09 04:42:13.753558 Evaluation Reward: [44.27731517 42.58070558],
2023-12-09 04:42:13.753591 Time: 63.878
2023-12-09 04:43:17.152844 Episodes 6200:, 
2023-12-09 04:43:17.152902 Total steps 310000/500000, 
2023-12-09 04:43:17.153073 Evaluation Reward: [41.65293725 41.04017488],
2023-12-09 04:43:17.153105 Time: 63.376
2023-12-09 04:44:20.484144 Episodes 6400:, 
2023-12-09 04:44:20.484202 Total steps 320000/500000, 
2023-12-09 04:44:20.484377 Evaluation Reward: [42.49484578 41.6489413 ],
2023-12-09 04:44:20.484409 Time: 63.3
2023-12-09 04:45:23.850790 Episodes 6600:, 
2023-12-09 04:45:23.850846 Total steps 330000/500000, 
2023-12-09 04:45:23.851011 Evaluation Reward: [40.59392875 37.72698233],
2023-12-09 04:45:23.851042 Time: 63.342
2023-12-09 04:46:27.033269 Episodes 6800:, 
2023-12-09 04:46:27.033322 Total steps 340000/500000, 
2023-12-09 04:46:27.033488 Evaluation Reward: [41.08578271 41.1911436 ],
2023-12-09 04:46:27.033518 Time: 63.157
2023-12-09 04:47:30.685471 Episodes 7000:, 
2023-12-09 04:47:30.685526 Total steps 350000/500000, 
2023-12-09 04:47:30.685695 Evaluation Reward: [40.82208405 37.9428886 ],
2023-12-09 04:47:30.685726 Time: 63.627
2023-12-09 04:48:33.996951 Episodes 7200:, 
2023-12-09 04:48:33.997006 Total steps 360000/500000, 
2023-12-09 04:48:33.997179 Evaluation Reward: [40.88448445 34.46809405],
2023-12-09 04:48:33.997211 Time: 63.284
2023-12-09 04:49:37.099033 Episodes 7400:, 
2023-12-09 04:49:37.099089 Total steps 370000/500000, 
2023-12-09 04:49:37.099261 Evaluation Reward: [42.48351091 41.45015391],
2023-12-09 04:49:37.099293 Time: 63.076
2023-12-09 04:50:40.925111 Episodes 7600:, 
2023-12-09 04:50:40.925170 Total steps 380000/500000, 
2023-12-09 04:50:40.925350 Evaluation Reward: [43.555396   42.18167811],
2023-12-09 04:50:40.925391 Time: 63.799
2023-12-09 04:51:44.794252 Episodes 7800:, 
2023-12-09 04:51:44.794306 Total steps 390000/500000, 
2023-12-09 04:51:44.794481 Evaluation Reward: [42.6754303  39.77981489],
2023-12-09 04:51:44.794513 Time: 63.841
2023-12-09 04:52:48.905033 Episodes 8000:, 
2023-12-09 04:52:48.905087 Total steps 400000/500000, 
2023-12-09 04:52:48.905270 Evaluation Reward: [41.64404811 38.78524044],
2023-12-09 04:52:48.905306 Time: 64.082
2023-12-09 04:53:52.333197 Episodes 8200:, 
2023-12-09 04:53:52.333254 Total steps 410000/500000, 
2023-12-09 04:53:52.333423 Evaluation Reward: [41.00247982 41.2230764 ],
2023-12-09 04:53:52.333454 Time: 63.4
2023-12-09 04:54:55.716910 Episodes 8400:, 
2023-12-09 04:54:55.716968 Total steps 420000/500000, 
2023-12-09 04:54:55.717137 Evaluation Reward: [35.86191542 34.89091649],
2023-12-09 04:54:55.717169 Time: 63.356
2023-12-09 04:55:59.451024 Episodes 8600:, 
2023-12-09 04:55:59.451087 Total steps 430000/500000, 
2023-12-09 04:55:59.451268 Evaluation Reward: [42.96246611 39.7914232 ],
2023-12-09 04:55:59.451308 Time: 63.705
2023-12-09 04:57:03.293911 Episodes 8800:, 
2023-12-09 04:57:03.293964 Total steps 440000/500000, 
2023-12-09 04:57:03.294132 Evaluation Reward: [43.04568799 39.68151535],
2023-12-09 04:57:03.294164 Time: 63.814
2023-12-09 04:58:07.587996 Episodes 9000:, 
2023-12-09 04:58:07.588048 Total steps 450000/500000, 
2023-12-09 04:58:07.588216 Evaluation Reward: [39.11600909 42.16459515],
2023-12-09 04:58:07.588248 Time: 64.265
2023-12-09 04:59:11.058208 Episodes 9200:, 
2023-12-09 04:59:11.058266 Total steps 460000/500000, 
2023-12-09 04:59:11.058453 Evaluation Reward: [42.55961457 41.73990968],
2023-12-09 04:59:11.058485 Time: 63.44
2023-12-09 05:00:15.339282 Episodes 9400:, 
2023-12-09 05:00:15.339337 Total steps 470000/500000, 
2023-12-09 05:00:15.339510 Evaluation Reward: [42.49803329 43.62494355],
2023-12-09 05:00:15.339541 Time: 64.251
2023-12-09 05:01:19.234698 Episodes 9600:, 
2023-12-09 05:01:19.234758 Total steps 480000/500000, 
2023-12-09 05:01:19.234941 Evaluation Reward: [41.10067446 42.59699727],
2023-12-09 05:01:19.234976 Time: 63.865
2023-12-09 05:02:23.401559 Episodes 9800:, 
2023-12-09 05:02:23.401613 Total steps 490000/500000, 
2023-12-09 05:02:23.401789 Evaluation Reward: [40.34835823 38.46105273],
2023-12-09 05:02:23.401824 Time: 64.133
2023-12-09 05:03:27.641511 Episodes 9999:, 
2023-12-09 05:03:27.641567 Total steps 499999/500000, 
2023-12-09 05:03:27.641738 Evaluation Reward: [41.62084906 40.84535589],
2023-12-09 05:03:27.641773 Time: 64.16
