2023-12-11 06:23:26.645518 ========================================Basic Configurations========================================
2023-12-11 06:23:26.645643 Daemon Filename: /home/Desktop/studies/q_functionals_daemon/results/final/5agent_5landmarks_fixed_full_egreedy/ind_run_1-step-update_func-polynomial_rank-2_episode-10000_lr0001_b512_l3_n256_m500000_iter1/timestamp.log
2023-12-11 06:23:26.645680 Training Environment: q_functions_5agent_5landmarks_fixed
2023-12-11 06:23:26.645699 Functional: polynomial
2023-12-11 06:23:26.645716 rank: 2
2023-12-11 06:23:26.645732 seed: 0
2023-12-11 06:23:26.645765 learning_rate: 0.001
2023-12-11 06:23:26.645796 target_network_learning_rate: 0.005
2023-12-11 06:23:26.645827 nb_runs: 5
2023-12-11 06:23:26.645856 ma_type: ind
2023-12-11 06:23:26.645885 policy_type: e_greedy
2023-12-11 06:23:26.645913 noise_std: 0.05
2023-12-11 06:23:26.645945 ========================================Model Configurations========================================
2023-12-11 06:23:26.645975 TD3 Trick:: False
2023-12-11 06:23:26.645995 Entropy Regularization: 0.0
2023-12-11 06:23:26.646023 ======================================Sampling Configurations=======================================
2023-12-11 06:23:26.646044 : q_functions_5agent_5landmarks_fixed
2023-12-11 06:23:26.646061 Using quantile sampling during bootstrapping:: False
2023-12-11 06:23:26.646076 Using quantile sampling during evaluation interaction: False
2023-12-11 06:23:26.646091 Using quantile sampling during training interaction:: False
2023-12-11 06:23:26.646107 Sampling Percent: 0.01
2023-12-11 06:23:26.646122 Anneal Sampling Percent: False
2023-12-11 06:23:26.646137 ===============================================Split================================================
2023-12-11 06:23:26.647541 running on CUDA...
2023-12-11 06:24:09.340796 Episodes 0:, 
2023-12-11 06:24:09.340871 Total steps 0/500000, 
2023-12-11 06:24:09.341118 Evaluation Reward: [1.10744572 0.19064763 0.53313885 0.98619334 0.69683218],
2023-12-11 06:24:09.341165 Time: 2.054
2023-12-11 06:28:24.077792 Episodes 200:, 
2023-12-11 06:28:24.077879 Total steps 10000/500000, 
2023-12-11 06:28:24.078136 Evaluation Reward: [30.13888379 38.04464447  3.55266039 37.16262006 38.73986601],
2023-12-11 06:28:24.078187 Time: 254.736
2023-12-11 06:32:42.929924 Episodes 400:, 
2023-12-11 06:32:42.930004 Total steps 20000/500000, 
2023-12-11 06:32:42.930262 Evaluation Reward: [39.71828204 36.38433369 41.85192463 43.03917328 40.61920876],
2023-12-11 06:32:42.930306 Time: 258.824
2023-12-11 06:37:07.792276 Episodes 600:, 
2023-12-11 06:37:07.792374 Total steps 30000/500000, 
2023-12-11 06:37:07.792642 Evaluation Reward: [39.02181826 38.83759241 38.22762274 39.67345699 39.57868087],
2023-12-11 06:37:07.792686 Time: 264.833
2023-12-11 06:41:41.918131 Episodes 800:, 
2023-12-11 06:41:41.918216 Total steps 40000/500000, 
2023-12-11 06:41:41.918533 Evaluation Reward: [31.27008446 37.42292454 39.01454523 38.67609519 42.27219034],
2023-12-11 06:41:41.918589 Time: 274.096
2023-12-11 06:46:14.845408 Episodes 1000:, 
2023-12-11 06:46:14.845489 Total steps 50000/500000, 
2023-12-11 06:46:14.845742 Evaluation Reward: [39.85955666 38.55999618 37.27849327 39.80974609 34.57462428],
2023-12-11 06:46:14.845787 Time: 272.894
2023-12-11 06:50:36.758959 Episodes 1200:, 
2023-12-11 06:50:36.765311 Total steps 60000/500000, 
2023-12-11 06:50:36.765621 Evaluation Reward: [42.46009599 36.91432193 32.05745556 37.0810384  36.81147367],
2023-12-11 06:50:36.765673 Time: 261.889
2023-12-11 06:55:03.795935 Episodes 1400:, 
2023-12-11 06:55:03.796026 Total steps 70000/500000, 
2023-12-11 06:55:03.800296 Evaluation Reward: [40.25166746 34.42313927 38.39259367 36.04347188 37.31222252],
2023-12-11 06:55:03.800356 Time: 267.001
2023-12-11 06:59:26.196547 Episodes 1600:, 
2023-12-11 06:59:26.196626 Total steps 80000/500000, 
2023-12-11 06:59:26.196897 Evaluation Reward: [41.15972564 19.80607515 33.07491424 36.04055742 34.4610322 ],
2023-12-11 06:59:26.196944 Time: 262.361
2023-12-11 07:03:51.308784 Episodes 1800:, 
2023-12-11 07:03:51.308869 Total steps 90000/500000, 
2023-12-11 07:03:51.309210 Evaluation Reward: [32.40106758 28.82662475 34.55461919 29.05331227 30.19608034],
2023-12-11 07:03:51.309266 Time: 265.079
2023-12-11 07:08:15.519037 Episodes 2000:, 
2023-12-11 07:08:15.519122 Total steps 100000/500000, 
2023-12-11 07:08:15.519377 Evaluation Reward: [42.00409797 13.12965957 37.76314368 36.19602009 39.81018186],
2023-12-11 07:08:15.519425 Time: 264.096
2023-12-11 07:12:40.714395 Episodes 2200:, 
2023-12-11 07:12:40.720794 Total steps 110000/500000, 
2023-12-11 07:12:40.721101 Evaluation Reward: [37.03533791 27.58273191 42.19282235 38.94799248 39.80149974],
2023-12-11 07:12:40.721145 Time: 265.161
2023-12-11 07:17:05.194689 Episodes 2400:, 
2023-12-11 07:17:05.201128 Total steps 120000/500000, 
2023-12-11 07:17:05.201456 Evaluation Reward: [38.7969148  30.35033115 39.17891498 36.59833647 34.01766311],
2023-12-11 07:17:05.201501 Time: 264.447
2023-12-11 07:21:34.233088 Episodes 2600:, 
2023-12-11 07:21:34.239422 Total steps 130000/500000, 
2023-12-11 07:21:34.239733 Evaluation Reward: [37.86370785 36.81862936 41.33167143 41.31160582 39.99698174],
2023-12-11 07:21:34.239780 Time: 268.995
2023-12-11 07:26:02.029434 Episodes 2800:, 
2023-12-11 07:26:02.029754 Total steps 140000/500000, 
2023-12-11 07:26:02.030237 Evaluation Reward: [38.07006789 42.50527723 39.2678647  35.35787736 40.91306979],
2023-12-11 07:26:02.030290 Time: 267.754
2023-12-11 07:30:31.171769 Episodes 3000:, 
2023-12-11 07:30:31.171926 Total steps 150000/500000, 
2023-12-11 07:30:31.172214 Evaluation Reward: [35.73182456 42.70712386 40.01458018 38.04584192 31.61715124],
2023-12-11 07:30:31.172265 Time: 269.103
2023-12-11 07:34:59.330655 Episodes 3200:, 
2023-12-11 07:34:59.330739 Total steps 160000/500000, 
2023-12-11 07:34:59.330990 Evaluation Reward: [38.84382531 40.91255516 40.41326023 37.49791234 43.29895186],
2023-12-11 07:34:59.331034 Time: 268.116
2023-12-11 07:39:29.591270 Episodes 3400:, 
2023-12-11 07:39:29.591375 Total steps 170000/500000, 
2023-12-11 07:39:29.591645 Evaluation Reward: [40.36628109 42.04936517 36.54380412 29.34955006 39.25470205],
2023-12-11 07:39:29.591690 Time: 270.221
2023-12-11 07:44:09.416714 Episodes 3600:, 
2023-12-11 07:44:09.416807 Total steps 180000/500000, 
2023-12-11 07:44:09.417070 Evaluation Reward: [42.4758651  43.24296126 42.37754789 33.22595375 41.46246049],
2023-12-11 07:44:09.417116 Time: 279.782
2023-12-11 07:48:33.011174 Episodes 3800:, 
2023-12-11 07:48:33.011261 Total steps 190000/500000, 
2023-12-11 07:48:33.011582 Evaluation Reward: [41.96384195 43.54812027 34.55350779 41.49971693 39.77272201],
2023-12-11 07:48:33.011634 Time: 263.553
2023-12-11 07:53:02.337264 Episodes 4000:, 
2023-12-11 07:53:02.337349 Total steps 200000/500000, 
2023-12-11 07:53:02.337624 Evaluation Reward: [38.46998225 40.02459895 37.84766867 33.06868006 40.66303016],
2023-12-11 07:53:02.337670 Time: 269.271
2023-12-11 07:57:26.683000 Episodes 4200:, 
2023-12-11 07:57:26.683079 Total steps 210000/500000, 
2023-12-11 07:57:26.683339 Evaluation Reward: [41.72949752 40.23427136 33.80217222 38.14036618 41.148356  ],
2023-12-11 07:57:26.683386 Time: 264.304
2023-12-11 08:01:53.089958 Episodes 4400:, 
2023-12-11 08:01:53.090046 Total steps 220000/500000, 
2023-12-11 08:01:53.090293 Evaluation Reward: [40.81038329 42.56119586 41.93916169 42.69406503 39.68574217],
2023-12-11 08:01:53.090340 Time: 266.365
2023-12-11 08:06:19.040897 Episodes 4600:, 
2023-12-11 08:06:19.047335 Total steps 230000/500000, 
2023-12-11 08:06:19.047761 Evaluation Reward: [41.5761698  43.38534852 43.44264011 41.52824891 41.35549164],
2023-12-11 08:06:19.047807 Time: 265.913
2023-12-11 08:10:48.153226 Episodes 4800:, 
2023-12-11 08:10:48.153319 Total steps 240000/500000, 
2023-12-11 08:10:48.153564 Evaluation Reward: [36.20548994 41.2357988  41.1228984  42.23834837 42.83497413],
2023-12-11 08:10:48.153617 Time: 269.063
2023-12-11 08:15:13.690173 Episodes 5000:, 
2023-12-11 08:15:13.690258 Total steps 250000/500000, 
2023-12-11 08:15:13.690515 Evaluation Reward: [35.28262857 42.00800682 43.48424378 35.96623814 43.57897704],
2023-12-11 08:15:13.690587 Time: 265.495
2023-12-11 08:19:39.558515 Episodes 5200:, 
2023-12-11 08:19:39.558597 Total steps 260000/500000, 
2023-12-11 08:19:39.558831 Evaluation Reward: [36.36218831 42.64933603 39.67090392 39.34455401 41.58617779],
2023-12-11 08:19:39.558877 Time: 265.818
2023-12-11 08:24:07.523688 Episodes 5400:, 
2023-12-11 08:24:07.530416 Total steps 270000/500000, 
2023-12-11 08:24:07.530755 Evaluation Reward: [42.02016102 42.41903601 42.19785233 41.90009419 42.71464241],
2023-12-11 08:24:07.530802 Time: 267.931
2023-12-11 08:28:31.691530 Episodes 5600:, 
2023-12-11 08:28:31.691663 Total steps 280000/500000, 
2023-12-11 08:28:31.691983 Evaluation Reward: [39.50865554 40.32725571 40.54904576 41.75449522 40.37506069],
2023-12-11 08:28:31.692032 Time: 264.113
2023-12-11 08:33:00.147379 Episodes 5800:, 
2023-12-11 08:33:00.147841 Total steps 290000/500000, 
2023-12-11 08:33:00.148159 Evaluation Reward: [39.55504323 40.39690248 42.31250851 40.34061313 41.68636334],
2023-12-11 08:33:00.148205 Time: 268.412
2023-12-11 08:38:56.885959 Episodes 6000:, 
2023-12-11 08:38:56.886173 Total steps 300000/500000, 
2023-12-11 08:38:56.886477 Evaluation Reward: [37.99571893 44.29886483 43.32951559 40.15894747 41.400199  ],
2023-12-11 08:38:56.886523 Time: 356.692
2023-12-11 08:43:37.168542 Episodes 6200:, 
2023-12-11 08:43:37.168623 Total steps 310000/500000, 
2023-12-11 08:43:37.168919 Evaluation Reward: [44.71672506 41.62391884 41.52158603 43.34849869 42.81411979],
2023-12-11 08:43:37.168969 Time: 280.231
2023-12-11 08:48:11.325554 Episodes 6400:, 
2023-12-11 08:48:11.325663 Total steps 320000/500000, 
2023-12-11 08:48:11.326020 Evaluation Reward: [42.42413419 41.73079887 41.64039545 36.83978387 39.61734459],
2023-12-11 08:48:11.326075 Time: 274.108
2023-12-11 08:52:39.004378 Episodes 6600:, 
2023-12-11 08:52:39.004468 Total steps 330000/500000, 
2023-12-11 08:52:39.004806 Evaluation Reward: [40.22505295 39.37088703 38.67718074 39.34340302 41.91056435],
2023-12-11 08:52:39.004857 Time: 267.618
2023-12-11 08:57:09.525342 Episodes 6800:, 
2023-12-11 08:57:09.525434 Total steps 340000/500000, 
2023-12-11 08:57:09.525723 Evaluation Reward: [40.58273335 44.78497666 38.60919805 40.62107672 40.88046334],
2023-12-11 08:57:09.525772 Time: 270.467
2023-12-11 09:01:36.677859 Episodes 7000:, 
2023-12-11 09:01:36.677952 Total steps 350000/500000, 
2023-12-11 09:01:36.678201 Evaluation Reward: [37.83259692 42.6362026  41.78892126 41.14426141 40.32331314],
2023-12-11 09:01:36.678248 Time: 267.102
2023-12-11 09:06:03.844976 Episodes 7200:, 
2023-12-11 09:06:03.845072 Total steps 360000/500000, 
2023-12-11 09:06:03.845355 Evaluation Reward: [41.67346321 39.84395834 38.71302494 41.90490509 42.29413786],
2023-12-11 09:06:03.845406 Time: 267.116
2023-12-11 09:10:30.116236 Episodes 7400:, 
2023-12-11 09:10:30.122569 Total steps 370000/500000, 
2023-12-11 09:10:30.122947 Evaluation Reward: [41.39783519 41.00958887 37.35517665 41.82666731 40.12164594],
2023-12-11 09:10:30.123000 Time: 266.23
2023-12-11 09:14:54.101697 Episodes 7600:, 
2023-12-11 09:14:54.101791 Total steps 380000/500000, 
2023-12-11 09:14:54.102169 Evaluation Reward: [40.37126139 42.6022042  41.39315992 41.05183597 41.35191207],
2023-12-11 09:14:54.102223 Time: 263.923
2023-12-11 09:19:21.433409 Episodes 7800:, 
2023-12-11 09:19:21.433486 Total steps 390000/500000, 
2023-12-11 09:19:21.433746 Evaluation Reward: [40.66151003 40.77427389 42.43546183 41.17565987 42.46515522],
2023-12-11 09:19:21.433795 Time: 267.27
2023-12-11 09:23:47.892994 Episodes 8000:, 
2023-12-11 09:23:47.899416 Total steps 400000/500000, 
2023-12-11 09:23:47.899770 Evaluation Reward: [41.91628571 41.63048259 40.5979319  39.74034408 39.7944135 ],
2023-12-11 09:23:47.899815 Time: 266.403
2023-12-11 09:28:10.617702 Episodes 8200:, 
2023-12-11 09:28:10.618897 Total steps 410000/500000, 
2023-12-11 09:28:10.619371 Evaluation Reward: [42.23609271 42.80655627 41.48210944 40.58120163 42.69288039],
2023-12-11 09:28:10.619431 Time: 262.666
2023-12-11 09:33:50.558256 Episodes 8400:, 
2023-12-11 09:33:50.558411 Total steps 420000/500000, 
2023-12-11 09:33:50.558676 Evaluation Reward: [40.65188121 41.64443334 40.60058239 39.18065784 41.73966108],
2023-12-11 09:33:50.558739 Time: 339.884
2023-12-11 09:38:18.336363 Episodes 8600:, 
2023-12-11 09:38:18.336469 Total steps 430000/500000, 
2023-12-11 09:38:18.336835 Evaluation Reward: [40.52853482 43.52096816 41.94228629 41.35419626 41.75930155],
2023-12-11 09:38:18.336894 Time: 267.716
2023-12-11 09:42:59.072753 Episodes 8800:, 
2023-12-11 09:42:59.072841 Total steps 440000/500000, 
2023-12-11 09:42:59.073131 Evaluation Reward: [39.70914941 42.97057914 40.5329835  41.20981507 40.92049215],
2023-12-11 09:42:59.073177 Time: 280.655
2023-12-11 09:47:36.941293 Episodes 9000:, 
2023-12-11 09:47:36.941384 Total steps 450000/500000, 
2023-12-11 09:47:36.941628 Evaluation Reward: [41.05016352 41.52272018 38.83847875 40.45602665 41.67295269],
2023-12-11 09:47:36.941675 Time: 277.805
2023-12-11 09:52:03.111201 Episodes 9200:, 
2023-12-11 09:52:03.111293 Total steps 460000/500000, 
2023-12-11 09:52:03.111575 Evaluation Reward: [42.31054787 43.14991294 41.98636329 42.67603089 44.17321452],
2023-12-11 09:52:03.111638 Time: 266.109
2023-12-11 09:56:29.286462 Episodes 9400:, 
2023-12-11 09:56:29.292873 Total steps 470000/500000, 
2023-12-11 09:56:29.293237 Evaluation Reward: [41.61153802 43.17801808 42.83274774 41.36217947 42.58486366],
2023-12-11 09:56:29.293285 Time: 266.114
2023-12-11 10:00:57.566799 Episodes 9600:, 
2023-12-11 10:00:57.573555 Total steps 480000/500000, 
2023-12-11 10:00:57.574018 Evaluation Reward: [42.9449852  43.00667248 41.84140777 41.80039847 42.9782806 ],
2023-12-11 10:00:57.574070 Time: 268.148
2023-12-11 10:05:27.593943 Episodes 9800:, 
2023-12-11 10:05:27.594022 Total steps 490000/500000, 
2023-12-11 10:05:27.594416 Evaluation Reward: [41.86908055 42.77173741 41.75295857 41.63456512 43.23412787],
2023-12-11 10:05:27.594472 Time: 269.963
2023-12-11 10:09:56.596855 Episodes 9999:, 
2023-12-11 10:09:56.597076 Total steps 499999/500000, 
2023-12-11 10:09:56.597329 Evaluation Reward: [42.69247989 42.14737711 39.99110032 39.95775    42.51281165],
2023-12-11 10:09:56.597371 Time: 268.94
2023-12-11 10:09:56.676513 ========================================Basic Configurations========================================
2023-12-11 10:09:56.676579 Daemon Filename: /home/Desktop/studies/q_functionals_daemon/results/final/5agent_5landmarks_fixed_full_egreedy/ind_run_1-step-update_func-polynomial_rank-2_episode-10000_lr0001_b512_l3_n256_m500000_iter1/timestamp.log
2023-12-11 10:09:56.676602 Training Environment: q_functions_5agent_5landmarks_fixed
2023-12-11 10:09:56.676621 Functional: polynomial
2023-12-11 10:09:56.676640 rank: 2
2023-12-11 10:09:56.676658 seed: 1
2023-12-11 10:09:56.676692 learning_rate: 0.001
2023-12-11 10:09:56.676713 target_network_learning_rate: 0.005
2023-12-11 10:09:56.676732 nb_runs: 5
2023-12-11 10:09:56.676750 ma_type: ind
2023-12-11 10:09:56.676768 policy_type: e_greedy
2023-12-11 10:09:56.676788 noise_std: 0.05
2023-12-11 10:09:56.676808 ========================================Model Configurations========================================
2023-12-11 10:09:56.676828 TD3 Trick:: False
2023-12-11 10:09:56.676846 Entropy Regularization: 0.0
2023-12-11 10:09:56.676866 ======================================Sampling Configurations=======================================
2023-12-11 10:09:56.676884 : q_functions_5agent_5landmarks_fixed
2023-12-11 10:09:56.676902 Using quantile sampling during bootstrapping:: False
2023-12-11 10:09:56.676920 Using quantile sampling during evaluation interaction: False
2023-12-11 10:09:56.676938 Using quantile sampling during training interaction:: False
2023-12-11 10:09:56.676957 Sampling Percent: 0.01
2023-12-11 10:09:56.676975 Anneal Sampling Percent: False
2023-12-11 10:09:56.676993 ===============================================Split================================================
2023-12-11 10:09:56.679800 running on CUDA...
2023-12-11 10:10:39.501175 Episodes 0:, 
2023-12-11 10:10:39.501253 Total steps 0/500000, 
2023-12-11 10:10:39.501502 Evaluation Reward: [1.66067138 2.27306705 0.61057345 0.80013982 1.99239035],
2023-12-11 10:10:39.501545 Time: 2.039
2023-12-11 10:14:56.185960 Episodes 200:, 
2023-12-11 10:14:56.192425 Total steps 10000/500000, 
2023-12-11 10:14:56.192929 Evaluation Reward: [13.11496166 36.01837026 41.95451622 37.89679289 44.20648767],
2023-12-11 10:14:56.192990 Time: 256.691
2023-12-11 10:19:41.551411 Episodes 400:, 
2023-12-11 10:19:41.551619 Total steps 20000/500000, 
2023-12-11 10:19:41.551920 Evaluation Reward: [43.58313521 40.19776721 38.69254546 42.54326239 40.96251912],
2023-12-11 10:19:41.551970 Time: 285.33
2023-12-11 10:24:03.574374 Episodes 600:, 
2023-12-11 10:24:03.574473 Total steps 30000/500000, 
2023-12-11 10:24:03.574725 Evaluation Reward: [42.26539518 37.34826272 39.30863722 25.84265623 42.95409375],
2023-12-11 10:24:03.574779 Time: 261.991
2023-12-11 10:28:27.641305 Episodes 800:, 
2023-12-11 10:28:27.641388 Total steps 40000/500000, 
2023-12-11 10:28:27.641635 Evaluation Reward: [41.93416326 34.7113031  34.14194678 35.23909881 38.35337903],
2023-12-11 10:28:27.641681 Time: 264.039
2023-12-11 10:33:02.399318 Episodes 1000:, 
2023-12-11 10:33:02.399403 Total steps 50000/500000, 
2023-12-11 10:33:02.399658 Evaluation Reward: [35.98519822 35.66199614 41.46716334 38.93814592 38.02682383],
2023-12-11 10:33:02.399710 Time: 274.731
2023-12-11 10:37:38.910429 Episodes 1200:, 
2023-12-11 10:37:38.910535 Total steps 60000/500000, 
2023-12-11 10:37:38.910882 Evaluation Reward: [38.54428833 36.55810561 40.7661385  33.62959025 41.15139249],
2023-12-11 10:37:38.910940 Time: 276.482
2023-12-11 10:42:16.792847 Episodes 1400:, 
2023-12-11 10:42:16.792927 Total steps 70000/500000, 
2023-12-11 10:42:16.793183 Evaluation Reward: [37.04488343 34.45651531 39.3075736  26.58704361 37.80662884],
2023-12-11 10:42:16.793229 Time: 277.848
2023-12-11 10:46:44.896428 Episodes 1600:, 
2023-12-11 10:46:44.902839 Total steps 80000/500000, 
2023-12-11 10:46:44.903281 Evaluation Reward: [30.15501998 25.25982649 31.85862358 28.11956243 34.83394023],
2023-12-11 10:46:44.903337 Time: 268.013
2023-12-11 10:51:13.066928 Episodes 1800:, 
2023-12-11 10:51:13.067013 Total steps 90000/500000, 
2023-12-11 10:51:13.067282 Evaluation Reward: [31.55488327 37.82811347 37.02946701 24.11335784 18.18987959],
2023-12-11 10:51:13.067336 Time: 268.126
2023-12-11 10:55:39.336835 Episodes 2000:, 
2023-12-11 10:55:39.343355 Total steps 100000/500000, 
2023-12-11 10:55:39.343686 Evaluation Reward: [37.50422458 40.49896078 35.27677644 32.82085899 41.2858345 ],
2023-12-11 10:55:39.343731 Time: 266.245
2023-12-11 11:00:03.616443 Episodes 2200:, 
2023-12-11 11:00:03.616521 Total steps 110000/500000, 
2023-12-11 11:00:03.616771 Evaluation Reward: [29.87138645 39.90012551 40.19087708 33.05476612 41.68714274],
2023-12-11 11:00:03.616817 Time: 264.238
2023-12-11 11:04:43.228534 Episodes 2400:, 
2023-12-11 11:04:43.234947 Total steps 120000/500000, 
2023-12-11 11:04:43.235303 Evaluation Reward: [22.61786032 40.66692138 38.6397074  30.19869562 41.95391603],
2023-12-11 11:04:43.235351 Time: 279.582
2023-12-11 11:09:25.106778 Episodes 2600:, 
2023-12-11 11:09:25.113149 Total steps 130000/500000, 
2023-12-11 11:09:25.113475 Evaluation Reward: [29.43162048 42.60410262 39.08191089 40.60004826 41.54301411],
2023-12-11 11:09:25.113523 Time: 281.841
2023-12-11 11:13:52.759766 Episodes 2800:, 
2023-12-11 11:13:52.766216 Total steps 140000/500000, 
2023-12-11 11:13:52.766645 Evaluation Reward: [38.16235028 40.19999192 38.02686541 42.79717623 41.84962847],
2023-12-11 11:13:52.766710 Time: 267.611
2023-12-11 11:18:20.492526 Episodes 3000:, 
2023-12-11 11:18:20.492754 Total steps 150000/500000, 
2023-12-11 11:18:20.493151 Evaluation Reward: [37.37633104 40.40527454 40.44247927 37.35184473 40.83211061],
2023-12-11 11:18:20.493219 Time: 267.679
2023-12-11 11:22:53.326273 Episodes 3200:, 
2023-12-11 11:22:53.326541 Total steps 160000/500000, 
2023-12-11 11:22:53.326975 Evaluation Reward: [37.95365221 40.17806107 38.60370674 40.67273922 41.15005975],
2023-12-11 11:22:53.327046 Time: 272.791
2023-12-11 11:27:23.638756 Episodes 3400:, 
2023-12-11 11:27:23.638837 Total steps 170000/500000, 
2023-12-11 11:27:23.639074 Evaluation Reward: [40.31829019 39.80535697 41.69239608 42.71919132 39.67264806],
2023-12-11 11:27:23.639120 Time: 270.263
2023-12-11 11:32:07.163875 Episodes 3600:, 
2023-12-11 11:32:07.163963 Total steps 180000/500000, 
2023-12-11 11:32:07.164210 Evaluation Reward: [40.18088765 41.32763549 41.77890951 41.09011768 40.60670511],
2023-12-11 11:32:07.164260 Time: 283.404
2023-12-11 11:36:43.494575 Episodes 3800:, 
2023-12-11 11:36:43.494664 Total steps 190000/500000, 
2023-12-11 11:36:43.494920 Evaluation Reward: [41.99296289 42.81394658 41.9751697  32.15837701 40.21717111],
2023-12-11 11:36:43.494971 Time: 276.294
2023-12-11 11:41:15.377112 Episodes 4000:, 
2023-12-11 11:41:15.383527 Total steps 200000/500000, 
2023-12-11 11:41:15.383854 Evaluation Reward: [43.00527423 39.62093585 36.10793526 40.67058418 42.84041232],
2023-12-11 11:41:15.383918 Time: 271.846
2023-12-11 11:45:47.418360 Episodes 4200:, 
2023-12-11 11:45:47.418443 Total steps 210000/500000, 
2023-12-11 11:45:47.418695 Evaluation Reward: [37.50568132 39.6786553  41.44352744 27.1291036  40.27186149],
2023-12-11 11:45:47.418751 Time: 271.992
2023-12-11 11:50:09.932273 Episodes 4400:, 
2023-12-11 11:50:09.938727 Total steps 220000/500000, 
2023-12-11 11:50:09.939111 Evaluation Reward: [33.78957458 39.57531781 40.43632935 39.86156358 41.57248961],
2023-12-11 11:50:09.939165 Time: 262.483
2023-12-11 11:54:33.490533 Episodes 4600:, 
2023-12-11 11:54:33.490616 Total steps 230000/500000, 
2023-12-11 11:54:33.490874 Evaluation Reward: [34.48306676 39.87859977 41.80172256 39.67681461 40.73977905],
2023-12-11 11:54:33.490927 Time: 263.513
2023-12-11 11:58:39.867320 Episodes 4800:, 
2023-12-11 11:58:39.873672 Total steps 240000/500000, 
2023-12-11 11:58:39.874087 Evaluation Reward: [42.20686125 41.4444969  39.28630929 34.71026069 41.93643113],
2023-12-11 11:58:39.874155 Time: 246.346
2023-12-11 12:02:27.233733 Episodes 5000:, 
2023-12-11 12:02:27.233817 Total steps 250000/500000, 
2023-12-11 12:02:27.234118 Evaluation Reward: [29.76970587 39.65799961 42.26608935 36.51327684 42.2708959 ],
2023-12-11 12:02:27.234159 Time: 227.309
2023-12-11 12:06:37.192419 Episodes 5200:, 
2023-12-11 12:06:37.192496 Total steps 260000/500000, 
2023-12-11 12:06:37.192756 Evaluation Reward: [40.27938467 41.32388248 36.78431116 36.64264418 42.22735519],
2023-12-11 12:06:37.192804 Time: 249.916
2023-12-11 12:10:32.313541 Episodes 5400:, 
2023-12-11 12:10:32.313620 Total steps 270000/500000, 
2023-12-11 12:10:32.313847 Evaluation Reward: [42.11733232 39.87953426 40.37729105 33.25070371 41.33613268],
2023-12-11 12:10:32.313889 Time: 235.075
2023-12-11 12:14:29.958660 Episodes 5600:, 
2023-12-11 12:14:29.958733 Total steps 280000/500000, 
2023-12-11 12:14:29.958974 Evaluation Reward: [43.01107417 39.40488502 40.55744936 34.18005106 42.48984735],
2023-12-11 12:14:29.959018 Time: 237.608
2023-12-11 12:18:54.597154 Episodes 5800:, 
2023-12-11 12:18:54.597231 Total steps 290000/500000, 
2023-12-11 12:18:54.597457 Evaluation Reward: [41.1774089  40.85772288 41.93214525 41.47131819 39.88971372],
2023-12-11 12:18:54.597497 Time: 264.528
2023-12-11 12:23:22.574541 Episodes 6000:, 
2023-12-11 12:23:22.574624 Total steps 300000/500000, 
2023-12-11 12:23:22.574913 Evaluation Reward: [41.03762087 39.69009515 40.77062412 40.60998866 39.59932488],
2023-12-11 12:23:22.574962 Time: 267.936
2023-12-11 12:27:23.912284 Episodes 6200:, 
2023-12-11 12:27:23.912351 Total steps 310000/500000, 
2023-12-11 12:27:23.912559 Evaluation Reward: [40.01535023 40.66273008 37.7282785  42.72641031 41.84734481],
2023-12-11 12:27:23.912598 Time: 241.282
2023-12-11 12:30:53.709722 Episodes 6400:, 
2023-12-11 12:30:53.709793 Total steps 320000/500000, 
2023-12-11 12:30:53.710042 Evaluation Reward: [42.00814394 39.44965714 41.89923547 42.59480859 41.88082528],
2023-12-11 12:30:53.710082 Time: 209.763
2023-12-11 12:34:25.448552 Episodes 6600:, 
2023-12-11 12:34:25.448625 Total steps 330000/500000, 
2023-12-11 12:34:25.448845 Evaluation Reward: [41.42349085 42.00061526 44.22654312 42.49199889 41.99757423],
2023-12-11 12:34:25.448882 Time: 211.7
2023-12-11 12:37:44.687758 Episodes 6800:, 
2023-12-11 12:37:44.687827 Total steps 340000/500000, 
2023-12-11 12:37:44.688054 Evaluation Reward: [42.12708823 41.03946507 41.82772347 41.57700052 42.29803547],
2023-12-11 12:37:44.688092 Time: 199.205
2023-12-11 12:41:08.217183 Episodes 7000:, 
2023-12-11 12:41:08.217250 Total steps 350000/500000, 
2023-12-11 12:41:08.217470 Evaluation Reward: [41.86016468 42.0676177  39.55173143 42.11262436 38.86739386],
2023-12-11 12:41:08.217511 Time: 203.492
2023-12-11 12:44:30.171694 Episodes 7200:, 
2023-12-11 12:44:30.171762 Total steps 360000/500000, 
2023-12-11 12:44:30.171979 Evaluation Reward: [42.14410611 40.78954751 40.88834468 39.01536035 38.11238539],
2023-12-11 12:44:30.172015 Time: 201.914
2023-12-11 12:47:49.782662 Episodes 7400:, 
2023-12-11 12:47:49.782738 Total steps 370000/500000, 
2023-12-11 12:47:49.782942 Evaluation Reward: [44.00993366 43.7580772  42.74444911 41.86028003 43.56625361],
2023-12-11 12:47:49.782981 Time: 199.568
2023-12-11 12:51:07.353972 Episodes 7600:, 
2023-12-11 12:51:07.354036 Total steps 380000/500000, 
2023-12-11 12:51:07.354231 Evaluation Reward: [41.41855409 40.3915619  42.13090516 40.59674968 41.4298243 ],
2023-12-11 12:51:07.354266 Time: 197.525
2023-12-11 12:54:14.353925 Episodes 7800:, 
2023-12-11 12:54:14.353993 Total steps 390000/500000, 
2023-12-11 12:54:14.354208 Evaluation Reward: [42.07116049 44.29978086 42.20062796 43.52896626 40.8312207 ],
2023-12-11 12:54:14.354246 Time: 186.963
2023-12-11 12:57:21.236479 Episodes 8000:, 
2023-12-11 12:57:21.236549 Total steps 400000/500000, 
2023-12-11 12:57:21.236743 Evaluation Reward: [40.23381538 41.35407331 39.51447249 42.08779722 42.84468421],
2023-12-11 12:57:21.236781 Time: 186.782
2023-12-11 13:00:28.367169 Episodes 8200:, 
2023-12-11 13:00:28.367234 Total steps 410000/500000, 
2023-12-11 13:00:28.367449 Evaluation Reward: [41.63160923 42.07473221 38.51773818 40.5448737  42.75788106],
2023-12-11 13:00:28.367487 Time: 187.09
2023-12-11 13:03:33.865533 Episodes 8400:, 
2023-12-11 13:03:33.865601 Total steps 420000/500000, 
2023-12-11 13:03:33.865812 Evaluation Reward: [42.68514462 41.86442074 40.15124125 41.51993132 45.04684248],
2023-12-11 13:03:33.865849 Time: 185.459
2023-12-11 13:06:37.575627 Episodes 8600:, 
2023-12-11 13:06:37.575693 Total steps 430000/500000, 
2023-12-11 13:06:37.575926 Evaluation Reward: [40.59343011 39.42569185 34.78288013 41.57891468 39.53553918],
2023-12-11 13:06:37.575962 Time: 183.671
2023-12-11 13:09:43.221321 Episodes 8800:, 
2023-12-11 13:09:43.221398 Total steps 440000/500000, 
2023-12-11 13:09:43.221610 Evaluation Reward: [42.36330988 40.10450202 31.38166324 42.43531006 41.34912252],
2023-12-11 13:09:43.221650 Time: 185.607
2023-12-11 13:13:09.878141 Episodes 9000:, 
2023-12-11 13:13:09.878212 Total steps 450000/500000, 
2023-12-11 13:13:09.878471 Evaluation Reward: [43.55804746 42.94236797 38.89221659 43.06048194 40.85840294],
2023-12-11 13:13:09.878514 Time: 206.618
2023-12-11 13:16:34.122808 Episodes 9200:, 
2023-12-11 13:16:34.122894 Total steps 460000/500000, 
2023-12-11 13:16:34.123109 Evaluation Reward: [43.352736   41.83944832 35.08959729 40.38502637 42.54284686],
2023-12-11 13:16:34.123145 Time: 204.196
2023-12-11 13:19:51.449481 Episodes 9400:, 
2023-12-11 13:19:51.449559 Total steps 470000/500000, 
2023-12-11 13:19:51.449767 Evaluation Reward: [39.99175429 42.17821421 40.32555453 41.54423445 42.14919825],
2023-12-11 13:19:51.449801 Time: 197.283
2023-12-11 13:23:12.688283 Episodes 9600:, 
2023-12-11 13:23:12.688365 Total steps 480000/500000, 
2023-12-11 13:23:12.688606 Evaluation Reward: [42.86759166 39.57092256 35.23359915 45.01927641 43.14363165],
2023-12-11 13:23:12.688645 Time: 201.195
2023-12-11 13:26:23.994160 Episodes 9800:, 
2023-12-11 13:26:23.994226 Total steps 490000/500000, 
2023-12-11 13:26:23.994457 Evaluation Reward: [39.40431834 43.52017125 38.52214829 39.60305482 42.01517184],
2023-12-11 13:26:23.994509 Time: 191.264
2023-12-11 13:29:29.967050 Episodes 9999:, 
2023-12-11 13:29:29.967125 Total steps 499999/500000, 
2023-12-11 13:29:29.967324 Evaluation Reward: [42.52411059 41.76588676 43.58540791 43.28580467 40.77430995],
2023-12-11 13:29:29.967369 Time: 185.929
2023-12-11 13:29:30.080703 ========================================Basic Configurations========================================
2023-12-11 13:29:30.080762 Daemon Filename: /home/Desktop/studies/q_functionals_daemon/results/final/5agent_5landmarks_fixed_full_egreedy/ind_run_1-step-update_func-polynomial_rank-2_episode-10000_lr0001_b512_l3_n256_m500000_iter1/timestamp.log
2023-12-11 13:29:30.080794 Training Environment: q_functions_5agent_5landmarks_fixed
2023-12-11 13:29:30.080812 Functional: polynomial
2023-12-11 13:29:30.080827 rank: 2
2023-12-11 13:29:30.080842 seed: 2
2023-12-11 13:29:30.080861 learning_rate: 0.001
2023-12-11 13:29:30.080877 target_network_learning_rate: 0.005
2023-12-11 13:29:30.080891 nb_runs: 5
2023-12-11 13:29:30.080905 ma_type: ind
2023-12-11 13:29:30.080918 policy_type: e_greedy
2023-12-11 13:29:30.080933 noise_std: 0.05
2023-12-11 13:29:30.080948 ========================================Model Configurations========================================
2023-12-11 13:29:30.080963 TD3 Trick:: False
2023-12-11 13:29:30.080978 Entropy Regularization: 0.0
2023-12-11 13:29:30.080992 ======================================Sampling Configurations=======================================
2023-12-11 13:29:30.081006 : q_functions_5agent_5landmarks_fixed
2023-12-11 13:29:30.081020 Using quantile sampling during bootstrapping:: False
2023-12-11 13:29:30.081035 Using quantile sampling during evaluation interaction: False
2023-12-11 13:29:30.081049 Using quantile sampling during training interaction:: False
2023-12-11 13:29:30.081064 Sampling Percent: 0.01
2023-12-11 13:29:30.081078 Anneal Sampling Percent: False
2023-12-11 13:29:30.081091 ===============================================Split================================================
2023-12-11 13:29:30.082403 running on CUDA...
2023-12-11 13:30:00.423445 Episodes 0:, 
2023-12-11 13:30:00.423523 Total steps 0/500000, 
2023-12-11 13:30:00.423742 Evaluation Reward: [6.38596386 2.38631587 0.80950999 1.7718325  0.5374487 ],
2023-12-11 13:30:00.423778 Time: 1.404
2023-12-11 13:32:57.211230 Episodes 200:, 
2023-12-11 13:32:57.211300 Total steps 10000/500000, 
2023-12-11 13:32:57.211503 Evaluation Reward: [29.76527898 25.53375885 25.40535608 25.84358394 42.39070617],
2023-12-11 13:32:57.211540 Time: 176.787
2023-12-11 13:35:57.600595 Episodes 400:, 
2023-12-11 13:35:57.600673 Total steps 20000/500000, 
2023-12-11 13:35:57.600915 Evaluation Reward: [43.62390733 34.35914987 40.94690507 36.61036227 39.70912081],
2023-12-11 13:35:57.600955 Time: 180.368
2023-12-11 13:38:58.594734 Episodes 600:, 
2023-12-11 13:38:58.594796 Total steps 30000/500000, 
2023-12-11 13:38:58.594995 Evaluation Reward: [39.15976505 26.33264169 43.22734623 37.91154042 38.41605041],
2023-12-11 13:38:58.595028 Time: 180.969
2023-12-11 13:42:01.129313 Episodes 800:, 
2023-12-11 13:42:01.129379 Total steps 40000/500000, 
2023-12-11 13:42:01.129651 Evaluation Reward: [39.2971847  35.40765361 40.4019323  36.47641174 38.55124749],
2023-12-11 13:42:01.129687 Time: 182.51
2023-12-11 13:45:03.256578 Episodes 1000:, 
2023-12-11 13:45:03.256645 Total steps 50000/500000, 
2023-12-11 13:45:03.256836 Evaluation Reward: [40.94356109 42.09914476 25.49834912 37.48327122 31.87815454],
2023-12-11 13:45:03.256873 Time: 182.104
2023-12-11 13:48:05.360778 Episodes 1200:, 
2023-12-11 13:48:05.360863 Total steps 60000/500000, 
2023-12-11 13:48:05.361092 Evaluation Reward: [44.59839501 41.08728187 40.52310046 41.65332759 36.47983049],
2023-12-11 13:48:05.361136 Time: 182.082
2023-12-11 13:51:06.543525 Episodes 1400:, 
2023-12-11 13:51:06.543593 Total steps 70000/500000, 
2023-12-11 13:51:06.543795 Evaluation Reward: [41.56132165 39.91955645 31.8749519  39.69271915 39.31088026],
2023-12-11 13:51:06.543831 Time: 181.159
2023-12-11 13:54:09.539794 Episodes 1600:, 
2023-12-11 13:54:09.539883 Total steps 80000/500000, 
2023-12-11 13:54:09.540083 Evaluation Reward: [41.64956543 37.52418037 40.71288926 40.3842855  30.90434412],
2023-12-11 13:54:09.540119 Time: 182.972
2023-12-11 13:57:12.482012 Episodes 1800:, 
2023-12-11 13:57:12.482078 Total steps 90000/500000, 
2023-12-11 13:57:12.482284 Evaluation Reward: [39.53897409 35.73273233 39.50134526 33.0517215  37.24862178],
2023-12-11 13:57:12.482325 Time: 182.916
2023-12-11 14:00:16.661310 Episodes 2000:, 
2023-12-11 14:00:16.661390 Total steps 100000/500000, 
2023-12-11 14:00:16.661591 Evaluation Reward: [40.58534268 39.29138868 40.76366174 40.47047393 36.91643125],
2023-12-11 14:00:16.661627 Time: 184.153
2023-12-11 14:03:21.430924 Episodes 2200:, 
2023-12-11 14:03:21.430993 Total steps 110000/500000, 
2023-12-11 14:03:21.431234 Evaluation Reward: [35.11049163 34.65965463 41.21630524 36.88482124 35.86253451],
2023-12-11 14:03:21.431270 Time: 184.744
2023-12-11 14:06:26.622428 Episodes 2400:, 
2023-12-11 14:06:26.622495 Total steps 120000/500000, 
2023-12-11 14:06:26.622714 Evaluation Reward: [35.34143854 41.60336334 40.28541983 40.13896086 33.87031371],
2023-12-11 14:06:26.622751 Time: 185.165
2023-12-11 14:09:32.673918 Episodes 2600:, 
2023-12-11 14:09:32.673991 Total steps 130000/500000, 
2023-12-11 14:09:32.674215 Evaluation Reward: [40.32311913 41.40469807 44.05551321 38.69917749 36.62110166],
2023-12-11 14:09:32.674251 Time: 186.024
2023-12-11 14:12:45.949500 Episodes 2800:, 
2023-12-11 14:12:45.949565 Total steps 140000/500000, 
2023-12-11 14:12:45.949764 Evaluation Reward: [37.26397727 40.95472166 41.17863538 39.61273501 39.74837686],
2023-12-11 14:12:45.949803 Time: 193.192
2023-12-11 14:16:09.249990 Episodes 3000:, 
2023-12-11 14:16:09.250066 Total steps 150000/500000, 
2023-12-11 14:16:09.250300 Evaluation Reward: [36.53490852 35.49038904 40.61928215 41.12561088 41.89684858],
2023-12-11 14:16:09.250336 Time: 203.273
2023-12-11 14:19:25.395981 Episodes 3200:, 
2023-12-11 14:19:25.396057 Total steps 160000/500000, 
2023-12-11 14:19:25.396262 Evaluation Reward: [39.37029742 40.88557057 41.71280936 38.95606053 39.66486295],
2023-12-11 14:19:25.396296 Time: 196.114
2023-12-11 14:22:45.245317 Episodes 3400:, 
2023-12-11 14:22:45.245385 Total steps 170000/500000, 
2023-12-11 14:22:45.245602 Evaluation Reward: [41.24027911 30.55012302 40.5260038  41.83504145 30.30731263],
2023-12-11 14:22:45.245638 Time: 199.819
2023-12-11 14:25:58.516914 Episodes 3600:, 
2023-12-11 14:25:58.516976 Total steps 180000/500000, 
2023-12-11 14:25:58.517217 Evaluation Reward: [39.44620912 21.85185545 40.566261   39.79352426 31.53195477],
2023-12-11 14:25:58.517256 Time: 193.24
2023-12-11 14:29:02.717367 Episodes 3800:, 
2023-12-11 14:29:02.717442 Total steps 190000/500000, 
2023-12-11 14:29:02.717657 Evaluation Reward: [39.7606216  20.03603494 39.12348592 40.44916613 35.33011148],
2023-12-11 14:29:02.717693 Time: 184.17
2023-12-11 14:31:59.516588 Episodes 4000:, 
2023-12-11 14:31:59.516645 Total steps 200000/500000, 
2023-12-11 14:31:59.516822 Evaluation Reward: [37.5287868  25.34539731 44.19812773 40.64317195 38.87389925],
2023-12-11 14:31:59.516853 Time: 176.768
2023-12-11 14:34:40.329455 Episodes 4200:, 
2023-12-11 14:34:40.329510 Total steps 210000/500000, 
2023-12-11 14:34:40.329686 Evaluation Reward: [33.95047581 40.79323973 40.94018064 27.58937589 36.46128396],
2023-12-11 14:34:40.329716 Time: 160.783
2023-12-11 14:37:21.158911 Episodes 4400:, 
2023-12-11 14:37:21.158971 Total steps 220000/500000, 
2023-12-11 14:37:21.159149 Evaluation Reward: [41.8438313  28.79104992 41.81247211 28.36947567 32.41817037],
2023-12-11 14:37:21.159180 Time: 160.802
2023-12-11 14:40:01.987930 Episodes 4600:, 
2023-12-11 14:40:01.987989 Total steps 230000/500000, 
2023-12-11 14:40:01.988171 Evaluation Reward: [40.48270591 42.40967726 40.77312033 32.86180675 38.0132772 ],
2023-12-11 14:40:01.988204 Time: 160.801
2023-12-11 14:42:42.962048 Episodes 4800:, 
2023-12-11 14:42:42.962104 Total steps 240000/500000, 
2023-12-11 14:42:42.962279 Evaluation Reward: [41.35162186 41.40351079 40.93368951 13.26824237 41.00723651],
2023-12-11 14:42:42.962319 Time: 160.945
2023-12-11 14:45:21.250583 Episodes 5000:, 
2023-12-11 14:45:21.250648 Total steps 250000/500000, 
2023-12-11 14:45:21.250848 Evaluation Reward: [42.11476418 40.86507947 40.40996352  9.33365013 41.66041435],
2023-12-11 14:45:21.250882 Time: 158.262
2023-12-11 14:48:02.700751 Episodes 5200:, 
2023-12-11 14:48:02.700812 Total steps 260000/500000, 
2023-12-11 14:48:02.700989 Evaluation Reward: [40.95148076 39.37693375 41.00260472  0.89581046 40.0767101 ],
2023-12-11 14:48:02.701021 Time: 161.42
2023-12-11 14:50:44.960919 Episodes 5400:, 
2023-12-11 14:50:44.960980 Total steps 270000/500000, 
2023-12-11 14:50:44.961191 Evaluation Reward: [39.31946313 36.32892824 39.23475253  6.67060312 38.73759772],
2023-12-11 14:50:44.961224 Time: 162.23
2023-12-11 14:53:25.845070 Episodes 5600:, 
2023-12-11 14:53:25.845128 Total steps 280000/500000, 
2023-12-11 14:53:25.845313 Evaluation Reward: [40.24051382 41.37445778 39.22563377 26.88003354 43.03821442],
2023-12-11 14:53:25.845346 Time: 160.854
2023-12-11 14:56:07.620634 Episodes 5800:, 
2023-12-11 14:56:07.620693 Total steps 290000/500000, 
2023-12-11 14:56:07.620896 Evaluation Reward: [40.91639151 41.25237441 41.5823053  40.32052049 41.57938704],
2023-12-11 14:56:07.620929 Time: 161.744
2023-12-11 14:58:49.152791 Episodes 6000:, 
2023-12-11 14:58:49.152849 Total steps 300000/500000, 
2023-12-11 14:58:49.153030 Evaluation Reward: [40.98309046 39.08066621 39.76148956 35.89729823 37.76183504],
2023-12-11 14:58:49.153063 Time: 161.501
2023-12-11 15:01:30.389835 Episodes 6200:, 
2023-12-11 15:01:30.389892 Total steps 310000/500000, 
2023-12-11 15:01:30.390074 Evaluation Reward: [39.3128779  41.91030976 40.93051598 39.4291372  41.50562046],
2023-12-11 15:01:30.390106 Time: 161.205
2023-12-11 15:03:58.022725 Episodes 6400:, 
2023-12-11 15:03:58.022770 Total steps 320000/500000, 
2023-12-11 15:03:58.022920 Evaluation Reward: [41.14207661 41.09891227 41.70322045 38.39349802 40.35442639],
2023-12-11 15:03:58.022948 Time: 147.6
2023-12-11 15:06:24.578512 Episodes 6600:, 
2023-12-11 15:06:24.578556 Total steps 330000/500000, 
2023-12-11 15:06:24.578714 Evaluation Reward: [41.37661955 38.81230459 41.77765292 38.68622959 40.39520126],
2023-12-11 15:06:24.578742 Time: 146.525
2023-12-11 15:08:51.012953 Episodes 6800:, 
2023-12-11 15:08:51.013001 Total steps 340000/500000, 
2023-12-11 15:08:51.013161 Evaluation Reward: [41.51387558 41.7525474  43.27581133 29.96863625 41.49876548],
2023-12-11 15:08:51.017022 Time: 146.409
2023-12-11 15:11:18.497511 Episodes 7000:, 
2023-12-11 15:11:18.497570 Total steps 350000/500000, 
2023-12-11 15:11:18.497749 Evaluation Reward: [43.50916964 44.11701147 42.21396228 34.03987512 40.84367869],
2023-12-11 15:11:18.497780 Time: 147.45
2023-12-11 15:13:51.274034 Episodes 7200:, 
2023-12-11 15:13:51.274087 Total steps 360000/500000, 
2023-12-11 15:13:51.274256 Evaluation Reward: [39.77278046 42.26501871 42.58984519 31.74428551 40.64491745],
2023-12-11 15:13:51.274287 Time: 152.743
2023-12-11 15:16:20.860522 Episodes 7400:, 
2023-12-11 15:16:20.860570 Total steps 370000/500000, 
2023-12-11 15:16:20.860726 Evaluation Reward: [39.897668   39.42886919 41.83737671 33.37200592 41.1102304 ],
2023-12-11 15:16:20.864563 Time: 149.557
2023-12-11 15:19:07.130552 Episodes 7600:, 
2023-12-11 15:19:07.130728 Total steps 380000/500000, 
2023-12-11 15:19:07.130935 Evaluation Reward: [39.75222996 41.48669891 40.03406394 42.47847877 38.14804558],
2023-12-11 15:19:07.130977 Time: 166.235
2023-12-11 15:22:24.213670 Episodes 7800:, 
2023-12-11 15:22:24.213744 Total steps 390000/500000, 
2023-12-11 15:22:24.213953 Evaluation Reward: [42.68539896 40.71393372 41.08351682 42.94193456 40.61848281],
2023-12-11 15:22:24.213987 Time: 196.99
2023-12-11 15:25:44.918086 Episodes 8000:, 
2023-12-11 15:25:44.918146 Total steps 400000/500000, 
2023-12-11 15:25:44.918355 Evaluation Reward: [40.66517806 40.80879502 41.03709291 43.32155071 42.89297453],
2023-12-11 15:25:44.918389 Time: 200.665
2023-12-11 15:29:02.403908 Episodes 8200:, 
2023-12-11 15:29:02.403972 Total steps 410000/500000, 
2023-12-11 15:29:02.404160 Evaluation Reward: [38.82691745 41.14936033 40.56157961 43.69024459 38.96109553],
2023-12-11 15:29:02.404194 Time: 197.444
2023-12-11 15:32:18.635657 Episodes 8400:, 
2023-12-11 15:32:18.635718 Total steps 420000/500000, 
2023-12-11 15:32:18.635929 Evaluation Reward: [40.22880924 42.66683587 41.25650423 35.38338317 41.09598332],
2023-12-11 15:32:18.635967 Time: 196.19
2023-12-11 15:35:41.247193 Episodes 8600:, 
2023-12-11 15:35:41.247254 Total steps 430000/500000, 
2023-12-11 15:35:41.247487 Evaluation Reward: [40.37658597 41.30565054 41.32438926 42.14710333 40.82859768],
2023-12-11 15:35:41.247528 Time: 202.571
2023-12-11 15:38:54.150286 Episodes 8800:, 
2023-12-11 15:38:54.150360 Total steps 440000/500000, 
2023-12-11 15:38:54.150554 Evaluation Reward: [40.06490548 40.28213502 39.99634519 42.82164642 41.59415923],
2023-12-11 15:38:54.150588 Time: 192.856
2023-12-11 15:41:55.691418 Episodes 9000:, 
2023-12-11 15:41:55.691479 Total steps 450000/500000, 
2023-12-11 15:41:55.691694 Evaluation Reward: [41.40552215 40.50229662 39.44178805 39.49285913 40.78884516],
2023-12-11 15:41:55.691731 Time: 181.499
2023-12-11 15:45:12.295047 Episodes 9200:, 
2023-12-11 15:45:12.295108 Total steps 460000/500000, 
2023-12-11 15:45:12.295314 Evaluation Reward: [43.29061659 40.70840425 40.91269764 44.81427879 41.69653966],
2023-12-11 15:45:12.295348 Time: 196.555
2023-12-11 15:48:43.244167 Episodes 9400:, 
2023-12-11 15:48:43.244231 Total steps 470000/500000, 
2023-12-11 15:48:43.244429 Evaluation Reward: [40.99192068 40.82063135 42.65832908 41.38020699 42.53678652],
2023-12-11 15:48:43.244471 Time: 210.905
2023-12-11 15:51:59.450476 Episodes 9600:, 
2023-12-11 15:51:59.450549 Total steps 480000/500000, 
2023-12-11 15:51:59.450754 Evaluation Reward: [40.64625664 42.21020542 39.24971128 39.70507649 41.84550045],
2023-12-11 15:51:59.450789 Time: 196.162
2023-12-11 15:55:17.779111 Episodes 9800:, 
2023-12-11 15:55:17.779176 Total steps 490000/500000, 
2023-12-11 15:55:17.779420 Evaluation Reward: [39.35402077 42.97680658 40.77721255 43.22684138 41.51894529],
2023-12-11 15:55:17.779462 Time: 198.283
2023-12-11 15:58:32.323081 Episodes 9999:, 
2023-12-11 15:58:32.323210 Total steps 499999/500000, 
2023-12-11 15:58:32.323411 Evaluation Reward: [41.34751705 40.42963217 40.87699532 43.84058948 40.8066883 ],
2023-12-11 15:58:32.323448 Time: 194.499
2023-12-11 15:58:32.384365 ========================================Basic Configurations========================================
2023-12-11 15:58:32.384425 Daemon Filename: /home/Desktop/studies/q_functionals_daemon/results/final/5agent_5landmarks_fixed_full_egreedy/ind_run_1-step-update_func-polynomial_rank-2_episode-10000_lr0001_b512_l3_n256_m500000_iter1/timestamp.log
2023-12-11 15:58:32.384445 Training Environment: q_functions_5agent_5landmarks_fixed
2023-12-11 15:58:32.384460 Functional: polynomial
2023-12-11 15:58:32.384474 rank: 2
2023-12-11 15:58:32.384488 seed: 3
2023-12-11 15:58:32.384507 learning_rate: 0.001
2023-12-11 15:58:32.384522 target_network_learning_rate: 0.005
2023-12-11 15:58:32.384536 nb_runs: 5
2023-12-11 15:58:32.384550 ma_type: ind
2023-12-11 15:58:32.384563 policy_type: e_greedy
2023-12-11 15:58:32.384577 noise_std: 0.05
2023-12-11 15:58:32.384592 ========================================Model Configurations========================================
2023-12-11 15:58:32.384618 TD3 Trick:: False
2023-12-11 15:58:32.384632 Entropy Regularization: 0.0
2023-12-11 15:58:32.384646 ======================================Sampling Configurations=======================================
2023-12-11 15:58:32.384659 : q_functions_5agent_5landmarks_fixed
2023-12-11 15:58:32.384673 Using quantile sampling during bootstrapping:: False
2023-12-11 15:58:32.384687 Using quantile sampling during evaluation interaction: False
2023-12-11 15:58:32.384700 Using quantile sampling during training interaction:: False
2023-12-11 15:58:32.384714 Sampling Percent: 0.01
2023-12-11 15:58:32.384727 Anneal Sampling Percent: False
2023-12-11 15:58:32.384746 ===============================================Split================================================
2023-12-11 15:58:32.385985 running on CUDA...
2023-12-11 15:59:02.072604 Episodes 0:, 
2023-12-11 15:59:02.072666 Total steps 0/500000, 
2023-12-11 15:59:02.072873 Evaluation Reward: [0.89556187 1.3444526  1.06683278 0.70542209 2.70563945],
2023-12-11 15:59:02.072911 Time: 1.368
2023-12-11 16:02:00.272071 Episodes 200:, 
2023-12-11 16:02:00.272141 Total steps 10000/500000, 
2023-12-11 16:02:00.272357 Evaluation Reward: [37.665755   21.1422138  20.44026707 38.80843627 39.58607041],
2023-12-11 16:02:00.272391 Time: 178.199
2023-12-11 16:04:57.894073 Episodes 400:, 
2023-12-11 16:04:57.894134 Total steps 20000/500000, 
2023-12-11 16:04:57.894323 Evaluation Reward: [41.73695756 41.19958585 35.25442289 41.14075377 41.23358769],
2023-12-11 16:04:57.894357 Time: 177.599
2023-12-11 16:08:08.124768 Episodes 600:, 
2023-12-11 16:08:08.124834 Total steps 30000/500000, 
2023-12-11 16:08:08.125053 Evaluation Reward: [26.23007093 42.58021647 42.37852558 38.36259224 38.90590553],
2023-12-11 16:08:08.125088 Time: 190.21
2023-12-11 16:11:20.061083 Episodes 800:, 
2023-12-11 16:11:20.061152 Total steps 40000/500000, 
2023-12-11 16:11:20.061357 Evaluation Reward: [39.52836262 37.59688575 38.80151466 41.71579551 41.15656548],
2023-12-11 16:11:20.061402 Time: 191.915
2023-12-11 16:14:44.231471 Episodes 1000:, 
2023-12-11 16:14:44.231538 Total steps 50000/500000, 
2023-12-11 16:14:44.231766 Evaluation Reward: [38.1444276  31.31462565 28.79492822 31.77668629 39.5368712 ],
2023-12-11 16:14:44.231805 Time: 204.148
2023-12-11 16:18:18.973541 Episodes 1200:, 
2023-12-11 16:18:18.973620 Total steps 60000/500000, 
2023-12-11 16:18:18.973836 Evaluation Reward: [41.40399051 35.22137777 31.76139591 38.36133065 35.54549011],
2023-12-11 16:18:18.973875 Time: 214.719
2023-12-11 16:21:33.944201 Episodes 1400:, 
2023-12-11 16:21:33.944266 Total steps 70000/500000, 
2023-12-11 16:21:33.944497 Evaluation Reward: [40.41066436 29.60460017 38.75207032 38.54893197 38.97104612],
2023-12-11 16:21:33.944540 Time: 194.949
2023-12-11 16:24:45.312116 Episodes 1600:, 
2023-12-11 16:24:45.312194 Total steps 80000/500000, 
2023-12-11 16:24:45.312407 Evaluation Reward: [32.60227854 28.00061122 38.69587063 38.09236622 33.24420996],
2023-12-11 16:24:45.312454 Time: 191.341
2023-12-11 16:27:50.469945 Episodes 1800:, 
2023-12-11 16:27:50.470022 Total steps 90000/500000, 
2023-12-11 16:27:50.470228 Evaluation Reward: [30.93311056 32.70638571 36.58001701 36.01218345 39.27153653],
2023-12-11 16:27:50.470263 Time: 185.134
2023-12-11 16:30:55.838626 Episodes 2000:, 
2023-12-11 16:30:55.838699 Total steps 100000/500000, 
2023-12-11 16:30:55.838901 Evaluation Reward: [32.66155161 33.34288511 40.297304   38.08017016 41.64045291],
2023-12-11 16:30:55.838939 Time: 185.345
2023-12-11 16:34:05.128763 Episodes 2200:, 
2023-12-11 16:34:05.128832 Total steps 110000/500000, 
2023-12-11 16:34:05.129043 Evaluation Reward: [38.83680999 37.74387957 37.99219942 42.30732517 43.1394964 ],
2023-12-11 16:34:05.129079 Time: 189.264
2023-12-11 16:37:53.207251 Episodes 2400:, 
2023-12-11 16:37:53.207334 Total steps 120000/500000, 
2023-12-11 16:37:53.207563 Evaluation Reward: [38.38239458 23.50814793 42.90483047 38.8246831  41.86387569],
2023-12-11 16:37:53.207603 Time: 228.051
2023-12-11 16:41:34.411518 Episodes 2600:, 
2023-12-11 16:41:34.411583 Total steps 130000/500000, 
2023-12-11 16:41:34.411793 Evaluation Reward: [38.14952903 36.58602624 38.24379343 42.01804697 33.46071802],
2023-12-11 16:41:34.411836 Time: 221.174
2023-12-11 16:45:22.177140 Episodes 2800:, 
2023-12-11 16:45:22.177212 Total steps 140000/500000, 
2023-12-11 16:45:22.177417 Evaluation Reward: [37.14830347 40.19575912 42.30223864 41.28039949 29.26904268],
2023-12-11 16:45:22.177455 Time: 227.736
2023-12-11 16:49:21.232416 Episodes 3000:, 
2023-12-11 16:49:21.232497 Total steps 150000/500000, 
2023-12-11 16:49:21.232714 Evaluation Reward: [36.37910791 31.10003136 41.08782635 42.06072318  5.24881429],
2023-12-11 16:49:21.232765 Time: 239.024
2023-12-11 16:53:10.528467 Episodes 3200:, 
2023-12-11 16:53:10.528534 Total steps 160000/500000, 
2023-12-11 16:53:10.528735 Evaluation Reward: [38.9805244  40.1393741  39.85112441 37.36433738 15.11386001],
2023-12-11 16:53:10.528771 Time: 229.261
2023-12-11 16:56:40.926432 Episodes 3400:, 
2023-12-11 16:56:40.926507 Total steps 170000/500000, 
2023-12-11 16:56:40.926709 Evaluation Reward: [38.57447304 35.93221015 41.14481844 33.61155859 29.64547588],
2023-12-11 16:56:40.926746 Time: 210.366
2023-12-11 17:00:11.387484 Episodes 3600:, 
2023-12-11 17:00:11.387546 Total steps 180000/500000, 
2023-12-11 17:00:11.387773 Evaluation Reward: [39.28781373 28.570223   34.33408316 32.09685758 41.22225354],
2023-12-11 17:00:11.387812 Time: 210.376
2023-12-11 17:03:30.021718 Episodes 3800:, 
2023-12-11 17:03:30.021781 Total steps 190000/500000, 
2023-12-11 17:03:30.021975 Evaluation Reward: [32.73601168 37.06930311 35.72872099 37.44500994 41.92148462],
2023-12-11 17:03:30.022010 Time: 198.605
2023-12-11 17:06:36.224769 Episodes 4000:, 
2023-12-11 17:06:36.224859 Total steps 200000/500000, 
2023-12-11 17:06:36.225116 Evaluation Reward: [40.690795   38.45567519 40.78303875 39.17498911 41.75313818],
2023-12-11 17:06:36.225169 Time: 186.173
2023-12-11 17:09:43.303924 Episodes 4200:, 
2023-12-11 17:09:43.304098 Total steps 210000/500000, 
2023-12-11 17:09:43.304317 Evaluation Reward: [38.11499333 39.14273109 40.15199005 41.66103939 39.6145221 ],
2023-12-11 17:09:43.304354 Time: 187.039
2023-12-11 17:12:57.063776 Episodes 4400:, 
2023-12-11 17:12:57.063855 Total steps 220000/500000, 
2023-12-11 17:12:57.064117 Evaluation Reward: [39.51676539 36.35972683 39.97989387 40.23021314 35.22119446],
2023-12-11 17:12:57.064172 Time: 193.73
2023-12-11 17:16:09.782691 Episodes 4600:, 
2023-12-11 17:16:09.782756 Total steps 230000/500000, 
2023-12-11 17:16:09.782970 Evaluation Reward: [39.04232428 33.27103589 37.54790092 41.33839072 38.51924669],
2023-12-11 17:16:09.783005 Time: 192.683
2023-12-11 17:20:18.941846 Episodes 4800:, 
2023-12-11 17:20:18.941914 Total steps 240000/500000, 
2023-12-11 17:20:18.942150 Evaluation Reward: [40.71393918 40.01800134 37.86532377 39.03230665 28.84906447],
2023-12-11 17:20:18.942189 Time: 249.129
2023-12-11 17:24:33.387021 Episodes 5000:, 
2023-12-11 17:24:33.387092 Total steps 250000/500000, 
2023-12-11 17:24:33.387309 Evaluation Reward: [40.42659305 32.36158193 38.98309172 43.98566724 43.84079841],
2023-12-11 17:24:33.387348 Time: 254.413
2023-12-11 17:29:11.942485 Episodes 5200:, 
2023-12-11 17:29:11.942564 Total steps 260000/500000, 
2023-12-11 17:29:11.942845 Evaluation Reward: [40.30663932 33.39284469 41.22017398 40.89650891 42.53711851],
2023-12-11 17:29:11.942892 Time: 278.521
2023-12-11 17:33:34.377541 Episodes 5400:, 
2023-12-11 17:33:34.377621 Total steps 270000/500000, 
2023-12-11 17:33:34.377891 Evaluation Reward: [38.07827132 41.34631343 40.80989634 41.74077231 42.42090492],
2023-12-11 17:33:34.377933 Time: 262.395
2023-12-11 17:37:58.892344 Episodes 5600:, 
2023-12-11 17:37:58.892412 Total steps 280000/500000, 
2023-12-11 17:37:58.892629 Evaluation Reward: [40.36578982 41.76658279 41.9303859  42.23465033 37.49943914],
2023-12-11 17:37:58.892669 Time: 264.475
2023-12-11 17:42:15.301937 Episodes 5800:, 
2023-12-11 17:42:15.302041 Total steps 290000/500000, 
2023-12-11 17:42:15.302353 Evaluation Reward: [43.11832845 41.40596826 39.83968039 43.1393141  43.29107873],
2023-12-11 17:42:15.302403 Time: 256.373
2023-12-11 17:46:28.180556 Episodes 6000:, 
2023-12-11 17:46:28.180643 Total steps 300000/500000, 
2023-12-11 17:46:28.180858 Evaluation Reward: [41.5396482  39.6445375  41.79876707 39.86591442 41.39981103],
2023-12-11 17:46:28.180897 Time: 252.839
2023-12-11 17:50:36.040886 Episodes 6200:, 
2023-12-11 17:50:36.040965 Total steps 310000/500000, 
2023-12-11 17:50:36.041214 Evaluation Reward: [40.40977578 40.76232379 41.8103824  39.17919526 43.86482436],
2023-12-11 17:50:36.041259 Time: 247.823
2023-12-11 17:54:43.460260 Episodes 6400:, 
2023-12-11 17:54:43.460359 Total steps 320000/500000, 
2023-12-11 17:54:43.460648 Evaluation Reward: [39.76541138 41.8683948  40.44694769 38.52319352 40.58813689],
2023-12-11 17:54:43.460696 Time: 247.382
2023-12-11 17:58:52.248676 Episodes 6600:, 
2023-12-11 17:58:52.248740 Total steps 330000/500000, 
2023-12-11 17:58:52.248961 Evaluation Reward: [42.18440248 42.92331053 41.77575238 42.94697863 39.73511938],
2023-12-11 17:58:52.249001 Time: 248.744
2023-12-11 18:03:01.004628 Episodes 6800:, 
2023-12-11 18:03:01.004698 Total steps 340000/500000, 
2023-12-11 18:03:01.004925 Evaluation Reward: [41.69565786 43.52936581 39.92846076 41.0959362  36.56043986],
2023-12-11 18:03:01.004964 Time: 248.718
2023-12-11 18:07:08.887997 Episodes 7000:, 
2023-12-11 18:07:08.888062 Total steps 350000/500000, 
2023-12-11 18:07:08.888279 Evaluation Reward: [41.55854935 42.42823402 43.31356688 34.39472396 41.51467475],
2023-12-11 18:07:08.888330 Time: 247.845
2023-12-11 18:11:18.155635 Episodes 7200:, 
2023-12-11 18:11:18.155711 Total steps 360000/500000, 
2023-12-11 18:11:18.155958 Evaluation Reward: [42.09065448 43.46718785 41.68852227 40.36554528 43.18697148],
2023-12-11 18:11:18.156003 Time: 249.171
2023-12-11 18:15:32.761950 Episodes 7400:, 
2023-12-11 18:15:32.762038 Total steps 370000/500000, 
2023-12-11 18:15:32.762264 Evaluation Reward: [41.66527532 40.3880306  41.01148413 39.62246704 39.59561847],
2023-12-11 18:15:32.762316 Time: 254.562
2023-12-11 18:19:43.251256 Episodes 7600:, 
2023-12-11 18:19:43.251340 Total steps 380000/500000, 
2023-12-11 18:19:43.251559 Evaluation Reward: [42.01855897 42.18812826 42.96490378 43.46174037 42.1883053 ],
2023-12-11 18:19:43.251601 Time: 250.446
2023-12-11 18:23:51.742996 Episodes 7800:, 
2023-12-11 18:23:51.743063 Total steps 390000/500000, 
2023-12-11 18:23:51.743302 Evaluation Reward: [39.21573919 40.01723056 42.14840938 40.08191499 40.21585279],
2023-12-11 18:23:51.743338 Time: 248.454
2023-12-11 18:28:01.693909 Episodes 8000:, 
2023-12-11 18:28:01.693996 Total steps 400000/500000, 
2023-12-11 18:28:01.694219 Evaluation Reward: [40.90992034 39.38593701 41.97528515 40.58768132 40.14063399],
2023-12-11 18:28:01.694256 Time: 249.91
2023-12-11 18:32:10.310388 Episodes 8200:, 
2023-12-11 18:32:10.310455 Total steps 410000/500000, 
2023-12-11 18:32:10.310695 Evaluation Reward: [41.1818451  42.16006552 41.88243556 41.19046577 41.87505339],
2023-12-11 18:32:10.310737 Time: 248.573
2023-12-11 18:36:20.266971 Episodes 8400:, 
2023-12-11 18:36:20.267042 Total steps 420000/500000, 
2023-12-11 18:36:20.267279 Evaluation Reward: [39.89185087 42.14729964 42.39635759 41.82981094 42.43289858],
2023-12-11 18:36:20.267325 Time: 249.915
2023-12-11 18:40:36.740803 Episodes 8600:, 
2023-12-11 18:40:36.740870 Total steps 430000/500000, 
2023-12-11 18:40:36.741076 Evaluation Reward: [40.59940584 41.20270517 43.9199633  41.36388029 40.61601427],
2023-12-11 18:40:36.741112 Time: 256.43
2023-12-11 18:44:46.424751 Episodes 8800:, 
2023-12-11 18:44:46.424814 Total steps 440000/500000, 
2023-12-11 18:44:46.425084 Evaluation Reward: [39.12828428 40.87308175 42.31723428 41.85749621 43.02811256],
2023-12-11 18:44:46.425129 Time: 249.641
2023-12-11 18:49:08.982368 Episodes 9000:, 
2023-12-11 18:49:08.982453 Total steps 450000/500000, 
2023-12-11 18:49:08.982696 Evaluation Reward: [39.6848642  41.19260621 43.57013344 40.85986874 41.35712616],
2023-12-11 18:49:08.982744 Time: 262.505
2023-12-11 18:53:21.883339 Episodes 9200:, 
2023-12-11 18:53:21.883405 Total steps 460000/500000, 
2023-12-11 18:53:21.883655 Evaluation Reward: [41.22141    41.03400149 39.52550871 42.31605548 40.65620222],
2023-12-11 18:53:21.883695 Time: 252.846
2023-12-11 18:57:34.766804 Episodes 9400:, 
2023-12-11 18:57:34.766890 Total steps 470000/500000, 
2023-12-11 18:57:34.767170 Evaluation Reward: [41.05052633 39.6024032  43.16091028 41.67259317 40.78487802],
2023-12-11 18:57:34.767215 Time: 252.84
2023-12-11 19:01:43.815931 Episodes 9600:, 
2023-12-11 19:01:43.816004 Total steps 480000/500000, 
2023-12-11 19:01:43.816228 Evaluation Reward: [38.03519721 41.76187863 41.45274157 41.70640987 40.3475394 ],
2023-12-11 19:01:43.816282 Time: 248.998
2023-12-11 19:05:51.511065 Episodes 9800:, 
2023-12-11 19:05:51.511142 Total steps 490000/500000, 
2023-12-11 19:05:51.511349 Evaluation Reward: [41.09418789 40.3094306  40.00254706 41.9174805  40.46744673],
2023-12-11 19:05:51.511384 Time: 247.651
2023-12-11 19:10:00.586604 Episodes 9999:, 
2023-12-11 19:10:00.586692 Total steps 499999/500000, 
2023-12-11 19:10:00.586903 Evaluation Reward: [41.06745593 42.59186323 42.37605935 41.64889468 41.99191483],
2023-12-11 19:10:00.586939 Time: 249.031
2023-12-11 19:10:00.655502 ========================================Basic Configurations========================================
2023-12-11 19:10:00.655567 Daemon Filename: /home/Desktop/studies/q_functionals_daemon/results/final/5agent_5landmarks_fixed_full_egreedy/ind_run_1-step-update_func-polynomial_rank-2_episode-10000_lr0001_b512_l3_n256_m500000_iter1/timestamp.log
2023-12-11 19:10:00.655593 Training Environment: q_functions_5agent_5landmarks_fixed
2023-12-11 19:10:00.655614 Functional: polynomial
2023-12-11 19:10:00.655635 rank: 2
2023-12-11 19:10:00.655654 seed: 4
2023-12-11 19:10:00.655679 learning_rate: 0.001
2023-12-11 19:10:00.655701 target_network_learning_rate: 0.005
2023-12-11 19:10:00.655720 nb_runs: 5
2023-12-11 19:10:00.655740 ma_type: ind
2023-12-11 19:10:00.655759 policy_type: e_greedy
2023-12-11 19:10:00.655779 noise_std: 0.05
2023-12-11 19:10:00.655799 ========================================Model Configurations========================================
2023-12-11 19:10:00.655819 TD3 Trick:: False
2023-12-11 19:10:00.655841 Entropy Regularization: 0.0
2023-12-11 19:10:00.655861 ======================================Sampling Configurations=======================================
2023-12-11 19:10:00.655891 : q_functions_5agent_5landmarks_fixed
2023-12-11 19:10:00.655913 Using quantile sampling during bootstrapping:: False
2023-12-11 19:10:00.655933 Using quantile sampling during evaluation interaction: False
2023-12-11 19:10:00.655953 Using quantile sampling during training interaction:: False
2023-12-11 19:10:00.655973 Sampling Percent: 0.01
2023-12-11 19:10:00.655992 Anneal Sampling Percent: False
2023-12-11 19:10:00.656011 ===============================================Split================================================
2023-12-11 19:10:00.657232 running on CUDA...
2023-12-11 19:10:47.751943 Episodes 0:, 
2023-12-11 19:10:47.752007 Total steps 0/500000, 
2023-12-11 19:10:47.752230 Evaluation Reward: [9.28634724e-02 2.40650710e-37 2.40620898e+00 6.54751631e+00
 1.49305029e+00],
2023-12-11 19:10:47.752269 Time: 2.154
2023-12-11 19:14:57.783916 Episodes 200:, 
2023-12-11 19:14:57.783984 Total steps 10000/500000, 
2023-12-11 19:14:57.784192 Evaluation Reward: [33.98437176 40.49395959 33.27383155 30.43280109 28.21452276],
2023-12-11 19:14:57.784229 Time: 250.032
2023-12-11 19:19:09.736077 Episodes 400:, 
2023-12-11 19:19:09.736145 Total steps 20000/500000, 
2023-12-11 19:19:09.736422 Evaluation Reward: [40.7892983  42.73926173 41.10543306 41.65537758 41.08070893],
2023-12-11 19:19:09.736461 Time: 251.929
2023-12-11 19:23:16.783529 Episodes 600:, 
2023-12-11 19:23:16.783612 Total steps 30000/500000, 
2023-12-11 19:23:16.783852 Evaluation Reward: [42.31807053 37.73089301 41.09990838 42.8193333  40.97901367],
2023-12-11 19:23:16.783910 Time: 247.024
2023-12-11 19:27:25.428705 Episodes 800:, 
2023-12-11 19:27:25.428778 Total steps 40000/500000, 
2023-12-11 19:27:25.428978 Evaluation Reward: [43.00061554 41.21730432 42.08574155 37.905398   42.40648965],
2023-12-11 19:27:25.429019 Time: 248.62
2023-12-11 19:31:34.834937 Episodes 1000:, 
2023-12-11 19:31:34.835013 Total steps 50000/500000, 
2023-12-11 19:31:34.835222 Evaluation Reward: [40.15593669 32.77114799 38.08034546 40.65808625 43.00410198],
2023-12-11 19:31:34.835263 Time: 249.381
2023-12-11 19:35:43.603003 Episodes 1200:, 
2023-12-11 19:35:43.603068 Total steps 60000/500000, 
2023-12-11 19:35:43.603290 Evaluation Reward: [41.9191039  37.40145041 35.45235619 36.0559464  36.31195681],
2023-12-11 19:35:43.603345 Time: 248.743
2023-12-11 19:39:54.002502 Episodes 1400:, 
2023-12-11 19:39:54.002583 Total steps 70000/500000, 
2023-12-11 19:39:54.002853 Evaluation Reward: [31.87298961 39.31348045 32.034406   38.29254835 23.60395601],
2023-12-11 19:39:54.002897 Time: 250.373
2023-12-11 19:44:03.148523 Episodes 1600:, 
2023-12-11 19:44:03.148590 Total steps 80000/500000, 
2023-12-11 19:44:03.148803 Evaluation Reward: [35.18995314 33.87427776 32.30533521 38.17030406 33.55541246],
2023-12-11 19:44:03.148839 Time: 249.115
2023-12-11 19:48:13.436452 Episodes 1800:, 
2023-12-11 19:48:13.436516 Total steps 90000/500000, 
2023-12-11 19:48:13.436725 Evaluation Reward: [36.34914666 41.63323198 40.73946924 33.66540652 42.32785559],
2023-12-11 19:48:13.436762 Time: 250.26
2023-12-11 19:52:21.268723 Episodes 2000:, 
2023-12-11 19:52:21.268806 Total steps 100000/500000, 
2023-12-11 19:52:21.269015 Evaluation Reward: [30.10837228 32.47992903 39.70667473 40.59995131 41.37566975],
2023-12-11 19:52:21.269052 Time: 247.804
2023-12-11 19:56:30.451704 Episodes 2200:, 
2023-12-11 19:56:30.451771 Total steps 110000/500000, 
2023-12-11 19:56:30.452002 Evaluation Reward: [41.1980223  25.03580845 41.50144421 40.62044069 20.92784187],
2023-12-11 19:56:30.452043 Time: 249.155
2023-12-11 20:00:40.804138 Episodes 2400:, 
2023-12-11 20:00:40.804206 Total steps 120000/500000, 
2023-12-11 20:00:40.804422 Evaluation Reward: [41.20479778 17.23639653 40.6445748  36.19731675 33.37044216],
2023-12-11 20:00:40.804461 Time: 250.324
2023-12-11 20:04:50.162100 Episodes 2600:, 
2023-12-11 20:04:50.162162 Total steps 130000/500000, 
2023-12-11 20:04:50.162376 Evaluation Reward: [43.08893086 41.10570303 40.74872379 42.26448115 33.91431099],
2023-12-11 20:04:50.162413 Time: 249.329
2023-12-11 20:08:59.758753 Episodes 2800:, 
2023-12-11 20:08:59.758832 Total steps 140000/500000, 
2023-12-11 20:08:59.759074 Evaluation Reward: [39.65217219 41.5918947  40.52848955 36.03945043 29.26840438],
2023-12-11 20:08:59.759115 Time: 249.567
2023-12-11 20:13:12.578170 Episodes 3000:, 
2023-12-11 20:13:12.578253 Total steps 150000/500000, 
2023-12-11 20:13:12.578472 Evaluation Reward: [43.24079377 42.48339929 41.67185181 40.42641798 35.250594  ],
2023-12-11 20:13:12.578512 Time: 252.785
2023-12-11 20:17:24.504321 Episodes 3200:, 
2023-12-11 20:17:24.504398 Total steps 160000/500000, 
2023-12-11 20:17:24.504614 Evaluation Reward: [40.21182202 41.2528454  39.16734027 40.3469779  26.37357314],
2023-12-11 20:17:24.504657 Time: 251.894
2023-12-11 20:21:33.618554 Episodes 3400:, 
2023-12-11 20:21:33.618621 Total steps 170000/500000, 
2023-12-11 20:21:33.618843 Evaluation Reward: [40.44162078 41.16646267 35.65992108 38.31359211 38.97655094],
2023-12-11 20:21:33.618879 Time: 249.082
2023-12-11 20:25:42.129051 Episodes 3600:, 
2023-12-11 20:25:42.129131 Total steps 180000/500000, 
2023-12-11 20:25:42.129338 Evaluation Reward: [33.06221268 42.6015646  32.87789488 40.87401052 41.95480553],
2023-12-11 20:25:42.129381 Time: 248.479
2023-12-11 20:29:51.575369 Episodes 3800:, 
2023-12-11 20:29:51.575448 Total steps 190000/500000, 
2023-12-11 20:29:51.575654 Evaluation Reward: [36.49977992 42.679228   41.89537262 41.9377178  42.88678391],
2023-12-11 20:29:51.575693 Time: 249.413
2023-12-11 20:34:00.745895 Episodes 4000:, 
2023-12-11 20:34:00.745963 Total steps 200000/500000, 
2023-12-11 20:34:00.746185 Evaluation Reward: [43.35276316 39.89323207 41.73593416 41.5956269  42.86676689],
2023-12-11 20:34:00.746227 Time: 249.138
2023-12-11 20:38:09.914610 Episodes 4200:, 
2023-12-11 20:38:09.914676 Total steps 210000/500000, 
2023-12-11 20:38:09.914881 Evaluation Reward: [40.15097821 42.62545114 40.58360065 40.78828787 40.62321566],
2023-12-11 20:38:09.914917 Time: 249.131
2023-12-11 20:42:17.477492 Episodes 4400:, 
2023-12-11 20:42:17.477565 Total steps 220000/500000, 
2023-12-11 20:42:17.477782 Evaluation Reward: [34.67965837 41.45225173 37.81443684 40.64594691 41.85854207],
2023-12-11 20:42:17.477821 Time: 247.53
2023-12-11 20:46:25.594884 Episodes 4600:, 
2023-12-11 20:46:25.594970 Total steps 230000/500000, 
2023-12-11 20:46:25.595208 Evaluation Reward: [39.76286087 43.61630758 36.80307724 38.34310312 41.98555611],
2023-12-11 20:46:25.595246 Time: 248.076
2023-12-11 20:51:04.977843 Episodes 4800:, 
2023-12-11 20:51:04.977905 Total steps 240000/500000, 
2023-12-11 20:51:04.978117 Evaluation Reward: [39.86390061 43.37261477 39.79663532 40.06613771 40.15179617],
2023-12-11 20:51:04.978154 Time: 279.347
2023-12-11 20:55:15.977338 Episodes 5000:, 
2023-12-11 20:55:15.977405 Total steps 250000/500000, 
2023-12-11 20:55:15.977617 Evaluation Reward: [42.426375   40.92345597 39.27557551 41.52030214 41.54383738],
2023-12-11 20:55:15.977655 Time: 250.962
2023-12-11 20:59:25.661818 Episodes 5200:, 
2023-12-11 20:59:25.661882 Total steps 260000/500000, 
2023-12-11 20:59:25.662079 Evaluation Reward: [42.45331731 41.71588344 40.89643223 35.75765707 40.55748467],
2023-12-11 20:59:25.662117 Time: 249.591
2023-12-11 21:03:33.484368 Episodes 5400:, 
2023-12-11 21:03:33.484437 Total steps 270000/500000, 
2023-12-11 21:03:33.484660 Evaluation Reward: [43.24843467 41.92466151 38.3483576  37.07917234 41.18711721],
2023-12-11 21:03:33.484700 Time: 247.786
2023-12-11 21:07:42.610627 Episodes 5600:, 
2023-12-11 21:07:42.610693 Total steps 280000/500000, 
2023-12-11 21:07:42.610914 Evaluation Reward: [40.39869565 40.15576973 43.33824643 41.92859474 42.81944478],
2023-12-11 21:07:42.610960 Time: 249.073
2023-12-11 21:11:53.667708 Episodes 5800:, 
2023-12-11 21:11:53.667783 Total steps 290000/500000, 
2023-12-11 21:11:53.668018 Evaluation Reward: [40.22542133 40.56460873 41.21494297 36.20070036 40.52214473],
2023-12-11 21:11:53.668063 Time: 251.021
2023-12-11 21:16:09.364098 Episodes 6000:, 
2023-12-11 21:16:09.364186 Total steps 300000/500000, 
2023-12-11 21:16:09.364477 Evaluation Reward: [43.0422086  41.51074714 38.99299065 41.2527309  41.29636327],
2023-12-11 21:16:09.364525 Time: 255.653
2023-12-11 21:20:18.757821 Episodes 6200:, 
2023-12-11 21:20:18.757884 Total steps 310000/500000, 
2023-12-11 21:20:18.758091 Evaluation Reward: [42.23412208 41.2041942  40.27350874 42.99034663 40.66471873],
2023-12-11 21:20:18.758128 Time: 249.345
2023-12-11 21:24:28.081246 Episodes 6400:, 
2023-12-11 21:24:28.081322 Total steps 320000/500000, 
2023-12-11 21:24:28.081535 Evaluation Reward: [38.3683864  40.69227738 39.99553885 40.2785227  41.28799429],
2023-12-11 21:24:28.081571 Time: 249.285
2023-12-11 21:29:01.270567 Episodes 6600:, 
2023-12-11 21:29:01.270631 Total steps 330000/500000, 
2023-12-11 21:29:01.270899 Evaluation Reward: [38.93808293 43.21544239 43.32897573 41.24364077 41.59183168],
2023-12-11 21:29:01.270944 Time: 273.149
2023-12-11 21:33:12.023103 Episodes 6800:, 
2023-12-11 21:33:12.023188 Total steps 340000/500000, 
2023-12-11 21:33:12.023402 Evaluation Reward: [41.49981698 43.10458071 39.63460453 43.08735753 41.73679617],
2023-12-11 21:33:12.023444 Time: 250.709
2023-12-11 21:37:22.371387 Episodes 7000:, 
2023-12-11 21:37:22.371455 Total steps 350000/500000, 
2023-12-11 21:37:22.371660 Evaluation Reward: [39.69218868 41.87745217 44.70438838 42.64480766 41.32951723],
2023-12-11 21:37:22.371699 Time: 250.306
2023-12-11 21:41:33.554641 Episodes 7200:, 
2023-12-11 21:41:33.554705 Total steps 360000/500000, 
2023-12-11 21:41:33.554928 Evaluation Reward: [41.77621064 41.91015564 40.04842323 41.3141891  40.46182266],
2023-12-11 21:41:33.554966 Time: 251.143
2023-12-11 21:45:43.327218 Episodes 7400:, 
2023-12-11 21:45:43.327289 Total steps 370000/500000, 
2023-12-11 21:45:43.327524 Evaluation Reward: [35.74862934 41.36771114 41.40700568 35.59950961 42.8248254 ],
2023-12-11 21:45:43.327563 Time: 249.73
2023-12-11 21:49:50.865917 Episodes 7600:, 
2023-12-11 21:49:50.865982 Total steps 380000/500000, 
2023-12-11 21:49:50.866202 Evaluation Reward: [41.33837299 41.65946319 42.085596   43.32522302 42.32373605],
2023-12-11 21:49:50.866243 Time: 247.497
2023-12-11 21:53:59.498009 Episodes 7800:, 
2023-12-11 21:53:59.498084 Total steps 390000/500000, 
2023-12-11 21:53:59.498296 Evaluation Reward: [39.6670925  43.09081557 39.831695   43.31513107 40.06574666],
2023-12-11 21:53:59.498347 Time: 248.581
2023-12-11 21:58:10.150196 Episodes 8000:, 
2023-12-11 21:58:10.150264 Total steps 400000/500000, 
2023-12-11 21:58:10.150488 Evaluation Reward: [42.54529231 41.48200134 39.73480436 43.49973051 42.65558062],
2023-12-11 21:58:10.150523 Time: 250.609
2023-12-11 22:02:19.495267 Episodes 8200:, 
2023-12-11 22:02:19.495341 Total steps 410000/500000, 
2023-12-11 22:02:19.495581 Evaluation Reward: [43.03778136 42.73130091 42.85508894 42.18921829 42.68030532],
2023-12-11 22:02:19.495632 Time: 249.303
2023-12-11 22:06:28.178020 Episodes 8400:, 
2023-12-11 22:06:28.178087 Total steps 420000/500000, 
2023-12-11 22:06:28.178303 Evaluation Reward: [40.4999892  42.94282141 41.65249458 40.68820914 40.46764486],
2023-12-11 22:06:28.178344 Time: 248.639
2023-12-11 22:10:36.125215 Episodes 8600:, 
2023-12-11 22:10:36.125285 Total steps 430000/500000, 
2023-12-11 22:10:36.125484 Evaluation Reward: [39.70899579 40.38673008 40.56600764 39.45395345 41.69833635],
2023-12-11 22:10:36.125519 Time: 247.903
2023-12-11 22:14:51.371382 Episodes 8800:, 
2023-12-11 22:14:51.371472 Total steps 440000/500000, 
2023-12-11 22:14:51.371697 Evaluation Reward: [41.82300082 40.92194942 41.38992178 42.18613371 41.84671152],
2023-12-11 22:14:51.371737 Time: 255.199
2023-12-11 22:19:06.028206 Episodes 9000:, 
2023-12-11 22:19:06.028278 Total steps 450000/500000, 
2023-12-11 22:19:06.028507 Evaluation Reward: [41.43402953 43.87919013 40.32816225 42.23055611 43.26615429],
2023-12-11 22:19:06.028554 Time: 254.611
2023-12-11 22:23:25.153325 Episodes 9200:, 
2023-12-11 22:23:25.153391 Total steps 460000/500000, 
2023-12-11 22:23:25.153650 Evaluation Reward: [41.62025017 42.36948509 39.03586217 36.30240726 39.73856156],
2023-12-11 22:23:25.153695 Time: 259.077
2023-12-11 22:27:38.638811 Episodes 9400:, 
2023-12-11 22:27:38.638881 Total steps 470000/500000, 
2023-12-11 22:27:38.639140 Evaluation Reward: [41.00721526 43.65250631 39.64273017 41.06334731 41.2121792 ],
2023-12-11 22:27:38.639186 Time: 253.434
2023-12-11 22:31:51.734904 Episodes 9600:, 
2023-12-11 22:31:51.734968 Total steps 480000/500000, 
2023-12-11 22:31:51.735193 Evaluation Reward: [42.19921649 43.61076222 41.43944983 44.39534304 41.31526345],
2023-12-11 22:31:51.735229 Time: 252.994
2023-12-11 22:36:03.850618 Episodes 9800:, 
2023-12-11 22:36:03.850685 Total steps 490000/500000, 
2023-12-11 22:36:03.850895 Evaluation Reward: [40.91006893 41.88472843 41.63585145 41.61350172 40.72417354],
2023-12-11 22:36:03.850932 Time: 252.07
2023-12-11 22:40:20.577204 Episodes 9999:, 
2023-12-11 22:40:20.577276 Total steps 499999/500000, 
2023-12-11 22:40:20.577502 Evaluation Reward: [42.04992333 44.16860469 38.12833284 41.58773698 41.70162508],
2023-12-11 22:40:20.577538 Time: 256.678
