2023-12-19 22:03:25.072195 ========================================Basic Configurations========================================
2023-12-19 22:03:25.072236 Daemon Filename: /home/Desktop/studies/q_functionals_daemon/results/final/5agent_5landmarks_fixed/iddpg_run_50-step-update_func-polynomial_rank-2_episode-10000_lr0001_b512_l3_n256_m500000_iter1/timestamp.log
2023-12-19 22:03:25.072252 Training Environment: q_functions_5agent_5landmarks_fixed
2023-12-19 22:03:25.072265 Functional: polynomial
2023-12-19 22:03:25.072276 rank: 2
2023-12-19 22:03:25.072288 seed: 0
2023-12-19 22:03:25.072301 learning_rate: 0.001
2023-12-19 22:03:25.072313 target_network_learning_rate: 0.005
2023-12-19 22:03:25.072325 nb_runs: 5
2023-12-19 22:03:25.072336 ma_type: iddpg
2023-12-19 22:03:25.072347 policy_type: gaussian
2023-12-19 22:03:25.072359 noise_std: 0.05
2023-12-19 22:03:25.072371 ========================================Model Configurations========================================
2023-12-19 22:03:25.072382 TD3 Trick:: False
2023-12-19 22:03:25.072395 Entropy Regularization: 0.0
2023-12-19 22:03:25.072406 ======================================Sampling Configurations=======================================
2023-12-19 22:03:25.072417 : q_functions_5agent_5landmarks_fixed
2023-12-19 22:03:25.072429 Using quantile sampling during bootstrapping:: False
2023-12-19 22:03:25.072441 Using quantile sampling during evaluation interaction: False
2023-12-19 22:03:25.072452 Using quantile sampling during training interaction:: False
2023-12-19 22:03:25.072464 Sampling Percent: 0.01
2023-12-19 22:03:25.072476 Anneal Sampling Percent: False
2023-12-19 22:03:25.072487 ===============================================Split================================================
2023-12-19 22:03:25.095837 running on CUDA...
2023-12-19 22:04:17.349781 Episodes 0:, 
2023-12-19 22:04:17.349916 Total steps 0/500000, 
2023-12-19 22:04:17.350380 Evaluation Reward: [0.7551085  1.14430112 1.40767605 0.60554301 2.01529542],
2023-12-19 22:04:17.350448 Time: 51.136
2023-12-19 22:05:39.243050 Episodes 200:, 
2023-12-19 22:05:39.243121 Total steps 10000/500000, 
2023-12-19 22:05:39.243354 Evaluation Reward: [0.90221256 0.53187103 0.43448494 0.70973153 1.08374331],
2023-12-19 22:05:39.243397 Time: 81.892
2023-12-19 22:07:04.467928 Episodes 400:, 
2023-12-19 22:07:04.467997 Total steps 20000/500000, 
2023-12-19 22:07:04.468191 Evaluation Reward: [ 0.98612158  1.9235813   3.53209823  1.07733194 31.94132962],
2023-12-19 22:07:04.468227 Time: 85.215
2023-12-19 22:08:18.506316 Episodes 600:, 
2023-12-19 22:08:18.506379 Total steps 30000/500000, 
2023-12-19 22:08:18.506569 Evaluation Reward: [37.26087701 39.56138388  7.77266125  2.34615443 35.59070266],
2023-12-19 22:08:18.506603 Time: 73.979
2023-12-19 22:09:28.019955 Episodes 800:, 
2023-12-19 22:09:28.020026 Total steps 40000/500000, 
2023-12-19 22:09:28.020230 Evaluation Reward: [43.88040896 28.45886071 40.44884174 14.04401973 39.5593233 ],
2023-12-19 22:09:28.020265 Time: 69.504
2023-12-19 22:10:37.459384 Episodes 1000:, 
2023-12-19 22:10:37.459449 Total steps 50000/500000, 
2023-12-19 22:10:37.459639 Evaluation Reward: [23.46496622 27.90211767 43.52993957 10.30929571 42.29197405],
2023-12-19 22:10:37.459672 Time: 69.43
2023-12-19 22:11:47.300473 Episodes 1200:, 
2023-12-19 22:11:47.300537 Total steps 60000/500000, 
2023-12-19 22:11:47.300726 Evaluation Reward: [39.94325023 26.91567836  9.59786562 12.27549575 39.98283162],
2023-12-19 22:11:47.300760 Time: 69.831
2023-12-19 22:12:56.724592 Episodes 1400:, 
2023-12-19 22:12:56.724654 Total steps 70000/500000, 
2023-12-19 22:12:56.724845 Evaluation Reward: [39.8093046   8.63326897 28.02248068 27.54040614 33.98227271],
2023-12-19 22:12:56.724879 Time: 69.414
2023-12-19 22:14:11.460938 Episodes 1600:, 
2023-12-19 22:14:11.461009 Total steps 80000/500000, 
2023-12-19 22:14:11.461243 Evaluation Reward: [40.14886969 11.97150391 38.9807997  32.32619163 40.73276779],
2023-12-19 22:14:11.461283 Time: 74.726
2023-12-19 22:15:28.259578 Episodes 1800:, 
2023-12-19 22:15:28.259660 Total steps 90000/500000, 
2023-12-19 22:15:28.259903 Evaluation Reward: [40.51599917 12.63215829 31.08246639 31.77033067 40.05757732],
2023-12-19 22:15:28.259949 Time: 76.786
2023-12-19 22:16:52.989438 Episodes 2000:, 
2023-12-19 22:16:52.989511 Total steps 100000/500000, 
2023-12-19 22:16:52.989728 Evaluation Reward: [42.15569079 37.60465774 27.43427647  3.73844671 37.46376316],
2023-12-19 22:16:52.989765 Time: 84.714
2023-12-19 22:18:11.016847 Episodes 2200:, 
2023-12-19 22:18:11.016944 Total steps 110000/500000, 
2023-12-19 22:18:11.017184 Evaluation Reward: [41.29872559 27.34448829 38.55717679 18.40389788 36.80614772],
2023-12-19 22:18:11.017233 Time: 78.014
2023-12-19 22:19:21.734258 Episodes 2400:, 
2023-12-19 22:19:21.734323 Total steps 120000/500000, 
2023-12-19 22:19:21.734514 Evaluation Reward: [ 6.73147789 13.29308488 35.67601912 23.28633292 25.72772946],
2023-12-19 22:19:21.734550 Time: 70.703
2023-12-19 22:20:35.732515 Episodes 2600:, 
2023-12-19 22:20:35.732595 Total steps 130000/500000, 
2023-12-19 22:20:35.732809 Evaluation Reward: [41.83357143 33.50196021 39.4978174   9.583965   38.76390203],
2023-12-19 22:20:35.732844 Time: 73.986
2023-12-19 22:21:46.070665 Episodes 2800:, 
2023-12-19 22:21:46.070730 Total steps 140000/500000, 
2023-12-19 22:21:46.070926 Evaluation Reward: [40.35279498 38.00292522 43.34165303  6.11139692 36.00927705],
2023-12-19 22:21:46.070960 Time: 70.324
2023-12-19 22:22:57.845317 Episodes 3000:, 
2023-12-19 22:22:57.845396 Total steps 150000/500000, 
2023-12-19 22:22:57.845606 Evaluation Reward: [42.28336938 35.6897523  40.80521147  9.3164248  41.20931155],
2023-12-19 22:22:57.845647 Time: 71.761
2023-12-19 22:24:13.432854 Episodes 3200:, 
2023-12-19 22:24:13.432920 Total steps 160000/500000, 
2023-12-19 22:24:13.433129 Evaluation Reward: [41.73516736 27.04643751 41.02081508 14.63106187 42.38720009],
2023-12-19 22:24:13.433167 Time: 75.572
2023-12-19 22:25:27.950983 Episodes 3400:, 
2023-12-19 22:25:27.951050 Total steps 170000/500000, 
2023-12-19 22:25:27.951283 Evaluation Reward: [42.09733486 29.23583497 40.95637881 14.92832014 42.29000028],
2023-12-19 22:25:27.951321 Time: 74.503
2023-12-19 22:26:44.256365 Episodes 3600:, 
2023-12-19 22:26:44.256450 Total steps 180000/500000, 
2023-12-19 22:26:44.256655 Evaluation Reward: [44.29082863 35.96520263 38.81806623 10.12047856 38.45831982],
2023-12-19 22:26:44.256691 Time: 76.289
2023-12-19 22:27:57.661454 Episodes 3800:, 
2023-12-19 22:27:57.661529 Total steps 190000/500000, 
2023-12-19 22:27:57.661758 Evaluation Reward: [32.85083665 20.28189933 37.77907743 23.3856584  41.19826976],
2023-12-19 22:27:57.661794 Time: 73.39
2023-12-19 22:29:11.528234 Episodes 4000:, 
2023-12-19 22:29:11.528313 Total steps 200000/500000, 
2023-12-19 22:29:11.528512 Evaluation Reward: [42.01296468 11.27395583 41.28082693 30.282976   38.26340067],
2023-12-19 22:29:11.528552 Time: 73.847
2023-12-19 22:30:21.676595 Episodes 4200:, 
2023-12-19 22:30:21.676659 Total steps 210000/500000, 
2023-12-19 22:30:21.676856 Evaluation Reward: [40.73715325 32.16730157 43.17083124 11.17498321 35.13661086],
2023-12-19 22:30:21.676889 Time: 70.132
2023-12-19 22:31:32.421128 Episodes 4400:, 
2023-12-19 22:31:32.421201 Total steps 220000/500000, 
2023-12-19 22:31:32.421423 Evaluation Reward: [43.23379149 36.3217539  41.96218102  8.49814033 41.66818881],
2023-12-19 22:31:32.421456 Time: 70.728
2023-12-19 22:32:43.773034 Episodes 4600:, 
2023-12-19 22:32:43.773096 Total steps 230000/500000, 
2023-12-19 22:32:43.773284 Evaluation Reward: [42.29346445 19.36816065 41.09478898 27.66717785 38.72858782],
2023-12-19 22:32:43.773326 Time: 71.334
2023-12-19 22:34:00.046916 Episodes 4800:, 
2023-12-19 22:34:00.047002 Total steps 240000/500000, 
2023-12-19 22:34:00.047273 Evaluation Reward: [39.60391121 21.32044193 37.55086009 24.92743609 42.97111413],
2023-12-19 22:34:00.047316 Time: 76.257
2023-12-19 22:35:23.604089 Episodes 5000:, 
2023-12-19 22:35:23.604155 Total steps 250000/500000, 
2023-12-19 22:35:23.604349 Evaluation Reward: [39.39702424 24.69544187 37.60458203 21.93975543 37.94722785],
2023-12-19 22:35:23.604385 Time: 83.535
2023-12-19 22:36:43.093093 Episodes 5200:, 
2023-12-19 22:36:43.093251 Total steps 260000/500000, 
2023-12-19 22:36:43.093728 Evaluation Reward: [38.32086801 18.39000413 41.48754648 27.02378216 41.24789194],
2023-12-19 22:36:43.093800 Time: 79.47
2023-12-19 22:38:03.137864 Episodes 5400:, 
2023-12-19 22:38:03.137938 Total steps 270000/500000, 
2023-12-19 22:38:03.138146 Evaluation Reward: [42.20931864 12.0836912  42.65504944 31.06061735 31.00073794],
2023-12-19 22:38:03.138187 Time: 80.0
2023-12-19 22:39:27.168503 Episodes 5600:, 
2023-12-19 22:39:27.168597 Total steps 280000/500000, 
2023-12-19 22:39:27.168883 Evaluation Reward: [42.5540084  33.52168108 41.74819446 11.91772421 17.48763753],
2023-12-19 22:39:27.168939 Time: 84.012
2023-12-19 22:41:02.511062 Episodes 5800:, 
2023-12-19 22:41:02.511157 Total steps 290000/500000, 
2023-12-19 22:41:02.511457 Evaluation Reward: [40.03496209 43.15351596 44.79746386  2.06984555 36.05192541],
2023-12-19 22:41:02.511504 Time: 95.316
2023-12-19 22:42:36.143832 Episodes 6000:, 
2023-12-19 22:42:36.143909 Total steps 300000/500000, 
2023-12-19 22:42:36.144143 Evaluation Reward: [38.08831802 24.23425194 34.68201568 20.49485495 38.92193699],
2023-12-19 22:42:36.144184 Time: 93.607
2023-12-19 22:43:58.195869 Episodes 6200:, 
2023-12-19 22:43:58.195941 Total steps 310000/500000, 
2023-12-19 22:43:58.196156 Evaluation Reward: [40.75226765 20.32407726 35.81224128 24.13246635 40.32774247],
2023-12-19 22:43:58.196193 Time: 82.029
2023-12-19 22:45:23.739393 Episodes 6400:, 
2023-12-19 22:45:23.739468 Total steps 320000/500000, 
2023-12-19 22:45:23.739697 Evaluation Reward: [41.91372268 30.24525935 43.76135474 14.54947464 40.21574155],
2023-12-19 22:45:23.739740 Time: 85.513
2023-12-19 22:46:44.390761 Episodes 6600:, 
2023-12-19 22:46:44.390847 Total steps 330000/500000, 
2023-12-19 22:46:44.391239 Evaluation Reward: [39.3379563   7.952187   18.42018525 37.17205665 35.33204506],
2023-12-19 22:46:44.391282 Time: 80.626
2023-12-19 22:48:03.259897 Episodes 6800:, 
2023-12-19 22:48:03.259971 Total steps 340000/500000, 
2023-12-19 22:48:03.260206 Evaluation Reward: [43.87735909 20.09451703 38.78221249 28.66290124 34.03289519],
2023-12-19 22:48:03.260247 Time: 78.84
2023-12-19 22:49:20.753136 Episodes 7000:, 
2023-12-19 22:49:20.753207 Total steps 350000/500000, 
2023-12-19 22:49:20.753449 Evaluation Reward: [42.93423889 28.76543297 41.87278729 17.49237879 44.27881403],
2023-12-19 22:49:20.753498 Time: 77.468
2023-12-19 22:50:46.725909 Episodes 7200:, 
2023-12-19 22:50:46.726029 Total steps 360000/500000, 
2023-12-19 22:50:46.726479 Evaluation Reward: [34.80829437 36.83243456 37.88814849  5.27811946 35.09237059],
2023-12-19 22:50:46.726548 Time: 85.949
2023-12-19 22:52:15.797936 Episodes 7400:, 
2023-12-19 22:52:15.798024 Total steps 370000/500000, 
2023-12-19 22:52:15.798258 Evaluation Reward: [42.93401564  2.77440893 43.68203409 41.16903907 41.25958775],
2023-12-19 22:52:15.798298 Time: 89.016
2023-12-19 22:53:45.522202 Episodes 7600:, 
2023-12-19 22:53:45.522276 Total steps 380000/500000, 
2023-12-19 22:53:45.522512 Evaluation Reward: [40.86034966  9.57717469 42.98789622 33.6135263  41.07389554],
2023-12-19 22:53:45.522553 Time: 89.697
2023-12-19 22:55:11.104004 Episodes 7800:, 
2023-12-19 22:55:11.104096 Total steps 390000/500000, 
2023-12-19 22:55:11.104368 Evaluation Reward: [36.13556251 21.56731228 40.15269718 26.38359333 37.47365674],
2023-12-19 22:55:11.104414 Time: 85.555
2023-12-19 22:56:46.165595 Episodes 8000:, 
2023-12-19 22:56:46.165676 Total steps 400000/500000, 
2023-12-19 22:56:46.165902 Evaluation Reward: [40.36518218 10.30136949 36.65367265 36.90328148 41.88443094],
2023-12-19 22:56:46.165942 Time: 95.03
2023-12-19 22:58:14.879351 Episodes 8200:, 
2023-12-19 22:58:14.879423 Total steps 410000/500000, 
2023-12-19 22:58:14.879704 Evaluation Reward: [41.50795448 15.04021516 40.99350972 31.21938486 39.58001445],
2023-12-19 22:58:14.879751 Time: 88.685
2023-12-19 22:59:53.312834 Episodes 8400:, 
2023-12-19 22:59:53.312916 Total steps 420000/500000, 
2023-12-19 22:59:53.313205 Evaluation Reward: [36.19397845 30.63700609 42.88299864 16.32166664 39.33076837],
2023-12-19 22:59:53.313250 Time: 98.394
2023-12-19 23:01:27.460240 Episodes 8600:, 
2023-12-19 23:01:27.460392 Total steps 430000/500000, 
2023-12-19 23:01:27.460821 Evaluation Reward: [42.83891414 37.67115314 38.70728797  9.76610929 42.91488062],
2023-12-19 23:01:27.460888 Time: 94.116
2023-12-19 23:02:56.680434 Episodes 8800:, 
2023-12-19 23:02:56.680505 Total steps 440000/500000, 
2023-12-19 23:02:56.680705 Evaluation Reward: [38.26744501 23.77696552 41.20217262 21.38165969 40.51914214],
2023-12-19 23:02:56.680743 Time: 89.147
2023-12-19 23:04:19.189163 Episodes 9000:, 
2023-12-19 23:04:19.189230 Total steps 450000/500000, 
2023-12-19 23:04:19.189456 Evaluation Reward: [35.02743982 35.74613234 40.60895808 10.25430936 37.91693347],
2023-12-19 23:04:19.189494 Time: 82.482
2023-12-19 23:05:35.164159 Episodes 9200:, 
2023-12-19 23:05:35.164227 Total steps 460000/500000, 
2023-12-19 23:05:35.164435 Evaluation Reward: [21.41028923 22.88737668 41.57522474 20.91057725 40.52077865],
2023-12-19 23:05:35.164473 Time: 75.942
2023-12-19 23:06:47.589327 Episodes 9400:, 
2023-12-19 23:06:47.589400 Total steps 470000/500000, 
2023-12-19 23:06:47.589605 Evaluation Reward: [39.13888186 19.35476644 42.27787315 27.09770516 36.7771218 ],
2023-12-19 23:06:47.589639 Time: 72.396
2023-12-19 23:08:13.747789 Episodes 9600:, 
2023-12-19 23:08:13.747869 Total steps 480000/500000, 
2023-12-19 23:08:13.748118 Evaluation Reward: [39.52349105 13.30708139 43.24666961 30.98500567 41.70723563],
2023-12-19 23:08:13.748156 Time: 86.129
2023-12-19 23:09:36.147149 Episodes 9800:, 
2023-12-19 23:09:36.147219 Total steps 490000/500000, 
2023-12-19 23:09:36.147436 Evaluation Reward: [39.26822562 32.43969209 40.864727   14.15266576 29.64305224],
2023-12-19 23:09:36.147476 Time: 82.368
2023-12-19 23:11:03.200550 Episodes 10000:, 
2023-12-19 23:11:03.200640 Total steps 499999/500000, 
2023-12-19 23:11:03.200901 Evaluation Reward: [41.1119848  21.55867768 42.54316244 25.52529187 39.01024056],
2023-12-19 23:11:03.200944 Time: 87.022
2023-12-19 23:11:05.647214 Episodes 10000:, 
2023-12-19 23:11:05.647280 Total steps 500000/500000, 
2023-12-19 23:11:05.647500 Evaluation Reward: [43.81425545 21.18905138 42.26757332 23.32522947 43.10241688],
2023-12-19 23:11:05.647536 Time: 2.41
2023-12-19 23:11:05.691307 ========================================Basic Configurations========================================
2023-12-19 23:11:05.691394 Daemon Filename: /home/Desktop/studies/q_functionals_daemon/results/final/5agent_5landmarks_fixed/iddpg_run_50-step-update_func-polynomial_rank-2_episode-10000_lr0001_b512_l3_n256_m500000_iter1/timestamp.log
2023-12-19 23:11:05.691423 Training Environment: q_functions_5agent_5landmarks_fixed
2023-12-19 23:11:05.691444 Functional: polynomial
2023-12-19 23:11:05.691464 rank: 2
2023-12-19 23:11:05.691479 seed: 1
2023-12-19 23:11:05.691499 learning_rate: 0.001
2023-12-19 23:11:05.691514 target_network_learning_rate: 0.005
2023-12-19 23:11:05.691529 nb_runs: 5
2023-12-19 23:11:05.691556 ma_type: iddpg
2023-12-19 23:11:05.691570 policy_type: gaussian
2023-12-19 23:11:05.691584 noise_std: 0.05
2023-12-19 23:11:05.691600 ========================================Model Configurations========================================
2023-12-19 23:11:05.691620 TD3 Trick:: False
2023-12-19 23:11:05.691643 Entropy Regularization: 0.0
2023-12-19 23:11:05.691659 ======================================Sampling Configurations=======================================
2023-12-19 23:11:05.691673 : q_functions_5agent_5landmarks_fixed
2023-12-19 23:11:05.691688 Using quantile sampling during bootstrapping:: False
2023-12-19 23:11:05.691703 Using quantile sampling during evaluation interaction: False
2023-12-19 23:11:05.691717 Using quantile sampling during training interaction:: False
2023-12-19 23:11:05.691738 Sampling Percent: 0.01
2023-12-19 23:11:05.691752 Anneal Sampling Percent: False
2023-12-19 23:11:05.691766 ===============================================Split================================================
2023-12-19 23:11:05.693339 running on CUDA...
2023-12-19 23:12:01.135995 Episodes 0:, 
2023-12-19 23:12:01.136099 Total steps 0/500000, 
2023-12-19 23:12:01.143313 Evaluation Reward: [3.31281211e-30 6.38115001e-01 9.13818980e-01 1.25730165e+00
 1.14512862e+00],
2023-12-19 23:12:01.143406 Time: 55.366
2023-12-19 23:13:33.098935 Episodes 200:, 
2023-12-19 23:13:33.099025 Total steps 10000/500000, 
2023-12-19 23:13:33.099249 Evaluation Reward: [2.28806497 2.12955177 2.42974942 5.13545916 0.92198461],
2023-12-19 23:13:33.099288 Time: 91.955
2023-12-19 23:14:51.194303 Episodes 400:, 
2023-12-19 23:14:51.194366 Total steps 20000/500000, 
2023-12-19 23:14:51.194583 Evaluation Reward: [1.47078389e+00 3.30623345e+00 5.29027314e+00 3.10624641e+00
 9.99521267e-30],
2023-12-19 23:14:51.194619 Time: 78.085
2023-12-19 23:16:09.093915 Episodes 600:, 
2023-12-19 23:16:09.093976 Total steps 30000/500000, 
2023-12-19 23:16:09.094175 Evaluation Reward: [ 2.81637897 27.12959744  3.74626167  7.62952089  0.63776598],
2023-12-19 23:16:09.094208 Time: 77.891
2023-12-19 23:17:28.140943 Episodes 800:, 
2023-12-19 23:17:28.141020 Total steps 40000/500000, 
2023-12-19 23:17:28.141242 Evaluation Reward: [ 6.2630182  29.72397541  8.22833538 25.93031943  2.76478199],
2023-12-19 23:17:28.141277 Time: 79.038
2023-12-19 23:18:56.914536 Episodes 1000:, 
2023-12-19 23:18:56.914607 Total steps 50000/500000, 
2023-12-19 23:18:56.914816 Evaluation Reward: [16.85377205 28.61981566 14.88109106 28.65334611 41.62305611],
2023-12-19 23:18:56.914853 Time: 88.764
2023-12-19 23:20:19.512211 Episodes 1200:, 
2023-12-19 23:20:19.512278 Total steps 60000/500000, 
2023-12-19 23:20:19.512474 Evaluation Reward: [ 5.97906565 33.24734682 11.26207703 36.93690482 39.36933903],
2023-12-19 23:20:19.512509 Time: 82.587
2023-12-19 23:21:43.302303 Episodes 1400:, 
2023-12-19 23:21:43.302367 Total steps 70000/500000, 
2023-12-19 23:21:43.302563 Evaluation Reward: [31.32639593 10.4112184  35.13126505 42.71698015 39.00881839],
2023-12-19 23:21:43.302597 Time: 83.78
2023-12-19 23:23:02.654203 Episodes 1600:, 
2023-12-19 23:23:02.654280 Total steps 80000/500000, 
2023-12-19 23:23:02.654501 Evaluation Reward: [38.59610658 33.81190608 10.4498075  41.41178108 38.00871484],
2023-12-19 23:23:02.654537 Time: 79.341
2023-12-19 23:24:25.314871 Episodes 1800:, 
2023-12-19 23:24:25.314949 Total steps 90000/500000, 
2023-12-19 23:24:25.315139 Evaluation Reward: [39.64890211 21.96863657 24.56891618 36.49369229 39.35530136],
2023-12-19 23:24:25.315175 Time: 82.648
2023-12-19 23:25:41.365227 Episodes 2000:, 
2023-12-19 23:25:41.365300 Total steps 100000/500000, 
2023-12-19 23:25:41.365493 Evaluation Reward: [30.95252871 20.87347607 22.99592901 41.85213368 42.46792839],
2023-12-19 23:25:41.365526 Time: 76.039
2023-12-19 23:26:58.510377 Episodes 2200:, 
2023-12-19 23:26:58.510515 Total steps 110000/500000, 
2023-12-19 23:26:58.510949 Evaluation Reward: [41.13992724 17.33411095 14.32754527 42.50466217 39.29584944],
2023-12-19 23:26:58.511010 Time: 77.134
2023-12-19 23:28:17.943553 Episodes 2400:, 
2023-12-19 23:28:17.943617 Total steps 120000/500000, 
2023-12-19 23:28:17.943830 Evaluation Reward: [39.86425234 16.65499411 26.92275332 41.44470582 39.95178738],
2023-12-19 23:28:17.943864 Time: 79.397
2023-12-19 23:29:27.515656 Episodes 2600:, 
2023-12-19 23:29:27.515717 Total steps 130000/500000, 
2023-12-19 23:29:27.515906 Evaluation Reward: [40.2126039   3.04543341 40.11153128 41.96346332 42.49585938],
2023-12-19 23:29:27.515938 Time: 69.559
2023-12-19 23:30:37.126646 Episodes 2800:, 
2023-12-19 23:30:37.126723 Total steps 140000/500000, 
2023-12-19 23:30:37.126935 Evaluation Reward: [41.76166999 23.80051738 21.2596069  40.52608121 19.76591676],
2023-12-19 23:30:37.126976 Time: 69.598
2023-12-19 23:31:47.246627 Episodes 3000:, 
2023-12-19 23:31:47.246687 Total steps 150000/500000, 
2023-12-19 23:31:47.246915 Evaluation Reward: [37.32169686 26.02973705 22.3998986  43.85288444 40.44471555],
2023-12-19 23:31:47.246954 Time: 70.106
2023-12-19 23:32:58.614522 Episodes 3200:, 
2023-12-19 23:32:58.614600 Total steps 160000/500000, 
2023-12-19 23:32:58.614792 Evaluation Reward: [41.1129681  14.00907332 30.83093488 43.01458629 42.4433338 ],
2023-12-19 23:32:58.614824 Time: 71.347
2023-12-19 23:34:08.885444 Episodes 3400:, 
2023-12-19 23:34:08.885512 Total steps 170000/500000, 
2023-12-19 23:34:08.885708 Evaluation Reward: [41.68926201  5.49272429 39.35067005 42.4720805  41.33559428],
2023-12-19 23:34:08.885739 Time: 70.257
2023-12-19 23:35:19.113650 Episodes 3600:, 
2023-12-19 23:35:19.113715 Total steps 180000/500000, 
2023-12-19 23:35:19.113902 Evaluation Reward: [39.70049418 36.33327978  8.65932588 42.02404257 40.97594499],
2023-12-19 23:35:19.113937 Time: 70.214
2023-12-19 23:36:29.093874 Episodes 3800:, 
2023-12-19 23:36:29.093962 Total steps 190000/500000, 
2023-12-19 23:36:29.094242 Evaluation Reward: [41.56311524 41.86989508  1.8310708  37.37441755 44.35983895],
2023-12-19 23:36:29.094283 Time: 69.965
2023-12-19 23:37:39.320329 Episodes 4000:, 
2023-12-19 23:37:39.320396 Total steps 200000/500000, 
2023-12-19 23:37:39.320589 Evaluation Reward: [34.54976102 26.68696402 21.55547284 42.77257399 43.1965717 ],
2023-12-19 23:37:39.320623 Time: 70.199
2023-12-19 23:38:49.480482 Episodes 4200:, 
2023-12-19 23:38:49.480547 Total steps 210000/500000, 
2023-12-19 23:38:49.480747 Evaluation Reward: [37.8300248  35.97115731  7.9568713  43.34246603 36.08920191],
2023-12-19 23:38:49.480781 Time: 70.144
2023-12-19 23:39:59.389310 Episodes 4400:, 
2023-12-19 23:39:59.389366 Total steps 220000/500000, 
2023-12-19 23:39:59.389553 Evaluation Reward: [41.69122944 23.31428028 22.11417373 39.50841772 41.47940795],
2023-12-19 23:39:59.389586 Time: 69.892
2023-12-19 23:41:15.724148 Episodes 4600:, 
2023-12-19 23:41:15.724218 Total steps 230000/500000, 
2023-12-19 23:41:15.724407 Evaluation Reward: [39.25097545 37.33894197  9.46359491 44.0937065  43.31374423],
2023-12-19 23:41:15.724442 Time: 76.317
2023-12-19 23:42:35.542529 Episodes 4800:, 
2023-12-19 23:42:35.542674 Total steps 240000/500000, 
2023-12-19 23:42:35.543117 Evaluation Reward: [31.4736005  11.31016988 36.68484255 41.66901264 41.26547904],
2023-12-19 23:42:35.543180 Time: 79.802
2023-12-19 23:43:53.288404 Episodes 5000:, 
2023-12-19 23:43:53.288471 Total steps 250000/500000, 
2023-12-19 23:43:53.288681 Evaluation Reward: [39.71003548 26.99246327 17.74164966 39.20943513 42.05570946],
2023-12-19 23:43:53.288718 Time: 77.699
2023-12-19 23:45:12.963308 Episodes 5200:, 
2023-12-19 23:45:12.963376 Total steps 260000/500000, 
2023-12-19 23:45:12.963589 Evaluation Reward: [42.85681143 24.9492483  21.74580598 23.88757747 36.0437174 ],
2023-12-19 23:45:12.963625 Time: 79.656
2023-12-19 23:46:31.195835 Episodes 5400:, 
2023-12-19 23:46:31.195981 Total steps 270000/500000, 
2023-12-19 23:46:31.196428 Evaluation Reward: [43.94942213 19.29052617 32.51626757 44.62045386 43.87422769],
2023-12-19 23:46:31.196496 Time: 78.213
2023-12-19 23:47:53.504133 Episodes 5600:, 
2023-12-19 23:47:53.504233 Total steps 280000/500000, 
2023-12-19 23:47:53.508503 Evaluation Reward: [41.41095672 37.09386879  6.99678215 41.92968712 39.59343777],
2023-12-19 23:47:53.508559 Time: 82.265
2023-12-19 23:49:13.704778 Episodes 5800:, 
2023-12-19 23:49:13.704843 Total steps 290000/500000, 
2023-12-19 23:49:13.705038 Evaluation Reward: [39.45266793  1.60137784 41.96647295 42.40059673 42.01882109],
2023-12-19 23:49:13.705072 Time: 80.17
2023-12-19 23:50:29.878070 Episodes 6000:, 
2023-12-19 23:50:29.878136 Total steps 300000/500000, 
2023-12-19 23:50:29.878333 Evaluation Reward: [42.19421442 26.52686032 19.86450328 45.03867776 42.96046091],
2023-12-19 23:50:29.878370 Time: 76.153
2023-12-19 23:51:46.448075 Episodes 6200:, 
2023-12-19 23:51:46.448148 Total steps 310000/500000, 
2023-12-19 23:51:46.448348 Evaluation Reward: [34.93378247 18.58025566 25.59273347 43.98851569 40.17973066],
2023-12-19 23:51:46.448383 Time: 76.55
2023-12-19 23:53:03.890822 Episodes 6400:, 
2023-12-19 23:53:03.890888 Total steps 320000/500000, 
2023-12-19 23:53:03.891076 Evaluation Reward: [38.12865225 28.40427991 16.90498904 42.23565524 42.66283769],
2023-12-19 23:53:03.891125 Time: 77.421
2023-12-19 23:54:19.257167 Episodes 6600:, 
2023-12-19 23:54:19.257251 Total steps 330000/500000, 
2023-12-19 23:54:19.257513 Evaluation Reward: [22.29034759 29.04067067 14.68924239 39.9850804  39.35529244],
2023-12-19 23:54:19.257547 Time: 75.345
2023-12-19 23:55:34.763765 Episodes 6800:, 
2023-12-19 23:55:34.763829 Total steps 340000/500000, 
2023-12-19 23:55:34.764020 Evaluation Reward: [12.41284387 22.06782136 23.51741413 42.68740207 42.47775113],
2023-12-19 23:55:34.764057 Time: 75.482
2023-12-19 23:56:54.874614 Episodes 7000:, 
2023-12-19 23:56:54.874683 Total steps 350000/500000, 
2023-12-19 23:56:54.874904 Evaluation Reward: [42.46668124 40.0476242   5.760268   42.26695105 42.0573558 ],
2023-12-19 23:56:54.874942 Time: 80.085
2023-12-19 23:58:17.966712 Episodes 7200:, 
2023-12-19 23:58:17.966776 Total steps 360000/500000, 
2023-12-19 23:58:17.966971 Evaluation Reward: [41.44322669 11.43381463 34.86567153 40.89016614 40.95720317],
2023-12-19 23:58:17.967005 Time: 83.067
2023-12-19 23:59:30.164169 Episodes 7400:, 
2023-12-19 23:59:30.164247 Total steps 370000/500000, 
2023-12-19 23:59:30.164443 Evaluation Reward: [34.13966047 32.26300834 11.92081542 41.49104978 42.30294406],
2023-12-19 23:59:30.164476 Time: 72.173
2023-12-20 00:00:46.537684 Episodes 7600:, 
2023-12-20 00:00:46.537759 Total steps 380000/500000, 
2023-12-20 00:00:46.537971 Evaluation Reward: [42.42975056 12.88366896 33.8168105  41.7129218  39.72531077],
2023-12-20 00:00:46.538005 Time: 76.349
2023-12-20 00:02:07.382968 Episodes 7800:, 
2023-12-20 00:02:07.383039 Total steps 390000/500000, 
2023-12-20 00:02:07.383250 Evaluation Reward: [45.7701279  26.8386186  19.76657346 41.84805563 43.35846326],
2023-12-20 00:02:07.383285 Time: 80.822
2023-12-20 00:03:26.648703 Episodes 8000:, 
2023-12-20 00:03:26.648793 Total steps 400000/500000, 
2023-12-20 00:03:26.649029 Evaluation Reward: [38.19921356 17.66384966 24.83970026 43.84895543 41.18244345],
2023-12-20 00:03:26.649078 Time: 79.241
2023-12-20 00:04:51.129376 Episodes 8200:, 
2023-12-20 00:04:51.129468 Total steps 410000/500000, 
2023-12-20 00:04:51.129776 Evaluation Reward: [40.93636901 31.5967024  13.94810185 43.45044199 42.64380981],
2023-12-20 00:04:51.129835 Time: 84.452
2023-12-20 00:06:06.809163 Episodes 8400:, 
2023-12-20 00:06:06.809257 Total steps 420000/500000, 
2023-12-20 00:06:06.809512 Evaluation Reward: [37.3778697  26.05083213 18.26009066 43.54206233 41.96522192],
2023-12-20 00:06:06.809555 Time: 75.637
2023-12-20 00:07:32.065552 Episodes 8600:, 
2023-12-20 00:07:32.065628 Total steps 430000/500000, 
2023-12-20 00:07:32.065860 Evaluation Reward: [38.50484808 29.76246139  4.67967595 16.33442478 32.47037008],
2023-12-20 00:07:32.065898 Time: 85.227
2023-12-20 00:09:04.065393 Episodes 8800:, 
2023-12-20 00:09:04.065527 Total steps 440000/500000, 
2023-12-20 00:09:04.065937 Evaluation Reward: [43.1155857  30.54374423 14.14205818 42.97429264 43.18482577],
2023-12-20 00:09:04.065992 Time: 91.97
2023-12-20 00:10:25.215130 Episodes 9000:, 
2023-12-20 00:10:25.215200 Total steps 450000/500000, 
2023-12-20 00:10:25.215456 Evaluation Reward: [42.34965268 34.34147032 11.57258828 43.10033408 25.87666698],
2023-12-20 00:10:25.215500 Time: 81.09
2023-12-20 00:11:45.252930 Episodes 9200:, 
2023-12-20 00:11:45.253002 Total steps 460000/500000, 
2023-12-20 00:11:45.253222 Evaluation Reward: [44.188844    8.73085801 36.41207595 42.62848593 42.26890211],
2023-12-20 00:11:45.253256 Time: 79.997
2023-12-20 00:13:14.203609 Episodes 9400:, 
2023-12-20 00:13:14.203691 Total steps 470000/500000, 
2023-12-20 00:13:14.203958 Evaluation Reward: [23.62946667 19.21266175 24.74698354 44.64459418 37.53061849],
2023-12-20 00:13:14.203999 Time: 88.921
2023-12-20 00:14:36.127734 Episodes 9600:, 
2023-12-20 00:14:36.127809 Total steps 480000/500000, 
2023-12-20 00:14:36.128035 Evaluation Reward: [34.54207044 25.7927588  19.11682493 44.62228666 41.38961751],
2023-12-20 00:14:36.128075 Time: 81.893
2023-12-20 00:15:53.848409 Episodes 9800:, 
2023-12-20 00:15:53.848482 Total steps 490000/500000, 
2023-12-20 00:15:53.848676 Evaluation Reward: [32.31649523  5.25418623 37.67533217 42.29717477 45.0340998 ],
2023-12-20 00:15:53.848710 Time: 77.688
2023-12-20 00:17:09.349098 Episodes 10000:, 
2023-12-20 00:17:09.349177 Total steps 499999/500000, 
2023-12-20 00:17:09.349393 Evaluation Reward: [34.60858757 20.18555728 23.8900575  39.97457935 38.1258864 ],
2023-12-20 00:17:09.349433 Time: 75.471
2023-12-20 00:17:12.784746 Episodes 10000:, 
2023-12-20 00:17:12.784911 Total steps 500000/500000, 
2023-12-20 00:17:12.785392 Evaluation Reward: [33.28708328 29.55469539 15.85625503 44.35185304 40.62803541],
2023-12-20 00:17:12.785464 Time: 3.405
2023-12-20 00:17:12.874881 ========================================Basic Configurations========================================
2023-12-20 00:17:12.875010 Daemon Filename: /home/Desktop/studies/q_functionals_daemon/results/final/5agent_5landmarks_fixed/iddpg_run_50-step-update_func-polynomial_rank-2_episode-10000_lr0001_b512_l3_n256_m500000_iter1/timestamp.log
2023-12-20 00:17:12.875062 Training Environment: q_functions_5agent_5landmarks_fixed
2023-12-20 00:17:12.875102 Functional: polynomial
2023-12-20 00:17:12.875137 rank: 2
2023-12-20 00:17:12.875168 seed: 2
2023-12-20 00:17:12.875213 learning_rate: 0.001
2023-12-20 00:17:12.875251 target_network_learning_rate: 0.005
2023-12-20 00:17:12.875285 nb_runs: 5
2023-12-20 00:17:12.875321 ma_type: iddpg
2023-12-20 00:17:12.875354 policy_type: gaussian
2023-12-20 00:17:12.875389 noise_std: 0.05
2023-12-20 00:17:12.875426 ========================================Model Configurations========================================
2023-12-20 00:17:12.875460 TD3 Trick:: False
2023-12-20 00:17:12.875495 Entropy Regularization: 0.0
2023-12-20 00:17:12.875533 ======================================Sampling Configurations=======================================
2023-12-20 00:17:12.875566 : q_functions_5agent_5landmarks_fixed
2023-12-20 00:17:12.875599 Using quantile sampling during bootstrapping:: False
2023-12-20 00:17:12.875635 Using quantile sampling during evaluation interaction: False
2023-12-20 00:17:12.875669 Using quantile sampling during training interaction:: False
2023-12-20 00:17:12.875704 Sampling Percent: 0.01
2023-12-20 00:17:12.875737 Anneal Sampling Percent: False
2023-12-20 00:17:12.875769 ===============================================Split================================================
2023-12-20 00:17:12.878076 running on CUDA...
2023-12-20 00:18:07.868650 Episodes 0:, 
2023-12-20 00:18:07.868725 Total steps 0/500000, 
2023-12-20 00:18:07.868959 Evaluation Reward: [2.09727938 0.35984229 3.40330017 1.41388295 1.96004742],
2023-12-20 00:18:07.869000 Time: 54.836
2023-12-20 00:19:21.764799 Episodes 200:, 
2023-12-20 00:19:21.764864 Total steps 10000/500000, 
2023-12-20 00:19:21.765114 Evaluation Reward: [1.35082314 0.87252534 8.1766623  0.17247744 1.26970487],
2023-12-20 00:19:21.765156 Time: 73.896
2023-12-20 00:20:41.136504 Episodes 400:, 
2023-12-20 00:20:41.136575 Total steps 20000/500000, 
2023-12-20 00:20:41.136792 Evaluation Reward: [ 8.82722667 23.6921013   2.70434163 34.79476375  8.4597393 ],
2023-12-20 00:20:41.136828 Time: 79.36
2023-12-20 00:22:03.997482 Episodes 600:, 
2023-12-20 00:22:03.997557 Total steps 30000/500000, 
2023-12-20 00:22:03.997773 Evaluation Reward: [28.44213559  6.59482327 26.57803539  3.92737742 24.34733463],
2023-12-20 00:22:03.997809 Time: 82.852
2023-12-20 00:23:25.540428 Episodes 800:, 
2023-12-20 00:23:25.540512 Total steps 40000/500000, 
2023-12-20 00:23:25.540744 Evaluation Reward: [35.99974271 14.9751281  38.19693032 24.75598325 30.2670743 ],
2023-12-20 00:23:25.540785 Time: 81.533
2023-12-20 00:24:53.326718 Episodes 1000:, 
2023-12-20 00:24:53.326810 Total steps 50000/500000, 
2023-12-20 00:24:53.327086 Evaluation Reward: [41.77399678  0.44920946 42.01821042 37.56453213 41.32780262],
2023-12-20 00:24:53.327131 Time: 87.775
2023-12-20 00:26:21.997555 Episodes 1200:, 
2023-12-20 00:26:21.997626 Total steps 60000/500000, 
2023-12-20 00:26:21.997845 Evaluation Reward: [36.94318428  7.32991648 42.04839472 25.40867943 36.59231559],
2023-12-20 00:26:21.997895 Time: 88.658
2023-12-20 00:27:41.104753 Episodes 1400:, 
2023-12-20 00:27:41.104823 Total steps 70000/500000, 
2023-12-20 00:27:41.105030 Evaluation Reward: [38.82295425 27.02492752 42.85029812 42.93887359 14.73251879],
2023-12-20 00:27:41.105069 Time: 79.094
2023-12-20 00:28:59.830247 Episodes 1600:, 
2023-12-20 00:28:59.830326 Total steps 80000/500000, 
2023-12-20 00:28:59.830563 Evaluation Reward: [40.35691123 30.92178681 40.7889781  42.40166174 15.34675839],
2023-12-20 00:28:59.830602 Time: 78.715
2023-12-20 00:30:22.435556 Episodes 1800:, 
2023-12-20 00:30:22.435631 Total steps 90000/500000, 
2023-12-20 00:30:22.435865 Evaluation Reward: [37.58316215 27.29634001 42.72000691 28.47553356 17.22230312],
2023-12-20 00:30:22.435903 Time: 82.593
2023-12-20 00:31:36.757723 Episodes 2000:, 
2023-12-20 00:31:36.757798 Total steps 100000/500000, 
2023-12-20 00:31:36.758013 Evaluation Reward: [37.36769623 29.5174697  41.35887545 40.82324493 14.4703296 ],
2023-12-20 00:31:36.758049 Time: 74.31
2023-12-20 00:33:09.306418 Episodes 2200:, 
2023-12-20 00:33:09.306497 Total steps 110000/500000, 
2023-12-20 00:33:09.306740 Evaluation Reward: [40.94356963 23.58794816 42.45642271 39.95538259 21.60942296],
2023-12-20 00:33:09.306781 Time: 92.536
2023-12-20 00:34:34.588190 Episodes 2400:, 
2023-12-20 00:34:34.588265 Total steps 120000/500000, 
2023-12-20 00:34:34.588489 Evaluation Reward: [40.57164829 16.41192446 43.47697834 41.89445622 25.03552089],
2023-12-20 00:34:34.588530 Time: 85.266
2023-12-20 00:35:48.835150 Episodes 2600:, 
2023-12-20 00:35:48.835223 Total steps 130000/500000, 
2023-12-20 00:35:48.835440 Evaluation Reward: [39.70152451 29.495692   39.73327682 41.01027455 11.12759021],
2023-12-20 00:35:48.835481 Time: 74.232
2023-12-20 00:37:07.182855 Episodes 2800:, 
2023-12-20 00:37:07.182938 Total steps 140000/500000, 
2023-12-20 00:37:07.183190 Evaluation Reward: [13.4733908  26.37086526 42.34275254 42.96410013 21.83088851],
2023-12-20 00:37:07.183230 Time: 78.333
2023-12-20 00:38:31.338617 Episodes 3000:, 
2023-12-20 00:38:31.338693 Total steps 150000/500000, 
2023-12-20 00:38:31.338933 Evaluation Reward: [41.29655199 37.95109363 42.23720172 40.43714591  5.70252127],
2023-12-20 00:38:31.338970 Time: 84.139
2023-12-20 00:39:45.479382 Episodes 3200:, 
2023-12-20 00:39:45.479459 Total steps 160000/500000, 
2023-12-20 00:39:45.479690 Evaluation Reward: [25.70647861 26.98185357 40.15073857 39.48485685 18.37826163],
2023-12-20 00:39:45.479728 Time: 74.125
2023-12-20 00:41:12.274530 Episodes 3400:, 
2023-12-20 00:41:12.274612 Total steps 170000/500000, 
2023-12-20 00:41:12.274869 Evaluation Reward: [42.11958214 29.15633908 42.49662562 40.20363585 13.94699127],
2023-12-20 00:41:12.274908 Time: 86.78
2023-12-20 00:42:37.920326 Episodes 3600:, 
2023-12-20 00:42:37.920401 Total steps 180000/500000, 
2023-12-20 00:42:37.920623 Evaluation Reward: [41.12150553 20.00193842 38.44694766 26.41145391 22.9057145 ],
2023-12-20 00:42:37.920660 Time: 85.628
2023-12-20 00:44:05.744014 Episodes 3800:, 
2023-12-20 00:44:05.744087 Total steps 190000/500000, 
2023-12-20 00:44:05.744308 Evaluation Reward: [33.18001967 13.16324891 43.11538061 41.85318315 32.40755291],
2023-12-20 00:44:05.744345 Time: 87.804
2023-12-20 00:45:26.567009 Episodes 4000:, 
2023-12-20 00:45:26.567090 Total steps 200000/500000, 
2023-12-20 00:45:26.567335 Evaluation Reward: [38.23908892 34.48087289 43.48515103  4.70502294 11.5273227 ],
2023-12-20 00:45:26.567375 Time: 80.804
2023-12-20 00:46:42.007308 Episodes 4200:, 
2023-12-20 00:46:42.007383 Total steps 210000/500000, 
2023-12-20 00:46:42.007604 Evaluation Reward: [42.24872743 14.59738329 42.86520463 35.3972978  31.28071741],
2023-12-20 00:46:42.007640 Time: 75.421
2023-12-20 00:48:20.672922 Episodes 4400:, 
2023-12-20 00:48:20.673117 Total steps 220000/500000, 
2023-12-20 00:48:20.673614 Evaluation Reward: [33.8235963  35.34370741 40.04559838 38.34235518  8.78506131],
2023-12-20 00:48:20.673686 Time: 98.645
2023-12-20 00:49:49.852985 Episodes 4600:, 
2023-12-20 00:49:49.853053 Total steps 230000/500000, 
2023-12-20 00:49:49.853271 Evaluation Reward: [38.59194002 41.48712123 33.44186798 40.59753706  2.26079792],
2023-12-20 00:49:49.853324 Time: 89.137
2023-12-20 00:51:25.454536 Episodes 4800:, 
2023-12-20 00:51:25.454622 Total steps 240000/500000, 
2023-12-20 00:51:25.454860 Evaluation Reward: [39.65957644 20.86392979 43.11785721 39.78680508 24.31958174],
2023-12-20 00:51:25.454897 Time: 95.581
2023-12-20 00:52:47.957981 Episodes 5000:, 
2023-12-20 00:52:47.958143 Total steps 250000/500000, 
2023-12-20 00:52:47.958368 Evaluation Reward: [38.70218212 13.40007084 39.79475276 42.07728113 34.99085613],
2023-12-20 00:52:47.958408 Time: 82.482
2023-12-20 00:54:09.214384 Episodes 5200:, 
2023-12-20 00:54:09.214476 Total steps 260000/500000, 
2023-12-20 00:54:09.214758 Evaluation Reward: [30.03884317 25.11746517 41.68525845 44.60889256 20.53910713],
2023-12-20 00:54:09.214805 Time: 81.235
2023-12-20 00:55:42.692004 Episodes 5400:, 
2023-12-20 00:55:42.692080 Total steps 270000/500000, 
2023-12-20 00:55:42.692309 Evaluation Reward: [42.52233507 14.08669778 42.49991486 42.55061196 33.42909496],
2023-12-20 00:55:42.692349 Time: 93.451
2023-12-20 00:57:13.824703 Episodes 5600:, 
2023-12-20 00:57:13.824829 Total steps 280000/500000, 
2023-12-20 00:57:13.825237 Evaluation Reward: [43.0689422   9.35684282 42.51125557 42.83828534 37.04334324],
2023-12-20 00:57:13.825313 Time: 91.111
2023-12-20 00:58:41.518592 Episodes 5800:, 
2023-12-20 00:58:41.518664 Total steps 290000/500000, 
2023-12-20 00:58:41.518911 Evaluation Reward: [40.94951939 25.1843411  41.31194842 40.33392484 20.92428832],
2023-12-20 00:58:41.518947 Time: 87.654
2023-12-20 01:00:17.812134 Episodes 6000:, 
2023-12-20 01:00:17.812220 Total steps 300000/500000, 
2023-12-20 01:00:17.812475 Evaluation Reward: [37.93628347 24.92074756 31.60226645 44.26707123 20.16814929],
2023-12-20 01:00:17.812518 Time: 96.27
2023-12-20 01:01:41.803384 Episodes 6200:, 
2023-12-20 01:01:41.803452 Total steps 310000/500000, 
2023-12-20 01:01:41.803673 Evaluation Reward: [40.20152285 34.80738001 39.95485633 42.52953122 13.73133667],
2023-12-20 01:01:41.803711 Time: 83.968
2023-12-20 01:03:03.855445 Episodes 6400:, 
2023-12-20 01:03:03.855519 Total steps 320000/500000, 
2023-12-20 01:03:03.855739 Evaluation Reward: [41.61094018 39.62647337 27.95936865 43.72659514  5.31192632],
2023-12-20 01:03:03.855777 Time: 82.027
2023-12-20 01:04:26.875018 Episodes 6600:, 
2023-12-20 01:04:26.875102 Total steps 330000/500000, 
2023-12-20 01:04:26.875338 Evaluation Reward: [35.65943265 39.50309258 41.66003585 38.75002551  6.68255383],
2023-12-20 01:04:26.875376 Time: 82.994
2023-12-20 01:05:48.243332 Episodes 6800:, 
2023-12-20 01:05:48.243409 Total steps 340000/500000, 
2023-12-20 01:05:48.243626 Evaluation Reward: [32.01942053 23.82008372 43.34911162 42.03165681 22.27305651],
2023-12-20 01:05:48.243663 Time: 81.344
2023-12-20 01:07:06.405971 Episodes 7000:, 
2023-12-20 01:07:06.406054 Total steps 350000/500000, 
2023-12-20 01:07:06.410307 Evaluation Reward: [37.45199526 35.78663183 34.34528928 42.42901957  9.10895865],
2023-12-20 01:07:06.410355 Time: 78.141
2023-12-20 01:08:23.531434 Episodes 7200:, 
2023-12-20 01:08:23.531516 Total steps 360000/500000, 
2023-12-20 01:08:23.531845 Evaluation Reward: [42.47153415 27.75731184 39.52886694 38.15580256 18.09962357],
2023-12-20 01:08:23.531889 Time: 77.078
2023-12-20 01:09:39.755073 Episodes 7400:, 
2023-12-20 01:09:39.755161 Total steps 370000/500000, 
2023-12-20 01:09:39.755388 Evaluation Reward: [35.52843653 13.5380119  41.85900575 40.92061486 30.28323072],
2023-12-20 01:09:39.755428 Time: 76.189
2023-12-20 01:11:01.434344 Episodes 7600:, 
2023-12-20 01:11:01.434423 Total steps 380000/500000, 
2023-12-20 01:11:01.434733 Evaluation Reward: [40.73502465  8.9324432  42.55800801 41.80158604 35.31340335],
2023-12-20 01:11:01.434781 Time: 81.652
2023-12-20 01:12:28.053356 Episodes 7800:, 
2023-12-20 01:12:28.053463 Total steps 390000/500000, 
2023-12-20 01:12:28.053759 Evaluation Reward: [38.72300111 25.19832556 35.66396847 41.23281969 21.17838223],
2023-12-20 01:12:28.053821 Time: 86.579
2023-12-20 01:14:04.612112 Episodes 8000:, 
2023-12-20 01:14:04.612221 Total steps 400000/500000, 
2023-12-20 01:14:04.612611 Evaluation Reward: [21.36818969 32.67525358 40.05141024 40.58077804 12.30117855],
2023-12-20 01:14:04.612676 Time: 96.522
2023-12-20 01:15:38.052360 Episodes 8200:, 
2023-12-20 01:15:38.052505 Total steps 410000/500000, 
2023-12-20 01:15:38.052860 Evaluation Reward: [37.94474097 23.04550122 43.32257554 38.77874509 23.76707103],
2023-12-20 01:15:38.052913 Time: 93.381
2023-12-20 01:17:20.875998 Episodes 8400:, 
2023-12-20 01:17:20.876166 Total steps 420000/500000, 
2023-12-20 01:17:20.876639 Evaluation Reward: [38.91501505 17.97996711 38.87525266 42.01838539 27.67327921],
2023-12-20 01:17:20.876716 Time: 102.769
2023-12-20 01:18:53.299110 Episodes 8600:, 
2023-12-20 01:18:53.299186 Total steps 430000/500000, 
2023-12-20 01:18:53.299411 Evaluation Reward: [42.42670413  5.54563139 40.02345325 39.27032997 40.28265373],
2023-12-20 01:18:53.299449 Time: 92.357
2023-12-20 01:20:17.096152 Episodes 8800:, 
2023-12-20 01:20:17.096225 Total steps 440000/500000, 
2023-12-20 01:20:17.096449 Evaluation Reward: [40.45559261  4.03218094 38.95802118 40.67242517 41.03079055],
2023-12-20 01:20:17.096490 Time: 83.766
2023-12-20 01:21:33.995514 Episodes 9000:, 
2023-12-20 01:21:33.995589 Total steps 450000/500000, 
2023-12-20 01:21:33.995815 Evaluation Reward: [35.73949172 28.20559124 43.9682104  30.68297166 18.12383193],
2023-12-20 01:21:33.995855 Time: 76.869
2023-12-20 01:22:48.824885 Episodes 9200:, 
2023-12-20 01:22:48.824974 Total steps 460000/500000, 
2023-12-20 01:22:48.825196 Evaluation Reward: [40.65601434 35.79678077 40.58657138 42.44251161 11.27766811],
2023-12-20 01:22:48.825233 Time: 74.798
2023-12-20 01:24:04.781848 Episodes 9400:, 
2023-12-20 01:24:04.781932 Total steps 470000/500000, 
2023-12-20 01:24:04.782197 Evaluation Reward: [38.68145883  6.96157446 36.48930762 40.55155381 41.26823989],
2023-12-20 01:24:04.782237 Time: 75.924
2023-12-20 01:25:19.611255 Episodes 9600:, 
2023-12-20 01:25:19.611328 Total steps 480000/500000, 
2023-12-20 01:25:19.611565 Evaluation Reward: [32.33702134  5.44090886 42.77649456 39.30331441 40.1224394 ],
2023-12-20 01:25:19.611601 Time: 74.796
2023-12-20 01:26:36.070199 Episodes 9800:, 
2023-12-20 01:26:36.070277 Total steps 490000/500000, 
2023-12-20 01:26:36.070506 Evaluation Reward: [40.26704162 11.24128147 36.26748091 39.9100907  36.76362259],
2023-12-20 01:26:36.070544 Time: 76.427
2023-12-20 01:27:51.169915 Episodes 10000:, 
2023-12-20 01:27:51.170002 Total steps 499999/500000, 
2023-12-20 01:27:51.170274 Evaluation Reward: [40.59452495  9.61695961 41.51658944 37.96997382 34.05333853],
2023-12-20 01:27:51.170313 Time: 75.067
2023-12-20 01:27:53.654317 Episodes 10000:, 
2023-12-20 01:27:53.654399 Total steps 500000/500000, 
2023-12-20 01:27:53.654659 Evaluation Reward: [42.46089973 22.32546192 41.92339241 39.05318049 23.10085012],
2023-12-20 01:27:53.654700 Time: 2.449
2023-12-20 01:27:53.703832 ========================================Basic Configurations========================================
2023-12-20 01:27:53.703913 Daemon Filename: /home/Desktop/studies/q_functionals_daemon/results/final/5agent_5landmarks_fixed/iddpg_run_50-step-update_func-polynomial_rank-2_episode-10000_lr0001_b512_l3_n256_m500000_iter1/timestamp.log
2023-12-20 01:27:53.703934 Training Environment: q_functions_5agent_5landmarks_fixed
2023-12-20 01:27:53.703951 Functional: polynomial
2023-12-20 01:27:53.703968 rank: 2
2023-12-20 01:27:53.703984 seed: 3
2023-12-20 01:27:53.704004 learning_rate: 0.001
2023-12-20 01:27:53.704020 target_network_learning_rate: 0.005
2023-12-20 01:27:53.704036 nb_runs: 5
2023-12-20 01:27:53.704052 ma_type: iddpg
2023-12-20 01:27:53.704067 policy_type: gaussian
2023-12-20 01:27:53.704084 noise_std: 0.05
2023-12-20 01:27:53.704101 ========================================Model Configurations========================================
2023-12-20 01:27:53.704119 TD3 Trick:: False
2023-12-20 01:27:53.704147 Entropy Regularization: 0.0
2023-12-20 01:27:53.704163 ======================================Sampling Configurations=======================================
2023-12-20 01:27:53.704178 : q_functions_5agent_5landmarks_fixed
2023-12-20 01:27:53.704193 Using quantile sampling during bootstrapping:: False
2023-12-20 01:27:53.704209 Using quantile sampling during evaluation interaction: False
2023-12-20 01:27:53.704225 Using quantile sampling during training interaction:: False
2023-12-20 01:27:53.704241 Sampling Percent: 0.01
2023-12-20 01:27:53.704256 Anneal Sampling Percent: False
2023-12-20 01:27:53.704272 ===============================================Split================================================
2023-12-20 01:27:53.705555 running on CUDA...
2023-12-20 01:28:44.554254 Episodes 0:, 
2023-12-20 01:28:44.554350 Total steps 0/500000, 
2023-12-20 01:28:44.554617 Evaluation Reward: [1.4869199  1.00163419 0.68152162 1.08692862 0.24468517],
2023-12-20 01:28:44.554657 Time: 50.741
2023-12-20 01:29:59.468953 Episodes 200:, 
2023-12-20 01:29:59.469040 Total steps 10000/500000, 
2023-12-20 01:29:59.469263 Evaluation Reward: [5.70421717 0.55636227 0.86152824 4.18249883 1.28500746],
2023-12-20 01:29:59.469311 Time: 74.914
2023-12-20 01:31:14.962201 Episodes 400:, 
2023-12-20 01:31:14.962276 Total steps 20000/500000, 
2023-12-20 01:31:14.962512 Evaluation Reward: [39.71564214  0.09178023  0.63212803  4.46910451  0.09202565],
2023-12-20 01:31:14.962551 Time: 75.484
2023-12-20 01:32:31.625039 Episodes 600:, 
2023-12-20 01:32:31.625112 Total steps 30000/500000, 
2023-12-20 01:32:31.625370 Evaluation Reward: [42.19190352  0.99227272 30.76327006  2.37572138  7.5649993 ],
2023-12-20 01:32:31.625420 Time: 76.653
2023-12-20 01:33:46.259064 Episodes 800:, 
2023-12-20 01:33:46.259134 Total steps 40000/500000, 
2023-12-20 01:33:46.259341 Evaluation Reward: [37.67062684  3.66669983 32.35609714 40.89442265 18.88592726],
2023-12-20 01:33:46.259379 Time: 74.624
2023-12-20 01:35:00.925605 Episodes 1000:, 
2023-12-20 01:35:00.925679 Total steps 50000/500000, 
2023-12-20 01:35:00.925960 Evaluation Reward: [40.90022922 31.29588373 42.93573409 42.44808898 32.79576806],
2023-12-20 01:35:00.926006 Time: 74.657
2023-12-20 01:36:15.714188 Episodes 1200:, 
2023-12-20 01:36:15.714289 Total steps 60000/500000, 
2023-12-20 01:36:15.714632 Evaluation Reward: [38.26972765 39.71715562 42.61985296 39.03482801 43.54482254],
2023-12-20 01:36:15.714689 Time: 74.773
2023-12-20 01:37:34.550553 Episodes 1400:, 
2023-12-20 01:37:34.550663 Total steps 70000/500000, 
2023-12-20 01:37:34.550985 Evaluation Reward: [40.64361672 41.10293793 41.0992795  43.01104168 43.15094893],
2023-12-20 01:37:34.551030 Time: 78.816
2023-12-20 01:38:58.904741 Episodes 1600:, 
2023-12-20 01:38:58.904823 Total steps 80000/500000, 
2023-12-20 01:38:58.905066 Evaluation Reward: [38.47083251 36.01914381 40.9420873  40.55883079 41.33772454],
2023-12-20 01:38:58.905108 Time: 84.338
2023-12-20 01:40:16.540482 Episodes 1800:, 
2023-12-20 01:40:16.540561 Total steps 90000/500000, 
2023-12-20 01:40:16.540793 Evaluation Reward: [41.35923959 41.95999085 41.95229428 43.23407622 42.41994267],
2023-12-20 01:40:16.540832 Time: 77.623
2023-12-20 01:41:31.682025 Episodes 2000:, 
2023-12-20 01:41:31.682116 Total steps 100000/500000, 
2023-12-20 01:41:31.682461 Evaluation Reward: [41.53392477 39.52034475 40.58082173 38.09497103 31.94966764],
2023-12-20 01:41:31.682509 Time: 75.128
2023-12-20 01:42:46.994047 Episodes 2200:, 
2023-12-20 01:42:46.994135 Total steps 110000/500000, 
2023-12-20 01:42:46.994381 Evaluation Reward: [42.53510515 43.87283066 35.65667306 44.44654655 44.31091814],
2023-12-20 01:42:46.994432 Time: 75.288
2023-12-20 01:44:02.516391 Episodes 2400:, 
2023-12-20 01:44:02.516466 Total steps 120000/500000, 
2023-12-20 01:44:02.516691 Evaluation Reward: [40.50886925 43.44782563 31.02635793 42.33017679 41.93938308],
2023-12-20 01:44:02.516732 Time: 75.508
2023-12-20 01:45:25.352167 Episodes 2600:, 
2023-12-20 01:45:25.352245 Total steps 130000/500000, 
2023-12-20 01:45:25.352505 Evaluation Reward: [38.01777007 39.72935594 37.20130212 14.15414875 30.31104151],
2023-12-20 01:45:25.352546 Time: 82.821
2023-12-20 01:46:47.317994 Episodes 2800:, 
2023-12-20 01:46:47.318088 Total steps 140000/500000, 
2023-12-20 01:46:47.318355 Evaluation Reward: [40.59866882 40.56362291 38.37787601 37.98799198 37.47968983],
2023-12-20 01:46:47.318397 Time: 81.95
2023-12-20 01:48:03.221008 Episodes 3000:, 
2023-12-20 01:48:03.221081 Total steps 150000/500000, 
2023-12-20 01:48:03.221308 Evaluation Reward: [40.7861302  41.6542062  38.04155148 38.55374905 39.6798498 ],
2023-12-20 01:48:03.221357 Time: 75.886
2023-12-20 01:49:19.319444 Episodes 3200:, 
2023-12-20 01:49:19.319596 Total steps 160000/500000, 
2023-12-20 01:49:19.320043 Evaluation Reward: [41.82493792 40.37621049 44.14174931 41.30805246 39.36752786],
2023-12-20 01:49:19.320115 Time: 76.084
2023-12-20 01:50:36.218086 Episodes 3400:, 
2023-12-20 01:50:36.218167 Total steps 170000/500000, 
2023-12-20 01:50:36.218409 Evaluation Reward: [36.13650988 36.11560903 42.35816079 32.08044658 40.27461322],
2023-12-20 01:50:36.218450 Time: 76.862
2023-12-20 01:52:11.027007 Episodes 3600:, 
2023-12-20 01:52:11.027080 Total steps 180000/500000, 
2023-12-20 01:52:11.027303 Evaluation Reward: [35.38748871 42.19019416 44.2356547  37.50359727 41.09738233],
2023-12-20 01:52:11.027342 Time: 94.791
2023-12-20 01:53:25.259979 Episodes 3800:, 
2023-12-20 01:53:25.260066 Total steps 190000/500000, 
2023-12-20 01:53:25.260300 Evaluation Reward: [41.93679848 38.52179608 25.08717247 25.05981712 35.68941633],
2023-12-20 01:53:25.260351 Time: 74.216
2023-12-20 01:54:39.737398 Episodes 4000:, 
2023-12-20 01:54:39.737477 Total steps 200000/500000, 
2023-12-20 01:54:39.737694 Evaluation Reward: [42.97025589 38.5101524  44.30548197 30.18378696 41.44360698],
2023-12-20 01:54:39.737729 Time: 74.459
2023-12-20 01:55:53.682395 Episodes 4200:, 
2023-12-20 01:55:53.682475 Total steps 210000/500000, 
2023-12-20 01:55:53.682700 Evaluation Reward: [34.60333662 41.33741664 40.73341293 34.88854373 39.75004029],
2023-12-20 01:55:53.682739 Time: 73.926
2023-12-20 01:57:09.859537 Episodes 4400:, 
2023-12-20 01:57:09.859613 Total steps 220000/500000, 
2023-12-20 01:57:09.859845 Evaluation Reward: [39.93774228 40.70868273 42.21405292 41.84230114 38.87231919],
2023-12-20 01:57:09.859881 Time: 76.157
2023-12-20 01:58:23.648696 Episodes 4600:, 
2023-12-20 01:58:23.648772 Total steps 230000/500000, 
2023-12-20 01:58:23.649009 Evaluation Reward: [41.91298618 42.39659522 38.20583266 38.461423   40.38620495],
2023-12-20 01:58:23.649048 Time: 73.769
2023-12-20 01:59:37.745253 Episodes 4800:, 
2023-12-20 01:59:37.745364 Total steps 240000/500000, 
2023-12-20 01:59:37.745649 Evaluation Reward: [38.99821954 42.04597455 35.89155685 20.78676879 37.23291625],
2023-12-20 01:59:37.745689 Time: 74.075
2023-12-20 02:00:52.071095 Episodes 5000:, 
2023-12-20 02:00:52.071169 Total steps 250000/500000, 
2023-12-20 02:00:52.071402 Evaluation Reward: [31.72648974 26.68429141 37.00047287 36.97781295 42.9067834 ],
2023-12-20 02:00:52.071445 Time: 74.305
2023-12-20 02:02:06.917426 Episodes 5200:, 
2023-12-20 02:02:06.917499 Total steps 260000/500000, 
2023-12-20 02:02:06.917771 Evaluation Reward: [41.82099128 29.9983559  45.26964353 38.00400105 41.04565386],
2023-12-20 02:02:06.917821 Time: 74.826
2023-12-20 02:03:21.486503 Episodes 5400:, 
2023-12-20 02:03:21.486578 Total steps 270000/500000, 
2023-12-20 02:03:21.486797 Evaluation Reward: [40.39020405 41.36823247 37.20146833 41.41715397 43.0402494 ],
2023-12-20 02:03:21.486834 Time: 74.547
2023-12-20 02:04:36.192519 Episodes 5600:, 
2023-12-20 02:04:36.192592 Total steps 280000/500000, 
2023-12-20 02:04:36.192811 Evaluation Reward: [20.86350817 36.45607192 42.16495681 15.94957427 37.20302342],
2023-12-20 02:04:36.192849 Time: 74.685
2023-12-20 02:05:50.790719 Episodes 5800:, 
2023-12-20 02:05:50.790800 Total steps 290000/500000, 
2023-12-20 02:05:50.791055 Evaluation Reward: [41.45773289 37.15447337 41.00335271 38.86583378 43.00054319],
2023-12-20 02:05:50.791094 Time: 74.575
2023-12-20 02:07:04.891138 Episodes 6000:, 
2023-12-20 02:07:04.891212 Total steps 300000/500000, 
2023-12-20 02:07:04.891448 Evaluation Reward: [39.53936757 41.53285194 41.67146258 42.93875752 38.03156153],
2023-12-20 02:07:04.891487 Time: 74.079
2023-12-20 02:08:19.508672 Episodes 6200:, 
2023-12-20 02:08:19.508763 Total steps 310000/500000, 
2023-12-20 02:08:19.509027 Evaluation Reward: [38.62509194 30.71894286 42.73756224 36.62497785 36.48386047],
2023-12-20 02:08:19.509067 Time: 74.595
2023-12-20 02:09:33.935679 Episodes 6400:, 
2023-12-20 02:09:33.935753 Total steps 320000/500000, 
2023-12-20 02:09:33.935993 Evaluation Reward: [41.40748411 43.7017906  37.67944856 42.11694213 34.34599196],
2023-12-20 02:09:33.936035 Time: 74.403
2023-12-20 02:10:48.572594 Episodes 6600:, 
2023-12-20 02:10:48.572668 Total steps 330000/500000, 
2023-12-20 02:10:48.572896 Evaluation Reward: [39.49210968 37.85697344 34.95910763 43.48026829 40.79521644],
2023-12-20 02:10:48.572935 Time: 74.613
2023-12-20 02:12:02.953056 Episodes 6800:, 
2023-12-20 02:12:02.953172 Total steps 340000/500000, 
2023-12-20 02:12:02.953426 Evaluation Reward: [37.46704295 41.98081389 41.87244716 42.19050704 42.04964946],
2023-12-20 02:12:02.953462 Time: 74.356
2023-12-20 02:13:17.361016 Episodes 7000:, 
2023-12-20 02:13:17.361095 Total steps 350000/500000, 
2023-12-20 02:13:17.361350 Evaluation Reward: [45.26288062 11.31400009 40.74947173 43.48643215 40.18643534],
2023-12-20 02:13:17.361390 Time: 74.383
2023-12-20 02:14:31.673063 Episodes 7200:, 
2023-12-20 02:14:31.673138 Total steps 360000/500000, 
2023-12-20 02:14:31.673399 Evaluation Reward: [28.11175846 42.75094965 35.06066717 40.86509619 41.71409083],
2023-12-20 02:14:31.673438 Time: 74.287
2023-12-20 02:15:46.040617 Episodes 7400:, 
2023-12-20 02:15:46.040695 Total steps 370000/500000, 
2023-12-20 02:15:46.040907 Evaluation Reward: [43.72456846 37.73768093 38.86086546 41.96994123 42.11626358],
2023-12-20 02:15:46.040947 Time: 74.342
2023-12-20 02:17:00.812985 Episodes 7600:, 
2023-12-20 02:17:00.813062 Total steps 380000/500000, 
2023-12-20 02:17:00.813275 Evaluation Reward: [36.30487503 41.13041266 43.25976598 33.11964602 18.23535162],
2023-12-20 02:17:00.813320 Time: 74.747
2023-12-20 02:18:15.322439 Episodes 7800:, 
2023-12-20 02:18:15.322536 Total steps 390000/500000, 
2023-12-20 02:18:15.322781 Evaluation Reward: [42.8205027  37.63029249 35.24907458 43.86975528 43.01573823],
2023-12-20 02:18:15.322826 Time: 74.483
2023-12-20 02:19:30.032469 Episodes 8000:, 
2023-12-20 02:19:30.032543 Total steps 400000/500000, 
2023-12-20 02:19:30.032759 Evaluation Reward: [41.88675625 21.59315048 39.00142906 28.33126778 40.89882767],
2023-12-20 02:19:30.032794 Time: 74.683
2023-12-20 02:20:44.190922 Episodes 8200:, 
2023-12-20 02:20:44.191009 Total steps 410000/500000, 
2023-12-20 02:20:44.191233 Evaluation Reward: [28.90750693 40.76976711 39.49980379 41.93319469 37.28950442],
2023-12-20 02:20:44.191274 Time: 74.131
2023-12-20 02:21:58.716781 Episodes 8400:, 
2023-12-20 02:21:58.716855 Total steps 420000/500000, 
2023-12-20 02:21:58.717087 Evaluation Reward: [40.43133678 39.63392317 41.93171834 39.4882812  40.99836465],
2023-12-20 02:21:58.717126 Time: 74.497
2023-12-20 02:23:13.940787 Episodes 8600:, 
2023-12-20 02:23:13.940861 Total steps 430000/500000, 
2023-12-20 02:23:13.941102 Evaluation Reward: [13.2809343  41.60875267 43.60520271 41.15198303 43.14522134],
2023-12-20 02:23:13.941141 Time: 75.195
2023-12-20 02:24:28.744692 Episodes 8800:, 
2023-12-20 02:24:28.744772 Total steps 440000/500000, 
2023-12-20 02:24:28.745022 Evaluation Reward: [40.3944509  37.44759755 36.17774391 41.6521197  41.75152271],
2023-12-20 02:24:28.745087 Time: 74.774
2023-12-20 02:25:43.743665 Episodes 9000:, 
2023-12-20 02:25:43.743739 Total steps 450000/500000, 
2023-12-20 02:25:43.743970 Evaluation Reward: [14.44515017 40.70911551 41.43558194 36.90772022 40.53346318],
2023-12-20 02:25:43.744007 Time: 74.967
2023-12-20 02:26:58.535740 Episodes 9200:, 
2023-12-20 02:26:58.535830 Total steps 460000/500000, 
2023-12-20 02:26:58.536077 Evaluation Reward: [42.04039792 40.89561891 41.1439515  40.66692616 40.83208605],
2023-12-20 02:26:58.536118 Time: 74.76
2023-12-20 02:28:13.368555 Episodes 9400:, 
2023-12-20 02:28:13.368652 Total steps 470000/500000, 
2023-12-20 02:28:13.368907 Evaluation Reward: [41.69962409 25.62388242 38.43920294 44.36926726 40.73427724],
2023-12-20 02:28:13.368948 Time: 74.801
2023-12-20 02:29:28.451780 Episodes 9600:, 
2023-12-20 02:29:28.451855 Total steps 480000/500000, 
2023-12-20 02:29:28.452086 Evaluation Reward: [39.57656728 40.27360314 42.36103664 42.30710746 40.82577785],
2023-12-20 02:29:28.452124 Time: 75.052
2023-12-20 02:30:43.198612 Episodes 9800:, 
2023-12-20 02:30:43.198701 Total steps 490000/500000, 
2023-12-20 02:30:43.198927 Evaluation Reward: [41.96334643 38.35382109 40.65471377 39.94096038 43.3477504 ],
2023-12-20 02:30:43.198969 Time: 74.715
2023-12-20 02:31:57.775686 Episodes 10000:, 
2023-12-20 02:31:57.775762 Total steps 499999/500000, 
2023-12-20 02:31:57.775992 Evaluation Reward: [40.66573294 42.90415806 41.5843082  22.21894756 41.08112174],
2023-12-20 02:31:57.776027 Time: 74.544
2023-12-20 02:32:00.207156 Episodes 10000:, 
2023-12-20 02:32:00.207245 Total steps 500000/500000, 
2023-12-20 02:32:00.207499 Evaluation Reward: [41.72363324 40.71692421 39.857374   23.35128096 41.20322857],
2023-12-20 02:32:00.207535 Time: 2.4
2023-12-20 02:32:00.253652 ========================================Basic Configurations========================================
2023-12-20 02:32:00.253714 Daemon Filename: /home/Desktop/studies/q_functionals_daemon/results/final/5agent_5landmarks_fixed/iddpg_run_50-step-update_func-polynomial_rank-2_episode-10000_lr0001_b512_l3_n256_m500000_iter1/timestamp.log
2023-12-20 02:32:00.253734 Training Environment: q_functions_5agent_5landmarks_fixed
2023-12-20 02:32:00.253751 Functional: polynomial
2023-12-20 02:32:00.253767 rank: 2
2023-12-20 02:32:00.253782 seed: 4
2023-12-20 02:32:00.253801 learning_rate: 0.001
2023-12-20 02:32:00.253817 target_network_learning_rate: 0.005
2023-12-20 02:32:00.253832 nb_runs: 5
2023-12-20 02:32:00.253847 ma_type: iddpg
2023-12-20 02:32:00.253862 policy_type: gaussian
2023-12-20 02:32:00.253877 noise_std: 0.05
2023-12-20 02:32:00.253894 ========================================Model Configurations========================================
2023-12-20 02:32:00.253910 TD3 Trick:: False
2023-12-20 02:32:00.253926 Entropy Regularization: 0.0
2023-12-20 02:32:00.253941 ======================================Sampling Configurations=======================================
2023-12-20 02:32:00.253955 : q_functions_5agent_5landmarks_fixed
2023-12-20 02:32:00.253971 Using quantile sampling during bootstrapping:: False
2023-12-20 02:32:00.253986 Using quantile sampling during evaluation interaction: False
2023-12-20 02:32:00.254001 Using quantile sampling during training interaction:: False
2023-12-20 02:32:00.254017 Sampling Percent: 0.01
2023-12-20 02:32:00.254038 Anneal Sampling Percent: False
2023-12-20 02:32:00.254053 ===============================================Split================================================
2023-12-20 02:32:00.255233 running on CUDA...
2023-12-20 02:32:46.734481 Episodes 0:, 
2023-12-20 02:32:46.734560 Total steps 0/500000, 
2023-12-20 02:32:46.734795 Evaluation Reward: [0.97409426 1.09184888 0.36879627 0.8140376  1.8147622 ],
2023-12-20 02:32:46.734842 Time: 46.376
2023-12-20 02:34:00.138658 Episodes 200:, 
2023-12-20 02:34:00.138741 Total steps 10000/500000, 
2023-12-20 02:34:00.138972 Evaluation Reward: [ 0.45215369 19.1502727   1.20697733  1.28232112  1.34854568],
2023-12-20 02:34:00.139009 Time: 73.404
2023-12-20 02:35:14.310993 Episodes 400:, 
2023-12-20 02:35:14.311113 Total steps 20000/500000, 
2023-12-20 02:35:14.311480 Evaluation Reward: [ 0.61209266 12.11486542  0.97560691  6.15772754 10.61940787],
2023-12-20 02:35:14.311550 Time: 74.163
2023-12-20 02:36:28.252800 Episodes 600:, 
2023-12-20 02:36:28.252875 Total steps 30000/500000, 
2023-12-20 02:36:28.253160 Evaluation Reward: [ 1.32116118  2.25029774 28.8166634  15.62315337  4.0821459 ],
2023-12-20 02:36:28.253217 Time: 73.931
2023-12-20 02:37:42.201720 Episodes 800:, 
2023-12-20 02:37:42.201796 Total steps 40000/500000, 
2023-12-20 02:37:42.202029 Evaluation Reward: [13.91010112 27.15787685 16.76051123 27.35811821  9.61608251],
2023-12-20 02:37:42.202077 Time: 73.935
2023-12-20 02:38:56.151891 Episodes 1000:, 
2023-12-20 02:38:56.151981 Total steps 50000/500000, 
2023-12-20 02:38:56.152203 Evaluation Reward: [ 3.08104429 36.02419531 30.64086099 41.87745302 17.34084653],
2023-12-20 02:38:56.152241 Time: 73.94
2023-12-20 02:40:10.309354 Episodes 1200:, 
2023-12-20 02:40:10.309458 Total steps 60000/500000, 
2023-12-20 02:40:10.313732 Evaluation Reward: [ 1.56005542 42.61783823 31.97136475 41.11544159  4.11988169],
2023-12-20 02:40:10.313797 Time: 74.151
2023-12-20 02:41:24.215949 Episodes 1400:, 
2023-12-20 02:41:24.216024 Total steps 70000/500000, 
2023-12-20 02:41:24.216250 Evaluation Reward: [22.62124993 40.30123365 26.97778617 20.99613907 19.68944309],
2023-12-20 02:41:24.216288 Time: 73.891
2023-12-20 02:42:38.742494 Episodes 1600:, 
2023-12-20 02:42:38.742568 Total steps 80000/500000, 
2023-12-20 02:42:38.742841 Evaluation Reward: [23.11800035 11.43943732 36.81240576 23.49298282 37.73369443],
2023-12-20 02:42:38.742887 Time: 74.515
2023-12-20 02:43:52.902037 Episodes 1800:, 
2023-12-20 02:43:52.902114 Total steps 90000/500000, 
2023-12-20 02:43:52.902332 Evaluation Reward: [27.89817089 41.26983611 36.36643267 16.00536819 40.29245366],
2023-12-20 02:43:52.902370 Time: 74.142
2023-12-20 02:45:07.262186 Episodes 2000:, 
2023-12-20 02:45:07.262261 Total steps 100000/500000, 
2023-12-20 02:45:07.262482 Evaluation Reward: [17.90180395 12.52146475 34.10684742 22.31106191 39.09353594],
2023-12-20 02:45:07.262521 Time: 74.347
2023-12-20 02:46:21.186192 Episodes 2200:, 
2023-12-20 02:46:21.186267 Total steps 110000/500000, 
2023-12-20 02:46:21.186488 Evaluation Reward: [19.01345922 42.3223083  28.82147381 26.35897448 42.34137889],
2023-12-20 02:46:21.186527 Time: 73.91
2023-12-20 02:47:36.341580 Episodes 2400:, 
2023-12-20 02:47:36.341672 Total steps 120000/500000, 
2023-12-20 02:47:36.341924 Evaluation Reward: [ 3.21076251 37.9056854  34.34270818 37.67540338 24.32806757],
2023-12-20 02:47:36.341975 Time: 75.142
2023-12-20 02:48:50.586594 Episodes 2600:, 
2023-12-20 02:48:50.586686 Total steps 130000/500000, 
2023-12-20 02:48:50.586919 Evaluation Reward: [17.11384291 41.62343703 15.68154579 22.27443409 39.20823081],
2023-12-20 02:48:50.586956 Time: 74.231
2023-12-20 02:50:04.669682 Episodes 2800:, 
2023-12-20 02:50:04.669758 Total steps 140000/500000, 
2023-12-20 02:50:04.669995 Evaluation Reward: [22.09042359 39.56636385 28.57411189 21.38161591 41.63879319],
2023-12-20 02:50:04.670033 Time: 74.068
2023-12-20 02:51:19.004854 Episodes 3000:, 
2023-12-20 02:51:19.004934 Total steps 150000/500000, 
2023-12-20 02:51:19.005175 Evaluation Reward: [ 0.61827317 32.56973356 38.81894874 42.3966078  41.44772376],
2023-12-20 02:51:19.005215 Time: 74.32
2023-12-20 02:52:32.655366 Episodes 3200:, 
2023-12-20 02:52:32.655442 Total steps 160000/500000, 
2023-12-20 02:52:32.655704 Evaluation Reward: [15.55404701 39.65802159 37.02445522 28.66948618 42.37206545],
2023-12-20 02:52:32.655741 Time: 73.634
2023-12-20 02:53:46.903460 Episodes 3400:, 
2023-12-20 02:53:46.903534 Total steps 170000/500000, 
2023-12-20 02:53:46.903760 Evaluation Reward: [14.63731161 40.9658522  37.10901708 29.33921537 29.94021038],
2023-12-20 02:53:46.903802 Time: 74.231
2023-12-20 02:55:01.543011 Episodes 3600:, 
2023-12-20 02:55:01.543094 Total steps 180000/500000, 
2023-12-20 02:55:01.543319 Evaluation Reward: [20.27210288 42.47596036 35.67695148 26.51681714 40.34274144],
2023-12-20 02:55:01.543369 Time: 74.623
2023-12-20 02:56:15.717127 Episodes 3800:, 
2023-12-20 02:56:15.717208 Total steps 190000/500000, 
2023-12-20 02:56:15.717427 Evaluation Reward: [16.06545318 25.81814585 34.44529102 28.26491495 40.59374326],
2023-12-20 02:56:15.717468 Time: 74.085
2023-12-20 02:57:29.245897 Episodes 4000:, 
2023-12-20 02:57:29.245965 Total steps 200000/500000, 
2023-12-20 02:57:29.246184 Evaluation Reward: [28.73132718 40.95601792 38.2349128  16.91729761 43.65595642],
2023-12-20 02:57:29.246219 Time: 73.511
2023-12-20 02:58:39.847063 Episodes 4200:, 
2023-12-20 02:58:39.847129 Total steps 210000/500000, 
2023-12-20 02:58:39.847322 Evaluation Reward: [14.13631136 38.18232742 36.41023892 34.15150466 43.54814902],
2023-12-20 02:58:39.847356 Time: 70.584
2023-12-20 02:59:50.186098 Episodes 4400:, 
2023-12-20 02:59:50.186164 Total steps 220000/500000, 
2023-12-20 02:59:50.186360 Evaluation Reward: [34.95850908 40.9678434  34.71722776 10.44984292 39.014305  ],
2023-12-20 02:59:50.186397 Time: 70.322
2023-12-20 03:01:00.491850 Episodes 4600:, 
2023-12-20 03:01:00.491912 Total steps 230000/500000, 
2023-12-20 03:01:00.492103 Evaluation Reward: [11.65823881 40.44553665 39.48802959 33.96625622 40.20270143],
2023-12-20 03:01:00.492137 Time: 70.288
2023-12-20 03:02:11.037470 Episodes 4800:, 
2023-12-20 03:02:11.037537 Total steps 240000/500000, 
2023-12-20 03:02:11.037737 Evaluation Reward: [34.20624734 40.50730894 23.22449128 11.63424971 39.25705504],
2023-12-20 03:02:11.037777 Time: 70.528
2023-12-20 03:03:21.226649 Episodes 5000:, 
2023-12-20 03:03:21.226716 Total steps 250000/500000, 
2023-12-20 03:03:21.226914 Evaluation Reward: [30.00223605 37.10382325 37.90381241 15.16116663 38.74708871],
2023-12-20 03:03:21.226947 Time: 70.171
2023-12-20 03:04:31.603081 Episodes 5200:, 
2023-12-20 03:04:31.603147 Total steps 260000/500000, 
2023-12-20 03:04:31.603340 Evaluation Reward: [21.84059523 40.06205456 38.76634513 22.71469543 41.88824059],
2023-12-20 03:04:31.603374 Time: 70.358
2023-12-20 03:05:41.556491 Episodes 5400:, 
2023-12-20 03:05:41.556557 Total steps 270000/500000, 
2023-12-20 03:05:41.556748 Evaluation Reward: [13.24900458 37.37953231 38.88555868 33.32330696 42.71202183],
2023-12-20 03:05:41.556782 Time: 69.934
2023-12-20 03:06:51.908876 Episodes 5600:, 
2023-12-20 03:06:51.908943 Total steps 280000/500000, 
2023-12-20 03:06:51.909143 Evaluation Reward: [36.44175503 42.49561563 38.58022319  5.46173364 40.66778005],
2023-12-20 03:06:51.909178 Time: 70.333
2023-12-20 03:08:02.292058 Episodes 5800:, 
2023-12-20 03:08:02.292131 Total steps 290000/500000, 
2023-12-20 03:08:02.292337 Evaluation Reward: [12.63686883 41.53272123  1.65093304 32.83824213 42.56043627],
2023-12-20 03:08:02.292371 Time: 70.363
2023-12-20 03:09:12.927964 Episodes 6000:, 
2023-12-20 03:09:12.928033 Total steps 300000/500000, 
2023-12-20 03:09:12.928229 Evaluation Reward: [17.22004787 41.72877103 19.24903979 28.1482798  28.67591563],
2023-12-20 03:09:12.928262 Time: 70.615
2023-12-20 03:10:23.618678 Episodes 6200:, 
2023-12-20 03:10:23.618739 Total steps 310000/500000, 
2023-12-20 03:10:23.618930 Evaluation Reward: [33.13457492 35.11119227 37.88188293 13.3023954  42.59178277],
2023-12-20 03:10:23.618965 Time: 70.671
2023-12-20 03:11:34.228844 Episodes 6400:, 
2023-12-20 03:11:34.228912 Total steps 320000/500000, 
2023-12-20 03:11:34.229107 Evaluation Reward: [34.64016446 33.55621426 36.96888866 10.91334047 24.53769524],
2023-12-20 03:11:34.229140 Time: 70.589
2023-12-20 03:12:44.918963 Episodes 6600:, 
2023-12-20 03:12:44.919031 Total steps 330000/500000, 
2023-12-20 03:12:44.919221 Evaluation Reward: [30.87173906 39.6955689  24.05444897 15.07601988 41.10670541],
2023-12-20 03:12:44.919254 Time: 70.669
2023-12-20 03:13:55.109231 Episodes 6800:, 
2023-12-20 03:13:55.109310 Total steps 340000/500000, 
2023-12-20 03:13:55.109520 Evaluation Reward: [15.77227677 40.74995167 34.92968657 32.04473334 41.65989876],
2023-12-20 03:13:55.109555 Time: 70.169
2023-12-20 03:15:05.270582 Episodes 7000:, 
2023-12-20 03:15:05.270644 Total steps 350000/500000, 
2023-12-20 03:15:05.270833 Evaluation Reward: [10.73233156 28.26077582 35.5946137  33.72593604 42.39131006],
2023-12-20 03:15:05.270866 Time: 70.14
2023-12-20 03:16:15.737354 Episodes 7200:, 
2023-12-20 03:16:15.737420 Total steps 360000/500000, 
2023-12-20 03:16:15.737613 Evaluation Reward: [35.33955457 26.97884885 39.5620409  11.39434186 42.11181701],
2023-12-20 03:16:15.737656 Time: 70.444
2023-12-20 03:17:25.967549 Episodes 7400:, 
2023-12-20 03:17:25.967621 Total steps 370000/500000, 
2023-12-20 03:17:25.967831 Evaluation Reward: [29.69872708 40.2182386  29.0422418  15.55707712 26.0560061 ],
2023-12-20 03:17:25.967864 Time: 70.207
2023-12-20 03:18:36.554677 Episodes 7600:, 
2023-12-20 03:18:36.554742 Total steps 380000/500000, 
2023-12-20 03:18:36.554930 Evaluation Reward: [11.31648502 42.79652045 28.5552344  34.96256798 42.07652541],
2023-12-20 03:18:36.554962 Time: 70.564
2023-12-20 03:19:47.158172 Episodes 7800:, 
2023-12-20 03:19:47.158240 Total steps 390000/500000, 
2023-12-20 03:19:47.158437 Evaluation Reward: [25.27587295 23.37730805 23.72993974 20.47108255 45.1927454 ],
2023-12-20 03:19:47.158472 Time: 70.579
2023-12-20 03:20:57.594185 Episodes 8000:, 
2023-12-20 03:20:57.594251 Total steps 400000/500000, 
2023-12-20 03:20:57.594442 Evaluation Reward: [ 8.13988012 41.9049762  33.92222648 37.64471099 41.09565231],
2023-12-20 03:20:57.594477 Time: 70.411
2023-12-20 03:22:08.496172 Episodes 8200:, 
2023-12-20 03:22:08.496241 Total steps 410000/500000, 
2023-12-20 03:22:08.496429 Evaluation Reward: [46.30789083 34.7689195  32.11481534  1.16591913 41.90374071],
2023-12-20 03:22:08.496462 Time: 70.877
2023-12-20 03:23:19.074612 Episodes 8400:, 
2023-12-20 03:23:19.074683 Total steps 420000/500000, 
2023-12-20 03:23:19.074881 Evaluation Reward: [26.30541909 40.15772926 38.94140728 17.72668853 40.38296188],
2023-12-20 03:23:19.074919 Time: 70.553
2023-12-20 03:24:29.879725 Episodes 8600:, 
2023-12-20 03:24:29.879793 Total steps 430000/500000, 
2023-12-20 03:24:29.879985 Evaluation Reward: [28.05727842 39.64126358 34.18638517 17.3694746  38.54293929],
2023-12-20 03:24:29.880018 Time: 70.779
2023-12-20 03:25:38.936574 Episodes 8800:, 
2023-12-20 03:25:38.936640 Total steps 440000/500000, 
2023-12-20 03:25:38.936855 Evaluation Reward: [40.15069662 30.32483473 31.10177817  2.9220517  42.65474611],
2023-12-20 03:25:38.936892 Time: 69.032
2023-12-20 03:26:49.429354 Episodes 9000:, 
2023-12-20 03:26:49.429423 Total steps 450000/500000, 
2023-12-20 03:26:49.429623 Evaluation Reward: [21.19833918 38.23603099 41.08361416 24.43809514 45.18618837],
2023-12-20 03:26:49.429658 Time: 70.465
2023-12-20 03:28:00.134303 Episodes 9200:, 
2023-12-20 03:28:00.134370 Total steps 460000/500000, 
2023-12-20 03:28:00.134564 Evaluation Reward: [ 3.61758086 40.34693315 32.37555934 38.98267915 41.40285822],
2023-12-20 03:28:00.134598 Time: 70.678
2023-12-20 03:29:10.726849 Episodes 9400:, 
2023-12-20 03:29:10.726917 Total steps 470000/500000, 
2023-12-20 03:29:10.727114 Evaluation Reward: [25.61310276 43.58443319 28.62449255 20.63461408 42.95716591],
2023-12-20 03:29:10.727149 Time: 70.566
2023-12-20 03:30:21.266637 Episodes 9600:, 
2023-12-20 03:30:21.266714 Total steps 480000/500000, 
2023-12-20 03:30:21.266916 Evaluation Reward: [15.12942485 40.06509217 37.61311524 31.80361248 39.19333939],
2023-12-20 03:30:21.266950 Time: 70.511
2023-12-20 03:31:31.794113 Episodes 9800:, 
2023-12-20 03:31:31.794182 Total steps 490000/500000, 
2023-12-20 03:31:31.794376 Evaluation Reward: [17.09251057 40.07785862 40.05843251 26.22793237 42.41339655],
2023-12-20 03:31:31.794413 Time: 70.5
2023-12-20 03:32:41.729463 Episodes 10000:, 
2023-12-20 03:32:41.729531 Total steps 499999/500000, 
2023-12-20 03:32:41.729722 Evaluation Reward: [14.16259577 42.45289265 40.40410792 33.23339077 42.34652935],
2023-12-20 03:32:41.729756 Time: 69.906
2023-12-20 03:32:44.129869 Episodes 10000:, 
2023-12-20 03:32:44.129932 Total steps 500000/500000, 
2023-12-20 03:32:44.130127 Evaluation Reward: [11.76622969 41.92639294 40.69872247 32.52303379 36.74903901],
2023-12-20 03:32:44.130161 Time: 2.37
