2023-12-21 20:29:30.145225 ========================================Basic Configurations========================================
2023-12-21 20:29:30.145291 Daemon Filename: /home/Desktop/studies/q_functionals_daemon/results/final/5agent_5landmarks_fixed/cddpg_run_10-step-update_func-polynomial_rank-2_episode-10000_lr0001_b512_l3_n256_m500000_iter1/timestamp.log
2023-12-21 20:29:30.145340 Training Environment: q_functions_5agent_5landmarks_fixed
2023-12-21 20:29:30.145361 Functional: polynomial
2023-12-21 20:29:30.145379 rank: 2
2023-12-21 20:29:30.145397 seed: 0
2023-12-21 20:29:30.145425 learning_rate: 0.001
2023-12-21 20:29:30.145444 target_network_learning_rate: 0.005
2023-12-21 20:29:30.145461 nb_runs: 5
2023-12-21 20:29:30.145479 ma_type: cddpg
2023-12-21 20:29:30.145496 policy_type: gaussian
2023-12-21 20:29:30.145515 noise_std: 0.05
2023-12-21 20:29:30.145533 ========================================Model Configurations========================================
2023-12-21 20:29:30.145552 TD3 Trick:: False
2023-12-21 20:29:30.145570 Entropy Regularization: 0.0
2023-12-21 20:29:30.145588 ======================================Sampling Configurations=======================================
2023-12-21 20:29:30.145605 : q_functions_5agent_5landmarks_fixed
2023-12-21 20:29:30.145626 Using quantile sampling during bootstrapping:: False
2023-12-21 20:29:30.145643 Using quantile sampling during evaluation interaction: False
2023-12-21 20:29:30.145660 Using quantile sampling during training interaction:: False
2023-12-21 20:29:30.145678 Sampling Percent: 0.01
2023-12-21 20:29:30.145695 Anneal Sampling Percent: False
2023-12-21 20:29:30.145712 ===============================================Split================================================
2023-12-21 20:29:30.168355 running on CUDA...
2023-12-21 20:29:48.684180 Episodes 0:, 
2023-12-21 20:29:48.684256 Total steps 0/500000, 
2023-12-21 20:29:48.684511 Evaluation Reward: [4.13684362 0.82491371 1.32824439 0.80447553 0.9025973 ],
2023-12-21 20:29:48.684549 Time: 17.177
2023-12-21 20:30:29.680615 Episodes 200:, 
2023-12-21 20:30:29.680689 Total steps 10000/500000, 
2023-12-21 20:30:29.680913 Evaluation Reward: [0.89250202 1.00449765 0.18734946 0.57187103 0.09733191],
2023-12-21 20:30:29.680958 Time: 40.996
2023-12-21 20:31:19.254550 Episodes 400:, 
2023-12-21 20:31:19.254670 Total steps 20000/500000, 
2023-12-21 20:31:19.255022 Evaluation Reward: [1.37776426 0.44580631 2.34230797 1.23429739 0.35645928],
2023-12-21 20:31:19.255079 Time: 49.565
2023-12-21 20:32:03.176649 Episodes 600:, 
2023-12-21 20:32:03.176838 Total steps 30000/500000, 
2023-12-21 20:32:03.177045 Evaluation Reward: [0.18483211 0.34046015 1.35788649 0.64169945 0.96265889],
2023-12-21 20:32:03.177081 Time: 43.905
2023-12-21 20:32:44.047073 Episodes 800:, 
2023-12-21 20:32:44.047160 Total steps 40000/500000, 
2023-12-21 20:32:44.047390 Evaluation Reward: [0.80435992 0.18225934 0.92505853 0.80448095 0.37256213],
2023-12-21 20:32:44.047430 Time: 40.86
2023-12-21 20:33:28.767011 Episodes 1000:, 
2023-12-21 20:33:28.767103 Total steps 50000/500000, 
2023-12-21 20:33:28.767322 Evaluation Reward: [0.72854165 0.91188218 0.83041761 0.88203995 0.17503717],
2023-12-21 20:33:28.767362 Time: 44.709
2023-12-21 20:34:17.373810 Episodes 1200:, 
2023-12-21 20:34:17.373894 Total steps 60000/500000, 
2023-12-21 20:34:17.374132 Evaluation Reward: [0.70649809 0.91074642 1.35552094 0.61880937 0.45531682],
2023-12-21 20:34:17.374175 Time: 48.596
2023-12-21 20:35:08.109389 Episodes 1400:, 
2023-12-21 20:35:08.109476 Total steps 70000/500000, 
2023-12-21 20:35:08.109699 Evaluation Reward: [0.5278428  0.29053625 1.26675412 0.08176305 0.72357845],
2023-12-21 20:35:08.109744 Time: 50.723
2023-12-21 20:36:01.987920 Episodes 1600:, 
2023-12-21 20:36:01.988009 Total steps 80000/500000, 
2023-12-21 20:36:01.988230 Evaluation Reward: [2.36504932 0.61490025 0.86506776 1.70442267 0.33961521],
2023-12-21 20:36:01.988274 Time: 53.866
2023-12-21 20:36:53.883216 Episodes 1800:, 
2023-12-21 20:36:53.883294 Total steps 90000/500000, 
2023-12-21 20:36:53.883583 Evaluation Reward: [0.35590972 0.45488036 1.05755026 0.79727703 0.91084509],
2023-12-21 20:36:53.883644 Time: 51.882
2023-12-21 20:37:45.970804 Episodes 2000:, 
2023-12-21 20:37:45.970881 Total steps 100000/500000, 
2023-12-21 20:37:45.971118 Evaluation Reward: [0.82263284 0.5379912  0.97853175 1.36929506 0.90653356],
2023-12-21 20:37:45.971157 Time: 52.068
2023-12-21 20:38:32.182974 Episodes 2200:, 
2023-12-21 20:38:32.183055 Total steps 110000/500000, 
2023-12-21 20:38:32.183293 Evaluation Reward: [0.36052631 0.44062946 1.10638435 0.53630786 0.78562167],
2023-12-21 20:38:32.183337 Time: 46.199
2023-12-21 20:39:19.623391 Episodes 2400:, 
2023-12-21 20:39:19.623499 Total steps 120000/500000, 
2023-12-21 20:39:19.623743 Evaluation Reward: [0.62637856 0.46318755 0.5858523  0.77676781 1.66631336],
2023-12-21 20:39:19.623784 Time: 47.427
2023-12-21 20:40:08.455937 Episodes 2600:, 
2023-12-21 20:40:08.456044 Total steps 130000/500000, 
2023-12-21 20:40:08.456276 Evaluation Reward: [1.02065447 0.6306581  1.2329135  0.5468305  1.50140287],
2023-12-21 20:40:08.456322 Time: 48.818
2023-12-21 20:40:54.387353 Episodes 2800:, 
2023-12-21 20:40:54.387432 Total steps 140000/500000, 
2023-12-21 20:40:54.387652 Evaluation Reward: [1.46858663 0.6122818  0.45473749 0.27863157 1.07445815],
2023-12-21 20:40:54.387697 Time: 45.916
2023-12-21 20:41:43.018366 Episodes 3000:, 
2023-12-21 20:41:43.018461 Total steps 150000/500000, 
2023-12-21 20:41:43.018705 Evaluation Reward: [1.49474567 0.63385793 1.01555349 0.62976952 0.63417671],
2023-12-21 20:41:43.018754 Time: 48.615
2023-12-21 20:42:59.162376 Episodes 3200:, 
2023-12-21 20:42:59.162450 Total steps 160000/500000, 
2023-12-21 20:42:59.162668 Evaluation Reward: [0.43552287 0.55408528 0.95839438 0.3535854  0.82491127],
2023-12-21 20:42:59.162709 Time: 76.127
2023-12-21 20:44:18.748716 Episodes 3400:, 
2023-12-21 20:44:18.748806 Total steps 170000/500000, 
2023-12-21 20:44:18.749047 Evaluation Reward: [0.79999692 0.8703856  0.54641906 1.00182676 1.49707947],
2023-12-21 20:44:18.749091 Time: 79.569
2023-12-21 20:45:37.391315 Episodes 3600:, 
2023-12-21 20:45:37.391403 Total steps 180000/500000, 
2023-12-21 20:45:37.391712 Evaluation Reward: [0.6492537  0.80509538 0.27139749 0.92667791 1.43834985],
2023-12-21 20:45:37.391770 Time: 78.626
2023-12-21 20:46:55.624211 Episodes 3800:, 
2023-12-21 20:46:55.624293 Total steps 190000/500000, 
2023-12-21 20:46:55.624532 Evaluation Reward: [0.64113632 0.45064909 0.99350424 0.92288521 0.27042347],
2023-12-21 20:46:55.624579 Time: 78.21
2023-12-21 20:48:14.191608 Episodes 4000:, 
2023-12-21 20:48:14.191686 Total steps 200000/500000, 
2023-12-21 20:48:14.191914 Evaluation Reward: [0.82436785 0.36600569 1.08571359 0.54776689 1.07657571],
2023-12-21 20:48:14.191956 Time: 78.548
2023-12-21 20:49:32.034539 Episodes 4200:, 
2023-12-21 20:49:32.034634 Total steps 210000/500000, 
2023-12-21 20:49:32.034893 Evaluation Reward: [1.67848965 0.45040604 0.90222047 0.90385346 0.52911264],
2023-12-21 20:49:32.034947 Time: 77.821
2023-12-21 20:50:50.983389 Episodes 4400:, 
2023-12-21 20:50:50.983476 Total steps 220000/500000, 
2023-12-21 20:50:50.983728 Evaluation Reward: [1.16820009 0.99562836 0.81930834 0.0941267  0.98541818],
2023-12-21 20:50:50.983770 Time: 78.929
2023-12-21 20:52:09.360997 Episodes 4600:, 
2023-12-21 20:52:09.361080 Total steps 230000/500000, 
2023-12-21 20:52:09.361377 Evaluation Reward: [0.86696783 0.42664339 0.42531864 0.80753393 0.35340292],
2023-12-21 20:52:09.361428 Time: 78.357
2023-12-21 20:53:24.074163 Episodes 4800:, 
2023-12-21 20:53:24.074242 Total steps 240000/500000, 
2023-12-21 20:53:24.074510 Evaluation Reward: [0.43460642 0.6316237  0.26683085 1.06307084 0.09321426],
2023-12-21 20:53:24.074559 Time: 74.684
2023-12-21 20:54:39.684498 Episodes 5000:, 
2023-12-21 20:54:39.684576 Total steps 250000/500000, 
2023-12-21 20:54:39.684795 Evaluation Reward: [0.35612946 0.33950735 0.98503369 0.70666162 0.73766219],
2023-12-21 20:54:39.684838 Time: 75.58
2023-12-21 20:55:55.163600 Episodes 5200:, 
2023-12-21 20:55:55.163684 Total steps 260000/500000, 
2023-12-21 20:55:55.163914 Evaluation Reward: [1.28049651 0.63735371 1.07053151 0.53162455 0.78397845],
2023-12-21 20:55:55.163955 Time: 75.458
2023-12-21 20:57:09.818538 Episodes 5400:, 
2023-12-21 20:57:09.818618 Total steps 270000/500000, 
2023-12-21 20:57:09.818848 Evaluation Reward: [0.97538605 0.45184947 2.27826783 1.19484378 0.9133245 ],
2023-12-21 20:57:09.818894 Time: 74.634
2023-12-21 20:58:28.489104 Episodes 5600:, 
2023-12-21 20:58:28.495915 Total steps 280000/500000, 
2023-12-21 20:58:28.496193 Evaluation Reward: [0.72707505 0.99984181 0.51878556 0.52212038 0.71905869],
2023-12-21 20:58:28.496235 Time: 78.654
2023-12-21 20:59:48.909379 Episodes 5800:, 
2023-12-21 20:59:48.909458 Total steps 290000/500000, 
2023-12-21 20:59:48.909709 Evaluation Reward: [1.75471891 1.18397416 1.41284646 1.54006159 1.05991277],
2023-12-21 20:59:48.909752 Time: 80.389
2023-12-21 21:01:10.568031 Episodes 6000:, 
2023-12-21 21:01:10.568131 Total steps 300000/500000, 
2023-12-21 21:01:10.568402 Evaluation Reward: [1.63614563 0.45374982 1.20678952 1.03227345 0.72464934],
2023-12-21 21:01:10.568459 Time: 81.634
2023-12-21 21:02:29.316612 Episodes 6200:, 
2023-12-21 21:02:29.316699 Total steps 310000/500000, 
2023-12-21 21:02:29.316916 Evaluation Reward: [1.00112653 0.79570554 2.19761106 0.26678225 1.52248124],
2023-12-21 21:02:29.316960 Time: 78.724
2023-12-21 21:03:47.499194 Episodes 6400:, 
2023-12-21 21:03:47.499286 Total steps 320000/500000, 
2023-12-21 21:03:47.499513 Evaluation Reward: [1.5236451  0.80563419 0.796339   0.71679392 1.07654295],
2023-12-21 21:03:47.499553 Time: 78.159
2023-12-21 21:05:05.327035 Episodes 6600:, 
2023-12-21 21:05:05.327113 Total steps 330000/500000, 
2023-12-21 21:05:05.327321 Evaluation Reward: [1.63775916 0.79858479 1.07826743 0.96741669 0.1783829 ],
2023-12-21 21:05:05.327364 Time: 77.802
2023-12-21 21:06:15.885101 Episodes 6800:, 
2023-12-21 21:06:15.885180 Total steps 340000/500000, 
2023-12-21 21:06:15.885403 Evaluation Reward: [1.25487767 0.08240738 1.88010712 0.82573933 1.54635517],
2023-12-21 21:06:15.885443 Time: 70.534
2023-12-21 21:07:26.531613 Episodes 7000:, 
2023-12-21 21:07:26.531682 Total steps 350000/500000, 
2023-12-21 21:07:26.531888 Evaluation Reward: [1.12159551 0.0941427  2.32709251 0.55542924 0.8019394 ],
2023-12-21 21:07:26.531928 Time: 70.622
2023-12-21 21:08:37.740722 Episodes 7200:, 
2023-12-21 21:08:37.740782 Total steps 360000/500000, 
2023-12-21 21:08:37.740998 Evaluation Reward: [1.7869076  0.90728192 1.78687701 0.65147648 1.07799704],
2023-12-21 21:08:37.741038 Time: 71.184
2023-12-21 21:09:49.305949 Episodes 7400:, 
2023-12-21 21:09:49.306034 Total steps 370000/500000, 
2023-12-21 21:09:49.306254 Evaluation Reward: [1.63580276 1.01381517 1.36810085 0.63843824 0.8073794 ],
2023-12-21 21:09:49.306294 Time: 71.54
2023-12-21 21:11:01.093290 Episodes 7600:, 
2023-12-21 21:11:01.093408 Total steps 380000/500000, 
2023-12-21 21:11:01.093646 Evaluation Reward: [0.98149143 1.18887211 1.44211805 0.9930016  1.32417612],
2023-12-21 21:11:01.093689 Time: 71.759
2023-12-21 21:12:13.262483 Episodes 7800:, 
2023-12-21 21:12:13.262575 Total steps 390000/500000, 
2023-12-21 21:12:13.262831 Evaluation Reward: [0.87334641 0.74022265 1.90003723 0.81095081 0.18103866],
2023-12-21 21:12:13.262874 Time: 72.142
2023-12-21 21:13:25.172075 Episodes 8000:, 
2023-12-21 21:13:25.172309 Total steps 400000/500000, 
2023-12-21 21:13:25.172549 Evaluation Reward: [1.92730846 1.75314983 2.4375168  1.05672858 0.17970945],
2023-12-21 21:13:25.172588 Time: 71.879
2023-12-21 21:14:36.615944 Episodes 8200:, 
2023-12-21 21:14:36.616015 Total steps 410000/500000, 
2023-12-21 21:14:36.616216 Evaluation Reward: [1.7892751  0.08695715 1.55627913 1.06803118 0.68470315],
2023-12-21 21:14:36.616257 Time: 71.416
2023-12-21 21:15:52.741597 Episodes 8400:, 
2023-12-21 21:15:52.741682 Total steps 420000/500000, 
2023-12-21 21:15:52.741935 Evaluation Reward: [1.71628389 1.00033874 2.35362052 2.73878129 0.70508773],
2023-12-21 21:15:52.741980 Time: 76.098
2023-12-21 21:17:13.000234 Episodes 8600:, 
2023-12-21 21:17:13.000314 Total steps 430000/500000, 
2023-12-21 21:17:13.000551 Evaluation Reward: [0.62655236 0.90646577 0.69977848 1.34576012 0.67755133],
2023-12-21 21:17:13.000593 Time: 80.228
2023-12-21 21:18:32.481580 Episodes 8800:, 
2023-12-21 21:18:32.481672 Total steps 440000/500000, 
2023-12-21 21:18:32.481983 Evaluation Reward: [1.29207511 0.62598158 1.86553125 1.63397386 1.89164438],
2023-12-21 21:18:32.482035 Time: 79.446
2023-12-21 21:19:52.158205 Episodes 9000:, 
2023-12-21 21:19:52.158291 Total steps 450000/500000, 
2023-12-21 21:19:52.158540 Evaluation Reward: [1.80873933 1.13722762 0.90202186 1.10009211 1.04554727],
2023-12-21 21:19:52.158583 Time: 79.637
2023-12-21 21:21:11.711276 Episodes 9200:, 
2023-12-21 21:21:11.711348 Total steps 460000/500000, 
2023-12-21 21:21:11.711568 Evaluation Reward: [1.64361136 0.52556606 1.87745843 1.33597759 1.01907678],
2023-12-21 21:21:11.711610 Time: 79.521
2023-12-21 21:22:31.383155 Episodes 9400:, 
2023-12-21 21:22:31.383236 Total steps 470000/500000, 
2023-12-21 21:22:31.383463 Evaluation Reward: [0.35195861 0.09485025 1.71655071 0.9601324  0.68632319],
2023-12-21 21:22:31.383509 Time: 79.637
2023-12-21 21:23:51.085458 Episodes 9600:, 
2023-12-21 21:23:51.085556 Total steps 480000/500000, 
2023-12-21 21:23:51.085802 Evaluation Reward: [1.16284238 0.90446626 2.99821799 1.73486284 0.92760268],
2023-12-21 21:23:51.085851 Time: 79.669
2023-12-21 21:25:13.514357 Episodes 9800:, 
2023-12-21 21:25:13.514431 Total steps 490000/500000, 
2023-12-21 21:25:13.514685 Evaluation Reward: [1.58299511 0.63681741 1.68308663 1.42464221 1.10349816],
2023-12-21 21:25:13.514730 Time: 82.394
2023-12-21 21:26:36.312019 Episodes 10000:, 
2023-12-21 21:26:36.312096 Total steps 499999/500000, 
2023-12-21 21:26:36.312324 Evaluation Reward: [2.49594363 0.08259012 1.54067487 0.80144543 1.51450192],
2023-12-21 21:26:36.312362 Time: 82.763
2023-12-21 21:26:38.275447 Episodes 10000:, 
2023-12-21 21:26:38.275518 Total steps 500000/500000, 
2023-12-21 21:26:38.275736 Evaluation Reward: [1.86568077 0.89946392 1.61445648 1.80810106 0.71116878],
2023-12-21 21:26:38.275774 Time: 1.925
2023-12-21 21:26:38.307003 ========================================Basic Configurations========================================
2023-12-21 21:26:38.307058 Daemon Filename: /home/Desktop/studies/q_functionals_daemon/results/final/5agent_5landmarks_fixed/cddpg_run_10-step-update_func-polynomial_rank-2_episode-10000_lr0001_b512_l3_n256_m500000_iter1/timestamp.log
2023-12-21 21:26:38.307079 Training Environment: q_functions_5agent_5landmarks_fixed
2023-12-21 21:26:38.307096 Functional: polynomial
2023-12-21 21:26:38.307114 rank: 2
2023-12-21 21:26:38.307130 seed: 1
2023-12-21 21:26:38.307152 learning_rate: 0.001
2023-12-21 21:26:38.307170 target_network_learning_rate: 0.005
2023-12-21 21:26:38.307187 nb_runs: 5
2023-12-21 21:26:38.307203 ma_type: cddpg
2023-12-21 21:26:38.307220 policy_type: gaussian
2023-12-21 21:26:38.307236 noise_std: 0.05
2023-12-21 21:26:38.307254 ========================================Model Configurations========================================
2023-12-21 21:26:38.307272 TD3 Trick:: False
2023-12-21 21:26:38.307288 Entropy Regularization: 0.0
2023-12-21 21:26:38.307305 ======================================Sampling Configurations=======================================
2023-12-21 21:26:38.307321 : q_functions_5agent_5landmarks_fixed
2023-12-21 21:26:38.307338 Using quantile sampling during bootstrapping:: False
2023-12-21 21:26:38.307354 Using quantile sampling during evaluation interaction: False
2023-12-21 21:26:38.307370 Using quantile sampling during training interaction:: False
2023-12-21 21:26:38.307386 Sampling Percent: 0.01
2023-12-21 21:26:38.307403 Anneal Sampling Percent: False
2023-12-21 21:26:38.307419 ===============================================Split================================================
2023-12-21 21:26:38.308766 running on CUDA...
2023-12-21 21:27:15.494905 Episodes 0:, 
2023-12-21 21:27:15.494978 Total steps 0/500000, 
2023-12-21 21:27:15.495187 Evaluation Reward: [0.26372326 1.32819748 0.95202062 0.88190163 1.34078715],
2023-12-21 21:27:15.495237 Time: 37.121
2023-12-21 21:28:32.067577 Episodes 200:, 
2023-12-21 21:28:32.067684 Total steps 10000/500000, 
2023-12-21 21:28:32.067992 Evaluation Reward: [2.07973951 0.6318135  0.53628795 0.43999003 0.80802701],
2023-12-21 21:28:32.068040 Time: 76.572
2023-12-21 21:29:49.600619 Episodes 400:, 
2023-12-21 21:29:49.600708 Total steps 20000/500000, 
2023-12-21 21:29:49.600932 Evaluation Reward: [3.53262809 0.98328787 0.44360478 0.08772057 1.70246624],
2023-12-21 21:29:49.600975 Time: 77.518
2023-12-21 21:31:05.933943 Episodes 600:, 
2023-12-21 21:31:05.934033 Total steps 30000/500000, 
2023-12-21 21:31:05.934256 Evaluation Reward: [0.35077345 1.14005045 0.16635866 0.1729668  0.42211829],
2023-12-21 21:31:05.934298 Time: 76.322
2023-12-21 21:32:26.072882 Episodes 800:, 
2023-12-21 21:32:26.072958 Total steps 40000/500000, 
2023-12-21 21:32:26.073216 Evaluation Reward: [0.8831167  0.43310497 1.27255334 2.15943252 0.26907106],
2023-12-21 21:32:26.073265 Time: 80.129
2023-12-21 21:33:43.953270 Episodes 1000:, 
2023-12-21 21:33:43.953362 Total steps 50000/500000, 
2023-12-21 21:33:43.953590 Evaluation Reward: [1.09943601 0.19717581 0.64278997 0.44164705 0.76893073],
2023-12-21 21:33:43.953630 Time: 77.864
2023-12-21 21:35:05.658960 Episodes 1200:, 
2023-12-21 21:35:05.659042 Total steps 60000/500000, 
2023-12-21 21:35:05.659279 Evaluation Reward: [0.88447007 0.17064781 0.97448073 0.75105221 0.78722819],
2023-12-21 21:35:05.659319 Time: 81.693
2023-12-21 21:36:26.549834 Episodes 1400:, 
2023-12-21 21:36:26.549925 Total steps 70000/500000, 
2023-12-21 21:36:26.550175 Evaluation Reward: [0.81029736 0.618703   0.79688086 0.25303828 0.71025119],
2023-12-21 21:36:26.550220 Time: 80.879
2023-12-21 21:37:46.553916 Episodes 1600:, 
2023-12-21 21:37:46.554001 Total steps 80000/500000, 
2023-12-21 21:37:46.554258 Evaluation Reward: [4.40824482e-01 1.54137618e-29 4.47364567e-01 5.34431724e-01
 1.18965393e+00],
2023-12-21 21:37:46.554306 Time: 79.991
2023-12-21 21:39:05.568423 Episodes 1800:, 
2023-12-21 21:39:05.568499 Total steps 90000/500000, 
2023-12-21 21:39:05.568717 Evaluation Reward: [0.53957467 0.47152211 0.79537834 1.05315543 0.69295309],
2023-12-21 21:39:05.568761 Time: 79.0
2023-12-21 21:40:20.699963 Episodes 2000:, 
2023-12-21 21:40:20.700044 Total steps 100000/500000, 
2023-12-21 21:40:20.700273 Evaluation Reward: [0.45032309 0.97015578 1.27101634 0.08150398 0.70830536],
2023-12-21 21:40:20.700315 Time: 75.118
2023-12-21 21:41:41.593399 Episodes 2200:, 
2023-12-21 21:41:41.593483 Total steps 110000/500000, 
2023-12-21 21:41:41.593722 Evaluation Reward: [0.26525376 1.16044346 2.18469341 0.82468754 1.57942419],
2023-12-21 21:41:41.593762 Time: 80.879
2023-12-21 21:42:58.472424 Episodes 2400:, 
2023-12-21 21:42:58.472496 Total steps 120000/500000, 
2023-12-21 21:42:58.472709 Evaluation Reward: [0.18258968 0.71282808 0.53463642 0.08242653 1.16862728],
2023-12-21 21:42:58.472749 Time: 76.864
2023-12-21 21:44:16.564005 Episodes 2600:, 
2023-12-21 21:44:16.564084 Total steps 130000/500000, 
2023-12-21 21:44:16.564312 Evaluation Reward: [0.89701904 0.82336124 1.18900436 0.16275774 1.06974815],
2023-12-21 21:44:16.564353 Time: 78.078
2023-12-21 21:45:34.930011 Episodes 2800:, 
2023-12-21 21:45:34.930091 Total steps 140000/500000, 
2023-12-21 21:45:34.930321 Evaluation Reward: [0.63509568 0.44076603 1.33561167 1.05945239 1.06421578],
2023-12-21 21:45:34.930361 Time: 78.35
2023-12-21 21:46:53.282165 Episodes 3000:, 
2023-12-21 21:46:53.282243 Total steps 150000/500000, 
2023-12-21 21:46:53.282518 Evaluation Reward: [0.77676037 0.81130245 2.37727841 0.69708044 1.24100518],
2023-12-21 21:46:53.282559 Time: 78.336
2023-12-21 21:48:13.476526 Episodes 3200:, 
2023-12-21 21:48:13.476614 Total steps 160000/500000, 
2023-12-21 21:48:13.476843 Evaluation Reward: [0.79290111 0.43113339 0.64330744 1.0163835  1.44102909],
2023-12-21 21:48:13.476883 Time: 80.175
2023-12-21 21:49:34.064560 Episodes 3400:, 
2023-12-21 21:49:34.064657 Total steps 170000/500000, 
2023-12-21 21:49:34.064899 Evaluation Reward: [0.19164861 0.80711553 0.63274208 0.27506723 0.74156311],
2023-12-21 21:49:34.064954 Time: 80.567
2023-12-21 21:50:53.289407 Episodes 3600:, 
2023-12-21 21:50:53.289487 Total steps 180000/500000, 
2023-12-21 21:50:53.289752 Evaluation Reward: [0.5297791  0.3477674  0.90313953 0.53209259 0.61106767],
2023-12-21 21:50:53.289797 Time: 79.206
2023-12-21 21:52:12.124447 Episodes 3800:, 
2023-12-21 21:52:12.124523 Total steps 190000/500000, 
2023-12-21 21:52:12.124741 Evaluation Reward: [1.01005588 0.53031471 0.73097715 0.34746436 0.81414672],
2023-12-21 21:52:12.124778 Time: 78.815
2023-12-21 21:53:32.216759 Episodes 4000:, 
2023-12-21 21:53:32.216831 Total steps 200000/500000, 
2023-12-21 21:53:32.217050 Evaluation Reward: [0.6436046  0.17063565 1.4688734  0.17263546 1.0156292 ],
2023-12-21 21:53:32.217088 Time: 80.074
2023-12-21 21:54:52.351954 Episodes 4200:, 
2023-12-21 21:54:52.352031 Total steps 210000/500000, 
2023-12-21 21:54:52.352281 Evaluation Reward: [0.17217335 1.17967438 1.00658115 0.62599226 0.51613512],
2023-12-21 21:54:52.352331 Time: 80.116
2023-12-21 21:56:12.868166 Episodes 4400:, 
2023-12-21 21:56:12.868245 Total steps 220000/500000, 
2023-12-21 21:56:12.868487 Evaluation Reward: [1.31585692 1.07343427 0.87601798 0.18189418 0.97106677],
2023-12-21 21:56:12.868527 Time: 80.495
2023-12-21 21:57:33.006063 Episodes 4600:, 
2023-12-21 21:57:33.006144 Total steps 230000/500000, 
2023-12-21 21:57:33.006428 Evaluation Reward: [0.44051325 1.34481647 0.54091018 0.54180308 1.35341439],
2023-12-21 21:57:33.006477 Time: 80.116
2023-12-21 21:58:52.082266 Episodes 4800:, 
2023-12-21 21:58:52.082347 Total steps 240000/500000, 
2023-12-21 21:58:52.082574 Evaluation Reward: [1.01139659 0.6143326  0.95209264 0.45762905 0.61207313],
2023-12-21 21:58:52.082613 Time: 79.047
2023-12-21 22:00:12.300783 Episodes 5000:, 
2023-12-21 22:00:12.300862 Total steps 250000/500000, 
2023-12-21 22:00:12.301087 Evaluation Reward: [0.78717968 0.63411852 1.8700699  0.25968558 1.23332193],
2023-12-21 22:00:12.301132 Time: 80.198
2023-12-21 22:01:30.875847 Episodes 5200:, 
2023-12-21 22:01:30.875920 Total steps 260000/500000, 
2023-12-21 22:01:30.876131 Evaluation Reward: [1.43448404 0.45946045 0.52481685 0.08762792 0.86943172],
2023-12-21 22:01:30.876171 Time: 78.552
2023-12-21 22:02:49.349345 Episodes 5400:, 
2023-12-21 22:02:49.349428 Total steps 270000/500000, 
2023-12-21 22:02:49.349656 Evaluation Reward: [0.3592653  1.16838884 1.18436386 0.44768832 1.70286623],
2023-12-21 22:02:49.349699 Time: 78.452
2023-12-21 22:04:07.537980 Episodes 5600:, 
2023-12-21 22:04:07.538063 Total steps 280000/500000, 
2023-12-21 22:04:07.538294 Evaluation Reward: [0.25000497 0.36913841 1.23725965 0.41889404 0.97861255],
2023-12-21 22:04:07.538337 Time: 78.165
2023-12-21 22:05:26.488022 Episodes 5800:, 
2023-12-21 22:05:26.488129 Total steps 290000/500000, 
2023-12-21 22:05:26.488394 Evaluation Reward: [0.56219288 0.62794481 0.91579451 0.62871711 1.04772412],
2023-12-21 22:05:26.488436 Time: 78.926
2023-12-21 22:06:45.542003 Episodes 6000:, 
2023-12-21 22:06:45.542083 Total steps 300000/500000, 
2023-12-21 22:06:45.542323 Evaluation Reward: [1.23460174 2.27508786 1.41313192 0.55483965 1.48822543],
2023-12-21 22:06:45.542363 Time: 79.029
2023-12-21 22:08:04.279945 Episodes 6200:, 
2023-12-21 22:08:04.280035 Total steps 310000/500000, 
2023-12-21 22:08:04.284327 Evaluation Reward: [1.10452515 0.65462204 2.08157503 0.63216125 1.05501977],
2023-12-21 22:08:04.284390 Time: 78.716
2023-12-21 22:09:26.545350 Episodes 6400:, 
2023-12-21 22:09:26.545430 Total steps 320000/500000, 
2023-12-21 22:09:26.545660 Evaluation Reward: [1.07137257 1.05353083 1.38718226 0.54363331 1.44325782],
2023-12-21 22:09:26.545703 Time: 82.236
2023-12-21 22:10:48.030626 Episodes 6600:, 
2023-12-21 22:10:48.030707 Total steps 330000/500000, 
2023-12-21 22:10:48.030939 Evaluation Reward: [0.58768735 1.06431505 0.80178641 0.53685963 0.96046451],
2023-12-21 22:10:48.030982 Time: 81.45
2023-12-21 22:12:08.375252 Episodes 6800:, 
2023-12-21 22:12:08.375336 Total steps 340000/500000, 
2023-12-21 22:12:08.375584 Evaluation Reward: [0.28549807 1.88090685 0.55218459 0.78458666 1.42643022],
2023-12-21 22:12:08.375629 Time: 80.319
2023-12-21 22:13:28.846320 Episodes 7000:, 
2023-12-21 22:13:28.846428 Total steps 350000/500000, 
2023-12-21 22:13:28.846728 Evaluation Reward: [0.08216326 1.25788892 1.3652719  1.26725871 1.21628714],
2023-12-21 22:13:28.846773 Time: 80.443
2023-12-21 22:14:50.142458 Episodes 7200:, 
2023-12-21 22:14:50.142533 Total steps 360000/500000, 
2023-12-21 22:14:50.142753 Evaluation Reward: [0.53932436 0.89555038 1.1439727  0.96595479 1.64070864],
2023-12-21 22:14:50.142792 Time: 81.261
2023-12-21 22:16:11.246804 Episodes 7400:, 
2023-12-21 22:16:11.246881 Total steps 370000/500000, 
2023-12-21 22:16:11.247130 Evaluation Reward: [0.27625525 1.63970761 1.44101363 0.88739359 1.59346822],
2023-12-21 22:16:11.247175 Time: 81.076
2023-12-21 22:17:31.323449 Episodes 7600:, 
2023-12-21 22:17:31.323524 Total steps 380000/500000, 
2023-12-21 22:17:31.323792 Evaluation Reward: [0.55941306 1.45672338 1.66388312 1.41295321 0.9074588 ],
2023-12-21 22:17:31.323841 Time: 80.048
2023-12-21 22:18:51.066045 Episodes 7800:, 
2023-12-21 22:18:51.066151 Total steps 390000/500000, 
2023-12-21 22:18:51.066419 Evaluation Reward: [0.52711829 1.79204025 1.61664289 0.36213263 0.55830138],
2023-12-21 22:18:51.066466 Time: 79.715
2023-12-21 22:20:14.227306 Episodes 8000:, 
2023-12-21 22:20:14.227393 Total steps 400000/500000, 
2023-12-21 22:20:14.227665 Evaluation Reward: [0.6311002  1.98752846 1.15295275 0.85792233 0.5617561 ],
2023-12-21 22:20:14.227713 Time: 83.127
2023-12-21 22:21:37.268511 Episodes 8200:, 
2023-12-21 22:21:37.268591 Total steps 410000/500000, 
2023-12-21 22:21:37.268880 Evaluation Reward: [0.52880536 2.36613396 1.23398501 0.98518607 1.21326789],
2023-12-21 22:21:37.268932 Time: 83.012
2023-12-21 22:22:57.204498 Episodes 8400:, 
2023-12-21 22:22:57.204584 Total steps 420000/500000, 
2023-12-21 22:22:57.204816 Evaluation Reward: [1.06459587 1.16842612 1.50070631 1.07910261 2.05752936],
2023-12-21 22:22:57.204860 Time: 79.894
2023-12-21 22:24:18.242588 Episodes 8600:, 
2023-12-21 22:24:18.242670 Total steps 430000/500000, 
2023-12-21 22:24:18.242893 Evaluation Reward: [0.53814495 1.63787166 1.33374132 1.17445118 0.79186751],
2023-12-21 22:24:18.242937 Time: 81.005
2023-12-21 22:25:36.920549 Episodes 8800:, 
2023-12-21 22:25:36.920631 Total steps 440000/500000, 
2023-12-21 22:25:36.920859 Evaluation Reward: [0.80936605 1.00363463 2.66524546 0.65723427 0.74327092],
2023-12-21 22:25:36.920900 Time: 78.633
2023-12-21 22:26:55.723611 Episodes 9000:, 
2023-12-21 22:26:55.723688 Total steps 450000/500000, 
2023-12-21 22:26:55.723920 Evaluation Reward: [0.52031875 2.14750778 1.42452894 0.61048456 1.17053686],
2023-12-21 22:26:55.723963 Time: 78.767
2023-12-21 22:28:15.114074 Episodes 9200:, 
2023-12-21 22:28:15.114158 Total steps 460000/500000, 
2023-12-21 22:28:15.114452 Evaluation Reward: [0.52035478 2.08311227 0.34282816 0.53250504 0.46590606],
2023-12-21 22:28:15.114505 Time: 79.36
2023-12-21 22:29:37.895341 Episodes 9400:, 
2023-12-21 22:29:37.895422 Total steps 470000/500000, 
2023-12-21 22:29:37.895646 Evaluation Reward: [0.89178912 1.5349427  0.88666244 0.61583445 0.73351105],
2023-12-21 22:29:37.895686 Time: 82.742
2023-12-21 22:30:55.794371 Episodes 9600:, 
2023-12-21 22:30:55.794457 Total steps 480000/500000, 
2023-12-21 22:30:55.794703 Evaluation Reward: [1.59720734 0.64075524 1.53851252 0.63487561 0.81838334],
2023-12-21 22:30:55.794748 Time: 77.867
2023-12-21 22:32:16.482004 Episodes 9800:, 
2023-12-21 22:32:16.482083 Total steps 490000/500000, 
2023-12-21 22:32:16.482320 Evaluation Reward: [1.50016253 1.33305092 2.2618143  0.17801743 1.16405827],
2023-12-21 22:32:16.482363 Time: 80.647
2023-12-21 22:33:39.088827 Episodes 10000:, 
2023-12-21 22:33:39.088899 Total steps 499999/500000, 
2023-12-21 22:33:39.089169 Evaluation Reward: [0.79528552 1.23402748 1.51931015 1.36461591 0.87099669],
2023-12-21 22:33:39.089217 Time: 82.567
2023-12-21 22:33:41.048841 Episodes 10000:, 
2023-12-21 22:33:41.048937 Total steps 500000/500000, 
2023-12-21 22:33:41.049174 Evaluation Reward: [1.88322276 3.05354644 1.41544236 1.70153171 0.91363396],
2023-12-21 22:33:41.049214 Time: 1.916
2023-12-21 22:33:41.086429 ========================================Basic Configurations========================================
2023-12-21 22:33:41.086503 Daemon Filename: /home/Desktop/studies/q_functionals_daemon/results/final/5agent_5landmarks_fixed/cddpg_run_10-step-update_func-polynomial_rank-2_episode-10000_lr0001_b512_l3_n256_m500000_iter1/timestamp.log
2023-12-21 22:33:41.086526 Training Environment: q_functions_5agent_5landmarks_fixed
2023-12-21 22:33:41.086544 Functional: polynomial
2023-12-21 22:33:41.086562 rank: 2
2023-12-21 22:33:41.086578 seed: 2
2023-12-21 22:33:41.086601 learning_rate: 0.001
2023-12-21 22:33:41.086620 target_network_learning_rate: 0.005
2023-12-21 22:33:41.086637 nb_runs: 5
2023-12-21 22:33:41.086654 ma_type: cddpg
2023-12-21 22:33:41.086670 policy_type: gaussian
2023-12-21 22:33:41.086687 noise_std: 0.05
2023-12-21 22:33:41.086705 ========================================Model Configurations========================================
2023-12-21 22:33:41.086724 TD3 Trick:: False
2023-12-21 22:33:41.086742 Entropy Regularization: 0.0
2023-12-21 22:33:41.086758 ======================================Sampling Configurations=======================================
2023-12-21 22:33:41.086775 : q_functions_5agent_5landmarks_fixed
2023-12-21 22:33:41.086792 Using quantile sampling during bootstrapping:: False
2023-12-21 22:33:41.086808 Using quantile sampling during evaluation interaction: False
2023-12-21 22:33:41.086826 Using quantile sampling during training interaction:: False
2023-12-21 22:33:41.086843 Sampling Percent: 0.01
2023-12-21 22:33:41.086861 Anneal Sampling Percent: False
2023-12-21 22:33:41.087005 ===============================================Split================================================
2023-12-21 22:33:41.088587 running on CUDA...
2023-12-21 22:34:14.503159 Episodes 0:, 
2023-12-21 22:34:14.503234 Total steps 0/500000, 
2023-12-21 22:34:14.503451 Evaluation Reward: [0.53760626 0.08206567 0.36207273 1.26260901 0.8173874 ],
2023-12-21 22:34:14.503493 Time: 33.318
2023-12-21 22:35:32.381417 Episodes 200:, 
2023-12-21 22:35:32.381514 Total steps 10000/500000, 
2023-12-21 22:35:32.381770 Evaluation Reward: [1.17265841 0.55147422 0.3552803  0.35070937 4.47050576],
2023-12-21 22:35:32.381822 Time: 77.878
2023-12-21 22:36:50.306439 Episodes 400:, 
2023-12-21 22:36:50.306526 Total steps 20000/500000, 
2023-12-21 22:36:50.306752 Evaluation Reward: [0.78912064 0.59963242 0.79444991 1.81698267 0.36633518],
2023-12-21 22:36:50.306794 Time: 77.915
2023-12-21 22:38:05.238302 Episodes 600:, 
2023-12-21 22:38:05.238387 Total steps 30000/500000, 
2023-12-21 22:38:05.238611 Evaluation Reward: [0.35216174 0.91390822 0.53440337 0.99061735 0.72069175],
2023-12-21 22:38:05.238655 Time: 74.922
2023-12-21 22:39:21.661189 Episodes 800:, 
2023-12-21 22:39:21.661263 Total steps 40000/500000, 
2023-12-21 22:39:21.661484 Evaluation Reward: [0.47260114 0.52298004 0.63796083 1.00625637 0.35686025],
2023-12-21 22:39:21.661522 Time: 76.412
2023-12-21 22:40:39.050338 Episodes 1000:, 
2023-12-21 22:40:39.050417 Total steps 50000/500000, 
2023-12-21 22:40:39.050639 Evaluation Reward: [0.9868931  1.44516495 0.61825775 1.17454945 0.26308428],
2023-12-21 22:40:39.050683 Time: 77.373
2023-12-21 22:41:56.937947 Episodes 1200:, 
2023-12-21 22:41:56.938043 Total steps 60000/500000, 
2023-12-21 22:41:56.938325 Evaluation Reward: [0.56376794 0.27024281 0.54822263 0.27395118 0.83315657],
2023-12-21 22:41:56.938386 Time: 77.876
2023-12-21 22:43:13.623885 Episodes 1400:, 
2023-12-21 22:43:13.623975 Total steps 70000/500000, 
2023-12-21 22:43:13.624192 Evaluation Reward: [0.1797675  0.46200845 0.69346686 0.98335225 1.30334295],
2023-12-21 22:43:13.624231 Time: 76.673
2023-12-21 22:44:31.518841 Episodes 1600:, 
2023-12-21 22:44:31.518923 Total steps 80000/500000, 
2023-12-21 22:44:31.519154 Evaluation Reward: [0.5252226  0.3368034  0.28026837 0.26769701 1.39703101],
2023-12-21 22:44:31.519207 Time: 77.883
2023-12-21 22:45:52.541570 Episodes 1800:, 
2023-12-21 22:45:52.541700 Total steps 90000/500000, 
2023-12-21 22:45:52.542122 Evaluation Reward: [0.1721963  0.27503355 0.99222236 0.91591608 1.78235412],
2023-12-21 22:45:52.542178 Time: 81.01
2023-12-21 22:47:13.007401 Episodes 2000:, 
2023-12-21 22:47:13.007477 Total steps 100000/500000, 
2023-12-21 22:47:13.007708 Evaluation Reward: [0.78590102 0.45767534 1.50370413 0.64616198 0.54171713],
2023-12-21 22:47:13.007750 Time: 80.446
2023-12-21 22:48:36.954777 Episodes 2200:, 
2023-12-21 22:48:36.954853 Total steps 110000/500000, 
2023-12-21 22:48:36.955072 Evaluation Reward: [0.3630641  0.63048896 1.14889959 1.08484442 0.80107852],
2023-12-21 22:48:36.955113 Time: 83.933
2023-12-21 22:49:54.715921 Episodes 2400:, 
2023-12-21 22:49:54.715999 Total steps 120000/500000, 
2023-12-21 22:49:54.716222 Evaluation Reward: [0.45103434 0.435545   0.52173061 0.63660421 1.23178443],
2023-12-21 22:49:54.716265 Time: 77.747
2023-12-21 22:51:18.845337 Episodes 2600:, 
2023-12-21 22:51:18.845421 Total steps 130000/500000, 
2023-12-21 22:51:18.845678 Evaluation Reward: [0.35591589 0.81299701 0.18295181 0.91259916 0.62398724],
2023-12-21 22:51:18.845723 Time: 84.114
2023-12-21 22:52:47.736559 Episodes 2800:, 
2023-12-21 22:52:47.736648 Total steps 140000/500000, 
2023-12-21 22:52:47.736875 Evaluation Reward: [0.87480227 0.80741492 0.17261274 0.91052112 1.06836874],
2023-12-21 22:52:47.736916 Time: 88.876
2023-12-21 22:54:13.757214 Episodes 3000:, 
2023-12-21 22:54:13.757291 Total steps 150000/500000, 
2023-12-21 22:54:13.757538 Evaluation Reward: [1.44650324 0.70077062 0.26829141 0.3452178  0.62087407],
2023-12-21 22:54:13.757581 Time: 86.004
2023-12-21 22:55:37.070733 Episodes 3200:, 
2023-12-21 22:55:37.070890 Total steps 160000/500000, 
2023-12-21 22:55:37.071304 Evaluation Reward: [0.72003456 0.44343325 0.63312401 1.50577407 1.01776707],
2023-12-21 22:55:37.071378 Time: 83.296
2023-12-21 22:57:03.005633 Episodes 3400:, 
2023-12-21 22:57:03.005699 Total steps 170000/500000, 
2023-12-21 22:57:03.005936 Evaluation Reward: [0.70793959 0.63394849 0.27929359 0.0822229  0.72430488],
2023-12-21 22:57:03.005979 Time: 85.905
2023-12-21 22:58:30.290532 Episodes 3600:, 
2023-12-21 22:58:30.290610 Total steps 180000/500000, 
2023-12-21 22:58:30.290840 Evaluation Reward: [1.69285106 1.34243045 0.62690854 1.17866429 0.82392774],
2023-12-21 22:58:30.290881 Time: 87.267
2023-12-21 22:59:54.428622 Episodes 3800:, 
2023-12-21 22:59:54.428699 Total steps 190000/500000, 
2023-12-21 22:59:54.428952 Evaluation Reward: [0.35017394 0.53684333 0.25819286 0.91653333 0.72819526],
2023-12-21 22:59:54.428998 Time: 84.12
2023-12-21 23:01:18.942183 Episodes 4000:, 
2023-12-21 23:01:18.942259 Total steps 200000/500000, 
2023-12-21 23:01:18.942479 Evaluation Reward: [0.17325034 0.44350614 0.97121575 0.62807126 1.04114337],
2023-12-21 23:01:18.942520 Time: 84.494
2023-12-21 23:02:37.296573 Episodes 4200:, 
2023-12-21 23:02:37.296654 Total steps 210000/500000, 
2023-12-21 23:02:37.296871 Evaluation Reward: [0.45015635 0.17958347 0.35893314 0.17842234 0.62820922],
2023-12-21 23:02:37.296915 Time: 78.335
2023-12-21 23:04:02.914662 Episodes 4400:, 
2023-12-21 23:04:02.914734 Total steps 220000/500000, 
2023-12-21 23:04:02.914949 Evaluation Reward: [0.51768414 0.36037421 0.56325624 0.91737475 0.63869409],
2023-12-21 23:04:02.914991 Time: 85.597
2023-12-21 23:05:32.240329 Episodes 4600:, 
2023-12-21 23:05:32.240438 Total steps 230000/500000, 
2023-12-21 23:05:32.240746 Evaluation Reward: [0.80469475 0.80229055 0.99007041 0.42509756 0.34657994],
2023-12-21 23:05:32.240796 Time: 89.306
2023-12-21 23:06:58.757816 Episodes 4800:, 
2023-12-21 23:06:58.757909 Total steps 240000/500000, 
2023-12-21 23:06:58.758152 Evaluation Reward: [0.53711803 0.42567147 1.30114154 1.16743769 0.54051487],
2023-12-21 23:06:58.758195 Time: 86.472
2023-12-21 23:08:18.990025 Episodes 5000:, 
2023-12-21 23:08:18.990099 Total steps 250000/500000, 
2023-12-21 23:08:18.990338 Evaluation Reward: [0.89029607 0.43235677 0.35840592 0.62874656 0.43892578],
2023-12-21 23:08:18.998191 Time: 80.218
2023-12-21 23:09:40.027394 Episodes 5200:, 
2023-12-21 23:09:40.027472 Total steps 260000/500000, 
2023-12-21 23:09:40.027694 Evaluation Reward: [0.74023687 1.00506736 0.3596539  0.35900372 1.24632409],
2023-12-21 23:09:40.027734 Time: 81.008
2023-12-21 23:11:06.494485 Episodes 5400:, 
2023-12-21 23:11:06.494555 Total steps 270000/500000, 
2023-12-21 23:11:06.494769 Evaluation Reward: [1.06923511 0.73113005 1.06330692 0.5334729  0.8717167 ],
2023-12-21 23:11:06.494811 Time: 86.443
2023-12-21 23:12:22.431347 Episodes 5600:, 
2023-12-21 23:12:22.431435 Total steps 280000/500000, 
2023-12-21 23:12:22.431734 Evaluation Reward: [1.08010922 0.43735012 0.35367038 0.52574802 0.17205378],
2023-12-21 23:12:22.431785 Time: 75.914
2023-12-21 23:13:50.835566 Episodes 5800:, 
2023-12-21 23:13:50.835654 Total steps 290000/500000, 
2023-12-21 23:13:50.835895 Evaluation Reward: [0.88450527 0.60526039 0.81662175 0.51635508 0.79587611],
2023-12-21 23:13:50.835935 Time: 88.372
2023-12-21 23:15:18.054959 Episodes 6000:, 
2023-12-21 23:15:18.055037 Total steps 300000/500000, 
2023-12-21 23:15:18.055265 Evaluation Reward: [1.54129561 0.62987325 0.87998822 0.44284552 0.91427216],
2023-12-21 23:15:18.055312 Time: 87.195
2023-12-21 23:16:38.275352 Episodes 6200:, 
2023-12-21 23:16:38.275433 Total steps 310000/500000, 
2023-12-21 23:16:38.275648 Evaluation Reward: [0.81013415 0.91017564 1.46106651 1.15189399 0.98121474],
2023-12-21 23:16:38.275691 Time: 80.196
2023-12-21 23:17:58.061929 Episodes 6400:, 
2023-12-21 23:17:58.062012 Total steps 320000/500000, 
2023-12-21 23:17:58.062250 Evaluation Reward: [0.36407696 0.18814522 0.43907522 0.43318753 1.42282929],
2023-12-21 23:17:58.062293 Time: 79.758
2023-12-21 23:19:20.218495 Episodes 6600:, 
2023-12-21 23:19:20.218576 Total steps 330000/500000, 
2023-12-21 23:19:20.218815 Evaluation Reward: [0.19552976 0.44466993 1.07967966 0.60933696 0.50719998],
2023-12-21 23:19:20.218861 Time: 82.127
2023-12-21 23:20:49.153885 Episodes 6800:, 
2023-12-21 23:20:49.153970 Total steps 340000/500000, 
2023-12-21 23:20:49.154212 Evaluation Reward: [0.64566836 0.17332454 0.80263681 1.15810902 0.82559648],
2023-12-21 23:20:49.154254 Time: 88.905
2023-12-21 23:22:13.341798 Episodes 7000:, 
2023-12-21 23:22:13.341880 Total steps 350000/500000, 
2023-12-21 23:22:13.342107 Evaluation Reward: [0.53899105 1.97057864 1.54230985 1.08744856 0.27573953],
2023-12-21 23:22:13.342151 Time: 84.158
2023-12-21 23:23:35.304718 Episodes 7200:, 
2023-12-21 23:23:35.304817 Total steps 360000/500000, 
2023-12-21 23:23:35.305166 Evaluation Reward: [0.71047979 0.79747684 0.96834736 0.7763473  0.79368172],
2023-12-21 23:23:35.305223 Time: 81.936
2023-12-21 23:25:04.791520 Episodes 7400:, 
2023-12-21 23:25:04.791673 Total steps 370000/500000, 
2023-12-21 23:25:04.792054 Evaluation Reward: [0.43996783 0.97411376 0.34854812 0.82697912 0.42552061],
2023-12-21 23:25:04.792116 Time: 89.445
2023-12-21 23:26:37.038680 Episodes 7600:, 
2023-12-21 23:26:37.038793 Total steps 380000/500000, 
2023-12-21 23:26:37.039087 Evaluation Reward: [0.45739062 1.51914231 1.20706993 0.95968456 1.5586079 ],
2023-12-21 23:26:37.039136 Time: 92.187
2023-12-21 23:28:03.389048 Episodes 7800:, 
2023-12-21 23:28:03.389122 Total steps 390000/500000, 
2023-12-21 23:28:03.389375 Evaluation Reward: [0.82030107 1.25870981 0.95053287 0.62460967 0.3483725 ],
2023-12-21 23:28:03.389418 Time: 86.304
2023-12-21 23:29:23.315969 Episodes 8000:, 
2023-12-21 23:29:23.316050 Total steps 400000/500000, 
2023-12-21 23:29:23.316278 Evaluation Reward: [1.0918603  1.08469441 0.54922918 0.722987   1.55754664],
2023-12-21 23:29:23.316324 Time: 79.898
2023-12-21 23:30:44.464172 Episodes 8200:, 
2023-12-21 23:30:44.464249 Total steps 410000/500000, 
2023-12-21 23:30:44.464466 Evaluation Reward: [0.88595755 1.62897503 0.62896037 0.53599675 1.26005039],
2023-12-21 23:30:44.464508 Time: 81.12
2023-12-21 23:32:04.180075 Episodes 8400:, 
2023-12-21 23:32:04.180147 Total steps 420000/500000, 
2023-12-21 23:32:04.180372 Evaluation Reward: [0.61284169 1.00724044 0.35844581 0.62671607 0.6536082 ],
2023-12-21 23:32:04.180415 Time: 79.682
2023-12-21 23:33:24.059860 Episodes 8600:, 
2023-12-21 23:33:24.059952 Total steps 430000/500000, 
2023-12-21 23:33:24.060198 Evaluation Reward: [1.53796188 1.33820513 1.34733241 0.35137392 0.72670854],
2023-12-21 23:33:24.060239 Time: 79.848
2023-12-21 23:34:43.289902 Episodes 8800:, 
2023-12-21 23:34:43.289988 Total steps 440000/500000, 
2023-12-21 23:34:43.290242 Evaluation Reward: [1.34299821 0.61179707 2.06788348 1.23864851 1.24379355],
2023-12-21 23:34:43.290287 Time: 79.19
2023-12-21 23:36:04.435893 Episodes 9000:, 
2023-12-21 23:36:04.435983 Total steps 450000/500000, 
2023-12-21 23:36:04.436240 Evaluation Reward: [0.5133133  1.59610068 1.12347887 0.58975462 0.98522952],
2023-12-21 23:36:04.436284 Time: 81.115
2023-12-21 23:37:28.513799 Episodes 9200:, 
2023-12-21 23:37:28.513939 Total steps 460000/500000, 
2023-12-21 23:37:28.514313 Evaluation Reward: [1.407091   1.34198796 0.44607078 0.62978708 0.53067345],
2023-12-21 23:37:28.514373 Time: 84.02
2023-12-21 23:38:51.786138 Episodes 9400:, 
2023-12-21 23:38:51.786229 Total steps 470000/500000, 
2023-12-21 23:38:51.786478 Evaluation Reward: [0.6258608  0.43586431 1.3431293  0.69602474 0.62462209],
2023-12-21 23:38:51.786518 Time: 83.195
2023-12-21 23:40:16.412431 Episodes 9600:, 
2023-12-21 23:40:16.412510 Total steps 480000/500000, 
2023-12-21 23:40:16.412740 Evaluation Reward: [0.53714299 2.5114731  0.37030597 0.62442596 0.52237013],
2023-12-21 23:40:16.412780 Time: 84.594
2023-12-21 23:41:33.876839 Episodes 9800:, 
2023-12-21 23:41:33.876914 Total steps 490000/500000, 
2023-12-21 23:41:33.877134 Evaluation Reward: [1.07467776 0.86838368 1.12518739 0.46056243 1.01170256],
2023-12-21 23:41:33.877172 Time: 77.432
2023-12-21 23:42:51.903116 Episodes 10000:, 
2023-12-21 23:42:51.903188 Total steps 499999/500000, 
2023-12-21 23:42:51.903404 Evaluation Reward: [0.69159033 1.10150348 0.53388459 0.70979397 1.54662283],
2023-12-21 23:42:51.903442 Time: 77.993
2023-12-21 23:42:53.607114 Episodes 10000:, 
2023-12-21 23:42:53.607181 Total steps 500000/500000, 
2023-12-21 23:42:53.607382 Evaluation Reward: [0.98021399 1.13531011 1.06604818 0.97662492 1.35822715],
2023-12-21 23:42:53.607418 Time: 1.67
2023-12-21 23:42:53.636523 ========================================Basic Configurations========================================
2023-12-21 23:42:53.636576 Daemon Filename: /home/Desktop/studies/q_functionals_daemon/results/final/5agent_5landmarks_fixed/cddpg_run_10-step-update_func-polynomial_rank-2_episode-10000_lr0001_b512_l3_n256_m500000_iter1/timestamp.log
2023-12-21 23:42:53.636596 Training Environment: q_functions_5agent_5landmarks_fixed
2023-12-21 23:42:53.636612 Functional: polynomial
2023-12-21 23:42:53.636628 rank: 2
2023-12-21 23:42:53.636643 seed: 3
2023-12-21 23:42:53.636663 learning_rate: 0.001
2023-12-21 23:42:53.636680 target_network_learning_rate: 0.005
2023-12-21 23:42:53.636695 nb_runs: 5
2023-12-21 23:42:53.636710 ma_type: cddpg
2023-12-21 23:42:53.636724 policy_type: gaussian
2023-12-21 23:42:53.636740 noise_std: 0.05
2023-12-21 23:42:53.636755 ========================================Model Configurations========================================
2023-12-21 23:42:53.636771 TD3 Trick:: False
2023-12-21 23:42:53.636787 Entropy Regularization: 0.0
2023-12-21 23:42:53.636802 ======================================Sampling Configurations=======================================
2023-12-21 23:42:53.636817 : q_functions_5agent_5landmarks_fixed
2023-12-21 23:42:53.636833 Using quantile sampling during bootstrapping:: False
2023-12-21 23:42:53.636848 Using quantile sampling during evaluation interaction: False
2023-12-21 23:42:53.636862 Using quantile sampling during training interaction:: False
2023-12-21 23:42:53.636877 Sampling Percent: 0.01
2023-12-21 23:42:53.636892 Anneal Sampling Percent: False
2023-12-21 23:42:53.636907 ===============================================Split================================================
2023-12-21 23:42:53.638777 running on CUDA...
2023-12-21 23:43:24.581470 Episodes 0:, 
2023-12-21 23:43:24.581550 Total steps 0/500000, 
2023-12-21 23:43:24.581781 Evaluation Reward: [4.46121998e-01 3.67733624e+00 9.21630305e-01 5.26556448e-75
 1.38191449e+00],
2023-12-21 23:43:24.581821 Time: 30.868
2023-12-21 23:44:42.700450 Episodes 200:, 
2023-12-21 23:44:42.700540 Total steps 10000/500000, 
2023-12-21 23:44:42.700788 Evaluation Reward: [0.17939997 0.36573288 0.8807892  1.26898073 0.26431122],
2023-12-21 23:44:42.700828 Time: 78.119
2023-12-21 23:45:59.699213 Episodes 400:, 
2023-12-21 23:45:59.699312 Total steps 20000/500000, 
2023-12-21 23:45:59.699527 Evaluation Reward: [1.31373914 0.44134304 1.32278164 0.536652   0.08152882],
2023-12-21 23:45:59.699567 Time: 76.989
2023-12-21 23:47:16.919978 Episodes 600:, 
2023-12-21 23:47:16.920083 Total steps 30000/500000, 
2023-12-21 23:47:16.920344 Evaluation Reward: [2.37465986 0.78950553 0.47877609 0.4554085  0.88757583],
2023-12-21 23:47:16.920383 Time: 77.21
2023-12-21 23:48:33.618792 Episodes 800:, 
2023-12-21 23:48:33.618878 Total steps 40000/500000, 
2023-12-21 23:48:33.619114 Evaluation Reward: [1.83114767e+00 4.45579745e-01 1.45295909e+00 6.16310395e-01
 7.10966159e-37],
2023-12-21 23:48:33.619155 Time: 76.688
2023-12-21 23:49:54.072911 Episodes 1000:, 
2023-12-21 23:49:54.073077 Total steps 50000/500000, 
2023-12-21 23:49:54.073504 Evaluation Reward: [0.60924055 1.33928209 0.2617782  0.4357944  0.69399154],
2023-12-21 23:49:54.073578 Time: 80.442
2023-12-21 23:51:12.685688 Episodes 1200:, 
2023-12-21 23:51:12.685790 Total steps 60000/500000, 
2023-12-21 23:51:12.686027 Evaluation Reward: [0.87852737 0.4332775  1.21154692 0.53771917 1.3244306 ],
2023-12-21 23:51:12.686063 Time: 78.592
2023-12-21 23:52:29.488585 Episodes 1400:, 
2023-12-21 23:52:29.488655 Total steps 70000/500000, 
2023-12-21 23:52:29.488878 Evaluation Reward: [1.06308068 0.79093158 0.27916505 0.63722142 0.70740111],
2023-12-21 23:52:29.488920 Time: 76.791
2023-12-21 23:53:46.924071 Episodes 1600:, 
2023-12-21 23:53:46.924146 Total steps 80000/500000, 
2023-12-21 23:53:46.924365 Evaluation Reward: [0.95450395 0.96508484 0.78953999 0.43556765 0.55874792],
2023-12-21 23:53:46.924403 Time: 77.423
2023-12-21 23:55:04.339239 Episodes 1800:, 
2023-12-21 23:55:04.339309 Total steps 90000/500000, 
2023-12-21 23:55:04.339518 Evaluation Reward: [0.72175334 0.7494052  0.92727648 0.17145824 1.16154961],
2023-12-21 23:55:04.339555 Time: 77.403
2023-12-21 23:56:19.780154 Episodes 2000:, 
2023-12-21 23:56:19.780230 Total steps 100000/500000, 
2023-12-21 23:56:19.780442 Evaluation Reward: [1.00537347 0.27632935 0.79366082 0.55404693 0.59264548],
2023-12-21 23:56:19.780485 Time: 75.429
2023-12-21 23:57:38.524889 Episodes 2200:, 
2023-12-21 23:57:38.524968 Total steps 110000/500000, 
2023-12-21 23:57:38.525191 Evaluation Reward: [1.28999016 0.98493484 0.53335754 0.17690847 0.45787506],
2023-12-21 23:57:38.525232 Time: 78.732
2023-12-21 23:59:01.234705 Episodes 2400:, 
2023-12-21 23:59:01.234772 Total steps 120000/500000, 
2023-12-21 23:59:01.234976 Evaluation Reward: [0.78412662 1.39803176 0.51665673 0.52322531 1.09436427],
2023-12-21 23:59:01.235014 Time: 82.696
2023-12-22 00:00:25.072361 Episodes 2600:, 
2023-12-22 00:00:25.072452 Total steps 130000/500000, 
2023-12-22 00:00:25.072689 Evaluation Reward: [1.17246035 0.34764886 0.45468143 0.17072922 0.27576387],
2023-12-22 00:00:25.072730 Time: 83.824
2023-12-22 00:01:47.925373 Episodes 2800:, 
2023-12-22 00:01:47.925469 Total steps 140000/500000, 
2023-12-22 00:01:47.925725 Evaluation Reward: [0.98482935 0.81160359 0.27577406 0.63864395 0.36066157],
2023-12-22 00:01:47.925766 Time: 82.837
2023-12-22 00:03:05.056706 Episodes 3000:, 
2023-12-22 00:03:05.056781 Total steps 150000/500000, 
2023-12-22 00:03:05.057003 Evaluation Reward: [0.5427026  0.1700149  1.09882798 1.44873809 0.73099665],
2023-12-22 00:03:05.057041 Time: 77.106
2023-12-22 00:04:23.372493 Episodes 3200:, 
2023-12-22 00:04:23.372572 Total steps 160000/500000, 
2023-12-22 00:04:23.372790 Evaluation Reward: [0.53845816 0.73124604 0.8892704  0.45815365 0.85384563],
2023-12-22 00:04:23.372840 Time: 78.301
2023-12-22 00:05:43.184054 Episodes 3400:, 
2023-12-22 00:05:43.184130 Total steps 170000/500000, 
2023-12-22 00:05:43.184342 Evaluation Reward: [0.26568977 0.67701307 0.70493465 0.78412933 1.44059979],
2023-12-22 00:05:43.184379 Time: 79.795
2023-12-22 00:07:01.236306 Episodes 3600:, 
2023-12-22 00:07:01.236385 Total steps 180000/500000, 
2023-12-22 00:07:01.236607 Evaluation Reward: [0.8064421  0.7891668  1.0730229  0.19570543 0.44255947],
2023-12-22 00:07:01.236649 Time: 78.036
2023-12-22 00:08:21.270952 Episodes 3800:, 
2023-12-22 00:08:21.271043 Total steps 190000/500000, 
2023-12-22 00:08:21.271274 Evaluation Reward: [0.56012825 0.77206935 0.44107434 0.52663887 1.05392093],
2023-12-22 00:08:21.271313 Time: 80.017
2023-12-22 00:09:39.373327 Episodes 4000:, 
2023-12-22 00:09:39.373440 Total steps 200000/500000, 
2023-12-22 00:09:39.373742 Evaluation Reward: [0.17343722 0.51706169 1.70634755 0.43358265 0.52690834],
2023-12-22 00:09:39.373792 Time: 78.084
2023-12-22 00:10:57.084719 Episodes 4200:, 
2023-12-22 00:10:57.084798 Total steps 210000/500000, 
2023-12-22 00:10:57.085027 Evaluation Reward: [0.42728215 0.52553889 0.35736228 0.19027324 1.55033425],
2023-12-22 00:10:57.085068 Time: 77.682
2023-12-22 00:12:15.015922 Episodes 4400:, 
2023-12-22 00:12:15.022274 Total steps 220000/500000, 
2023-12-22 00:12:15.022576 Evaluation Reward: [1.31268975 0.8884925  0.94728889 0.89827258 0.65696573],
2023-12-22 00:12:15.022618 Time: 77.916
2023-12-22 00:13:34.195644 Episodes 4600:, 
2023-12-22 00:13:34.195788 Total steps 230000/500000, 
2023-12-22 00:13:34.196063 Evaluation Reward: [0.33698337 0.36369173 1.42428063 0.85370426 0.42988236],
2023-12-22 00:13:34.196108 Time: 79.15
2023-12-22 00:14:52.912557 Episodes 4800:, 
2023-12-22 00:14:52.912644 Total steps 240000/500000, 
2023-12-22 00:14:52.912872 Evaluation Reward: [1.01011034 1.25107989 1.42883668 0.73090062 0.53740442],
2023-12-22 00:14:52.912910 Time: 78.692
2023-12-22 00:16:13.094827 Episodes 5000:, 
2023-12-22 00:16:13.094916 Total steps 250000/500000, 
2023-12-22 00:16:13.095166 Evaluation Reward: [1.85515666 0.46488606 1.38971073 0.64464191 0.44058044],
2023-12-22 00:16:13.095216 Time: 80.162
2023-12-22 00:17:33.074426 Episodes 5200:, 
2023-12-22 00:17:33.074522 Total steps 260000/500000, 
2023-12-22 00:17:33.074856 Evaluation Reward: [0.34247066 0.50402697 0.26855351 1.2147438  0.98138038],
2023-12-22 00:17:33.074922 Time: 79.955
2023-12-22 00:18:54.975546 Episodes 5400:, 
2023-12-22 00:18:54.975625 Total steps 270000/500000, 
2023-12-22 00:18:54.975863 Evaluation Reward: [0.4741507  0.63092103 0.80201973 0.46986848 0.45343167],
2023-12-22 00:18:54.975905 Time: 81.877
2023-12-22 00:20:14.727557 Episodes 5600:, 
2023-12-22 00:20:14.727657 Total steps 280000/500000, 
2023-12-22 00:20:14.727894 Evaluation Reward: [1.52600879 0.5518449  0.55853047 0.27338397 0.42685238],
2023-12-22 00:20:14.727938 Time: 79.728
2023-12-22 00:21:34.887504 Episodes 5800:, 
2023-12-22 00:21:34.887597 Total steps 290000/500000, 
2023-12-22 00:21:34.887857 Evaluation Reward: [2.73594151 0.88294071 1.05041173 0.2569267  1.06636066],
2023-12-22 00:21:34.887901 Time: 80.134
2023-12-22 00:22:53.091276 Episodes 6000:, 
2023-12-22 00:22:53.091351 Total steps 300000/500000, 
2023-12-22 00:22:53.091572 Evaluation Reward: [2.22146634 0.72101409 0.90078245 0.54841375 1.31734114],
2023-12-22 00:22:53.091613 Time: 78.178
2023-12-22 00:24:10.670220 Episodes 6200:, 
2023-12-22 00:24:10.670303 Total steps 310000/500000, 
2023-12-22 00:24:10.676947 Evaluation Reward: [6.28213915e-31 1.09478006e+00 1.46866849e+00 9.92635656e-01
 4.51686239e-01],
2023-12-22 00:24:10.677005 Time: 77.561
2023-12-22 00:25:29.896409 Episodes 6400:, 
2023-12-22 00:25:29.896479 Total steps 320000/500000, 
2023-12-22 00:25:29.896696 Evaluation Reward: [1.00183425 0.78690765 1.36669691 0.09662591 0.62174691],
2023-12-22 00:25:29.896737 Time: 79.192
2023-12-22 00:26:51.252623 Episodes 6600:, 
2023-12-22 00:26:51.252706 Total steps 330000/500000, 
2023-12-22 00:26:51.252951 Evaluation Reward: [1.86999481 1.27561327 1.72233562 0.53141279 1.54216429],
2023-12-22 00:26:51.252993 Time: 81.331
2023-12-22 00:28:08.491789 Episodes 6800:, 
2023-12-22 00:28:08.491878 Total steps 340000/500000, 
2023-12-22 00:28:08.492123 Evaluation Reward: [1.15106188 0.36510138 1.06472601 0.34914906 0.44631413],
2023-12-22 00:28:08.492176 Time: 77.213
2023-12-22 00:29:25.866490 Episodes 7000:, 
2023-12-22 00:29:25.866574 Total steps 350000/500000, 
2023-12-22 00:29:25.866805 Evaluation Reward: [1.66054312 0.62644155 1.40837447 0.79919985 0.3554408 ],
2023-12-22 00:29:25.866846 Time: 77.347
2023-12-22 00:30:44.406138 Episodes 7200:, 
2023-12-22 00:30:44.406228 Total steps 360000/500000, 
2023-12-22 00:30:44.406466 Evaluation Reward: [0.54696956 0.54178842 0.88702408 0.19030135 0.36500931],
2023-12-22 00:30:44.406509 Time: 78.513
2023-12-22 00:32:01.539417 Episodes 7400:, 
2023-12-22 00:32:01.539492 Total steps 370000/500000, 
2023-12-22 00:32:01.539703 Evaluation Reward: [0.71163326 0.54890716 1.50423305 0.55434034 0.35128879],
2023-12-22 00:32:01.539743 Time: 77.105
2023-12-22 00:33:19.688697 Episodes 7600:, 
2023-12-22 00:33:19.688781 Total steps 380000/500000, 
2023-12-22 00:33:19.689018 Evaluation Reward: [1.97221452 0.63717386 0.6874943  0.56154354 0.62786085],
2023-12-22 00:33:19.689061 Time: 78.12
2023-12-22 00:34:36.893010 Episodes 7800:, 
2023-12-22 00:34:36.893094 Total steps 390000/500000, 
2023-12-22 00:34:36.893336 Evaluation Reward: [0.89549254 0.28827194 0.97911564 0.90417356 0.63251528],
2023-12-22 00:34:36.893377 Time: 77.177
2023-12-22 00:35:56.172705 Episodes 8000:, 
2023-12-22 00:35:56.172785 Total steps 400000/500000, 
2023-12-22 00:35:56.173009 Evaluation Reward: [1.04539985 0.72162991 0.986334   0.99852152 0.7213581 ],
2023-12-22 00:35:56.173051 Time: 79.25
2023-12-22 00:37:14.050742 Episodes 8200:, 
2023-12-22 00:37:14.050830 Total steps 410000/500000, 
2023-12-22 00:37:14.051053 Evaluation Reward: [0.08334153 0.87437603 1.13350534 0.55492292 0.37165346],
2023-12-22 00:37:14.051093 Time: 77.849
2023-12-22 00:38:31.709418 Episodes 8400:, 
2023-12-22 00:38:31.709494 Total steps 420000/500000, 
2023-12-22 00:38:31.709721 Evaluation Reward: [0.4369713  0.64405633 0.45120114 0.72517448 0.09083069],
2023-12-22 00:38:31.709760 Time: 77.627
2023-12-22 00:39:49.807156 Episodes 8600:, 
2023-12-22 00:39:49.807232 Total steps 430000/500000, 
2023-12-22 00:39:49.807449 Evaluation Reward: [0.41840621 0.46160759 1.96286903 0.44697224 1.22805353],
2023-12-22 00:39:49.807489 Time: 78.064
2023-12-22 00:41:06.635431 Episodes 8800:, 
2023-12-22 00:41:06.635524 Total steps 440000/500000, 
2023-12-22 00:41:06.635742 Evaluation Reward: [0.71898863 0.89121799 1.69403327 0.6087249  0.60042635],
2023-12-22 00:41:06.635784 Time: 76.795
2023-12-22 00:42:21.347849 Episodes 9000:, 
2023-12-22 00:42:21.347926 Total steps 450000/500000, 
2023-12-22 00:42:21.348143 Evaluation Reward: [1.1863451  0.54176912 1.69431313 0.37038732 1.37067862],
2023-12-22 00:42:21.348186 Time: 74.68
2023-12-22 00:43:39.860511 Episodes 9200:, 
2023-12-22 00:43:39.860603 Total steps 460000/500000, 
2023-12-22 00:43:39.860844 Evaluation Reward: [1.6193095  1.07988693 1.81227393 0.70690098 1.21280313],
2023-12-22 00:43:39.860885 Time: 78.482
2023-12-22 00:44:58.419715 Episodes 9400:, 
2023-12-22 00:44:58.419795 Total steps 470000/500000, 
2023-12-22 00:44:58.420028 Evaluation Reward: [0.7138642  0.92086408 1.51148567 0.82137016 0.60525185],
2023-12-22 00:44:58.420069 Time: 78.524
2023-12-22 00:46:15.787450 Episodes 9600:, 
2023-12-22 00:46:15.787540 Total steps 480000/500000, 
2023-12-22 00:46:15.787798 Evaluation Reward: [1.24626578 0.63166977 1.07172434 0.71827578 0.1781615 ],
2023-12-22 00:46:15.787838 Time: 77.332
2023-12-22 00:47:33.533128 Episodes 9800:, 
2023-12-22 00:47:33.533203 Total steps 490000/500000, 
2023-12-22 00:47:33.533429 Evaluation Reward: [0.67760476 0.62301729 1.32297717 0.7480816  1.19307227],
2023-12-22 00:47:33.533470 Time: 77.712
2023-12-22 00:48:50.672234 Episodes 10000:, 
2023-12-22 00:48:50.672329 Total steps 499999/500000, 
2023-12-22 00:48:50.672618 Evaluation Reward: [0.79964379 1.74812692 1.42863008 0.91035005 0.2656051 ],
2023-12-22 00:48:50.672666 Time: 77.105
2023-12-22 00:48:52.508549 Episodes 10000:, 
2023-12-22 00:48:52.508619 Total steps 500000/500000, 
2023-12-22 00:48:52.508829 Evaluation Reward: [1.45207128 0.64627419 2.71072913 0.89020464 0.55662142],
2023-12-22 00:48:52.508865 Time: 1.791
2023-12-22 00:48:52.539127 ========================================Basic Configurations========================================
2023-12-22 00:48:52.539196 Daemon Filename: /home/Desktop/studies/q_functionals_daemon/results/final/5agent_5landmarks_fixed/cddpg_run_10-step-update_func-polynomial_rank-2_episode-10000_lr0001_b512_l3_n256_m500000_iter1/timestamp.log
2023-12-22 00:48:52.539233 Training Environment: q_functions_5agent_5landmarks_fixed
2023-12-22 00:48:52.539253 Functional: polynomial
2023-12-22 00:48:52.539270 rank: 2
2023-12-22 00:48:52.539286 seed: 4
2023-12-22 00:48:52.539308 learning_rate: 0.001
2023-12-22 00:48:52.539326 target_network_learning_rate: 0.005
2023-12-22 00:48:52.539343 nb_runs: 5
2023-12-22 00:48:52.539359 ma_type: cddpg
2023-12-22 00:48:52.539375 policy_type: gaussian
2023-12-22 00:48:52.539392 noise_std: 0.05
2023-12-22 00:48:52.539409 ========================================Model Configurations========================================
2023-12-22 00:48:52.539427 TD3 Trick:: False
2023-12-22 00:48:52.539444 Entropy Regularization: 0.0
2023-12-22 00:48:52.539461 ======================================Sampling Configurations=======================================
2023-12-22 00:48:52.539477 : q_functions_5agent_5landmarks_fixed
2023-12-22 00:48:52.539494 Using quantile sampling during bootstrapping:: False
2023-12-22 00:48:52.539510 Using quantile sampling during evaluation interaction: False
2023-12-22 00:48:52.539526 Using quantile sampling during training interaction:: False
2023-12-22 00:48:52.539543 Sampling Percent: 0.01
2023-12-22 00:48:52.539559 Anneal Sampling Percent: False
2023-12-22 00:48:52.539575 ===============================================Split================================================
2023-12-22 00:48:52.542100 running on CUDA...
2023-12-22 00:49:29.468068 Episodes 0:, 
2023-12-22 00:49:29.468138 Total steps 0/500000, 
2023-12-22 00:49:29.468354 Evaluation Reward: [1.08438258 1.23402545 0.78973419 1.06072152 1.02932765],
2023-12-22 00:49:29.468398 Time: 36.864
2023-12-22 00:50:44.887372 Episodes 200:, 
2023-12-22 00:50:44.887452 Total steps 10000/500000, 
2023-12-22 00:50:44.887682 Evaluation Reward: [0.7175253  0.4439783  0.17095624 0.87572781 1.17942376],
2023-12-22 00:50:44.887730 Time: 75.419
2023-12-22 00:51:59.828347 Episodes 400:, 
2023-12-22 00:51:59.828427 Total steps 20000/500000, 
2023-12-22 00:51:59.828646 Evaluation Reward: [0.45904828 1.26244727 0.26964683 1.5568592  0.81448937],
2023-12-22 00:51:59.828687 Time: 74.931
2023-12-22 00:53:14.775864 Episodes 600:, 
2023-12-22 00:53:14.775945 Total steps 30000/500000, 
2023-12-22 00:53:14.776175 Evaluation Reward: [0.55414514 0.63371821 0.52575523 2.26655674 0.36555267],
2023-12-22 00:53:14.776219 Time: 74.938
2023-12-22 00:54:31.248381 Episodes 800:, 
2023-12-22 00:54:31.248466 Total steps 40000/500000, 
2023-12-22 00:54:31.248704 Evaluation Reward: [0.35534004 0.70613908 1.14883551 1.2977212  0.37965003],
2023-12-22 00:54:31.248745 Time: 76.46
2023-12-22 00:55:46.265784 Episodes 1000:, 
2023-12-22 00:55:46.265854 Total steps 50000/500000, 
2023-12-22 00:55:46.266082 Evaluation Reward: [0.08514664 0.612659   0.4472496  0.9138485  0.99719805],
2023-12-22 00:55:46.266125 Time: 75.007
2023-12-22 00:57:04.071913 Episodes 1200:, 
2023-12-22 00:57:04.072004 Total steps 60000/500000, 
2023-12-22 00:57:04.072233 Evaluation Reward: [0.82380576 0.53031319 1.42695962 0.59632453 0.98802111],
2023-12-22 00:57:04.072272 Time: 77.794
2023-12-22 00:58:18.929038 Episodes 1400:, 
2023-12-22 00:58:18.929117 Total steps 70000/500000, 
2023-12-22 00:58:18.929351 Evaluation Reward: [0.35565705 0.70860772 0.53761391 1.01518827 0.46257408],
2023-12-22 00:58:18.929406 Time: 74.845
2023-12-22 00:59:35.414144 Episodes 1600:, 
2023-12-22 00:59:35.414221 Total steps 80000/500000, 
2023-12-22 00:59:35.414440 Evaluation Reward: [0.34475742 0.81215821 0.44112846 0.63021969 0.34383863],
2023-12-22 00:59:35.414479 Time: 76.473
2023-12-22 01:00:52.019712 Episodes 1800:, 
2023-12-22 01:00:52.019794 Total steps 90000/500000, 
2023-12-22 01:00:52.020018 Evaluation Reward: [0.51460637 0.44084789 0.52147777 0.08631022 0.80775359],
2023-12-22 01:00:52.020060 Time: 76.593
2023-12-22 01:02:07.990899 Episodes 2000:, 
2023-12-22 01:02:07.990968 Total steps 100000/500000, 
2023-12-22 01:02:07.991191 Evaluation Reward: [0.6280201  0.26155458 0.36582527 0.42884377 1.0686156 ],
2023-12-22 01:02:07.991236 Time: 75.957
2023-12-22 01:03:23.423421 Episodes 2200:, 
2023-12-22 01:03:23.423493 Total steps 110000/500000, 
2023-12-22 01:03:23.423711 Evaluation Reward: [0.9035221  0.89433847 1.09061047 0.17135649 0.82393363],
2023-12-22 01:03:23.423750 Time: 75.419
2023-12-22 01:04:41.183320 Episodes 2400:, 
2023-12-22 01:04:41.183397 Total steps 120000/500000, 
2023-12-22 01:04:41.183673 Evaluation Reward: [0.71523324 0.44862122 1.05555137 0.37068098 0.5299646 ],
2023-12-22 01:04:41.183724 Time: 77.746
2023-12-22 01:05:58.179146 Episodes 2600:, 
2023-12-22 01:05:58.179225 Total steps 130000/500000, 
2023-12-22 01:05:58.179511 Evaluation Reward: [0.28596274 0.7089917  0.70484882 0.08259628 0.27220484],
2023-12-22 01:05:58.179563 Time: 76.98
2023-12-22 01:07:14.947539 Episodes 2800:, 
2023-12-22 01:07:14.947626 Total steps 140000/500000, 
2023-12-22 01:07:14.947850 Evaluation Reward: [0.16771798 0.67949753 0.44526923 0.90773686 1.46692923],
2023-12-22 01:07:14.947889 Time: 76.746
2023-12-22 01:08:31.876786 Episodes 3000:, 
2023-12-22 01:08:31.876867 Total steps 150000/500000, 
2023-12-22 01:08:31.877096 Evaluation Reward: [0.16061236 0.34458857 0.91438918 1.15762756 0.74042882],
2023-12-22 01:08:31.877139 Time: 76.913
2023-12-22 01:09:49.149030 Episodes 3200:, 
2023-12-22 01:09:49.149114 Total steps 160000/500000, 
2023-12-22 01:09:49.149341 Evaluation Reward: [0.2709059  0.96647039 0.80926497 0.6840261  0.72118091],
2023-12-22 01:09:49.149381 Time: 77.254
2023-12-22 01:11:06.065725 Episodes 3400:, 
2023-12-22 01:11:06.065802 Total steps 170000/500000, 
2023-12-22 01:11:06.072390 Evaluation Reward: [1.32551121e+00 1.08080377e+00 1.54167577e-30 3.52040520e-01
 6.83179314e-01],
2023-12-22 01:11:06.072450 Time: 76.907
2023-12-22 01:12:22.424541 Episodes 3600:, 
2023-12-22 01:12:22.424619 Total steps 180000/500000, 
2023-12-22 01:12:22.424836 Evaluation Reward: [0.36455768 0.8853266  0.28084106 0.46988629 0.55199311],
2023-12-22 01:12:22.424877 Time: 76.333
2023-12-22 01:13:40.477924 Episodes 3800:, 
2023-12-22 01:13:40.478014 Total steps 190000/500000, 
2023-12-22 01:13:40.482285 Evaluation Reward: [0.17256661 0.62077734 0.27206738 0.27696333 0.18245982],
2023-12-22 01:13:40.482335 Time: 78.04
2023-12-22 01:14:56.638109 Episodes 4000:, 
2023-12-22 01:14:56.638185 Total steps 200000/500000, 
2023-12-22 01:14:56.638432 Evaluation Reward: [0.8957188  0.96791008 0.52541684 0.69277067 0.60595462],
2023-12-22 01:14:56.638478 Time: 76.125
2023-12-22 01:16:14.394193 Episodes 4200:, 
2023-12-22 01:16:14.394270 Total steps 210000/500000, 
2023-12-22 01:16:14.394520 Evaluation Reward: [0.79041876 0.62173615 0.90868062 0.97117649 0.66965705],
2023-12-22 01:16:14.394563 Time: 77.736
2023-12-22 01:17:30.018437 Episodes 4400:, 
2023-12-22 01:17:30.018513 Total steps 220000/500000, 
2023-12-22 01:17:30.018734 Evaluation Reward: [0.90060666 0.55993439 0.95960042 0.42739713 0.98442697],
2023-12-22 01:17:30.018772 Time: 75.604
2023-12-22 01:18:46.509772 Episodes 4600:, 
2023-12-22 01:18:46.509848 Total steps 230000/500000, 
2023-12-22 01:18:46.510079 Evaluation Reward: [1.15222591 0.27379718 0.63328964 0.52829717 0.99898535],
2023-12-22 01:18:46.510126 Time: 76.47
2023-12-22 01:20:02.386553 Episodes 4800:, 
2023-12-22 01:20:02.386633 Total steps 240000/500000, 
2023-12-22 01:20:02.386877 Evaluation Reward: [0.19713009 1.43865876 1.41619512 0.44939403 0.78659196],
2023-12-22 01:20:02.386932 Time: 75.856
2023-12-22 01:21:18.791043 Episodes 5000:, 
2023-12-22 01:21:18.791123 Total steps 250000/500000, 
2023-12-22 01:21:18.791361 Evaluation Reward: [6.12878230e-01 1.27988530e+00 6.27373041e-01 1.69530953e-29
 8.07214375e-01],
2023-12-22 01:21:18.791408 Time: 76.383
2023-12-22 01:22:36.818535 Episodes 5200:, 
2023-12-22 01:22:36.818608 Total steps 260000/500000, 
2023-12-22 01:22:36.818871 Evaluation Reward: [0.9074919  1.05403093 0.83373957 0.78952904 0.6048693 ],
2023-12-22 01:22:36.818917 Time: 78.004
2023-12-22 01:23:54.117388 Episodes 5400:, 
2023-12-22 01:23:54.117464 Total steps 270000/500000, 
2023-12-22 01:23:54.117685 Evaluation Reward: [0.57277813 0.89770076 0.70203647 0.78293756 1.00383611],
2023-12-22 01:23:54.117729 Time: 77.272
2023-12-22 01:25:11.127062 Episodes 5600:, 
2023-12-22 01:25:11.127163 Total steps 280000/500000, 
2023-12-22 01:25:11.127489 Evaluation Reward: [0.72768803 1.07195978 0.44566402 0.69395435 0.79180497],
2023-12-22 01:25:11.127547 Time: 76.988
2023-12-22 01:26:28.698224 Episodes 5800:, 
2023-12-22 01:26:28.698305 Total steps 290000/500000, 
2023-12-22 01:26:28.698535 Evaluation Reward: [0.65561912 0.6270038  1.2286121  0.63467794 0.71502499],
2023-12-22 01:26:28.698578 Time: 77.54
2023-12-22 01:27:44.453763 Episodes 6000:, 
2023-12-22 01:27:44.453840 Total steps 300000/500000, 
2023-12-22 01:27:44.454067 Evaluation Reward: [0.73563089 1.06175193 0.72868574 1.26683858 1.18913617],
2023-12-22 01:27:44.454110 Time: 75.731
2023-12-22 01:29:01.880797 Episodes 6200:, 
2023-12-22 01:29:01.880868 Total steps 310000/500000, 
2023-12-22 01:29:01.881082 Evaluation Reward: [0.36548376 1.64767283 0.73826547 1.34105563 0.45806378],
2023-12-22 01:29:01.881125 Time: 77.402
2023-12-22 01:30:20.355872 Episodes 6400:, 
2023-12-22 01:30:20.355972 Total steps 320000/500000, 
2023-12-22 01:30:20.356204 Evaluation Reward: [0.7258978  0.54785029 0.97966684 2.1153452  1.33087869],
2023-12-22 01:30:20.356249 Time: 78.448
2023-12-22 01:31:37.410910 Episodes 6600:, 
2023-12-22 01:31:37.410999 Total steps 330000/500000, 
2023-12-22 01:31:37.411235 Evaluation Reward: [0.60519254 1.17064735 0.29289566 0.97702197 0.64355064],
2023-12-22 01:31:37.411282 Time: 77.03
2023-12-22 01:32:54.205214 Episodes 6800:, 
2023-12-22 01:32:54.205294 Total steps 340000/500000, 
2023-12-22 01:32:54.205539 Evaluation Reward: [0.8954233  1.16804706 0.52272411 1.6069287  0.70565632],
2023-12-22 01:32:54.205584 Time: 76.77
2023-12-22 01:34:10.229874 Episodes 7000:, 
2023-12-22 01:34:10.229957 Total steps 350000/500000, 
2023-12-22 01:34:10.230179 Evaluation Reward: [0.75863659 1.73638357 0.79459369 3.02130847 0.59683904],
2023-12-22 01:34:10.230219 Time: 75.997
2023-12-22 01:35:27.331463 Episodes 7200:, 
2023-12-22 01:35:27.331543 Total steps 360000/500000, 
2023-12-22 01:35:27.331762 Evaluation Reward: [0.98641268 0.97488175 1.43879983 0.70202299 0.80500281],
2023-12-22 01:35:27.331806 Time: 77.075
2023-12-22 01:36:44.838770 Episodes 7400:, 
2023-12-22 01:36:44.838842 Total steps 370000/500000, 
2023-12-22 01:36:44.839054 Evaluation Reward: [1.25941726 0.99772886 0.86663003 2.23672758 1.07389779],
2023-12-22 01:36:44.839092 Time: 77.478
2023-12-22 01:38:01.720269 Episodes 7600:, 
2023-12-22 01:38:01.720349 Total steps 380000/500000, 
2023-12-22 01:38:01.720567 Evaluation Reward: [1.36102037 1.28205986 0.90746441 1.25771285 0.62986773],
2023-12-22 01:38:01.720606 Time: 76.851
2023-12-22 01:39:20.632601 Episodes 7800:, 
2023-12-22 01:39:20.632688 Total steps 390000/500000, 
2023-12-22 01:39:20.632919 Evaluation Reward: [0.99384055 0.6098601  0.35016025 0.98016703 0.56082845],
2023-12-22 01:39:20.632963 Time: 78.878
2023-12-22 01:40:35.809799 Episodes 8000:, 
2023-12-22 01:40:35.809879 Total steps 400000/500000, 
2023-12-22 01:40:35.810102 Evaluation Reward: [0.65148489 0.43982315 0.44266767 1.59035484 0.81097244],
2023-12-22 01:40:35.810142 Time: 75.144
2023-12-22 01:41:49.885773 Episodes 8200:, 
2023-12-22 01:41:49.885858 Total steps 410000/500000, 
2023-12-22 01:41:49.886118 Evaluation Reward: [0.71806309 0.61484362 0.2819359  0.73539581 0.26034138],
2023-12-22 01:41:49.886158 Time: 74.047
2023-12-22 01:43:07.618775 Episodes 8400:, 
2023-12-22 01:43:07.618863 Total steps 420000/500000, 
2023-12-22 01:43:07.619095 Evaluation Reward: [0.35629375 0.35846986 1.3048412  1.79482986 0.63572292],
2023-12-22 01:43:07.619140 Time: 77.705
2023-12-22 01:44:25.640360 Episodes 8600:, 
2023-12-22 01:44:25.640441 Total steps 430000/500000, 
2023-12-22 01:44:25.640689 Evaluation Reward: [0.7711741  0.78632321 0.1739427  1.94647868 0.9175315 ],
2023-12-22 01:44:25.640734 Time: 77.99
2023-12-22 01:45:42.844713 Episodes 8800:, 
2023-12-22 01:45:42.844793 Total steps 440000/500000, 
2023-12-22 01:45:42.845017 Evaluation Reward: [0.46859597 1.06014205 0.27086975 0.63635512 0.45373678],
2023-12-22 01:45:42.845059 Time: 77.17
2023-12-22 01:47:00.824851 Episodes 9000:, 
2023-12-22 01:47:00.824937 Total steps 450000/500000, 
2023-12-22 01:47:00.825157 Evaluation Reward: [0.63255579 1.15955673 0.43219864 1.637439   0.37970055],
2023-12-22 01:47:00.825199 Time: 77.95
2023-12-22 01:48:19.421061 Episodes 9200:, 
2023-12-22 01:48:19.421142 Total steps 460000/500000, 
2023-12-22 01:48:19.421373 Evaluation Reward: [0.28091911 0.73503546 0.25757607 1.73813428 0.72418607],
2023-12-22 01:48:19.421419 Time: 78.565
2023-12-22 01:49:35.530400 Episodes 9400:, 
2023-12-22 01:49:35.530480 Total steps 470000/500000, 
2023-12-22 01:49:35.530702 Evaluation Reward: [0.99601955 0.87286489 0.08259542 2.32194115 0.56233473],
2023-12-22 01:49:35.530745 Time: 76.077
2023-12-22 01:50:50.741376 Episodes 9600:, 
2023-12-22 01:50:50.741455 Total steps 480000/500000, 
2023-12-22 01:50:50.741684 Evaluation Reward: [0.70815116 3.97675347 1.37890712 0.52335883 0.25766076],
2023-12-22 01:50:50.741729 Time: 75.179
2023-12-22 01:52:05.395832 Episodes 9800:, 
2023-12-22 01:52:05.395934 Total steps 490000/500000, 
2023-12-22 01:52:05.400274 Evaluation Reward: [0.82246909 1.65021069 0.19871369 2.79791128 0.79638333],
2023-12-22 01:52:05.400359 Time: 74.602
2023-12-22 01:53:22.704060 Episodes 10000:, 
2023-12-22 01:53:22.704134 Total steps 499999/500000, 
2023-12-22 01:53:22.704348 Evaluation Reward: [0.80914766 2.28048427 0.64124423 2.03166941 0.53294901],
2023-12-22 01:53:22.704388 Time: 77.266
2023-12-22 01:53:24.579665 Episodes 10000:, 
2023-12-22 01:53:24.579745 Total steps 500000/500000, 
2023-12-22 01:53:24.579959 Evaluation Reward: [0.82496671 2.84850128 0.44150377 1.67508206 0.72733385],
2023-12-22 01:53:24.580002 Time: 1.841
