2023-12-08 18:26:53.253489 ========================================Basic Configurations========================================
2023-12-08 18:26:53.253540 Daemon Filename: /home/Desktop/studies/q_functionals_daemon/results/final/2agent_2landmarks_full_egreedy/centralized_run_1-step-update_func-polynomial_rank-2_episode-10000_lr0001_b512_l3_n256_m500000_iter1/timestamp.log
2023-12-08 18:26:53.253562 Training Environment: q_functions_2agent_2landmarks
2023-12-08 18:26:53.253578 Functional: polynomial
2023-12-08 18:26:53.253593 rank: 2
2023-12-08 18:26:53.253607 seed: 0
2023-12-08 18:26:53.253624 learning_rate: 0.001
2023-12-08 18:26:53.253640 target_network_learning_rate: 0.005
2023-12-08 18:26:53.253654 nb_runs: 5
2023-12-08 18:26:53.253668 ma_type: centralized
2023-12-08 18:26:53.253682 policy_type: e_greedy
2023-12-08 18:26:53.253697 noise_std: 0.05
2023-12-08 18:26:53.253711 ========================================Model Configurations========================================
2023-12-08 18:26:53.253727 TD3 Trick:: False
2023-12-08 18:26:53.253741 Entropy Regularization: 0.0
2023-12-08 18:26:53.253756 ======================================Sampling Configurations=======================================
2023-12-08 18:26:53.253769 : q_functions_2agent_2landmarks
2023-12-08 18:26:53.253783 Using quantile sampling during bootstrapping:: False
2023-12-08 18:26:53.253798 Using quantile sampling during evaluation interaction: False
2023-12-08 18:26:53.253811 Using quantile sampling during training interaction:: False
2023-12-08 18:26:53.253826 Sampling Percent: 0.01
2023-12-08 18:26:53.253840 Anneal Sampling Percent: False
2023-12-08 18:26:53.253854 ===============================================Split================================================
2023-12-08 18:26:53.281164 running on CUDA...
2023-12-08 18:26:57.153587 Episodes 0:, 
2023-12-08 18:26:57.153666 Total steps 0/500000, 
2023-12-08 18:26:57.153922 Evaluation Reward: [0.55005967 0.25334499],
2023-12-08 18:26:57.153966 Time: 2.259
2023-12-08 18:28:04.598268 Episodes 200:, 
2023-12-08 18:28:04.598344 Total steps 10000/500000, 
2023-12-08 18:28:04.598578 Evaluation Reward: [4.42836407 5.87327295],
2023-12-08 18:28:04.598624 Time: 67.444
2023-12-08 18:29:18.176250 Episodes 400:, 
2023-12-08 18:29:18.176320 Total steps 20000/500000, 
2023-12-08 18:29:18.176545 Evaluation Reward: [ 4.58262014 32.75937826],
2023-12-08 18:29:18.176588 Time: 73.565
2023-12-08 18:30:34.042983 Episodes 600:, 
2023-12-08 18:30:34.043063 Total steps 30000/500000, 
2023-12-08 18:30:34.043307 Evaluation Reward: [ 3.56295564 35.81302849],
2023-12-08 18:30:34.043351 Time: 75.853
2023-12-08 18:31:57.624882 Episodes 800:, 
2023-12-08 18:31:57.624966 Total steps 40000/500000, 
2023-12-08 18:31:57.625206 Evaluation Reward: [17.22372936 38.36355118],
2023-12-08 18:31:57.625248 Time: 83.567
2023-12-08 18:33:17.245651 Episodes 1000:, 
2023-12-08 18:33:17.245722 Total steps 50000/500000, 
2023-12-08 18:33:17.245939 Evaluation Reward: [ 0.89116265 28.10951125],
2023-12-08 18:33:17.245980 Time: 79.606
2023-12-08 18:34:39.074368 Episodes 1200:, 
2023-12-08 18:34:39.074439 Total steps 60000/500000, 
2023-12-08 18:34:39.074674 Evaluation Reward: [ 0.78780342 32.71062277],
2023-12-08 18:34:39.074719 Time: 81.812
2023-12-08 18:36:07.763646 Episodes 1400:, 
2023-12-08 18:36:07.763715 Total steps 70000/500000, 
2023-12-08 18:36:07.763956 Evaluation Reward: [ 5.75505456 28.92297854],
2023-12-08 18:36:07.764000 Time: 88.67
2023-12-08 18:37:29.558949 Episodes 1600:, 
2023-12-08 18:37:29.559022 Total steps 80000/500000, 
2023-12-08 18:37:29.559263 Evaluation Reward: [13.7556236  31.40767618],
2023-12-08 18:37:29.559306 Time: 81.78
2023-12-08 18:38:48.346608 Episodes 1800:, 
2023-12-08 18:38:48.346681 Total steps 90000/500000, 
2023-12-08 18:38:48.346897 Evaluation Reward: [ 6.52794592 31.90284802],
2023-12-08 18:38:48.346938 Time: 78.712
2023-12-08 18:40:04.248551 Episodes 2000:, 
2023-12-08 18:40:04.248626 Total steps 100000/500000, 
2023-12-08 18:40:04.248862 Evaluation Reward: [14.3421766  28.93869725],
2023-12-08 18:40:04.248911 Time: 75.878
2023-12-08 18:41:27.781680 Episodes 2200:, 
2023-12-08 18:41:27.781758 Total steps 110000/500000, 
2023-12-08 18:41:27.782046 Evaluation Reward: [15.98835748 26.31533293],
2023-12-08 18:41:27.782099 Time: 83.515
2023-12-08 18:42:40.022616 Episodes 2400:, 
2023-12-08 18:42:40.022680 Total steps 120000/500000, 
2023-12-08 18:42:40.022871 Evaluation Reward: [10.09092646 23.63504707],
2023-12-08 18:42:40.022909 Time: 72.22
2023-12-08 18:43:52.448695 Episodes 2600:, 
2023-12-08 18:43:52.448756 Total steps 130000/500000, 
2023-12-08 18:43:52.448955 Evaluation Reward: [26.87542271 33.5307357 ],
2023-12-08 18:43:52.448990 Time: 72.41
2023-12-08 18:44:59.548642 Episodes 2800:, 
2023-12-08 18:44:59.548740 Total steps 140000/500000, 
2023-12-08 18:44:59.549088 Evaluation Reward: [ 8.04773677 33.23717606],
2023-12-08 18:44:59.549151 Time: 67.083
2023-12-08 18:46:04.517495 Episodes 3000:, 
2023-12-08 18:46:04.517620 Total steps 150000/500000, 
2023-12-08 18:46:04.518003 Evaluation Reward: [ 9.43205736 14.7010948 ],
2023-12-08 18:46:04.518070 Time: 64.939
2023-12-08 18:47:11.384243 Episodes 3200:, 
2023-12-08 18:47:11.384316 Total steps 160000/500000, 
2023-12-08 18:47:11.384522 Evaluation Reward: [13.48383448 26.41172708],
2023-12-08 18:47:11.384560 Time: 66.83
2023-12-08 18:48:22.849712 Episodes 3400:, 
2023-12-08 18:48:22.849776 Total steps 170000/500000, 
2023-12-08 18:48:22.849991 Evaluation Reward: [ 6.40806654 15.32335913],
2023-12-08 18:48:22.850028 Time: 71.445
2023-12-08 18:49:33.573831 Episodes 3600:, 
2023-12-08 18:49:33.573895 Total steps 180000/500000, 
2023-12-08 18:49:33.574101 Evaluation Reward: [ 6.25272993 17.54283084],
2023-12-08 18:49:33.574149 Time: 70.702
2023-12-08 18:50:44.054982 Episodes 3800:, 
2023-12-08 18:50:44.055059 Total steps 190000/500000, 
2023-12-08 18:50:44.055255 Evaluation Reward: [10.77442119 25.95901386],
2023-12-08 18:50:44.055292 Time: 70.46
2023-12-08 18:51:53.450698 Episodes 4000:, 
2023-12-08 18:51:53.450795 Total steps 200000/500000, 
2023-12-08 18:51:53.451138 Evaluation Reward: [ 9.89446257 27.82987786],
2023-12-08 18:51:53.451200 Time: 69.375
2023-12-08 18:53:01.541219 Episodes 4200:, 
2023-12-08 18:53:01.541284 Total steps 210000/500000, 
2023-12-08 18:53:01.541470 Evaluation Reward: [ 8.01461974 25.46966415],
2023-12-08 18:53:01.541507 Time: 68.051
2023-12-08 18:54:06.751851 Episodes 4400:, 
2023-12-08 18:54:06.751944 Total steps 220000/500000, 
2023-12-08 18:54:06.752162 Evaluation Reward: [10.51051156 21.70698451],
2023-12-08 18:54:06.752196 Time: 65.188
2023-12-08 18:55:11.333181 Episodes 4600:, 
2023-12-08 18:55:11.333250 Total steps 230000/500000, 
2023-12-08 18:55:11.333454 Evaluation Reward: [16.3718629  29.13695222],
2023-12-08 18:55:11.333494 Time: 64.562
2023-12-08 18:56:17.244300 Episodes 4800:, 
2023-12-08 18:56:17.244363 Total steps 240000/500000, 
2023-12-08 18:56:17.244547 Evaluation Reward: [23.11972427 32.44927432],
2023-12-08 18:56:17.244585 Time: 65.891
2023-12-08 18:57:26.846044 Episodes 5000:, 
2023-12-08 18:57:26.846106 Total steps 250000/500000, 
2023-12-08 18:57:26.846292 Evaluation Reward: [22.70220916 27.22498503],
2023-12-08 18:57:26.846328 Time: 69.58
2023-12-08 18:58:35.074556 Episodes 5200:, 
2023-12-08 18:58:35.074625 Total steps 260000/500000, 
2023-12-08 18:58:35.074811 Evaluation Reward: [16.57844498 33.57777849],
2023-12-08 18:58:35.074848 Time: 68.206
2023-12-08 18:59:45.878674 Episodes 5400:, 
2023-12-08 18:59:45.878735 Total steps 270000/500000, 
2023-12-08 18:59:45.878939 Evaluation Reward: [13.83173568 31.22057471],
2023-12-08 18:59:45.878974 Time: 70.782
2023-12-08 19:00:55.219606 Episodes 5600:, 
2023-12-08 19:00:55.219685 Total steps 280000/500000, 
2023-12-08 19:00:55.219891 Evaluation Reward: [ 9.91294505 20.54424883],
2023-12-08 19:00:55.219928 Time: 69.319
2023-12-08 19:02:06.256932 Episodes 5800:, 
2023-12-08 19:02:06.257000 Total steps 290000/500000, 
2023-12-08 19:02:06.257218 Evaluation Reward: [16.88339289 25.09057972],
2023-12-08 19:02:06.257255 Time: 71.013
2023-12-08 19:03:14.339230 Episodes 6000:, 
2023-12-08 19:03:14.339303 Total steps 300000/500000, 
2023-12-08 19:03:14.339500 Evaluation Reward: [11.74091834 26.87875383],
2023-12-08 19:03:14.339535 Time: 68.058
2023-12-08 19:04:28.484524 Episodes 6200:, 
2023-12-08 19:04:28.484610 Total steps 310000/500000, 
2023-12-08 19:04:28.484827 Evaluation Reward: [12.35699618 29.41619481],
2023-12-08 19:04:28.484866 Time: 74.122
2023-12-08 19:05:40.650222 Episodes 6400:, 
2023-12-08 19:05:40.650285 Total steps 320000/500000, 
2023-12-08 19:05:40.650498 Evaluation Reward: [ 5.03083868 32.65296819],
2023-12-08 19:05:40.650538 Time: 72.087
2023-12-08 19:06:51.429901 Episodes 6600:, 
2023-12-08 19:06:51.429979 Total steps 330000/500000, 
2023-12-08 19:06:51.430199 Evaluation Reward: [15.59478491 32.49534932],
2023-12-08 19:06:51.430238 Time: 70.754
2023-12-08 19:08:01.805476 Episodes 6800:, 
2023-12-08 19:08:01.805546 Total steps 340000/500000, 
2023-12-08 19:08:01.805759 Evaluation Reward: [14.81552094 31.38110352],
2023-12-08 19:08:01.805794 Time: 70.349
2023-12-08 19:09:10.493230 Episodes 7000:, 
2023-12-08 19:09:10.493301 Total steps 350000/500000, 
2023-12-08 19:09:10.493534 Evaluation Reward: [14.46272341 30.14731445],
2023-12-08 19:09:10.493570 Time: 68.661
2023-12-08 19:10:19.004288 Episodes 7200:, 
2023-12-08 19:10:19.004352 Total steps 360000/500000, 
2023-12-08 19:10:19.004557 Evaluation Reward: [19.37381051 33.5676657 ],
2023-12-08 19:10:19.004595 Time: 68.484
2023-12-08 19:11:27.226996 Episodes 7400:, 
2023-12-08 19:11:27.227058 Total steps 370000/500000, 
2023-12-08 19:11:27.227249 Evaluation Reward: [ 7.05735269 25.40009466],
2023-12-08 19:11:27.227283 Time: 68.196
2023-12-08 19:12:36.799734 Episodes 7600:, 
2023-12-08 19:12:36.799795 Total steps 380000/500000, 
2023-12-08 19:12:36.800010 Evaluation Reward: [ 8.46485446 25.49869169],
2023-12-08 19:12:36.800047 Time: 69.546
2023-12-08 19:13:46.940067 Episodes 7800:, 
2023-12-08 19:13:46.940138 Total steps 390000/500000, 
2023-12-08 19:13:46.940373 Evaluation Reward: [13.23189302 25.73047166],
2023-12-08 19:13:46.940413 Time: 70.113
2023-12-08 19:14:57.432520 Episodes 8000:, 
2023-12-08 19:14:57.432581 Total steps 400000/500000, 
2023-12-08 19:14:57.432766 Evaluation Reward: [ 5.9332919  26.33295159],
2023-12-08 19:14:57.432802 Time: 70.462
2023-12-08 19:16:09.736581 Episodes 8200:, 
2023-12-08 19:16:09.736644 Total steps 410000/500000, 
2023-12-08 19:16:09.736840 Evaluation Reward: [ 7.51836676 18.62281272],
2023-12-08 19:16:09.736877 Time: 72.275
2023-12-08 19:17:22.942432 Episodes 8400:, 
2023-12-08 19:17:22.942516 Total steps 420000/500000, 
2023-12-08 19:17:22.942720 Evaluation Reward: [21.26347404 36.47970756],
2023-12-08 19:17:22.942755 Time: 73.177
2023-12-08 19:18:29.869903 Episodes 8600:, 
2023-12-08 19:18:29.869964 Total steps 430000/500000, 
2023-12-08 19:18:29.870215 Evaluation Reward: [13.79567419 33.85244237],
2023-12-08 19:18:29.870259 Time: 66.898
2023-12-08 19:19:41.027460 Episodes 8800:, 
2023-12-08 19:19:41.027525 Total steps 440000/500000, 
2023-12-08 19:19:41.027742 Evaluation Reward: [12.06895569 30.00110752],
2023-12-08 19:19:41.027796 Time: 71.121
2023-12-08 19:20:50.103764 Episodes 9000:, 
2023-12-08 19:20:50.103838 Total steps 450000/500000, 
2023-12-08 19:20:50.104057 Evaluation Reward: [14.86519744 33.15972374],
2023-12-08 19:20:50.104096 Time: 69.044
2023-12-08 19:21:59.933166 Episodes 9200:, 
2023-12-08 19:21:59.933224 Total steps 460000/500000, 
2023-12-08 19:21:59.933436 Evaluation Reward: [ 8.70709361 18.65109553],
2023-12-08 19:21:59.933473 Time: 69.798
2023-12-08 19:23:14.143531 Episodes 9400:, 
2023-12-08 19:23:14.143597 Total steps 470000/500000, 
2023-12-08 19:23:14.143801 Evaluation Reward: [18.61684556 34.90311651],
2023-12-08 19:23:14.143841 Time: 74.179
2023-12-08 19:24:22.119234 Episodes 9600:, 
2023-12-08 19:24:22.119298 Total steps 480000/500000, 
2023-12-08 19:24:22.119488 Evaluation Reward: [ 5.7302118  30.76756424],
2023-12-08 19:24:22.119524 Time: 67.935
2023-12-08 19:25:29.543092 Episodes 9800:, 
2023-12-08 19:25:29.543149 Total steps 490000/500000, 
2023-12-08 19:25:29.543326 Evaluation Reward: [11.00945248 32.91333554],
2023-12-08 19:25:29.543370 Time: 67.392
2023-12-08 19:26:35.807843 Episodes 9999:, 
2023-12-08 19:26:35.807930 Total steps 499999/500000, 
2023-12-08 19:26:35.808150 Evaluation Reward: [10.44672128 28.74987205],
2023-12-08 19:26:35.808187 Time: 66.183
2023-12-08 19:26:35.846754 ========================================Basic Configurations========================================
2023-12-08 19:26:35.846808 Daemon Filename: /home/Desktop/studies/q_functionals_daemon/results/final/2agent_2landmarks_full_egreedy/centralized_run_1-step-update_func-polynomial_rank-2_episode-10000_lr0001_b512_l3_n256_m500000_iter1/timestamp.log
2023-12-08 19:26:35.846828 Training Environment: q_functions_2agent_2landmarks
2023-12-08 19:26:35.846843 Functional: polynomial
2023-12-08 19:26:35.846858 rank: 2
2023-12-08 19:26:35.846872 seed: 1
2023-12-08 19:26:35.846891 learning_rate: 0.001
2023-12-08 19:26:35.846906 target_network_learning_rate: 0.005
2023-12-08 19:26:35.846927 nb_runs: 5
2023-12-08 19:26:35.846941 ma_type: centralized
2023-12-08 19:26:35.846954 policy_type: e_greedy
2023-12-08 19:26:35.846969 noise_std: 0.05
2023-12-08 19:26:35.846984 ========================================Model Configurations========================================
2023-12-08 19:26:35.846999 TD3 Trick:: False
2023-12-08 19:26:35.847014 Entropy Regularization: 0.0
2023-12-08 19:26:35.847028 ======================================Sampling Configurations=======================================
2023-12-08 19:26:35.847042 : q_functions_2agent_2landmarks
2023-12-08 19:26:35.847056 Using quantile sampling during bootstrapping:: False
2023-12-08 19:26:35.847071 Using quantile sampling during evaluation interaction: False
2023-12-08 19:26:35.847085 Using quantile sampling during training interaction:: False
2023-12-08 19:26:35.847100 Sampling Percent: 0.01
2023-12-08 19:26:35.847114 Anneal Sampling Percent: False
2023-12-08 19:26:35.847128 ===============================================Split================================================
2023-12-08 19:26:35.848021 running on CUDA...
2023-12-08 19:26:36.230003 Episodes 0:, 
2023-12-08 19:26:36.230071 Total steps 0/500000, 
2023-12-08 19:26:36.230278 Evaluation Reward: [0.00186538 0.19107793],
2023-12-08 19:26:36.230315 Time: 0.331
2023-12-08 19:27:35.539763 Episodes 200:, 
2023-12-08 19:27:35.539825 Total steps 10000/500000, 
2023-12-08 19:27:35.540035 Evaluation Reward: [7.06696136 1.6719859 ],
2023-12-08 19:27:35.540072 Time: 59.309
2023-12-08 19:28:38.490111 Episodes 400:, 
2023-12-08 19:28:38.490184 Total steps 20000/500000, 
2023-12-08 19:28:38.490379 Evaluation Reward: [17.54130021  0.93091519],
2023-12-08 19:28:38.490417 Time: 62.938
2023-12-08 19:29:44.715888 Episodes 600:, 
2023-12-08 19:29:44.715978 Total steps 30000/500000, 
2023-12-08 19:29:44.716173 Evaluation Reward: [33.22759504  3.51909412],
2023-12-08 19:29:44.716210 Time: 66.213
2023-12-08 19:30:52.948885 Episodes 800:, 
2023-12-08 19:30:52.948960 Total steps 40000/500000, 
2023-12-08 19:30:52.949150 Evaluation Reward: [28.9370022   5.12217212],
2023-12-08 19:30:52.949187 Time: 68.221
2023-12-08 19:32:03.751382 Episodes 1000:, 
2023-12-08 19:32:03.751455 Total steps 50000/500000, 
2023-12-08 19:32:03.751651 Evaluation Reward: [18.59930951  3.83631158],
2023-12-08 19:32:03.751687 Time: 70.791
2023-12-08 19:33:13.204099 Episodes 1200:, 
2023-12-08 19:33:13.204181 Total steps 60000/500000, 
2023-12-08 19:33:13.204378 Evaluation Reward: [18.40117024  3.95982014],
2023-12-08 19:33:13.204417 Time: 69.436
2023-12-08 19:34:22.926376 Episodes 1400:, 
2023-12-08 19:34:22.926442 Total steps 70000/500000, 
2023-12-08 19:34:22.926647 Evaluation Reward: [32.16291745 24.27990969],
2023-12-08 19:34:22.926687 Time: 69.706
2023-12-08 19:35:33.091571 Episodes 1600:, 
2023-12-08 19:35:33.091640 Total steps 80000/500000, 
2023-12-08 19:35:33.091850 Evaluation Reward: [22.27030958 16.72425798],
2023-12-08 19:35:33.091896 Time: 70.15
2023-12-08 19:36:40.849640 Episodes 1800:, 
2023-12-08 19:36:40.849716 Total steps 90000/500000, 
2023-12-08 19:36:40.849926 Evaluation Reward: [12.66955931  8.56188163],
2023-12-08 19:36:40.849964 Time: 67.741
2023-12-08 19:37:48.701861 Episodes 2000:, 
2023-12-08 19:37:48.701926 Total steps 100000/500000, 
2023-12-08 19:37:48.702154 Evaluation Reward: [18.33880635  4.13191997],
2023-12-08 19:37:48.702202 Time: 67.834
2023-12-08 19:38:57.682015 Episodes 2200:, 
2023-12-08 19:38:57.682085 Total steps 110000/500000, 
2023-12-08 19:38:57.682305 Evaluation Reward: [29.82078054 18.60432413],
2023-12-08 19:38:57.682349 Time: 68.961
2023-12-08 19:40:06.918075 Episodes 2400:, 
2023-12-08 19:40:06.918146 Total steps 120000/500000, 
2023-12-08 19:40:06.918333 Evaluation Reward: [18.44806712  6.77171486],
2023-12-08 19:40:06.918369 Time: 69.217
2023-12-08 19:41:14.534614 Episodes 2600:, 
2023-12-08 19:41:14.534676 Total steps 130000/500000, 
2023-12-08 19:41:14.534859 Evaluation Reward: [18.26644093  9.39737222],
2023-12-08 19:41:14.534894 Time: 67.6
2023-12-08 19:42:23.827029 Episodes 2800:, 
2023-12-08 19:42:23.827090 Total steps 140000/500000, 
2023-12-08 19:42:23.827297 Evaluation Reward: [35.99295294 25.62059354],
2023-12-08 19:42:23.827336 Time: 69.275
2023-12-08 19:43:37.197485 Episodes 3000:, 
2023-12-08 19:43:37.197554 Total steps 150000/500000, 
2023-12-08 19:43:37.197745 Evaluation Reward: [32.06279049 23.55924837],
2023-12-08 19:43:37.197785 Time: 73.352
2023-12-08 19:44:52.553237 Episodes 3200:, 
2023-12-08 19:44:52.553300 Total steps 160000/500000, 
2023-12-08 19:44:52.553511 Evaluation Reward: [21.23253394  8.53085265],
2023-12-08 19:44:52.553547 Time: 75.337
2023-12-08 19:46:07.872381 Episodes 3400:, 
2023-12-08 19:46:07.872444 Total steps 170000/500000, 
2023-12-08 19:46:07.872631 Evaluation Reward: [27.91928283 20.96473277],
2023-12-08 19:46:07.872666 Time: 75.298
2023-12-08 19:47:22.427157 Episodes 3600:, 
2023-12-08 19:47:22.427229 Total steps 180000/500000, 
2023-12-08 19:47:22.427420 Evaluation Reward: [21.07521928 20.55358227],
2023-12-08 19:47:22.427459 Time: 74.533
2023-12-08 19:48:35.296208 Episodes 3800:, 
2023-12-08 19:48:35.296274 Total steps 190000/500000, 
2023-12-08 19:48:35.296497 Evaluation Reward: [17.45461676  9.91917913],
2023-12-08 19:48:35.296536 Time: 72.847
2023-12-08 19:49:42.016721 Episodes 4000:, 
2023-12-08 19:49:42.016780 Total steps 200000/500000, 
2023-12-08 19:49:42.017022 Evaluation Reward: [12.64605966 13.7055939 ],
2023-12-08 19:49:42.017064 Time: 66.698
2023-12-08 19:50:49.958143 Episodes 4200:, 
2023-12-08 19:50:49.958213 Total steps 210000/500000, 
2023-12-08 19:50:49.958396 Evaluation Reward: [23.08489762 17.06742197],
2023-12-08 19:50:49.958429 Time: 67.919
2023-12-08 19:51:58.005109 Episodes 4400:, 
2023-12-08 19:51:58.005178 Total steps 220000/500000, 
2023-12-08 19:51:58.005389 Evaluation Reward: [19.14616445 16.55074975],
2023-12-08 19:51:58.005438 Time: 68.025
2023-12-08 19:53:05.686450 Episodes 4600:, 
2023-12-08 19:53:05.686517 Total steps 230000/500000, 
2023-12-08 19:53:05.686731 Evaluation Reward: [21.826302   23.12896443],
2023-12-08 19:53:05.686774 Time: 67.658
2023-12-08 19:54:13.307190 Episodes 4800:, 
2023-12-08 19:54:13.307259 Total steps 240000/500000, 
2023-12-08 19:54:13.307547 Evaluation Reward: [26.26774694 24.12588523],
2023-12-08 19:54:13.307600 Time: 67.594
2023-12-08 19:55:22.691558 Episodes 5000:, 
2023-12-08 19:55:22.691633 Total steps 250000/500000, 
2023-12-08 19:55:22.691816 Evaluation Reward: [22.47330224 18.74574127],
2023-12-08 19:55:22.691850 Time: 69.348
2023-12-08 19:56:28.716697 Episodes 5200:, 
2023-12-08 19:56:28.716772 Total steps 260000/500000, 
2023-12-08 19:56:28.716969 Evaluation Reward: [21.58842494  7.16053179],
2023-12-08 19:56:28.717004 Time: 65.999
2023-12-08 19:57:32.964452 Episodes 5400:, 
2023-12-08 19:57:32.964536 Total steps 270000/500000, 
2023-12-08 19:57:32.964720 Evaluation Reward: [22.4012958  17.06094553],
2023-12-08 19:57:32.964757 Time: 64.226
2023-12-08 19:58:37.212531 Episodes 5600:, 
2023-12-08 19:58:37.212596 Total steps 280000/500000, 
2023-12-08 19:58:37.212825 Evaluation Reward: [21.19465749 16.1248022 ],
2023-12-08 19:58:37.212877 Time: 64.225
2023-12-08 19:59:43.508472 Episodes 5800:, 
2023-12-08 19:59:43.508545 Total steps 290000/500000, 
2023-12-08 19:59:43.508786 Evaluation Reward: [15.89579492 13.76402467],
2023-12-08 19:59:43.508838 Time: 66.219
2023-12-08 20:00:50.465326 Episodes 6000:, 
2023-12-08 20:00:50.465400 Total steps 300000/500000, 
2023-12-08 20:00:50.465614 Evaluation Reward: [12.88277182  5.94867501],
2023-12-08 20:00:50.465660 Time: 66.93
2023-12-08 20:02:04.426198 Episodes 6200:, 
2023-12-08 20:02:04.426264 Total steps 310000/500000, 
2023-12-08 20:02:04.426467 Evaluation Reward: [13.53863602  7.65312476],
2023-12-08 20:02:04.426507 Time: 73.935
2023-12-08 20:03:18.552210 Episodes 6400:, 
2023-12-08 20:03:18.552281 Total steps 320000/500000, 
2023-12-08 20:03:18.552479 Evaluation Reward: [22.20213886 12.93001167],
2023-12-08 20:03:18.552516 Time: 74.097
2023-12-08 20:04:31.589295 Episodes 6600:, 
2023-12-08 20:04:31.589361 Total steps 330000/500000, 
2023-12-08 20:04:31.589557 Evaluation Reward: [13.37765215  5.12058534],
2023-12-08 20:04:31.589594 Time: 73.009
2023-12-08 20:05:43.477205 Episodes 6800:, 
2023-12-08 20:05:43.477267 Total steps 340000/500000, 
2023-12-08 20:05:43.477524 Evaluation Reward: [12.85631509  9.8647102 ],
2023-12-08 20:05:43.477569 Time: 71.86
2023-12-08 20:06:56.836405 Episodes 7000:, 
2023-12-08 20:06:56.836481 Total steps 350000/500000, 
2023-12-08 20:06:56.836683 Evaluation Reward: [21.74931409  3.74693895],
2023-12-08 20:06:56.836723 Time: 73.323
2023-12-08 20:08:15.242400 Episodes 7200:, 
2023-12-08 20:08:15.242463 Total steps 360000/500000, 
2023-12-08 20:08:15.242660 Evaluation Reward: [ 9.10004848 11.59297253],
2023-12-08 20:08:15.242700 Time: 78.374
2023-12-08 20:09:37.379092 Episodes 7400:, 
2023-12-08 20:09:37.379156 Total steps 370000/500000, 
2023-12-08 20:09:37.379365 Evaluation Reward: [20.99366529 12.636519  ],
2023-12-08 20:09:37.379402 Time: 82.107
2023-12-08 20:11:00.766025 Episodes 7600:, 
2023-12-08 20:11:00.766105 Total steps 380000/500000, 
2023-12-08 20:11:00.766344 Evaluation Reward: [9.54570116 6.4684184 ],
2023-12-08 20:11:00.766396 Time: 83.356
2023-12-08 20:12:20.636604 Episodes 7800:, 
2023-12-08 20:12:20.636674 Total steps 390000/500000, 
2023-12-08 20:12:20.636890 Evaluation Reward: [9.92285586 8.21392826],
2023-12-08 20:12:20.636934 Time: 79.834
2023-12-08 20:13:41.760099 Episodes 8000:, 
2023-12-08 20:13:41.760159 Total steps 400000/500000, 
2023-12-08 20:13:41.760375 Evaluation Reward: [22.26866758 11.7518909 ],
2023-12-08 20:13:41.760415 Time: 81.091
2023-12-08 20:14:59.987347 Episodes 8200:, 
2023-12-08 20:14:59.987417 Total steps 410000/500000, 
2023-12-08 20:14:59.987648 Evaluation Reward: [26.79489424 18.94473923],
2023-12-08 20:14:59.987698 Time: 78.194
2023-12-08 20:16:19.216028 Episodes 8400:, 
2023-12-08 20:16:19.216125 Total steps 420000/500000, 
2023-12-08 20:16:19.216463 Evaluation Reward: [16.78645749  3.22264011],
2023-12-08 20:16:19.216520 Time: 79.185
2023-12-08 20:17:40.346633 Episodes 8600:, 
2023-12-08 20:17:40.346695 Total steps 430000/500000, 
2023-12-08 20:17:40.346922 Evaluation Reward: [24.31215661 16.59739511],
2023-12-08 20:17:40.346969 Time: 81.092
2023-12-08 20:19:04.292104 Episodes 8800:, 
2023-12-08 20:19:04.292191 Total steps 440000/500000, 
2023-12-08 20:19:04.292484 Evaluation Reward: [35.8626355  21.45080757],
2023-12-08 20:19:04.292541 Time: 83.911
2023-12-08 20:20:28.674423 Episodes 9000:, 
2023-12-08 20:20:28.674486 Total steps 450000/500000, 
2023-12-08 20:20:28.674712 Evaluation Reward: [23.45754396 15.39631478],
2023-12-08 20:20:28.674753 Time: 84.331
2023-12-08 20:21:47.616371 Episodes 9200:, 
2023-12-08 20:21:47.616435 Total steps 460000/500000, 
2023-12-08 20:21:47.616651 Evaluation Reward: [19.39018239  7.30514931],
2023-12-08 20:21:47.616697 Time: 78.905
2023-12-08 20:23:08.132034 Episodes 9400:, 
2023-12-08 20:23:08.132093 Total steps 470000/500000, 
2023-12-08 20:23:08.132305 Evaluation Reward: [21.15873209 10.86214155],
2023-12-08 20:23:08.132350 Time: 80.481
2023-12-08 20:24:26.689672 Episodes 9600:, 
2023-12-08 20:24:26.689775 Total steps 480000/500000, 
2023-12-08 20:24:26.690043 Evaluation Reward: [13.08855427 12.41355179],
2023-12-08 20:24:26.690091 Time: 78.522
2023-12-08 20:25:42.330845 Episodes 9800:, 
2023-12-08 20:25:42.330907 Total steps 490000/500000, 
2023-12-08 20:25:42.331115 Evaluation Reward: [15.89322168  2.44937137],
2023-12-08 20:25:42.331155 Time: 75.592
2023-12-08 20:26:59.854102 Episodes 9999:, 
2023-12-08 20:26:59.854162 Total steps 499999/500000, 
2023-12-08 20:26:59.854371 Evaluation Reward: [21.46883034  3.36704617],
2023-12-08 20:26:59.854410 Time: 77.489
2023-12-08 20:26:59.896591 ========================================Basic Configurations========================================
2023-12-08 20:26:59.896655 Daemon Filename: /home/Desktop/studies/q_functionals_daemon/results/final/2agent_2landmarks_full_egreedy/centralized_run_1-step-update_func-polynomial_rank-2_episode-10000_lr0001_b512_l3_n256_m500000_iter1/timestamp.log
2023-12-08 20:26:59.896678 Training Environment: q_functions_2agent_2landmarks
2023-12-08 20:26:59.896696 Functional: polynomial
2023-12-08 20:26:59.896714 rank: 2
2023-12-08 20:26:59.896731 seed: 2
2023-12-08 20:26:59.896752 learning_rate: 0.001
2023-12-08 20:26:59.896770 target_network_learning_rate: 0.005
2023-12-08 20:26:59.896788 nb_runs: 5
2023-12-08 20:26:59.896804 ma_type: centralized
2023-12-08 20:26:59.896821 policy_type: e_greedy
2023-12-08 20:26:59.896839 noise_std: 0.05
2023-12-08 20:26:59.896858 ========================================Model Configurations========================================
2023-12-08 20:26:59.896877 TD3 Trick:: False
2023-12-08 20:26:59.896895 Entropy Regularization: 0.0
2023-12-08 20:26:59.896912 ======================================Sampling Configurations=======================================
2023-12-08 20:26:59.896930 : q_functions_2agent_2landmarks
2023-12-08 20:26:59.896947 Using quantile sampling during bootstrapping:: False
2023-12-08 20:26:59.896965 Using quantile sampling during evaluation interaction: False
2023-12-08 20:26:59.896981 Using quantile sampling during training interaction:: False
2023-12-08 20:26:59.896999 Sampling Percent: 0.01
2023-12-08 20:26:59.897017 Anneal Sampling Percent: False
2023-12-08 20:26:59.897034 ===============================================Split================================================
2023-12-08 20:26:59.897920 running on CUDA...
2023-12-08 20:27:00.741789 Episodes 0:, 
2023-12-08 20:27:00.741853 Total steps 0/500000, 
2023-12-08 20:27:00.742097 Evaluation Reward: [0.3123377  0.09221682],
2023-12-08 20:27:00.742142 Time: 0.792
2023-12-08 20:28:11.440439 Episodes 200:, 
2023-12-08 20:28:11.440499 Total steps 10000/500000, 
2023-12-08 20:28:11.440703 Evaluation Reward: [7.91819508 0.63521857],
2023-12-08 20:28:11.440742 Time: 70.698
2023-12-08 20:29:23.611927 Episodes 400:, 
2023-12-08 20:29:23.611985 Total steps 20000/500000, 
2023-12-08 20:29:23.612186 Evaluation Reward: [11.74129982  3.55105488],
2023-12-08 20:29:23.612224 Time: 72.159
2023-12-08 20:30:44.697712 Episodes 600:, 
2023-12-08 20:30:44.697785 Total steps 30000/500000, 
2023-12-08 20:30:44.698023 Evaluation Reward: [20.15061546  2.57256008],
2023-12-08 20:30:44.698072 Time: 81.073
2023-12-08 20:32:09.693758 Episodes 800:, 
2023-12-08 20:32:09.693848 Total steps 40000/500000, 
2023-12-08 20:32:09.694124 Evaluation Reward: [28.25987361  2.7329636 ],
2023-12-08 20:32:09.694169 Time: 84.979
2023-12-08 20:33:34.593565 Episodes 1000:, 
2023-12-08 20:33:34.593628 Total steps 50000/500000, 
2023-12-08 20:33:34.593838 Evaluation Reward: [21.37160285  9.00125525],
2023-12-08 20:33:34.593881 Time: 84.881
2023-12-08 20:35:05.868312 Episodes 1200:, 
2023-12-08 20:35:05.868372 Total steps 60000/500000, 
2023-12-08 20:35:05.868591 Evaluation Reward: [23.92639339 12.46325009],
2023-12-08 20:35:05.868632 Time: 91.26
2023-12-08 20:36:30.584878 Episodes 1400:, 
2023-12-08 20:36:30.584975 Total steps 70000/500000, 
2023-12-08 20:36:30.585261 Evaluation Reward: [16.86689522  8.51643242],
2023-12-08 20:36:30.585308 Time: 84.701
2023-12-08 20:37:49.129867 Episodes 1600:, 
2023-12-08 20:37:49.129944 Total steps 80000/500000, 
2023-12-08 20:37:49.130154 Evaluation Reward: [27.77072317 15.55215282],
2023-12-08 20:37:49.130197 Time: 78.522
2023-12-08 20:38:57.441276 Episodes 1800:, 
2023-12-08 20:38:57.441343 Total steps 90000/500000, 
2023-12-08 20:38:57.441539 Evaluation Reward: [12.09822125 12.86079959],
2023-12-08 20:38:57.441579 Time: 68.295
2023-12-08 20:40:07.326042 Episodes 2000:, 
2023-12-08 20:40:07.326104 Total steps 100000/500000, 
2023-12-08 20:40:07.326312 Evaluation Reward: [26.12094611  4.79060644],
2023-12-08 20:40:07.326348 Time: 69.868
2023-12-08 20:41:15.039636 Episodes 2200:, 
2023-12-08 20:41:15.039697 Total steps 110000/500000, 
2023-12-08 20:41:15.039899 Evaluation Reward: [23.66673909 11.09592716],
2023-12-08 20:41:15.039941 Time: 67.695
2023-12-08 20:42:26.305810 Episodes 2400:, 
2023-12-08 20:42:26.305873 Total steps 120000/500000, 
2023-12-08 20:42:26.306067 Evaluation Reward: [17.69770347  4.83300954],
2023-12-08 20:42:26.306102 Time: 71.249
2023-12-08 20:43:36.007123 Episodes 2600:, 
2023-12-08 20:43:36.007203 Total steps 130000/500000, 
2023-12-08 20:43:36.007405 Evaluation Reward: [23.95467055  8.07980283],
2023-12-08 20:43:36.007440 Time: 69.681
2023-12-08 20:44:45.875985 Episodes 2800:, 
2023-12-08 20:44:45.876057 Total steps 140000/500000, 
2023-12-08 20:44:45.876276 Evaluation Reward: [17.51134414 16.18763416],
2023-12-08 20:44:45.876315 Time: 69.85
2023-12-08 20:45:55.897682 Episodes 3000:, 
2023-12-08 20:45:55.897750 Total steps 150000/500000, 
2023-12-08 20:45:55.897955 Evaluation Reward: [11.1627115  14.20607612],
2023-12-08 20:45:55.897994 Time: 69.998
2023-12-08 20:47:09.643075 Episodes 3200:, 
2023-12-08 20:47:09.643151 Total steps 160000/500000, 
2023-12-08 20:47:09.643380 Evaluation Reward: [11.32532514  8.71409577],
2023-12-08 20:47:09.643423 Time: 73.726
2023-12-08 20:48:18.327644 Episodes 3400:, 
2023-12-08 20:48:18.327701 Total steps 170000/500000, 
2023-12-08 20:48:18.327898 Evaluation Reward: [20.70937856 13.96280919],
2023-12-08 20:48:18.327938 Time: 68.661
2023-12-08 20:49:30.153732 Episodes 3600:, 
2023-12-08 20:49:30.153793 Total steps 180000/500000, 
2023-12-08 20:49:30.154032 Evaluation Reward: [15.41316687  6.34773897],
2023-12-08 20:49:30.154073 Time: 71.806
2023-12-08 20:50:44.808076 Episodes 3800:, 
2023-12-08 20:50:44.808150 Total steps 190000/500000, 
2023-12-08 20:50:44.808391 Evaluation Reward: [16.78169723 14.74234167],
2023-12-08 20:50:44.808435 Time: 74.578
2023-12-08 20:51:56.239419 Episodes 4000:, 
2023-12-08 20:51:56.239486 Total steps 200000/500000, 
2023-12-08 20:51:56.239690 Evaluation Reward: [23.57720578  9.14426899],
2023-12-08 20:51:56.239728 Time: 71.406
2023-12-08 20:53:06.439036 Episodes 4200:, 
2023-12-08 20:53:06.439130 Total steps 210000/500000, 
2023-12-08 20:53:06.439354 Evaluation Reward: [24.83359196  7.67958246],
2023-12-08 20:53:06.439394 Time: 70.176
2023-12-08 20:54:22.125911 Episodes 4400:, 
2023-12-08 20:54:22.125975 Total steps 220000/500000, 
2023-12-08 20:54:22.126191 Evaluation Reward: [16.80802632 13.82509202],
2023-12-08 20:54:22.126233 Time: 75.663
2023-12-08 20:55:40.245031 Episodes 4600:, 
2023-12-08 20:55:40.245099 Total steps 230000/500000, 
2023-12-08 20:55:40.245320 Evaluation Reward: [12.84664387  6.03956057],
2023-12-08 20:55:40.245361 Time: 78.095
2023-12-08 20:57:01.548355 Episodes 4800:, 
2023-12-08 20:57:01.548421 Total steps 240000/500000, 
2023-12-08 20:57:01.548623 Evaluation Reward: [8.26134169 8.34325518],
2023-12-08 20:57:01.548662 Time: 81.277
2023-12-08 20:58:27.582221 Episodes 5000:, 
2023-12-08 20:58:27.582295 Total steps 250000/500000, 
2023-12-08 20:58:27.582563 Evaluation Reward: [16.19329451  9.51713218],
2023-12-08 20:58:27.582608 Time: 85.997
2023-12-08 20:59:46.305500 Episodes 5200:, 
2023-12-08 20:59:46.305560 Total steps 260000/500000, 
2023-12-08 20:59:46.305770 Evaluation Reward: [12.72923984 14.69606034],
2023-12-08 20:59:46.305812 Time: 78.694
2023-12-08 21:01:09.292403 Episodes 5400:, 
2023-12-08 21:01:09.292477 Total steps 270000/500000, 
2023-12-08 21:01:09.292699 Evaluation Reward: [14.38065898 10.93504344],
2023-12-08 21:01:09.292738 Time: 82.96
2023-12-08 21:02:24.728307 Episodes 5600:, 
2023-12-08 21:02:24.728374 Total steps 280000/500000, 
2023-12-08 21:02:24.728615 Evaluation Reward: [23.78030036 13.63112792],
2023-12-08 21:02:24.728668 Time: 75.407
2023-12-08 21:03:42.128766 Episodes 5800:, 
2023-12-08 21:03:42.128840 Total steps 290000/500000, 
2023-12-08 21:03:42.129042 Evaluation Reward: [23.50172335  5.69180938],
2023-12-08 21:03:42.129079 Time: 77.372
2023-12-08 21:04:55.172316 Episodes 6000:, 
2023-12-08 21:04:55.172383 Total steps 300000/500000, 
2023-12-08 21:04:55.172598 Evaluation Reward: [13.81966637 10.30029538],
2023-12-08 21:04:55.172636 Time: 72.96
2023-12-08 21:06:09.343445 Episodes 6200:, 
2023-12-08 21:06:09.343515 Total steps 310000/500000, 
2023-12-08 21:06:09.343759 Evaluation Reward: [21.12068019 13.30400682],
2023-12-08 21:06:09.343797 Time: 74.143
2023-12-08 21:07:22.080579 Episodes 6400:, 
2023-12-08 21:07:22.080664 Total steps 320000/500000, 
2023-12-08 21:07:22.080881 Evaluation Reward: [18.8627862  15.59915676],
2023-12-08 21:07:22.080923 Time: 72.708
2023-12-08 21:08:38.930646 Episodes 6600:, 
2023-12-08 21:08:38.930714 Total steps 330000/500000, 
2023-12-08 21:08:38.930937 Evaluation Reward: [10.58186653  5.7884414 ],
2023-12-08 21:08:38.930980 Time: 76.821
2023-12-08 21:09:58.143715 Episodes 6800:, 
2023-12-08 21:09:58.143784 Total steps 340000/500000, 
2023-12-08 21:09:58.144015 Evaluation Reward: [ 9.03143486 11.87974216],
2023-12-08 21:09:58.144057 Time: 79.182
2023-12-08 21:11:14.957643 Episodes 7000:, 
2023-12-08 21:11:14.957714 Total steps 350000/500000, 
2023-12-08 21:11:14.957932 Evaluation Reward: [15.71513955  4.9855478 ],
2023-12-08 21:11:14.957975 Time: 76.78
2023-12-08 21:12:28.005188 Episodes 7200:, 
2023-12-08 21:12:28.005261 Total steps 360000/500000, 
2023-12-08 21:12:28.005486 Evaluation Reward: [17.47139832  8.65796751],
2023-12-08 21:12:28.005526 Time: 73.018
2023-12-08 21:13:40.364783 Episodes 7400:, 
2023-12-08 21:13:40.364850 Total steps 370000/500000, 
2023-12-08 21:13:40.365116 Evaluation Reward: [22.46880091 19.67383736],
2023-12-08 21:13:40.365159 Time: 72.319
2023-12-08 21:14:53.895318 Episodes 7600:, 
2023-12-08 21:14:53.895391 Total steps 380000/500000, 
2023-12-08 21:14:53.895602 Evaluation Reward: [18.27198628 18.90857687],
2023-12-08 21:14:53.895641 Time: 73.498
2023-12-08 21:16:09.023941 Episodes 7800:, 
2023-12-08 21:16:09.024036 Total steps 390000/500000, 
2023-12-08 21:16:09.024247 Evaluation Reward: [14.92468339 11.09045077],
2023-12-08 21:16:09.024287 Time: 75.096
2023-12-08 21:17:23.789647 Episodes 8000:, 
2023-12-08 21:17:23.789724 Total steps 400000/500000, 
2023-12-08 21:17:23.789940 Evaluation Reward: [14.28787062 15.22145671],
2023-12-08 21:17:23.789983 Time: 74.732
2023-12-08 21:18:33.932489 Episodes 8200:, 
2023-12-08 21:18:33.932559 Total steps 410000/500000, 
2023-12-08 21:18:33.932766 Evaluation Reward: [12.23373548  9.5531928 ],
2023-12-08 21:18:33.932807 Time: 70.11
2023-12-08 21:19:51.582078 Episodes 8400:, 
2023-12-08 21:19:51.582146 Total steps 420000/500000, 
2023-12-08 21:19:51.582363 Evaluation Reward: [17.06826428 12.95716975],
2023-12-08 21:19:51.582402 Time: 77.608
2023-12-08 21:21:03.633339 Episodes 8600:, 
2023-12-08 21:21:03.633426 Total steps 430000/500000, 
2023-12-08 21:21:03.633677 Evaluation Reward: [14.23289414 14.93928716],
2023-12-08 21:21:03.633732 Time: 72.016
2023-12-08 21:22:14.173999 Episodes 8800:, 
2023-12-08 21:22:14.174077 Total steps 440000/500000, 
2023-12-08 21:22:14.174308 Evaluation Reward: [14.45026721  9.93048565],
2023-12-08 21:22:14.174347 Time: 70.505
2023-12-08 21:23:25.118089 Episodes 9000:, 
2023-12-08 21:23:25.118156 Total steps 450000/500000, 
2023-12-08 21:23:25.118376 Evaluation Reward: [13.6648926  10.42251047],
2023-12-08 21:23:25.118416 Time: 70.908
2023-12-08 21:24:35.890389 Episodes 9200:, 
2023-12-08 21:24:35.890467 Total steps 460000/500000, 
2023-12-08 21:24:35.890669 Evaluation Reward: [13.49135293  7.3473134 ],
2023-12-08 21:24:35.890721 Time: 70.738
2023-12-08 21:25:47.939309 Episodes 9400:, 
2023-12-08 21:25:47.939391 Total steps 470000/500000, 
2023-12-08 21:25:47.939657 Evaluation Reward: [19.39146447  9.08198723],
2023-12-08 21:25:47.939705 Time: 72.013
2023-12-08 21:27:08.093477 Episodes 9600:, 
2023-12-08 21:27:08.093545 Total steps 480000/500000, 
2023-12-08 21:27:08.093740 Evaluation Reward: [7.79727944 8.76718829],
2023-12-08 21:27:08.093782 Time: 80.107
2023-12-08 21:28:20.816195 Episodes 9800:, 
2023-12-08 21:28:20.816263 Total steps 490000/500000, 
2023-12-08 21:28:20.816480 Evaluation Reward: [14.06143557  8.83906067],
2023-12-08 21:28:20.816526 Time: 72.688
2023-12-08 21:29:32.239036 Episodes 9999:, 
2023-12-08 21:29:32.239119 Total steps 499999/500000, 
2023-12-08 21:29:32.239361 Evaluation Reward: [17.14430309 18.33035578],
2023-12-08 21:29:32.239399 Time: 71.327
2023-12-08 21:29:32.283964 ========================================Basic Configurations========================================
2023-12-08 21:29:32.284031 Daemon Filename: /home/Desktop/studies/q_functionals_daemon/results/final/2agent_2landmarks_full_egreedy/centralized_run_1-step-update_func-polynomial_rank-2_episode-10000_lr0001_b512_l3_n256_m500000_iter1/timestamp.log
2023-12-08 21:29:32.284052 Training Environment: q_functions_2agent_2landmarks
2023-12-08 21:29:32.284068 Functional: polynomial
2023-12-08 21:29:32.284084 rank: 2
2023-12-08 21:29:32.284100 seed: 3
2023-12-08 21:29:32.284121 learning_rate: 0.001
2023-12-08 21:29:32.284137 target_network_learning_rate: 0.005
2023-12-08 21:29:32.284153 nb_runs: 5
2023-12-08 21:29:32.284168 ma_type: centralized
2023-12-08 21:29:32.284184 policy_type: e_greedy
2023-12-08 21:29:32.284200 noise_std: 0.05
2023-12-08 21:29:32.284217 ========================================Model Configurations========================================
2023-12-08 21:29:32.284233 TD3 Trick:: False
2023-12-08 21:29:32.284249 Entropy Regularization: 0.0
2023-12-08 21:29:32.284264 ======================================Sampling Configurations=======================================
2023-12-08 21:29:32.284280 : q_functions_2agent_2landmarks
2023-12-08 21:29:32.284296 Using quantile sampling during bootstrapping:: False
2023-12-08 21:29:32.284312 Using quantile sampling during evaluation interaction: False
2023-12-08 21:29:32.284327 Using quantile sampling during training interaction:: False
2023-12-08 21:29:32.284342 Sampling Percent: 0.01
2023-12-08 21:29:32.284357 Anneal Sampling Percent: False
2023-12-08 21:29:32.284373 ===============================================Split================================================
2023-12-08 21:29:32.285198 running on CUDA...
2023-12-08 21:29:32.716581 Episodes 0:, 
2023-12-08 21:29:32.716643 Total steps 0/500000, 
2023-12-08 21:29:32.716868 Evaluation Reward: [0.18158234 0.66589778],
2023-12-08 21:29:32.716908 Time: 0.393
2023-12-08 21:30:37.864732 Episodes 200:, 
2023-12-08 21:30:37.864800 Total steps 10000/500000, 
2023-12-08 21:30:37.865008 Evaluation Reward: [3.90780516 0.8153647 ],
2023-12-08 21:30:37.865052 Time: 65.148
2023-12-08 21:31:50.958911 Episodes 400:, 
2023-12-08 21:31:50.958980 Total steps 20000/500000, 
2023-12-08 21:31:50.959192 Evaluation Reward: [ 6.70318483 11.61493942],
2023-12-08 21:31:50.959232 Time: 73.081
2023-12-08 21:33:06.470195 Episodes 600:, 
2023-12-08 21:33:06.470267 Total steps 30000/500000, 
2023-12-08 21:33:06.470476 Evaluation Reward: [ 9.36056325 11.88389846],
2023-12-08 21:33:06.470523 Time: 75.495
2023-12-08 21:34:19.915953 Episodes 800:, 
2023-12-08 21:34:19.916021 Total steps 40000/500000, 
2023-12-08 21:34:19.916261 Evaluation Reward: [12.78876679 15.24622415],
2023-12-08 21:34:19.916305 Time: 73.43
2023-12-08 21:35:32.876231 Episodes 1000:, 
2023-12-08 21:35:32.876312 Total steps 50000/500000, 
2023-12-08 21:35:32.876556 Evaluation Reward: [21.37832494 22.34235606],
2023-12-08 21:35:32.876600 Time: 72.944
2023-12-08 21:36:45.295000 Episodes 1200:, 
2023-12-08 21:36:45.295068 Total steps 60000/500000, 
2023-12-08 21:36:45.295276 Evaluation Reward: [17.66192404 21.83395772],
2023-12-08 21:36:45.295314 Time: 72.4
2023-12-08 21:37:56.984263 Episodes 1400:, 
2023-12-08 21:37:56.984332 Total steps 70000/500000, 
2023-12-08 21:37:56.984551 Evaluation Reward: [ 7.77528415 17.79906063],
2023-12-08 21:37:56.984591 Time: 71.673
2023-12-08 21:39:14.199152 Episodes 1600:, 
2023-12-08 21:39:14.199220 Total steps 80000/500000, 
2023-12-08 21:39:14.199451 Evaluation Reward: [ 8.57536138 19.02525213],
2023-12-08 21:39:14.199490 Time: 77.198
2023-12-08 21:40:29.210157 Episodes 1800:, 
2023-12-08 21:40:29.210227 Total steps 90000/500000, 
2023-12-08 21:40:29.210444 Evaluation Reward: [4.25509696 2.70507175],
2023-12-08 21:40:29.210483 Time: 74.994
2023-12-08 21:41:48.229060 Episodes 2000:, 
2023-12-08 21:41:48.229123 Total steps 100000/500000, 
2023-12-08 21:41:48.229318 Evaluation Reward: [ 5.92539227 10.28277451],
2023-12-08 21:41:48.229372 Time: 79.001
2023-12-08 21:42:58.536673 Episodes 2200:, 
2023-12-08 21:42:58.536739 Total steps 110000/500000, 
2023-12-08 21:42:58.536957 Evaluation Reward: [15.68912074 22.23098797],
2023-12-08 21:42:58.536995 Time: 70.29
2023-12-08 21:44:09.925971 Episodes 2400:, 
2023-12-08 21:44:09.926036 Total steps 120000/500000, 
2023-12-08 21:44:09.926235 Evaluation Reward: [18.8005546  15.69703304],
2023-12-08 21:44:09.926276 Time: 71.371
2023-12-08 21:45:19.614410 Episodes 2600:, 
2023-12-08 21:45:19.614492 Total steps 130000/500000, 
2023-12-08 21:45:19.614706 Evaluation Reward: [10.54592113 12.14039582],
2023-12-08 21:45:19.614753 Time: 69.667
2023-12-08 21:46:29.220126 Episodes 2800:, 
2023-12-08 21:46:29.220204 Total steps 140000/500000, 
2023-12-08 21:46:29.220399 Evaluation Reward: [19.6399658  21.97746081],
2023-12-08 21:46:29.220439 Time: 69.586
2023-12-08 21:47:39.363118 Episodes 3000:, 
2023-12-08 21:47:39.363188 Total steps 150000/500000, 
2023-12-08 21:47:39.363389 Evaluation Reward: [8.86600733 5.6936246 ],
2023-12-08 21:47:39.363431 Time: 70.123
2023-12-08 21:48:49.897373 Episodes 3200:, 
2023-12-08 21:48:49.897442 Total steps 160000/500000, 
2023-12-08 21:48:49.897648 Evaluation Reward: [2.32395577 1.3337113 ],
2023-12-08 21:48:49.897686 Time: 70.513
2023-12-08 21:49:59.575196 Episodes 3400:, 
2023-12-08 21:49:59.575262 Total steps 170000/500000, 
2023-12-08 21:49:59.575492 Evaluation Reward: [ 6.87133652 11.42108192],
2023-12-08 21:49:59.575532 Time: 69.657
2023-12-08 21:51:09.605309 Episodes 3600:, 
2023-12-08 21:51:09.605394 Total steps 180000/500000, 
2023-12-08 21:51:09.605602 Evaluation Reward: [16.3089503  19.62250265],
2023-12-08 21:51:09.605639 Time: 69.95
2023-12-08 21:52:19.412955 Episodes 3800:, 
2023-12-08 21:52:19.413035 Total steps 190000/500000, 
2023-12-08 21:52:19.413272 Evaluation Reward: [16.96191221 21.2422785 ],
2023-12-08 21:52:19.413319 Time: 69.785
2023-12-08 21:53:29.345673 Episodes 4000:, 
2023-12-08 21:53:29.345740 Total steps 200000/500000, 
2023-12-08 21:53:29.345956 Evaluation Reward: [13.99975743 14.33234513],
2023-12-08 21:53:29.345996 Time: 69.91
2023-12-08 21:54:39.121129 Episodes 4200:, 
2023-12-08 21:54:39.121198 Total steps 210000/500000, 
2023-12-08 21:54:39.121423 Evaluation Reward: [9.24483611 6.30193671],
2023-12-08 21:54:39.121474 Time: 69.752
2023-12-08 21:55:48.965478 Episodes 4400:, 
2023-12-08 21:55:48.965549 Total steps 220000/500000, 
2023-12-08 21:55:48.965770 Evaluation Reward: [13.14437205 18.70819188],
2023-12-08 21:55:48.965808 Time: 69.821
2023-12-08 21:56:58.754069 Episodes 4600:, 
2023-12-08 21:56:58.754138 Total steps 230000/500000, 
2023-12-08 21:56:58.754344 Evaluation Reward: [14.61753269 10.7213375 ],
2023-12-08 21:56:58.754382 Time: 69.763
2023-12-08 21:58:08.733778 Episodes 4800:, 
2023-12-08 21:58:08.733844 Total steps 240000/500000, 
2023-12-08 21:58:08.734053 Evaluation Reward: [13.44379772  8.35032879],
2023-12-08 21:58:08.734093 Time: 69.956
2023-12-08 21:59:18.363466 Episodes 5000:, 
2023-12-08 21:59:18.363538 Total steps 250000/500000, 
2023-12-08 21:59:18.363736 Evaluation Reward: [17.16671127 18.07186201],
2023-12-08 21:59:18.363776 Time: 69.605
2023-12-08 22:00:27.620533 Episodes 5200:, 
2023-12-08 22:00:27.620600 Total steps 260000/500000, 
2023-12-08 22:00:27.620801 Evaluation Reward: [6.69322475 5.6631518 ],
2023-12-08 22:00:27.620843 Time: 69.233
2023-12-08 22:01:37.745577 Episodes 5400:, 
2023-12-08 22:01:37.745654 Total steps 270000/500000, 
2023-12-08 22:01:37.745870 Evaluation Reward: [11.85696767 15.3551462 ],
2023-12-08 22:01:37.745911 Time: 70.1
2023-12-08 22:02:46.908217 Episodes 5600:, 
2023-12-08 22:02:46.908285 Total steps 280000/500000, 
2023-12-08 22:02:46.908489 Evaluation Reward: [21.10621605 21.17108462],
2023-12-08 22:02:46.908539 Time: 69.138
2023-12-08 22:03:57.215827 Episodes 5800:, 
2023-12-08 22:03:57.215917 Total steps 290000/500000, 
2023-12-08 22:03:57.216143 Evaluation Reward: [10.60118256 13.34690991],
2023-12-08 22:03:57.216184 Time: 70.278
2023-12-08 22:05:07.427295 Episodes 6000:, 
2023-12-08 22:05:07.427374 Total steps 300000/500000, 
2023-12-08 22:05:07.427572 Evaluation Reward: [10.57787962  9.58696934],
2023-12-08 22:05:07.427610 Time: 70.176
2023-12-08 22:06:17.544812 Episodes 6200:, 
2023-12-08 22:06:17.544883 Total steps 310000/500000, 
2023-12-08 22:06:17.545085 Evaluation Reward: [ 7.67469686 11.98424705],
2023-12-08 22:06:17.545130 Time: 70.09
2023-12-08 22:07:26.811441 Episodes 6400:, 
2023-12-08 22:07:26.811538 Total steps 320000/500000, 
2023-12-08 22:07:26.811814 Evaluation Reward: [14.34017244 11.33178008],
2023-12-08 22:07:26.811865 Time: 69.238
2023-12-08 22:08:36.391821 Episodes 6600:, 
2023-12-08 22:08:36.391895 Total steps 330000/500000, 
2023-12-08 22:08:36.392095 Evaluation Reward: [11.28725099 11.06907792],
2023-12-08 22:08:36.392133 Time: 69.55
2023-12-08 22:09:46.358227 Episodes 6800:, 
2023-12-08 22:09:46.358295 Total steps 340000/500000, 
2023-12-08 22:09:46.358494 Evaluation Reward: [15.40866271  6.00487711],
2023-12-08 22:09:46.358532 Time: 69.937
2023-12-08 22:10:56.506598 Episodes 7000:, 
2023-12-08 22:10:56.506659 Total steps 350000/500000, 
2023-12-08 22:10:56.506856 Evaluation Reward: [24.64329624 21.36663075],
2023-12-08 22:10:56.506898 Time: 70.119
2023-12-08 22:12:06.593116 Episodes 7200:, 
2023-12-08 22:12:06.593196 Total steps 360000/500000, 
2023-12-08 22:12:06.593419 Evaluation Reward: [22.36121528 25.95059771],
2023-12-08 22:12:06.593462 Time: 70.058
2023-12-08 22:13:17.013230 Episodes 7400:, 
2023-12-08 22:13:17.013310 Total steps 370000/500000, 
2023-12-08 22:13:17.013516 Evaluation Reward: [20.43922356 26.26713047],
2023-12-08 22:13:17.013558 Time: 70.389
2023-12-08 22:14:27.569818 Episodes 7600:, 
2023-12-08 22:14:27.569896 Total steps 380000/500000, 
2023-12-08 22:14:27.570103 Evaluation Reward: [13.96910738 16.09009239],
2023-12-08 22:14:27.570141 Time: 70.523
2023-12-08 22:15:37.715112 Episodes 7800:, 
2023-12-08 22:15:37.715193 Total steps 390000/500000, 
2023-12-08 22:15:37.715385 Evaluation Reward: [11.29646674  3.47893858],
2023-12-08 22:15:37.715424 Time: 70.113
2023-12-08 22:16:47.942388 Episodes 8000:, 
2023-12-08 22:16:47.942457 Total steps 400000/500000, 
2023-12-08 22:16:47.942677 Evaluation Reward: [13.57894716  8.90583854],
2023-12-08 22:16:47.942717 Time: 70.181
2023-12-08 22:18:06.788890 Episodes 8200:, 
2023-12-08 22:18:06.788963 Total steps 410000/500000, 
2023-12-08 22:18:06.789191 Evaluation Reward: [16.47877814 20.79006341],
2023-12-08 22:18:06.789235 Time: 78.814
2023-12-08 22:19:26.495273 Episodes 8400:, 
2023-12-08 22:19:26.495367 Total steps 420000/500000, 
2023-12-08 22:19:26.495616 Evaluation Reward: [14.39368898 16.20691188],
2023-12-08 22:19:26.495657 Time: 79.67
2023-12-08 22:20:44.074332 Episodes 8600:, 
2023-12-08 22:20:44.074400 Total steps 430000/500000, 
2023-12-08 22:20:44.074602 Evaluation Reward: [12.64060299 12.55582613],
2023-12-08 22:20:44.074642 Time: 77.528
2023-12-08 22:22:02.048652 Episodes 8800:, 
2023-12-08 22:22:02.048730 Total steps 440000/500000, 
2023-12-08 22:22:02.048934 Evaluation Reward: [10.36169129 11.61054145],
2023-12-08 22:22:02.048976 Time: 77.922
2023-12-08 22:23:11.599817 Episodes 9000:, 
2023-12-08 22:23:11.599958 Total steps 450000/500000, 
2023-12-08 22:23:11.600245 Evaluation Reward: [9.69905534 4.38057537],
2023-12-08 22:23:11.600296 Time: 69.518
2023-12-08 22:24:23.826199 Episodes 9200:, 
2023-12-08 22:24:23.826274 Total steps 460000/500000, 
2023-12-08 22:24:23.826490 Evaluation Reward: [ 7.96488028 11.19896993],
2023-12-08 22:24:23.826528 Time: 72.188
2023-12-08 22:25:44.251015 Episodes 9400:, 
2023-12-08 22:25:44.251096 Total steps 470000/500000, 
2023-12-08 22:25:44.251335 Evaluation Reward: [14.50209771 16.09103836],
2023-12-08 22:25:44.251381 Time: 80.39
2023-12-08 22:27:05.995036 Episodes 9600:, 
2023-12-08 22:27:05.995103 Total steps 480000/500000, 
2023-12-08 22:27:05.995307 Evaluation Reward: [11.62320276  5.54785814],
2023-12-08 22:27:05.995345 Time: 81.696
2023-12-08 22:28:24.168863 Episodes 9800:, 
2023-12-08 22:28:24.168940 Total steps 490000/500000, 
2023-12-08 22:28:24.169172 Evaluation Reward: [ 9.78273829 18.47201393],
2023-12-08 22:28:24.169215 Time: 78.135
2023-12-08 22:29:41.928074 Episodes 9999:, 
2023-12-08 22:29:41.928153 Total steps 499999/500000, 
2023-12-08 22:29:41.928382 Evaluation Reward: [14.44666791 13.36949291],
2023-12-08 22:29:41.928431 Time: 77.719
2023-12-08 22:29:42.029806 ========================================Basic Configurations========================================
2023-12-08 22:29:42.029863 Daemon Filename: /home/Desktop/studies/q_functionals_daemon/results/final/2agent_2landmarks_full_egreedy/centralized_run_1-step-update_func-polynomial_rank-2_episode-10000_lr0001_b512_l3_n256_m500000_iter1/timestamp.log
2023-12-08 22:29:42.029884 Training Environment: q_functions_2agent_2landmarks
2023-12-08 22:29:42.029914 Functional: polynomial
2023-12-08 22:29:42.029929 rank: 2
2023-12-08 22:29:42.029944 seed: 4
2023-12-08 22:29:42.029964 learning_rate: 0.001
2023-12-08 22:29:42.029981 target_network_learning_rate: 0.005
2023-12-08 22:29:42.029996 nb_runs: 5
2023-12-08 22:29:42.030011 ma_type: centralized
2023-12-08 22:29:42.030026 policy_type: e_greedy
2023-12-08 22:29:42.030042 noise_std: 0.05
2023-12-08 22:29:42.030058 ========================================Model Configurations========================================
2023-12-08 22:29:42.030074 TD3 Trick:: False
2023-12-08 22:29:42.030090 Entropy Regularization: 0.0
2023-12-08 22:29:42.030105 ======================================Sampling Configurations=======================================
2023-12-08 22:29:42.030120 : q_functions_2agent_2landmarks
2023-12-08 22:29:42.030135 Using quantile sampling during bootstrapping:: False
2023-12-08 22:29:42.030151 Using quantile sampling during evaluation interaction: False
2023-12-08 22:29:42.030166 Using quantile sampling during training interaction:: False
2023-12-08 22:29:42.030181 Sampling Percent: 0.01
2023-12-08 22:29:42.030197 Anneal Sampling Percent: False
2023-12-08 22:29:42.030212 ===============================================Split================================================
2023-12-08 22:29:42.031154 running on CUDA...
2023-12-08 22:29:42.420719 Episodes 0:, 
2023-12-08 22:29:42.420792 Total steps 0/500000, 
2023-12-08 22:29:42.421008 Evaluation Reward: [0.08467653 0.10864656],
2023-12-08 22:29:42.421057 Time: 0.355
2023-12-08 22:30:50.990559 Episodes 200:, 
2023-12-08 22:30:50.990632 Total steps 10000/500000, 
2023-12-08 22:30:50.990852 Evaluation Reward: [0.09088149 8.89264271],
2023-12-08 22:30:50.990890 Time: 68.569
2023-12-08 22:32:09.778942 Episodes 400:, 
2023-12-08 22:32:09.779018 Total steps 20000/500000, 
2023-12-08 22:32:09.779218 Evaluation Reward: [ 0.26446061 35.03307416],
2023-12-08 22:32:09.779256 Time: 78.774
2023-12-08 22:33:25.552015 Episodes 600:, 
2023-12-08 22:33:25.552085 Total steps 30000/500000, 
2023-12-08 22:33:25.552300 Evaluation Reward: [ 0.09179226 38.91429318],
2023-12-08 22:33:25.552341 Time: 75.759
2023-12-08 22:34:38.986689 Episodes 800:, 
2023-12-08 22:34:38.986774 Total steps 40000/500000, 
2023-12-08 22:34:38.986983 Evaluation Reward: [ 0.18209964 39.121583  ],
2023-12-08 22:34:38.987033 Time: 73.418
2023-12-08 22:35:53.118776 Episodes 1000:, 
2023-12-08 22:35:53.118859 Total steps 50000/500000, 
2023-12-08 22:35:53.119083 Evaluation Reward: [ 0.43406012 38.1199184 ],
2023-12-08 22:35:53.119124 Time: 74.117
2023-12-08 22:37:05.995533 Episodes 1200:, 
2023-12-08 22:37:05.995601 Total steps 60000/500000, 
2023-12-08 22:37:05.995803 Evaluation Reward: [ 0.19794897 38.05082534],
2023-12-08 22:37:05.995846 Time: 72.861
2023-12-08 22:38:19.620771 Episodes 1400:, 
2023-12-08 22:38:19.620881 Total steps 70000/500000, 
2023-12-08 22:38:19.621166 Evaluation Reward: [ 0.17719818 39.69281091],
2023-12-08 22:38:19.621215 Time: 73.607
2023-12-08 22:39:31.625110 Episodes 1600:, 
2023-12-08 22:39:31.625194 Total steps 80000/500000, 
2023-12-08 22:39:31.625453 Evaluation Reward: [7.72970462e-05 3.81928784e+01],
2023-12-08 22:39:31.625504 Time: 71.985
2023-12-08 22:40:41.384949 Episodes 1800:, 
2023-12-08 22:40:41.385026 Total steps 90000/500000, 
2023-12-08 22:40:41.385235 Evaluation Reward: [ 0.18444385 40.70319131],
2023-12-08 22:40:41.385287 Time: 69.736
2023-12-08 22:41:53.320039 Episodes 2000:, 
2023-12-08 22:41:53.320120 Total steps 100000/500000, 
2023-12-08 22:41:53.320428 Evaluation Reward: [ 0.2815504  40.96276501],
2023-12-08 22:41:53.320508 Time: 71.918
2023-12-08 22:43:08.528698 Episodes 2200:, 
2023-12-08 22:43:08.528769 Total steps 110000/500000, 
2023-12-08 22:43:08.528986 Evaluation Reward: [3.25905481e-05 4.00133755e+01],
2023-12-08 22:43:08.529037 Time: 75.187
2023-12-08 22:44:22.001587 Episodes 2400:, 
2023-12-08 22:44:22.001668 Total steps 120000/500000, 
2023-12-08 22:44:22.001877 Evaluation Reward: [ 0.18853816 39.13960922],
2023-12-08 22:44:22.001915 Time: 73.455
2023-12-08 22:45:33.327138 Episodes 2600:, 
2023-12-08 22:45:33.327207 Total steps 130000/500000, 
2023-12-08 22:45:33.327456 Evaluation Reward: [ 0.28085848 41.79623163],
2023-12-08 22:45:33.327504 Time: 71.305
2023-12-08 22:46:46.182434 Episodes 2800:, 
2023-12-08 22:46:46.182502 Total steps 140000/500000, 
2023-12-08 22:46:46.182736 Evaluation Reward: [ 0.5344808  39.63001651],
2023-12-08 22:46:46.182781 Time: 72.772
2023-12-08 22:48:11.324083 Episodes 3000:, 
2023-12-08 22:48:11.324199 Total steps 150000/500000, 
2023-12-08 22:48:11.324492 Evaluation Reward: [5.42236483e-07 3.56320717e+01],
2023-12-08 22:48:11.324547 Time: 85.121
2023-12-08 22:49:43.009407 Episodes 3200:, 
2023-12-08 22:49:43.009495 Total steps 160000/500000, 
2023-12-08 22:49:43.009773 Evaluation Reward: [ 4.15081203 37.27817632],
2023-12-08 22:49:43.009821 Time: 91.654
2023-12-08 22:51:14.760764 Episodes 3400:, 
2023-12-08 22:51:14.760852 Total steps 170000/500000, 
2023-12-08 22:51:14.761110 Evaluation Reward: [ 0.50823115 38.975161  ],
2023-12-08 22:51:14.761161 Time: 91.722
2023-12-08 22:52:45.439229 Episodes 3600:, 
2023-12-08 22:52:45.439327 Total steps 180000/500000, 
2023-12-08 22:52:45.439670 Evaluation Reward: [ 4.63089377 41.09116787],
2023-12-08 22:52:45.439734 Time: 90.65
2023-12-08 22:54:15.940941 Episodes 3800:, 
2023-12-08 22:54:15.941052 Total steps 190000/500000, 
2023-12-08 22:54:15.941396 Evaluation Reward: [ 1.27576535 41.72015098],
2023-12-08 22:54:15.941459 Time: 90.474
2023-12-08 22:55:46.443718 Episodes 4000:, 
2023-12-08 22:55:46.443795 Total steps 200000/500000, 
2023-12-08 22:55:46.444059 Evaluation Reward: [ 3.16923565 39.66526888],
2023-12-08 22:55:46.444111 Time: 90.459
2023-12-08 22:57:16.849633 Episodes 4200:, 
2023-12-08 22:57:16.849712 Total steps 210000/500000, 
2023-12-08 22:57:16.850003 Evaluation Reward: [25.3705443  40.21373351],
2023-12-08 22:57:16.850059 Time: 90.364
2023-12-08 22:58:47.605483 Episodes 4400:, 
2023-12-08 22:58:47.605619 Total steps 220000/500000, 
2023-12-08 22:58:47.605882 Evaluation Reward: [ 2.32171586 37.78792623],
2023-12-08 22:58:47.605931 Time: 90.712
2023-12-08 23:00:17.506644 Episodes 4600:, 
2023-12-08 23:00:17.506746 Total steps 230000/500000, 
2023-12-08 23:00:17.507020 Evaluation Reward: [ 3.74010555 39.73943018],
2023-12-08 23:00:17.507072 Time: 89.864
2023-12-08 23:01:48.854163 Episodes 4800:, 
2023-12-08 23:01:48.854245 Total steps 240000/500000, 
2023-12-08 23:01:48.854521 Evaluation Reward: [ 9.13422025 34.06615713],
2023-12-08 23:01:48.854576 Time: 91.313
2023-12-08 23:03:20.171077 Episodes 5000:, 
2023-12-08 23:03:20.171160 Total steps 250000/500000, 
2023-12-08 23:03:20.171396 Evaluation Reward: [ 8.89244415 39.14771747],
2023-12-08 23:03:20.171447 Time: 91.284
2023-12-08 23:04:50.561754 Episodes 5200:, 
2023-12-08 23:04:50.561836 Total steps 260000/500000, 
2023-12-08 23:04:50.562101 Evaluation Reward: [21.13235945 41.63714202],
2023-12-08 23:04:50.562156 Time: 90.358
2023-12-08 23:06:22.291038 Episodes 5400:, 
2023-12-08 23:06:22.291113 Total steps 270000/500000, 
2023-12-08 23:06:22.291361 Evaluation Reward: [16.62879755 39.7492612 ],
2023-12-08 23:06:22.291406 Time: 91.689
2023-12-08 23:07:52.713978 Episodes 5600:, 
2023-12-08 23:07:52.714058 Total steps 280000/500000, 
2023-12-08 23:07:52.714300 Evaluation Reward: [20.80902957 39.9521793 ],
2023-12-08 23:07:52.714348 Time: 90.391
2023-12-08 23:09:23.344304 Episodes 5800:, 
2023-12-08 23:09:23.344404 Total steps 290000/500000, 
2023-12-08 23:09:23.344736 Evaluation Reward: [16.70453275 39.17017058],
2023-12-08 23:09:23.344794 Time: 90.593
2023-12-08 23:10:54.694677 Episodes 6000:, 
2023-12-08 23:10:54.694773 Total steps 300000/500000, 
2023-12-08 23:10:54.695068 Evaluation Reward: [ 7.77721338 38.65538677],
2023-12-08 23:10:54.695120 Time: 91.307
2023-12-08 23:12:25.705190 Episodes 6200:, 
2023-12-08 23:12:25.705305 Total steps 310000/500000, 
2023-12-08 23:12:25.705583 Evaluation Reward: [11.0002075 40.3953394],
2023-12-08 23:12:25.705636 Time: 90.967
2023-12-08 23:13:56.815909 Episodes 6400:, 
2023-12-08 23:13:56.815993 Total steps 320000/500000, 
2023-12-08 23:13:56.816281 Evaluation Reward: [13.8326849  38.86884678],
2023-12-08 23:13:56.816329 Time: 91.076
2023-12-08 23:15:27.694872 Episodes 6600:, 
2023-12-08 23:15:27.694966 Total steps 330000/500000, 
2023-12-08 23:15:27.695238 Evaluation Reward: [ 7.28815968 39.95405945],
2023-12-08 23:15:27.695286 Time: 90.839
2023-12-08 23:16:58.536745 Episodes 6800:, 
2023-12-08 23:16:58.536898 Total steps 340000/500000, 
2023-12-08 23:16:58.537390 Evaluation Reward: [14.93960817 35.16415525],
2023-12-08 23:16:58.537476 Time: 90.797
2023-12-08 23:18:30.066764 Episodes 7000:, 
2023-12-08 23:18:30.066872 Total steps 350000/500000, 
2023-12-08 23:18:30.067243 Evaluation Reward: [16.686114   38.36240866],
2023-12-08 23:18:30.067306 Time: 91.476
2023-12-08 23:20:01.203774 Episodes 7200:, 
2023-12-08 23:20:01.203883 Total steps 360000/500000, 
2023-12-08 23:20:01.204132 Evaluation Reward: [ 7.28410681 35.42550113],
2023-12-08 23:20:01.204184 Time: 91.097
2023-12-08 23:21:32.850323 Episodes 7400:, 
2023-12-08 23:21:32.850421 Total steps 370000/500000, 
2023-12-08 23:21:32.850754 Evaluation Reward: [15.12386877 37.92305579],
2023-12-08 23:21:32.850818 Time: 91.601
2023-12-08 23:23:03.510598 Episodes 7600:, 
2023-12-08 23:23:03.510686 Total steps 380000/500000, 
2023-12-08 23:23:03.510980 Evaluation Reward: [ 5.9152597  33.23546157],
2023-12-08 23:23:03.511036 Time: 90.611
2023-12-08 23:24:34.442693 Episodes 7800:, 
2023-12-08 23:24:34.442787 Total steps 390000/500000, 
2023-12-08 23:24:34.443023 Evaluation Reward: [ 8.60369343 38.65635344],
2023-12-08 23:24:34.443068 Time: 90.881
2023-12-08 23:26:05.848709 Episodes 8000:, 
2023-12-08 23:26:05.848794 Total steps 400000/500000, 
2023-12-08 23:26:05.849041 Evaluation Reward: [15.20925978 41.08126827],
2023-12-08 23:26:05.849095 Time: 91.352
2023-12-08 23:27:35.770624 Episodes 8200:, 
2023-12-08 23:27:35.770727 Total steps 410000/500000, 
2023-12-08 23:27:35.770960 Evaluation Reward: [15.78172192 38.39898502],
2023-12-08 23:27:35.771008 Time: 89.858
2023-12-08 23:29:05.997713 Episodes 8400:, 
2023-12-08 23:29:05.997813 Total steps 420000/500000, 
2023-12-08 23:29:05.998154 Evaluation Reward: [12.36397246 36.72213152],
2023-12-08 23:29:05.998222 Time: 90.17
2023-12-08 23:30:36.737205 Episodes 8600:, 
2023-12-08 23:30:36.737290 Total steps 430000/500000, 
2023-12-08 23:30:36.737536 Evaluation Reward: [ 8.39964898 36.17133307],
2023-12-08 23:30:36.737606 Time: 90.692
2023-12-08 23:32:10.287517 Episodes 8800:, 
2023-12-08 23:32:10.287621 Total steps 440000/500000, 
2023-12-08 23:32:10.287935 Evaluation Reward: [ 3.16325092 40.58633939],
2023-12-08 23:32:10.287984 Time: 93.502
2023-12-08 23:33:44.073702 Episodes 9000:, 
2023-12-08 23:33:44.073783 Total steps 450000/500000, 
2023-12-08 23:33:44.074017 Evaluation Reward: [ 6.34973506 37.24439865],
2023-12-08 23:33:44.074065 Time: 93.734
2023-12-08 23:35:16.313660 Episodes 9200:, 
2023-12-08 23:35:16.313741 Total steps 460000/500000, 
2023-12-08 23:35:16.314046 Evaluation Reward: [11.25903154 34.5519782 ],
2023-12-08 23:35:16.314109 Time: 92.189
2023-12-08 23:36:49.118506 Episodes 9400:, 
2023-12-08 23:36:49.118604 Total steps 470000/500000, 
2023-12-08 23:36:49.118862 Evaluation Reward: [16.84220486 37.5864679 ],
2023-12-08 23:36:49.118905 Time: 92.747
2023-12-08 23:38:21.107621 Episodes 9600:, 
2023-12-08 23:38:21.107705 Total steps 480000/500000, 
2023-12-08 23:38:21.107970 Evaluation Reward: [10.90092687 40.40569053],
2023-12-08 23:38:21.108020 Time: 91.94
2023-12-08 23:39:52.821242 Episodes 9800:, 
2023-12-08 23:39:52.821336 Total steps 490000/500000, 
2023-12-08 23:39:52.821606 Evaluation Reward: [ 7.78093762 40.23064876],
2023-12-08 23:39:52.821670 Time: 91.663
2023-12-08 23:41:23.495460 Episodes 9999:, 
2023-12-08 23:41:23.495556 Total steps 499999/500000, 
2023-12-08 23:41:23.495843 Evaluation Reward: [ 9.52350484 38.50544043],
2023-12-08 23:41:23.495915 Time: 90.616
