2023-12-09 05:03:27.681251 ========================================Basic Configurations========================================
2023-12-09 05:03:27.681298 Daemon Filename: /home/Desktop/studies/q_functionals_daemon/results/final/2agent_2landmarks_full_egreedy/ind_run_1-step-update_func-polynomial_rank-2_episode-10000_lr0001_b512_l3_n256_m500000_iter1/timestamp.log
2023-12-09 05:03:27.681318 Training Environment: q_functions_2agent_2landmarks
2023-12-09 05:03:27.681330 Functional: polynomial
2023-12-09 05:03:27.681342 rank: 2
2023-12-09 05:03:27.681353 seed: 0
2023-12-09 05:03:27.681367 learning_rate: 0.001
2023-12-09 05:03:27.681379 target_network_learning_rate: 0.005
2023-12-09 05:03:27.681390 nb_runs: 5
2023-12-09 05:03:27.681401 ma_type: ind
2023-12-09 05:03:27.681412 policy_type: e_greedy
2023-12-09 05:03:27.681423 noise_std: 0.05
2023-12-09 05:03:27.681435 ========================================Model Configurations========================================
2023-12-09 05:03:27.681446 TD3 Trick:: False
2023-12-09 05:03:27.681457 Entropy Regularization: 0.0
2023-12-09 05:03:27.681468 ======================================Sampling Configurations=======================================
2023-12-09 05:03:27.681479 : q_functions_2agent_2landmarks
2023-12-09 05:03:27.681489 Using quantile sampling during bootstrapping:: False
2023-12-09 05:03:27.681500 Using quantile sampling during evaluation interaction: False
2023-12-09 05:03:27.681511 Using quantile sampling during training interaction:: False
2023-12-09 05:03:27.681522 Sampling Percent: 0.01
2023-12-09 05:03:27.681532 Anneal Sampling Percent: False
2023-12-09 05:03:27.681543 ===============================================Split================================================
2023-12-09 05:03:27.682190 running on CUDA...
2023-12-09 05:03:38.254230 Episodes 0:, 
2023-12-09 05:03:38.254285 Total steps 0/500000, 
2023-12-09 05:03:38.254457 Evaluation Reward: [0.09803108 0.52351829],
2023-12-09 05:03:38.254491 Time: 0.492
2023-12-09 05:04:39.309682 Episodes 200:, 
2023-12-09 05:04:39.309738 Total steps 10000/500000, 
2023-12-09 05:04:39.309913 Evaluation Reward: [ 6.25555685 24.29705303],
2023-12-09 05:04:39.309946 Time: 61.055
2023-12-09 05:05:41.102543 Episodes 400:, 
2023-12-09 05:05:41.102599 Total steps 20000/500000, 
2023-12-09 05:05:41.102771 Evaluation Reward: [42.58122227 36.5902319 ],
2023-12-09 05:05:41.102801 Time: 61.778
2023-12-09 05:06:43.619091 Episodes 600:, 
2023-12-09 05:06:43.619140 Total steps 30000/500000, 
2023-12-09 05:06:43.619316 Evaluation Reward: [40.4295525  29.26704647],
2023-12-09 05:06:43.619349 Time: 62.503
2023-12-09 05:07:46.576276 Episodes 800:, 
2023-12-09 05:07:46.576331 Total steps 40000/500000, 
2023-12-09 05:07:46.576501 Evaluation Reward: [34.36477884 35.10272923],
2023-12-09 05:07:46.576532 Time: 62.943
2023-12-09 05:08:50.342029 Episodes 1000:, 
2023-12-09 05:08:50.342084 Total steps 50000/500000, 
2023-12-09 05:08:50.342252 Evaluation Reward: [31.97380701 19.42827324],
2023-12-09 05:08:50.342284 Time: 63.75
2023-12-09 05:09:55.204408 Episodes 1200:, 
2023-12-09 05:09:55.204464 Total steps 60000/500000, 
2023-12-09 05:09:55.204640 Evaluation Reward: [28.55073364 19.9168798 ],
2023-12-09 05:09:55.204672 Time: 64.847
2023-12-09 05:10:58.245328 Episodes 1400:, 
2023-12-09 05:10:58.245381 Total steps 70000/500000, 
2023-12-09 05:10:58.245566 Evaluation Reward: [25.67613407 22.16779252],
2023-12-09 05:10:58.245599 Time: 63.024
2023-12-09 05:12:01.404023 Episodes 1600:, 
2023-12-09 05:12:01.404081 Total steps 80000/500000, 
2023-12-09 05:12:01.404250 Evaluation Reward: [31.9125378  26.93458387],
2023-12-09 05:12:01.404282 Time: 63.142
2023-12-09 05:13:05.210562 Episodes 1800:, 
2023-12-09 05:13:05.210619 Total steps 90000/500000, 
2023-12-09 05:13:05.210793 Evaluation Reward: [30.29226586 18.28560195],
2023-12-09 05:13:05.210826 Time: 63.789
2023-12-09 05:14:08.812380 Episodes 2000:, 
2023-12-09 05:14:08.812435 Total steps 100000/500000, 
2023-12-09 05:14:08.812608 Evaluation Reward: [20.08938272 27.86851292],
2023-12-09 05:14:08.812644 Time: 63.587
2023-12-09 05:15:12.294410 Episodes 2200:, 
2023-12-09 05:15:12.294463 Total steps 110000/500000, 
2023-12-09 05:15:12.294634 Evaluation Reward: [25.59152803 18.10227415],
2023-12-09 05:15:12.294665 Time: 63.464
2023-12-09 05:16:16.045254 Episodes 2400:, 
2023-12-09 05:16:16.045307 Total steps 120000/500000, 
2023-12-09 05:16:16.045484 Evaluation Reward: [30.23399993 19.88029786],
2023-12-09 05:16:16.045515 Time: 63.735
2023-12-09 05:17:19.839582 Episodes 2600:, 
2023-12-09 05:17:19.839650 Total steps 130000/500000, 
2023-12-09 05:17:19.839832 Evaluation Reward: [20.04163206 24.28816746],
2023-12-09 05:17:19.839864 Time: 63.777
2023-12-09 05:18:23.678220 Episodes 2800:, 
2023-12-09 05:18:23.678284 Total steps 140000/500000, 
2023-12-09 05:18:23.678455 Evaluation Reward: [37.85908127 32.21128838],
2023-12-09 05:18:23.678486 Time: 63.822
2023-12-09 05:19:27.242970 Episodes 3000:, 
2023-12-09 05:19:27.243029 Total steps 150000/500000, 
2023-12-09 05:19:27.243204 Evaluation Reward: [25.01568911 28.55382523],
2023-12-09 05:19:27.243236 Time: 63.548
2023-12-09 05:20:31.044644 Episodes 3200:, 
2023-12-09 05:20:31.044700 Total steps 160000/500000, 
2023-12-09 05:20:31.044915 Evaluation Reward: [31.63924155 27.50713207],
2023-12-09 05:20:31.044955 Time: 63.778
2023-12-09 05:21:35.681123 Episodes 3400:, 
2023-12-09 05:21:35.681188 Total steps 170000/500000, 
2023-12-09 05:21:35.681358 Evaluation Reward: [31.01542075 28.18060943],
2023-12-09 05:21:35.681390 Time: 64.614
2023-12-09 05:22:40.192262 Episodes 3600:, 
2023-12-09 05:22:40.192325 Total steps 180000/500000, 
2023-12-09 05:22:40.192498 Evaluation Reward: [25.38701368 40.28515751],
2023-12-09 05:22:40.192531 Time: 64.491
2023-12-09 05:23:43.501176 Episodes 3800:, 
2023-12-09 05:23:43.501235 Total steps 190000/500000, 
2023-12-09 05:23:43.501411 Evaluation Reward: [39.24695015 40.81573357],
2023-12-09 05:23:43.501442 Time: 63.288
2023-12-09 05:24:47.874013 Episodes 4000:, 
2023-12-09 05:24:47.874069 Total steps 200000/500000, 
2023-12-09 05:24:47.874239 Evaluation Reward: [35.08442623 39.1549379 ],
2023-12-09 05:24:47.874273 Time: 64.351
2023-12-09 05:25:51.877331 Episodes 4200:, 
2023-12-09 05:25:51.877388 Total steps 210000/500000, 
2023-12-09 05:25:51.877561 Evaluation Reward: [37.85875356 34.26747503],
2023-12-09 05:25:51.877593 Time: 63.981
2023-12-09 05:26:56.221381 Episodes 4400:, 
2023-12-09 05:26:56.221440 Total steps 220000/500000, 
2023-12-09 05:26:56.221610 Evaluation Reward: [41.12040182 37.24593844],
2023-12-09 05:26:56.221642 Time: 64.317
2023-12-09 05:28:00.153191 Episodes 4600:, 
2023-12-09 05:28:00.153248 Total steps 230000/500000, 
2023-12-09 05:28:00.153422 Evaluation Reward: [36.36556251 38.16117985],
2023-12-09 05:28:00.153455 Time: 63.911
2023-12-09 05:29:03.899515 Episodes 4800:, 
2023-12-09 05:29:03.899572 Total steps 240000/500000, 
2023-12-09 05:29:03.899750 Evaluation Reward: [39.15926596 39.58529101],
2023-12-09 05:29:03.899782 Time: 63.722
2023-12-09 05:30:06.617193 Episodes 5000:, 
2023-12-09 05:30:06.617254 Total steps 250000/500000, 
2023-12-09 05:30:06.617429 Evaluation Reward: [30.66320292 37.99624896],
2023-12-09 05:30:06.617462 Time: 62.695
2023-12-09 05:31:11.391453 Episodes 5200:, 
2023-12-09 05:31:11.391515 Total steps 260000/500000, 
2023-12-09 05:31:11.391697 Evaluation Reward: [41.37749236 34.27995802],
2023-12-09 05:31:11.391730 Time: 64.75
2023-12-09 05:32:20.790402 Episodes 5400:, 
2023-12-09 05:32:20.790461 Total steps 270000/500000, 
2023-12-09 05:32:20.790637 Evaluation Reward: [35.28776304 27.66501987],
2023-12-09 05:32:20.790672 Time: 69.374
2023-12-09 05:33:28.148472 Episodes 5600:, 
2023-12-09 05:33:28.148532 Total steps 280000/500000, 
2023-12-09 05:33:28.148721 Evaluation Reward: [38.05650566 41.14138037],
2023-12-09 05:33:28.148755 Time: 67.333
2023-12-09 05:34:34.964362 Episodes 5800:, 
2023-12-09 05:34:34.964420 Total steps 290000/500000, 
2023-12-09 05:34:34.964599 Evaluation Reward: [36.06144072 40.12382161],
2023-12-09 05:34:34.964633 Time: 66.789
2023-12-09 05:35:41.580692 Episodes 6000:, 
2023-12-09 05:35:41.580753 Total steps 300000/500000, 
2023-12-09 05:35:41.580933 Evaluation Reward: [39.96920905 37.28539193],
2023-12-09 05:35:41.580964 Time: 66.591
2023-12-09 05:36:45.942734 Episodes 6200:, 
2023-12-09 05:36:45.942790 Total steps 310000/500000, 
2023-12-09 05:36:45.942979 Evaluation Reward: [37.91043812 39.60709714],
2023-12-09 05:36:45.943011 Time: 64.337
2023-12-09 05:37:50.260904 Episodes 6400:, 
2023-12-09 05:37:50.260960 Total steps 320000/500000, 
2023-12-09 05:37:50.261144 Evaluation Reward: [37.05736803 40.05027888],
2023-12-09 05:37:50.261186 Time: 64.291
2023-12-09 05:38:54.394632 Episodes 6600:, 
2023-12-09 05:38:54.394696 Total steps 330000/500000, 
2023-12-09 05:38:54.394876 Evaluation Reward: [35.63903553 37.9878864 ],
2023-12-09 05:38:54.394907 Time: 64.108
2023-12-09 05:39:58.634419 Episodes 6800:, 
2023-12-09 05:39:58.634481 Total steps 340000/500000, 
2023-12-09 05:39:58.634655 Evaluation Reward: [37.77852359 38.95174476],
2023-12-09 05:39:58.634685 Time: 64.214
2023-12-09 05:41:02.285924 Episodes 7000:, 
2023-12-09 05:41:02.285981 Total steps 350000/500000, 
2023-12-09 05:41:02.286148 Evaluation Reward: [40.1098272  40.17715548],
2023-12-09 05:41:02.286177 Time: 63.624
2023-12-09 05:42:06.122365 Episodes 7200:, 
2023-12-09 05:42:06.122421 Total steps 360000/500000, 
2023-12-09 05:42:06.122595 Evaluation Reward: [40.59075278 39.11814442],
2023-12-09 05:42:06.126449 Time: 63.815
2023-12-09 05:43:10.369336 Episodes 7400:, 
2023-12-09 05:43:10.369392 Total steps 370000/500000, 
2023-12-09 05:43:10.369562 Evaluation Reward: [39.09983891 38.32590193],
2023-12-09 05:43:10.369594 Time: 64.216
2023-12-09 05:44:14.866522 Episodes 7600:, 
2023-12-09 05:44:14.866577 Total steps 380000/500000, 
2023-12-09 05:44:14.866749 Evaluation Reward: [36.65402177 37.47465006],
2023-12-09 05:44:14.866780 Time: 64.468
2023-12-09 05:45:18.970543 Episodes 7800:, 
2023-12-09 05:45:18.970606 Total steps 390000/500000, 
2023-12-09 05:45:18.970781 Evaluation Reward: [35.9685322  38.30512566],
2023-12-09 05:45:18.970813 Time: 64.076
2023-12-09 05:46:23.344978 Episodes 8000:, 
2023-12-09 05:46:23.345032 Total steps 400000/500000, 
2023-12-09 05:46:23.345198 Evaluation Reward: [37.50899303 36.37046211],
2023-12-09 05:46:23.345229 Time: 64.345
2023-12-09 05:47:27.552891 Episodes 8200:, 
2023-12-09 05:47:27.552948 Total steps 410000/500000, 
2023-12-09 05:47:27.553148 Evaluation Reward: [39.04729072 40.51703372],
2023-12-09 05:47:27.553186 Time: 64.179
2023-12-09 05:48:32.038631 Episodes 8400:, 
2023-12-09 05:48:32.038685 Total steps 420000/500000, 
2023-12-09 05:48:32.038875 Evaluation Reward: [33.1030424  36.77933086],
2023-12-09 05:48:32.038912 Time: 64.45
2023-12-09 05:49:36.610080 Episodes 8600:, 
2023-12-09 05:49:36.610138 Total steps 430000/500000, 
2023-12-09 05:49:36.610314 Evaluation Reward: [40.39877188 30.58133711],
2023-12-09 05:49:36.610347 Time: 64.542
2023-12-09 05:50:41.314800 Episodes 8800:, 
2023-12-09 05:50:41.314856 Total steps 440000/500000, 
2023-12-09 05:50:41.315027 Evaluation Reward: [41.08616007 42.59704509],
2023-12-09 05:50:41.315060 Time: 64.674
2023-12-09 05:51:45.813932 Episodes 9000:, 
2023-12-09 05:51:45.813992 Total steps 450000/500000, 
2023-12-09 05:51:45.814167 Evaluation Reward: [42.2779603  40.97674969],
2023-12-09 05:51:45.814202 Time: 64.467
2023-12-09 05:52:50.387780 Episodes 9200:, 
2023-12-09 05:52:50.387836 Total steps 460000/500000, 
2023-12-09 05:52:50.388016 Evaluation Reward: [36.70405722 40.10905544],
2023-12-09 05:52:50.388047 Time: 64.542
2023-12-09 05:53:54.440111 Episodes 9400:, 
2023-12-09 05:53:54.440168 Total steps 470000/500000, 
2023-12-09 05:53:54.440340 Evaluation Reward: [36.88707622 41.08693616],
2023-12-09 05:53:54.440376 Time: 64.02
2023-12-09 05:54:58.493153 Episodes 9600:, 
2023-12-09 05:54:58.493214 Total steps 480000/500000, 
2023-12-09 05:54:58.493383 Evaluation Reward: [40.53108141 38.85628538],
2023-12-09 05:54:58.493415 Time: 64.021
2023-12-09 05:56:03.072830 Episodes 9800:, 
2023-12-09 05:56:03.072887 Total steps 490000/500000, 
2023-12-09 05:56:03.073062 Evaluation Reward: [37.50666311 41.73904779],
2023-12-09 05:56:03.073105 Time: 64.548
2023-12-09 05:57:07.862341 Episodes 9999:, 
2023-12-09 05:57:07.862401 Total steps 499999/500000, 
2023-12-09 05:57:07.862577 Evaluation Reward: [31.79393767 39.04373359],
2023-12-09 05:57:07.862609 Time: 64.755
2023-12-09 05:57:07.903078 ========================================Basic Configurations========================================
2023-12-09 05:57:07.903143 Daemon Filename: /home/Desktop/studies/q_functionals_daemon/results/final/2agent_2landmarks_full_egreedy/ind_run_1-step-update_func-polynomial_rank-2_episode-10000_lr0001_b512_l3_n256_m500000_iter1/timestamp.log
2023-12-09 05:57:07.903162 Training Environment: q_functions_2agent_2landmarks
2023-12-09 05:57:07.903177 Functional: polynomial
2023-12-09 05:57:07.903192 rank: 2
2023-12-09 05:57:07.903205 seed: 1
2023-12-09 05:57:07.903224 learning_rate: 0.001
2023-12-09 05:57:07.903238 target_network_learning_rate: 0.005
2023-12-09 05:57:07.903251 nb_runs: 5
2023-12-09 05:57:07.903265 ma_type: ind
2023-12-09 05:57:07.903278 policy_type: e_greedy
2023-12-09 05:57:07.903291 noise_std: 0.05
2023-12-09 05:57:07.903305 ========================================Model Configurations========================================
2023-12-09 05:57:07.903319 TD3 Trick:: False
2023-12-09 05:57:07.903333 Entropy Regularization: 0.0
2023-12-09 05:57:07.903346 ======================================Sampling Configurations=======================================
2023-12-09 05:57:07.903359 : q_functions_2agent_2landmarks
2023-12-09 05:57:07.903373 Using quantile sampling during bootstrapping:: False
2023-12-09 05:57:07.903386 Using quantile sampling during evaluation interaction: False
2023-12-09 05:57:07.903400 Using quantile sampling during training interaction:: False
2023-12-09 05:57:07.903413 Sampling Percent: 0.01
2023-12-09 05:57:07.903427 Anneal Sampling Percent: False
2023-12-09 05:57:07.903440 ===============================================Split================================================
2023-12-09 05:57:07.904231 running on CUDA...
2023-12-09 05:57:18.445593 Episodes 0:, 
2023-12-09 05:57:18.445652 Total steps 0/500000, 
2023-12-09 05:57:18.445823 Evaluation Reward: [1.78008189 0.09451526],
2023-12-09 05:57:18.445855 Time: 0.485
2023-12-09 05:58:19.785768 Episodes 200:, 
2023-12-09 05:58:19.785825 Total steps 10000/500000, 
2023-12-09 05:58:19.785994 Evaluation Reward: [9.13869337 8.50671391],
2023-12-09 05:58:19.786026 Time: 61.34
2023-12-09 05:59:22.640087 Episodes 400:, 
2023-12-09 05:59:22.640137 Total steps 20000/500000, 
2023-12-09 05:59:22.640309 Evaluation Reward: [29.07035246 23.74129002],
2023-12-09 05:59:22.640340 Time: 62.84
2023-12-09 06:00:25.794246 Episodes 600:, 
2023-12-09 06:00:25.794307 Total steps 30000/500000, 
2023-12-09 06:00:25.794495 Evaluation Reward: [26.9532174  26.23988946],
2023-12-09 06:00:25.794529 Time: 63.14
2023-12-09 06:01:28.910641 Episodes 800:, 
2023-12-09 06:01:28.910697 Total steps 40000/500000, 
2023-12-09 06:01:28.910866 Evaluation Reward: [29.62218565 18.07013536],
2023-12-09 06:01:28.910898 Time: 63.1
2023-12-09 06:02:32.498723 Episodes 1000:, 
2023-12-09 06:02:32.498779 Total steps 50000/500000, 
2023-12-09 06:02:32.498948 Evaluation Reward: [34.88266823 20.27353977],
2023-12-09 06:02:32.498979 Time: 63.573
2023-12-09 06:03:36.683480 Episodes 1200:, 
2023-12-09 06:03:36.683533 Total steps 60000/500000, 
2023-12-09 06:03:36.683703 Evaluation Reward: [27.85237323 32.11626902],
2023-12-09 06:03:36.683736 Time: 64.17
2023-12-09 06:04:40.681557 Episodes 1400:, 
2023-12-09 06:04:40.681611 Total steps 70000/500000, 
2023-12-09 06:04:40.681785 Evaluation Reward: [26.21487167  8.17255968],
2023-12-09 06:04:40.681818 Time: 63.981
2023-12-09 06:05:44.520781 Episodes 1600:, 
2023-12-09 06:05:44.520837 Total steps 80000/500000, 
2023-12-09 06:05:44.521008 Evaluation Reward: [29.78919174 27.13083404],
2023-12-09 06:05:44.521039 Time: 63.822
2023-12-09 06:06:48.582668 Episodes 1800:, 
2023-12-09 06:06:48.582725 Total steps 90000/500000, 
2023-12-09 06:06:48.582895 Evaluation Reward: [19.4575448  23.78660514],
2023-12-09 06:06:48.582939 Time: 64.045
2023-12-09 06:07:52.181738 Episodes 2000:, 
2023-12-09 06:07:52.181795 Total steps 100000/500000, 
2023-12-09 06:07:52.181970 Evaluation Reward: [17.57070168 16.63953109],
2023-12-09 06:07:52.182003 Time: 63.584
2023-12-09 06:08:56.336337 Episodes 2200:, 
2023-12-09 06:08:56.336394 Total steps 110000/500000, 
2023-12-09 06:08:56.336562 Evaluation Reward: [22.22508731 25.17011031],
2023-12-09 06:08:56.336596 Time: 64.139
2023-12-09 06:10:00.507741 Episodes 2400:, 
2023-12-09 06:10:00.507798 Total steps 120000/500000, 
2023-12-09 06:10:00.507977 Evaluation Reward: [11.70345798 16.83759239],
2023-12-09 06:10:00.508009 Time: 64.155
2023-12-09 06:11:04.929874 Episodes 2600:, 
2023-12-09 06:11:04.929930 Total steps 130000/500000, 
2023-12-09 06:11:04.930122 Evaluation Reward: [26.13927558 16.93825063],
2023-12-09 06:11:04.930155 Time: 64.404
2023-12-09 06:12:12.484454 Episodes 2800:, 
2023-12-09 06:12:12.484515 Total steps 140000/500000, 
2023-12-09 06:12:12.484708 Evaluation Reward: [14.4551449  12.38897021],
2023-12-09 06:12:12.484743 Time: 67.538
2023-12-09 06:13:16.478762 Episodes 3000:, 
2023-12-09 06:13:16.478817 Total steps 150000/500000, 
2023-12-09 06:13:16.478988 Evaluation Reward: [12.41429396 24.78416486],
2023-12-09 06:13:16.479021 Time: 63.977
2023-12-09 06:14:20.366829 Episodes 3200:, 
2023-12-09 06:14:20.366885 Total steps 160000/500000, 
2023-12-09 06:14:20.367057 Evaluation Reward: [13.39483216 20.6250494 ],
2023-12-09 06:14:20.367090 Time: 63.87
2023-12-09 06:15:24.886263 Episodes 3400:, 
2023-12-09 06:15:24.886318 Total steps 170000/500000, 
2023-12-09 06:15:24.886491 Evaluation Reward: [19.01000639 24.72525371],
2023-12-09 06:15:24.886523 Time: 64.5
2023-12-09 06:16:29.191380 Episodes 3600:, 
2023-12-09 06:16:29.191441 Total steps 180000/500000, 
2023-12-09 06:16:29.191619 Evaluation Reward: [22.40876632 30.18929086],
2023-12-09 06:16:29.191650 Time: 64.284
2023-12-09 06:17:33.708502 Episodes 3800:, 
2023-12-09 06:17:33.708559 Total steps 190000/500000, 
2023-12-09 06:17:33.708728 Evaluation Reward: [31.3862127  21.82092823],
2023-12-09 06:17:33.708760 Time: 64.496
2023-12-09 06:18:38.235096 Episodes 4000:, 
2023-12-09 06:18:38.235152 Total steps 200000/500000, 
2023-12-09 06:18:38.235323 Evaluation Reward: [31.07245154 20.2336797 ],
2023-12-09 06:18:38.235356 Time: 64.504
2023-12-09 06:19:42.675538 Episodes 4200:, 
2023-12-09 06:19:42.675598 Total steps 210000/500000, 
2023-12-09 06:19:42.675764 Evaluation Reward: [35.82712215 22.80920511],
2023-12-09 06:19:42.675796 Time: 64.419
2023-12-09 06:20:46.650772 Episodes 4400:, 
2023-12-09 06:20:46.650828 Total steps 220000/500000, 
2023-12-09 06:20:46.650993 Evaluation Reward: [29.86681468 39.00544059],
2023-12-09 06:20:46.651024 Time: 63.953
2023-12-09 06:21:50.824649 Episodes 4600:, 
2023-12-09 06:21:50.824706 Total steps 230000/500000, 
2023-12-09 06:21:50.824873 Evaluation Reward: [36.66635377 32.41774737],
2023-12-09 06:21:50.824905 Time: 64.105
2023-12-09 06:22:54.820001 Episodes 4800:, 
2023-12-09 06:22:54.820064 Total steps 240000/500000, 
2023-12-09 06:22:54.820241 Evaluation Reward: [28.53302536 36.27142024],
2023-12-09 06:22:54.820275 Time: 63.972
2023-12-09 06:24:01.522126 Episodes 5000:, 
2023-12-09 06:24:01.522173 Total steps 250000/500000, 
2023-12-09 06:24:01.522344 Evaluation Reward: [31.72028449 33.53911557],
2023-12-09 06:24:01.522376 Time: 66.678
2023-12-09 06:25:05.165926 Episodes 5200:, 
2023-12-09 06:25:05.166061 Total steps 260000/500000, 
2023-12-09 06:25:05.166380 Evaluation Reward: [34.40737694 30.84475177],
2023-12-09 06:25:05.166411 Time: 63.619
2023-12-09 06:26:10.001607 Episodes 5400:, 
2023-12-09 06:26:10.001680 Total steps 270000/500000, 
2023-12-09 06:26:10.001869 Evaluation Reward: [33.43844339 32.11520579],
2023-12-09 06:26:10.001902 Time: 64.811
2023-12-09 06:27:14.988597 Episodes 5600:, 
2023-12-09 06:27:14.988657 Total steps 280000/500000, 
2023-12-09 06:27:14.988834 Evaluation Reward: [27.22702734 33.21409707],
2023-12-09 06:27:14.988867 Time: 64.963
2023-12-09 06:28:19.735075 Episodes 5800:, 
2023-12-09 06:28:19.735131 Total steps 290000/500000, 
2023-12-09 06:28:19.735322 Evaluation Reward: [32.09190948 33.00232107],
2023-12-09 06:28:19.735355 Time: 64.72
2023-12-09 06:29:24.234133 Episodes 6000:, 
2023-12-09 06:29:24.234189 Total steps 300000/500000, 
2023-12-09 06:29:24.234359 Evaluation Reward: [32.36763828 31.89144728],
2023-12-09 06:29:24.234392 Time: 64.474
2023-12-09 06:30:28.510549 Episodes 6200:, 
2023-12-09 06:30:28.510606 Total steps 310000/500000, 
2023-12-09 06:30:28.510782 Evaluation Reward: [39.36386656 34.5295506 ],
2023-12-09 06:30:28.510814 Time: 64.251
2023-12-09 06:31:37.082957 Episodes 6400:, 
2023-12-09 06:31:37.083014 Total steps 320000/500000, 
2023-12-09 06:31:37.083186 Evaluation Reward: [35.50687793 31.01711971],
2023-12-09 06:31:37.083217 Time: 68.547
2023-12-09 06:32:46.556484 Episodes 6600:, 
2023-12-09 06:32:46.556543 Total steps 330000/500000, 
2023-12-09 06:32:46.556717 Evaluation Reward: [34.7549303  32.40457149],
2023-12-09 06:32:46.556749 Time: 69.448
2023-12-09 06:33:54.359342 Episodes 6800:, 
2023-12-09 06:33:54.359400 Total steps 340000/500000, 
2023-12-09 06:33:54.359569 Evaluation Reward: [26.85619051 39.12357268],
2023-12-09 06:33:54.359600 Time: 67.777
2023-12-09 06:35:01.620719 Episodes 7000:, 
2023-12-09 06:35:01.620775 Total steps 350000/500000, 
2023-12-09 06:35:01.620947 Evaluation Reward: [34.63818647 31.08106347],
2023-12-09 06:35:01.620978 Time: 67.234
2023-12-09 06:36:06.018146 Episodes 7200:, 
2023-12-09 06:36:06.018206 Total steps 360000/500000, 
2023-12-09 06:36:06.018378 Evaluation Reward: [37.66084613 31.81951671],
2023-12-09 06:36:06.018409 Time: 64.369
2023-12-09 06:37:09.665238 Episodes 7400:, 
2023-12-09 06:37:09.665297 Total steps 370000/500000, 
2023-12-09 06:37:09.665470 Evaluation Reward: [34.65350343 40.72709637],
2023-12-09 06:37:09.665502 Time: 63.62
2023-12-09 06:38:13.961649 Episodes 7600:, 
2023-12-09 06:38:13.961705 Total steps 380000/500000, 
2023-12-09 06:38:13.961882 Evaluation Reward: [33.94742939 39.1450436 ],
2023-12-09 06:38:13.961917 Time: 64.218
2023-12-09 06:39:18.237364 Episodes 7800:, 
2023-12-09 06:39:18.237424 Total steps 390000/500000, 
2023-12-09 06:39:18.237595 Evaluation Reward: [28.59206811 42.12394183],
2023-12-09 06:39:18.237627 Time: 64.247
2023-12-09 06:40:22.895512 Episodes 8000:, 
2023-12-09 06:40:22.895566 Total steps 400000/500000, 
2023-12-09 06:40:22.895735 Evaluation Reward: [36.28385866 34.14607135],
2023-12-09 06:40:22.895767 Time: 64.627
2023-12-09 06:41:27.756332 Episodes 8200:, 
2023-12-09 06:41:27.756389 Total steps 410000/500000, 
2023-12-09 06:41:27.756578 Evaluation Reward: [37.34069471 39.96452493],
2023-12-09 06:41:27.756612 Time: 64.832
2023-12-09 06:42:32.427561 Episodes 8400:, 
2023-12-09 06:42:32.427621 Total steps 420000/500000, 
2023-12-09 06:42:32.427804 Evaluation Reward: [30.84220801 28.87215957],
2023-12-09 06:42:32.427844 Time: 64.641
2023-12-09 06:43:36.381904 Episodes 8600:, 
2023-12-09 06:43:36.381963 Total steps 430000/500000, 
2023-12-09 06:43:36.382132 Evaluation Reward: [40.92111469 39.76589617],
2023-12-09 06:43:36.382163 Time: 63.925
2023-12-09 06:44:40.296243 Episodes 8800:, 
2023-12-09 06:44:40.296301 Total steps 440000/500000, 
2023-12-09 06:44:40.296487 Evaluation Reward: [33.04471373 31.3549569 ],
2023-12-09 06:44:40.296521 Time: 63.885
2023-12-09 06:45:45.425979 Episodes 9000:, 
2023-12-09 06:45:45.426035 Total steps 450000/500000, 
2023-12-09 06:45:45.426208 Evaluation Reward: [35.15435207 34.01105432],
2023-12-09 06:45:45.426240 Time: 65.095
2023-12-09 06:46:49.869121 Episodes 9200:, 
2023-12-09 06:46:49.869182 Total steps 460000/500000, 
2023-12-09 06:46:49.869351 Evaluation Reward: [31.39725762 34.08088968],
2023-12-09 06:46:49.869382 Time: 64.411
2023-12-09 06:47:55.252422 Episodes 9400:, 
2023-12-09 06:47:55.252478 Total steps 470000/500000, 
2023-12-09 06:47:55.252654 Evaluation Reward: [34.59425525 34.48925135],
2023-12-09 06:47:55.252686 Time: 65.353
2023-12-09 06:49:00.362948 Episodes 9600:, 
2023-12-09 06:49:00.363020 Total steps 480000/500000, 
2023-12-09 06:49:00.363193 Evaluation Reward: [32.96329467 36.02542937],
2023-12-09 06:49:00.363225 Time: 65.079
2023-12-09 06:50:05.350808 Episodes 9800:, 
2023-12-09 06:50:05.350864 Total steps 490000/500000, 
2023-12-09 06:50:05.351043 Evaluation Reward: [35.57103636 40.59080536],
2023-12-09 06:50:05.351077 Time: 64.955
2023-12-09 06:51:10.444163 Episodes 9999:, 
2023-12-09 06:51:10.444220 Total steps 499999/500000, 
2023-12-09 06:51:10.444396 Evaluation Reward: [36.1196321  35.24446208],
2023-12-09 06:51:10.444428 Time: 65.059
2023-12-09 06:51:10.538935 ========================================Basic Configurations========================================
2023-12-09 06:51:10.538986 Daemon Filename: /home/Desktop/studies/q_functionals_daemon/results/final/2agent_2landmarks_full_egreedy/ind_run_1-step-update_func-polynomial_rank-2_episode-10000_lr0001_b512_l3_n256_m500000_iter1/timestamp.log
2023-12-09 06:51:10.539005 Training Environment: q_functions_2agent_2landmarks
2023-12-09 06:51:10.539020 Functional: polynomial
2023-12-09 06:51:10.539033 rank: 2
2023-12-09 06:51:10.539046 seed: 2
2023-12-09 06:51:10.539063 learning_rate: 0.001
2023-12-09 06:51:10.539077 target_network_learning_rate: 0.005
2023-12-09 06:51:10.539090 nb_runs: 5
2023-12-09 06:51:10.539103 ma_type: ind
2023-12-09 06:51:10.539116 policy_type: e_greedy
2023-12-09 06:51:10.539129 noise_std: 0.05
2023-12-09 06:51:10.539142 ========================================Model Configurations========================================
2023-12-09 06:51:10.539156 TD3 Trick:: False
2023-12-09 06:51:10.539170 Entropy Regularization: 0.0
2023-12-09 06:51:10.539183 ======================================Sampling Configurations=======================================
2023-12-09 06:51:10.539196 : q_functions_2agent_2landmarks
2023-12-09 06:51:10.539209 Using quantile sampling during bootstrapping:: False
2023-12-09 06:51:10.539222 Using quantile sampling during evaluation interaction: False
2023-12-09 06:51:10.539234 Using quantile sampling during training interaction:: False
2023-12-09 06:51:10.539248 Sampling Percent: 0.01
2023-12-09 06:51:10.539261 Anneal Sampling Percent: False
2023-12-09 06:51:10.539274 ===============================================Split================================================
2023-12-09 06:51:10.539951 running on CUDA...
2023-12-09 06:51:21.282783 Episodes 0:, 
2023-12-09 06:51:21.282838 Total steps 0/500000, 
2023-12-09 06:51:21.283011 Evaluation Reward: [0.08047819 3.51180272],
2023-12-09 06:51:21.283043 Time: 0.478
2023-12-09 06:52:22.528656 Episodes 200:, 
2023-12-09 06:52:22.528713 Total steps 10000/500000, 
2023-12-09 06:52:22.528910 Evaluation Reward: [31.30397971  0.4568759 ],
2023-12-09 06:52:22.528942 Time: 61.246
2023-12-09 06:53:24.719485 Episodes 400:, 
2023-12-09 06:53:24.719545 Total steps 20000/500000, 
2023-12-09 06:53:24.719717 Evaluation Reward: [20.93978336 16.15391213],
2023-12-09 06:53:24.719750 Time: 62.178
2023-12-09 06:54:27.467763 Episodes 600:, 
2023-12-09 06:54:27.467821 Total steps 30000/500000, 
2023-12-09 06:54:27.468002 Evaluation Reward: [ 9.78074696 11.92242059],
2023-12-09 06:54:27.468036 Time: 62.734
2023-12-09 06:55:30.795421 Episodes 800:, 
2023-12-09 06:55:30.795477 Total steps 40000/500000, 
2023-12-09 06:55:30.795644 Evaluation Reward: [22.59253312 17.38619723],
2023-12-09 06:55:30.795674 Time: 63.312
2023-12-09 06:56:33.921660 Episodes 1000:, 
2023-12-09 06:56:33.921717 Total steps 50000/500000, 
2023-12-09 06:56:33.921895 Evaluation Reward: [9.49426353 5.28370031],
2023-12-09 06:56:33.921928 Time: 63.112
2023-12-09 06:57:37.071176 Episodes 1200:, 
2023-12-09 06:57:37.071237 Total steps 60000/500000, 
2023-12-09 06:57:37.071418 Evaluation Reward: [23.54643313 18.4437486 ],
2023-12-09 06:57:37.071452 Time: 63.129
2023-12-09 06:58:40.398056 Episodes 1400:, 
2023-12-09 06:58:40.398114 Total steps 70000/500000, 
2023-12-09 06:58:40.398310 Evaluation Reward: [14.41519079 12.70177316],
2023-12-09 06:58:40.398344 Time: 63.308
2023-12-09 06:59:44.262554 Episodes 1600:, 
2023-12-09 06:59:44.262621 Total steps 80000/500000, 
2023-12-09 06:59:44.262794 Evaluation Reward: [13.30602491 15.03518087],
2023-12-09 06:59:44.262825 Time: 63.848
2023-12-09 07:00:48.208337 Episodes 1800:, 
2023-12-09 07:00:48.208400 Total steps 90000/500000, 
2023-12-09 07:00:48.208584 Evaluation Reward: [17.64914159 19.57947756],
2023-12-09 07:00:48.208625 Time: 63.928
2023-12-09 07:01:52.273550 Episodes 2000:, 
2023-12-09 07:01:52.273605 Total steps 100000/500000, 
2023-12-09 07:01:52.273774 Evaluation Reward: [22.7123811  12.23815314],
2023-12-09 07:01:52.273805 Time: 64.049
2023-12-09 07:02:55.988653 Episodes 2200:, 
2023-12-09 07:02:55.988711 Total steps 110000/500000, 
2023-12-09 07:02:55.988881 Evaluation Reward: [28.40017018  8.38454293],
2023-12-09 07:02:55.988912 Time: 63.699
2023-12-09 07:03:59.616387 Episodes 2400:, 
2023-12-09 07:03:59.616444 Total steps 120000/500000, 
2023-12-09 07:03:59.616614 Evaluation Reward: [20.70081682 20.37776102],
2023-12-09 07:03:59.616645 Time: 63.611
2023-12-09 07:05:03.615999 Episodes 2600:, 
2023-12-09 07:05:03.616056 Total steps 130000/500000, 
2023-12-09 07:05:03.616231 Evaluation Reward: [26.16644809 12.33471546],
2023-12-09 07:05:03.616263 Time: 63.983
2023-12-09 07:06:07.779330 Episodes 2800:, 
2023-12-09 07:06:07.779382 Total steps 140000/500000, 
2023-12-09 07:06:07.779554 Evaluation Reward: [16.10757462 12.81113964],
2023-12-09 07:06:07.779587 Time: 64.146
2023-12-09 07:07:11.772473 Episodes 3000:, 
2023-12-09 07:07:11.772527 Total steps 150000/500000, 
2023-12-09 07:07:11.772704 Evaluation Reward: [28.80986949  8.89186402],
2023-12-09 07:07:11.772739 Time: 63.975
2023-12-09 07:08:15.948275 Episodes 3200:, 
2023-12-09 07:08:15.948331 Total steps 160000/500000, 
2023-12-09 07:08:15.948504 Evaluation Reward: [18.9915677  17.08644989],
2023-12-09 07:08:15.948537 Time: 64.158
2023-12-09 07:09:20.008991 Episodes 3400:, 
2023-12-09 07:09:20.009047 Total steps 170000/500000, 
2023-12-09 07:09:20.009220 Evaluation Reward: [25.18753602 14.39676393],
2023-12-09 07:09:20.009252 Time: 64.042
2023-12-09 07:10:24.127961 Episodes 3600:, 
2023-12-09 07:10:24.128018 Total steps 180000/500000, 
2023-12-09 07:10:24.128190 Evaluation Reward: [22.21345279  8.90513301],
2023-12-09 07:10:24.128222 Time: 64.098
2023-12-09 07:11:28.187645 Episodes 3800:, 
2023-12-09 07:11:28.187702 Total steps 190000/500000, 
2023-12-09 07:11:28.187879 Evaluation Reward: [34.6081926  16.66266429],
2023-12-09 07:11:28.187915 Time: 64.037
2023-12-09 07:12:32.064387 Episodes 4000:, 
2023-12-09 07:12:32.064441 Total steps 200000/500000, 
2023-12-09 07:12:32.064615 Evaluation Reward: [28.27853084 28.70249809],
2023-12-09 07:12:32.064646 Time: 63.854
2023-12-09 07:13:35.848626 Episodes 4200:, 
2023-12-09 07:13:35.848680 Total steps 210000/500000, 
2023-12-09 07:13:35.848851 Evaluation Reward: [24.08240234 14.9333648 ],
2023-12-09 07:13:35.848885 Time: 63.76
2023-12-09 07:14:39.788337 Episodes 4400:, 
2023-12-09 07:14:39.788393 Total steps 220000/500000, 
2023-12-09 07:14:39.788566 Evaluation Reward: [24.0761579 18.9298003],
2023-12-09 07:14:39.788603 Time: 63.917
2023-12-09 07:15:44.258938 Episodes 4600:, 
2023-12-09 07:15:44.258996 Total steps 230000/500000, 
2023-12-09 07:15:44.259171 Evaluation Reward: [28.3429988  28.44430362],
2023-12-09 07:15:44.259204 Time: 64.448
2023-12-09 07:16:48.752817 Episodes 4800:, 
2023-12-09 07:16:48.752882 Total steps 240000/500000, 
2023-12-09 07:16:48.753071 Evaluation Reward: [31.74720652 31.53931439],
2023-12-09 07:16:48.753107 Time: 64.471
2023-12-09 07:17:52.670212 Episodes 5000:, 
2023-12-09 07:17:52.670270 Total steps 250000/500000, 
2023-12-09 07:17:52.670444 Evaluation Reward: [25.78581911 31.43452269],
2023-12-09 07:17:52.670475 Time: 63.894
2023-12-09 07:18:56.357450 Episodes 5200:, 
2023-12-09 07:18:56.357505 Total steps 260000/500000, 
2023-12-09 07:18:56.357675 Evaluation Reward: [31.23767405 30.06737972],
2023-12-09 07:18:56.357710 Time: 63.665
2023-12-09 07:19:59.638074 Episodes 5400:, 
2023-12-09 07:19:59.638133 Total steps 270000/500000, 
2023-12-09 07:19:59.638313 Evaluation Reward: [27.54464305 25.65916084],
2023-12-09 07:19:59.638357 Time: 63.257
2023-12-09 07:21:04.250940 Episodes 5600:, 
2023-12-09 07:21:04.251000 Total steps 280000/500000, 
2023-12-09 07:21:04.251179 Evaluation Reward: [33.7608227  24.20009316],
2023-12-09 07:21:04.251216 Time: 64.537
2023-12-09 07:22:09.226670 Episodes 5800:, 
2023-12-09 07:22:09.226726 Total steps 290000/500000, 
2023-12-09 07:22:09.226916 Evaluation Reward: [26.19739794 30.68476669],
2023-12-09 07:22:09.226948 Time: 64.949
2023-12-09 07:23:14.213047 Episodes 6000:, 
2023-12-09 07:23:14.213104 Total steps 300000/500000, 
2023-12-09 07:23:14.213275 Evaluation Reward: [31.64695097 30.43829543],
2023-12-09 07:23:14.213306 Time: 64.961
2023-12-09 07:24:19.145173 Episodes 6200:, 
2023-12-09 07:24:19.145232 Total steps 310000/500000, 
2023-12-09 07:24:19.145432 Evaluation Reward: [34.57325885 28.67021901],
2023-12-09 07:24:19.145475 Time: 64.905
2023-12-09 07:25:23.925544 Episodes 6400:, 
2023-12-09 07:25:23.925600 Total steps 320000/500000, 
2023-12-09 07:25:23.925767 Evaluation Reward: [27.7836987 36.1813318],
2023-12-09 07:25:23.925800 Time: 64.753
2023-12-09 07:26:27.892252 Episodes 6600:, 
2023-12-09 07:26:27.892309 Total steps 330000/500000, 
2023-12-09 07:26:27.892477 Evaluation Reward: [20.54302944 28.98605346],
2023-12-09 07:26:27.892509 Time: 63.942
2023-12-09 07:27:32.611691 Episodes 6800:, 
2023-12-09 07:27:32.611748 Total steps 340000/500000, 
2023-12-09 07:27:32.611933 Evaluation Reward: [36.65761562 34.08640758],
2023-12-09 07:27:32.611965 Time: 64.693
2023-12-09 07:28:37.238964 Episodes 7000:, 
2023-12-09 07:28:37.239020 Total steps 350000/500000, 
2023-12-09 07:28:37.239187 Evaluation Reward: [30.92081366 30.09123986],
2023-12-09 07:28:37.239217 Time: 64.598
2023-12-09 07:29:42.293180 Episodes 7200:, 
2023-12-09 07:29:42.293238 Total steps 360000/500000, 
2023-12-09 07:29:42.293413 Evaluation Reward: [41.73189249 33.57110332],
2023-12-09 07:29:42.293446 Time: 65.027
2023-12-09 07:30:46.835567 Episodes 7400:, 
2023-12-09 07:30:46.835628 Total steps 370000/500000, 
2023-12-09 07:30:46.835801 Evaluation Reward: [27.3620052  30.76333973],
2023-12-09 07:30:46.835836 Time: 64.515
2023-12-09 07:31:57.501820 Episodes 7600:, 
2023-12-09 07:31:57.501877 Total steps 380000/500000, 
2023-12-09 07:31:57.502077 Evaluation Reward: [34.066431   32.12746531],
2023-12-09 07:31:57.502112 Time: 70.638
2023-12-09 07:33:05.281016 Episodes 7800:, 
2023-12-09 07:33:05.281074 Total steps 390000/500000, 
2023-12-09 07:33:05.281263 Evaluation Reward: [32.44843863 26.23663533],
2023-12-09 07:33:05.281294 Time: 67.747
2023-12-09 07:34:12.176976 Episodes 8000:, 
2023-12-09 07:34:12.177034 Total steps 400000/500000, 
2023-12-09 07:34:12.177205 Evaluation Reward: [34.75960215 33.14327133],
2023-12-09 07:34:12.177236 Time: 66.866
2023-12-09 07:35:18.493260 Episodes 8200:, 
2023-12-09 07:35:18.493317 Total steps 410000/500000, 
2023-12-09 07:35:18.493508 Evaluation Reward: [27.58808256 36.65349239],
2023-12-09 07:35:18.493541 Time: 66.287
2023-12-09 07:36:25.496949 Episodes 8400:, 
2023-12-09 07:36:25.497005 Total steps 420000/500000, 
2023-12-09 07:36:25.497196 Evaluation Reward: [38.35599892 34.235697  ],
2023-12-09 07:36:25.497230 Time: 66.974
2023-12-09 07:37:30.417805 Episodes 8600:, 
2023-12-09 07:37:30.417863 Total steps 430000/500000, 
2023-12-09 07:37:30.418034 Evaluation Reward: [22.35952952 31.78142084],
2023-12-09 07:37:30.418068 Time: 64.889
2023-12-09 07:38:34.574172 Episodes 8800:, 
2023-12-09 07:38:34.574230 Total steps 440000/500000, 
2023-12-09 07:38:34.574442 Evaluation Reward: [25.15598345 28.02560079],
2023-12-09 07:38:34.574482 Time: 64.126
2023-12-09 07:39:39.573467 Episodes 9000:, 
2023-12-09 07:39:39.573524 Total steps 450000/500000, 
2023-12-09 07:39:39.573696 Evaluation Reward: [34.83876184 38.76545975],
2023-12-09 07:39:39.573728 Time: 64.959
2023-12-09 07:40:44.193534 Episodes 9200:, 
2023-12-09 07:40:44.193590 Total steps 460000/500000, 
2023-12-09 07:40:44.193760 Evaluation Reward: [30.57737833 30.50577999],
2023-12-09 07:40:44.193804 Time: 64.589
2023-12-09 07:41:48.876684 Episodes 9400:, 
2023-12-09 07:41:48.876741 Total steps 470000/500000, 
2023-12-09 07:41:48.876911 Evaluation Reward: [34.73028969 29.56965877],
2023-12-09 07:41:48.876944 Time: 64.652
2023-12-09 07:42:53.975864 Episodes 9600:, 
2023-12-09 07:42:53.975928 Total steps 480000/500000, 
2023-12-09 07:42:53.976101 Evaluation Reward: [30.86566675 34.65698176],
2023-12-09 07:42:53.976133 Time: 65.019
2023-12-09 07:43:58.724686 Episodes 9800:, 
2023-12-09 07:43:58.724744 Total steps 490000/500000, 
2023-12-09 07:43:58.724914 Evaluation Reward: [37.99255077 37.70410579],
2023-12-09 07:43:58.724946 Time: 64.717
2023-12-09 07:45:03.379570 Episodes 9999:, 
2023-12-09 07:45:03.379621 Total steps 499999/500000, 
2023-12-09 07:45:03.379797 Evaluation Reward: [40.69328705 36.676778  ],
2023-12-09 07:45:03.379830 Time: 64.617
2023-12-09 07:45:03.420174 ========================================Basic Configurations========================================
2023-12-09 07:45:03.420234 Daemon Filename: /home/Desktop/studies/q_functionals_daemon/results/final/2agent_2landmarks_full_egreedy/ind_run_1-step-update_func-polynomial_rank-2_episode-10000_lr0001_b512_l3_n256_m500000_iter1/timestamp.log
2023-12-09 07:45:03.420252 Training Environment: q_functions_2agent_2landmarks
2023-12-09 07:45:03.420267 Functional: polynomial
2023-12-09 07:45:03.420280 rank: 2
2023-12-09 07:45:03.420293 seed: 3
2023-12-09 07:45:03.420309 learning_rate: 0.001
2023-12-09 07:45:03.420323 target_network_learning_rate: 0.005
2023-12-09 07:45:03.420335 nb_runs: 5
2023-12-09 07:45:03.420347 ma_type: ind
2023-12-09 07:45:03.420359 policy_type: e_greedy
2023-12-09 07:45:03.420372 noise_std: 0.05
2023-12-09 07:45:03.420386 ========================================Model Configurations========================================
2023-12-09 07:45:03.420400 TD3 Trick:: False
2023-12-09 07:45:03.420413 Entropy Regularization: 0.0
2023-12-09 07:45:03.420426 ======================================Sampling Configurations=======================================
2023-12-09 07:45:03.420483 : q_functions_2agent_2landmarks
2023-12-09 07:45:03.420498 Using quantile sampling during bootstrapping:: False
2023-12-09 07:45:03.420511 Using quantile sampling during evaluation interaction: False
2023-12-09 07:45:03.420523 Using quantile sampling during training interaction:: False
2023-12-09 07:45:03.420536 Sampling Percent: 0.01
2023-12-09 07:45:03.420549 Anneal Sampling Percent: False
2023-12-09 07:45:03.420564 ===============================================Split================================================
2023-12-09 07:45:03.421228 running on CUDA...
2023-12-09 07:45:13.980110 Episodes 0:, 
2023-12-09 07:45:13.980169 Total steps 0/500000, 
2023-12-09 07:45:13.980338 Evaluation Reward: [0.09914091 3.0066315 ],
2023-12-09 07:45:13.980371 Time: 0.484
2023-12-09 07:46:15.588451 Episodes 200:, 
2023-12-09 07:46:15.588518 Total steps 10000/500000, 
2023-12-09 07:46:15.588744 Evaluation Reward: [0.72676879 5.24063173],
2023-12-09 07:46:15.588779 Time: 61.608
2023-12-09 07:47:18.966411 Episodes 400:, 
2023-12-09 07:47:18.966470 Total steps 20000/500000, 
2023-12-09 07:47:18.966663 Evaluation Reward: [39.45397809 41.40478714],
2023-12-09 07:47:18.966696 Time: 63.359
2023-12-09 07:48:21.853942 Episodes 600:, 
2023-12-09 07:48:21.853998 Total steps 30000/500000, 
2023-12-09 07:48:21.854171 Evaluation Reward: [40.66680135 37.15505345],
2023-12-09 07:48:21.854205 Time: 62.873
2023-12-09 07:49:25.044332 Episodes 800:, 
2023-12-09 07:49:25.044392 Total steps 40000/500000, 
2023-12-09 07:49:25.044567 Evaluation Reward: [38.4357572  36.21804845],
2023-12-09 07:49:25.044600 Time: 63.176
2023-12-09 07:50:29.054966 Episodes 1000:, 
2023-12-09 07:50:29.055023 Total steps 50000/500000, 
2023-12-09 07:50:29.055196 Evaluation Reward: [40.38011845 42.22853348],
2023-12-09 07:50:29.055230 Time: 63.996
2023-12-09 07:51:32.593359 Episodes 1200:, 
2023-12-09 07:51:32.593414 Total steps 60000/500000, 
2023-12-09 07:51:32.593584 Evaluation Reward: [38.58687212 39.54637284],
2023-12-09 07:51:32.593626 Time: 63.522
2023-12-09 07:52:35.895207 Episodes 1400:, 
2023-12-09 07:52:35.895264 Total steps 70000/500000, 
2023-12-09 07:52:35.895441 Evaluation Reward: [38.37297379 37.75403515],
2023-12-09 07:52:35.895474 Time: 63.286
2023-12-09 07:53:39.288741 Episodes 1600:, 
2023-12-09 07:53:39.288796 Total steps 80000/500000, 
2023-12-09 07:53:39.288972 Evaluation Reward: [37.19159523 25.96798084],
2023-12-09 07:53:39.289005 Time: 63.376
2023-12-09 07:54:43.298716 Episodes 1800:, 
2023-12-09 07:54:43.298772 Total steps 90000/500000, 
2023-12-09 07:54:43.298944 Evaluation Reward: [40.08863838 34.90988748],
2023-12-09 07:54:43.298979 Time: 63.984
2023-12-09 07:55:47.167740 Episodes 2000:, 
2023-12-09 07:55:47.167797 Total steps 100000/500000, 
2023-12-09 07:55:47.167994 Evaluation Reward: [33.41582493 32.97746165],
2023-12-09 07:55:47.168027 Time: 63.853
2023-12-09 07:56:50.834197 Episodes 2200:, 
2023-12-09 07:56:50.834257 Total steps 110000/500000, 
2023-12-09 07:56:50.834487 Evaluation Reward: [36.50509823 36.52560205],
2023-12-09 07:56:50.834529 Time: 63.65
2023-12-09 07:57:55.042669 Episodes 2400:, 
2023-12-09 07:57:55.042727 Total steps 120000/500000, 
2023-12-09 07:57:55.042900 Evaluation Reward: [35.26719194 28.89284951],
2023-12-09 07:57:55.042933 Time: 64.184
2023-12-09 07:58:58.357126 Episodes 2600:, 
2023-12-09 07:58:58.357192 Total steps 130000/500000, 
2023-12-09 07:58:58.357368 Evaluation Reward: [38.12803747 37.54879617],
2023-12-09 07:58:58.357400 Time: 63.297
2023-12-09 08:00:01.793693 Episodes 2800:, 
2023-12-09 08:00:01.793750 Total steps 140000/500000, 
2023-12-09 08:00:01.793920 Evaluation Reward: [39.44644359 31.12956337],
2023-12-09 08:00:01.793952 Time: 63.418
2023-12-09 08:01:05.652870 Episodes 3000:, 
2023-12-09 08:01:05.652928 Total steps 150000/500000, 
2023-12-09 08:01:05.653120 Evaluation Reward: [40.52433403 39.00844943],
2023-12-09 08:01:05.653155 Time: 63.842
2023-12-09 08:02:09.910880 Episodes 3200:, 
2023-12-09 08:02:09.910936 Total steps 160000/500000, 
2023-12-09 08:02:09.911110 Evaluation Reward: [38.55695263 32.27073732],
2023-12-09 08:02:09.911144 Time: 64.239
2023-12-09 08:03:14.371117 Episodes 3400:, 
2023-12-09 08:03:14.371174 Total steps 170000/500000, 
2023-12-09 08:03:14.371335 Evaluation Reward: [38.42878223 37.04527168],
2023-12-09 08:03:14.371365 Time: 64.433
2023-12-09 08:04:17.789918 Episodes 3600:, 
2023-12-09 08:04:17.789975 Total steps 180000/500000, 
2023-12-09 08:04:17.790169 Evaluation Reward: [40.35103007 36.58006072],
2023-12-09 08:04:17.790203 Time: 63.346
2023-12-09 08:05:21.635772 Episodes 3800:, 
2023-12-09 08:05:21.635829 Total steps 190000/500000, 
2023-12-09 08:05:21.636011 Evaluation Reward: [42.31857541 34.37868707],
2023-12-09 08:05:21.636043 Time: 63.825
2023-12-09 08:06:24.223647 Episodes 4000:, 
2023-12-09 08:06:24.223706 Total steps 200000/500000, 
2023-12-09 08:06:24.223883 Evaluation Reward: [41.33786449 35.7628624 ],
2023-12-09 08:06:24.223914 Time: 62.566
2023-12-09 08:07:27.210206 Episodes 4200:, 
2023-12-09 08:07:27.210275 Total steps 210000/500000, 
2023-12-09 08:07:27.210451 Evaluation Reward: [35.43100354 42.88008683],
2023-12-09 08:07:27.210490 Time: 62.966
2023-12-09 08:08:31.484060 Episodes 4400:, 
2023-12-09 08:08:31.484120 Total steps 220000/500000, 
2023-12-09 08:08:31.484297 Evaluation Reward: [40.01368232 36.10291767],
2023-12-09 08:08:31.484331 Time: 64.252
2023-12-09 08:09:34.759981 Episodes 4600:, 
2023-12-09 08:09:34.760043 Total steps 230000/500000, 
2023-12-09 08:09:34.760234 Evaluation Reward: [42.52425665 37.1435103 ],
2023-12-09 08:09:34.760273 Time: 63.254
2023-12-09 08:10:38.745744 Episodes 4800:, 
2023-12-09 08:10:38.745799 Total steps 240000/500000, 
2023-12-09 08:10:38.745967 Evaluation Reward: [41.27857509 40.4997915 ],
2023-12-09 08:10:38.746000 Time: 63.963
2023-12-09 08:11:43.046206 Episodes 5000:, 
2023-12-09 08:11:43.046268 Total steps 250000/500000, 
2023-12-09 08:11:43.046457 Evaluation Reward: [35.45876672 40.54158495],
2023-12-09 08:11:43.046490 Time: 64.278
2023-12-09 08:12:47.323974 Episodes 5200:, 
2023-12-09 08:12:47.324043 Total steps 260000/500000, 
2023-12-09 08:12:47.324218 Evaluation Reward: [38.95039737 35.56079698],
2023-12-09 08:12:47.324251 Time: 64.255
2023-12-09 08:13:51.405081 Episodes 5400:, 
2023-12-09 08:13:51.405139 Total steps 270000/500000, 
2023-12-09 08:13:51.405309 Evaluation Reward: [36.77386897 36.19283891],
2023-12-09 08:13:51.405341 Time: 64.057
2023-12-09 08:14:56.106266 Episodes 5600:, 
2023-12-09 08:14:56.106323 Total steps 280000/500000, 
2023-12-09 08:14:56.106496 Evaluation Reward: [35.00538101 33.62845186],
2023-12-09 08:14:56.106531 Time: 64.676
2023-12-09 08:16:00.708942 Episodes 5800:, 
2023-12-09 08:16:00.709003 Total steps 290000/500000, 
2023-12-09 08:16:00.709203 Evaluation Reward: [42.76297896 41.24456943],
2023-12-09 08:16:00.709237 Time: 64.529
2023-12-09 08:17:04.987820 Episodes 6000:, 
2023-12-09 08:17:04.987883 Total steps 300000/500000, 
2023-12-09 08:17:04.988056 Evaluation Reward: [42.47805524 38.76474511],
2023-12-09 08:17:04.988087 Time: 64.254
2023-12-09 08:18:09.712208 Episodes 6200:, 
2023-12-09 08:18:09.712269 Total steps 310000/500000, 
2023-12-09 08:18:09.712443 Evaluation Reward: [36.72538305 41.57351481],
2023-12-09 08:18:09.712479 Time: 64.697
2023-12-09 08:19:12.922124 Episodes 6400:, 
2023-12-09 08:19:12.922182 Total steps 320000/500000, 
2023-12-09 08:19:12.922355 Evaluation Reward: [40.64403809 41.07656887],
2023-12-09 08:19:12.922389 Time: 63.184
2023-12-09 08:20:17.383632 Episodes 6600:, 
2023-12-09 08:20:17.383689 Total steps 330000/500000, 
2023-12-09 08:20:17.383864 Evaluation Reward: [41.63722471 40.55073089],
2023-12-09 08:20:17.383905 Time: 64.433
2023-12-09 08:21:21.490783 Episodes 6800:, 
2023-12-09 08:21:21.490841 Total steps 340000/500000, 
2023-12-09 08:21:21.491028 Evaluation Reward: [40.93462801 40.78522606],
2023-12-09 08:21:21.491059 Time: 64.081
2023-12-09 08:22:26.132082 Episodes 7000:, 
2023-12-09 08:22:26.132138 Total steps 350000/500000, 
2023-12-09 08:22:26.132314 Evaluation Reward: [40.02880508 36.36942212],
2023-12-09 08:22:26.132345 Time: 64.613
2023-12-09 08:23:30.302916 Episodes 7200:, 
2023-12-09 08:23:30.302974 Total steps 360000/500000, 
2023-12-09 08:23:30.303158 Evaluation Reward: [38.71408188 38.93676285],
2023-12-09 08:23:30.303191 Time: 64.144
2023-12-09 08:24:34.823715 Episodes 7400:, 
2023-12-09 08:24:34.823773 Total steps 370000/500000, 
2023-12-09 08:24:34.823955 Evaluation Reward: [41.49912476 42.54831998],
2023-12-09 08:24:34.823989 Time: 64.494
2023-12-09 08:25:39.422947 Episodes 7600:, 
2023-12-09 08:25:39.423005 Total steps 380000/500000, 
2023-12-09 08:25:39.423175 Evaluation Reward: [36.85103867 38.71803552],
2023-12-09 08:25:39.423210 Time: 64.572
2023-12-09 08:26:42.348979 Episodes 7800:, 
2023-12-09 08:26:42.349034 Total steps 390000/500000, 
2023-12-09 08:26:42.349208 Evaluation Reward: [36.66266985 39.94582342],
2023-12-09 08:26:42.349240 Time: 62.898
2023-12-09 08:27:46.173561 Episodes 8000:, 
2023-12-09 08:27:46.173623 Total steps 400000/500000, 
2023-12-09 08:27:46.173809 Evaluation Reward: [42.09150299 34.12804447],
2023-12-09 08:27:46.173848 Time: 63.746
2023-12-09 08:28:50.562472 Episodes 8200:, 
2023-12-09 08:28:50.562529 Total steps 410000/500000, 
2023-12-09 08:28:50.562705 Evaluation Reward: [39.56516993 37.4973125 ],
2023-12-09 08:28:50.562740 Time: 64.358
2023-12-09 08:29:55.585492 Episodes 8400:, 
2023-12-09 08:29:55.585555 Total steps 420000/500000, 
2023-12-09 08:29:55.585727 Evaluation Reward: [42.85679465 42.6397999 ],
2023-12-09 08:29:55.585758 Time: 64.993
2023-12-09 08:30:59.426021 Episodes 8600:, 
2023-12-09 08:30:59.426076 Total steps 430000/500000, 
2023-12-09 08:30:59.426240 Evaluation Reward: [37.40863044 38.58355471],
2023-12-09 08:30:59.426272 Time: 63.81
2023-12-09 08:32:10.684769 Episodes 8800:, 
2023-12-09 08:32:10.684824 Total steps 440000/500000, 
2023-12-09 08:32:10.685000 Evaluation Reward: [43.54246024 37.83229491],
2023-12-09 08:32:10.685033 Time: 71.227
2023-12-09 08:33:18.914315 Episodes 9000:, 
2023-12-09 08:33:18.914379 Total steps 450000/500000, 
2023-12-09 08:33:18.914618 Evaluation Reward: [39.71634165 40.22777658],
2023-12-09 08:33:18.914659 Time: 68.2
2023-12-09 08:34:25.987665 Episodes 9200:, 
2023-12-09 08:34:25.987725 Total steps 460000/500000, 
2023-12-09 08:34:25.987921 Evaluation Reward: [41.30562103 39.36031716],
2023-12-09 08:34:25.987957 Time: 67.038
2023-12-09 08:35:32.642551 Episodes 9400:, 
2023-12-09 08:35:32.642607 Total steps 470000/500000, 
2023-12-09 08:35:32.642778 Evaluation Reward: [40.70546357 41.39925731],
2023-12-09 08:35:32.642810 Time: 66.62
2023-12-09 08:36:38.146629 Episodes 9600:, 
2023-12-09 08:36:38.146687 Total steps 480000/500000, 
2023-12-09 08:36:38.146852 Evaluation Reward: [35.6930546  37.46462082],
2023-12-09 08:36:38.146883 Time: 65.47
2023-12-09 08:37:42.655403 Episodes 9800:, 
2023-12-09 08:37:42.655461 Total steps 490000/500000, 
2023-12-09 08:37:42.655632 Evaluation Reward: [42.44023225 40.49090729],
2023-12-09 08:37:42.655664 Time: 64.477
2023-12-09 08:38:46.166516 Episodes 9999:, 
2023-12-09 08:38:46.166571 Total steps 499999/500000, 
2023-12-09 08:38:46.166739 Evaluation Reward: [40.27039694 42.25324731],
2023-12-09 08:38:46.166772 Time: 63.479
2023-12-09 08:38:46.253001 ========================================Basic Configurations========================================
2023-12-09 08:38:46.253048 Daemon Filename: /home/Desktop/studies/q_functionals_daemon/results/final/2agent_2landmarks_full_egreedy/ind_run_1-step-update_func-polynomial_rank-2_episode-10000_lr0001_b512_l3_n256_m500000_iter1/timestamp.log
2023-12-09 08:38:46.253066 Training Environment: q_functions_2agent_2landmarks
2023-12-09 08:38:46.253079 Functional: polynomial
2023-12-09 08:38:46.253092 rank: 2
2023-12-09 08:38:46.253105 seed: 4
2023-12-09 08:38:46.253121 learning_rate: 0.001
2023-12-09 08:38:46.253134 target_network_learning_rate: 0.005
2023-12-09 08:38:46.253146 nb_runs: 5
2023-12-09 08:38:46.253159 ma_type: ind
2023-12-09 08:38:46.253172 policy_type: e_greedy
2023-12-09 08:38:46.253185 noise_std: 0.05
2023-12-09 08:38:46.253198 ========================================Model Configurations========================================
2023-12-09 08:38:46.253212 TD3 Trick:: False
2023-12-09 08:38:46.253225 Entropy Regularization: 0.0
2023-12-09 08:38:46.253238 ======================================Sampling Configurations=======================================
2023-12-09 08:38:46.253250 : q_functions_2agent_2landmarks
2023-12-09 08:38:46.253262 Using quantile sampling during bootstrapping:: False
2023-12-09 08:38:46.253275 Using quantile sampling during evaluation interaction: False
2023-12-09 08:38:46.253288 Using quantile sampling during training interaction:: False
2023-12-09 08:38:46.253301 Sampling Percent: 0.01
2023-12-09 08:38:46.253314 Anneal Sampling Percent: False
2023-12-09 08:38:46.253326 ===============================================Split================================================
2023-12-09 08:38:46.253990 running on CUDA...
2023-12-09 08:38:56.655303 Episodes 0:, 
2023-12-09 08:38:56.655360 Total steps 0/500000, 
2023-12-09 08:38:56.655535 Evaluation Reward: [0.53572306 0.09937938],
2023-12-09 08:38:56.655569 Time: 0.474
2023-12-09 08:39:57.142458 Episodes 200:, 
2023-12-09 08:39:57.142514 Total steps 10000/500000, 
2023-12-09 08:39:57.142681 Evaluation Reward: [35.49087438  8.95502809],
2023-12-09 08:39:57.142712 Time: 60.487
2023-12-09 08:40:59.002037 Episodes 400:, 
2023-12-09 08:40:59.002097 Total steps 20000/500000, 
2023-12-09 08:40:59.002293 Evaluation Reward: [32.63591131 36.19217938],
2023-12-09 08:40:59.002327 Time: 61.846
2023-12-09 08:42:01.787541 Episodes 600:, 
2023-12-09 08:42:01.787594 Total steps 30000/500000, 
2023-12-09 08:42:01.787769 Evaluation Reward: [40.79443534 41.60013355],
2023-12-09 08:42:01.787803 Time: 62.77
2023-12-09 08:43:05.958458 Episodes 800:, 
2023-12-09 08:43:05.958512 Total steps 40000/500000, 
2023-12-09 08:43:05.958687 Evaluation Reward: [30.37744801 40.03314539],
2023-12-09 08:43:05.958720 Time: 64.156
2023-12-09 08:44:09.080891 Episodes 1000:, 
2023-12-09 08:44:09.080949 Total steps 50000/500000, 
2023-12-09 08:44:09.081132 Evaluation Reward: [42.31851502 36.9768697 ],
2023-12-09 08:44:09.081165 Time: 63.106
2023-12-09 08:45:12.317479 Episodes 1200:, 
2023-12-09 08:45:12.317541 Total steps 60000/500000, 
2023-12-09 08:45:12.317714 Evaluation Reward: [35.86104539 35.14346438],
2023-12-09 08:45:12.317746 Time: 63.221
2023-12-09 08:46:15.352914 Episodes 1400:, 
2023-12-09 08:46:15.352970 Total steps 70000/500000, 
2023-12-09 08:46:15.353139 Evaluation Reward: [30.1574486  34.47183438],
2023-12-09 08:46:15.353169 Time: 63.02
2023-12-09 08:47:19.212188 Episodes 1600:, 
2023-12-09 08:47:19.212250 Total steps 80000/500000, 
2023-12-09 08:47:19.212461 Evaluation Reward: [37.19901054 31.7824695 ],
2023-12-09 08:47:19.212495 Time: 63.844
2023-12-09 08:48:21.862127 Episodes 1800:, 
2023-12-09 08:48:21.862181 Total steps 90000/500000, 
2023-12-09 08:48:21.862344 Evaluation Reward: [22.76685397 36.07351468],
2023-12-09 08:48:21.862374 Time: 62.632
2023-12-09 08:49:24.960550 Episodes 2000:, 
2023-12-09 08:49:24.960607 Total steps 100000/500000, 
2023-12-09 08:49:24.960774 Evaluation Reward: [39.10529707 39.28105201],
2023-12-09 08:49:24.960804 Time: 63.082
2023-12-09 08:50:28.495741 Episodes 2200:, 
2023-12-09 08:50:28.495796 Total steps 110000/500000, 
2023-12-09 08:50:28.495979 Evaluation Reward: [40.47056578 36.86813042],
2023-12-09 08:50:28.496012 Time: 63.519
2023-12-09 08:51:32.127650 Episodes 2400:, 
2023-12-09 08:51:32.127714 Total steps 120000/500000, 
2023-12-09 08:51:32.127922 Evaluation Reward: [36.76072363 40.98442691],
2023-12-09 08:51:32.127956 Time: 63.616
2023-12-09 08:52:35.985368 Episodes 2600:, 
2023-12-09 08:52:35.985426 Total steps 130000/500000, 
2023-12-09 08:52:35.985597 Evaluation Reward: [37.96827474 36.61585194],
2023-12-09 08:52:35.985629 Time: 63.84
2023-12-09 08:53:39.667542 Episodes 2800:, 
2023-12-09 08:53:39.667599 Total steps 140000/500000, 
2023-12-09 08:53:39.667771 Evaluation Reward: [33.52663903 40.44158234],
2023-12-09 08:53:39.667803 Time: 63.664
2023-12-09 08:54:43.449213 Episodes 3000:, 
2023-12-09 08:54:43.449270 Total steps 150000/500000, 
2023-12-09 08:54:43.449456 Evaluation Reward: [30.92850654 35.87874576],
2023-12-09 08:54:43.449488 Time: 63.765
2023-12-09 08:55:47.832790 Episodes 3200:, 
2023-12-09 08:55:47.832849 Total steps 160000/500000, 
2023-12-09 08:55:47.833023 Evaluation Reward: [38.36310308 27.3094292 ],
2023-12-09 08:55:47.833056 Time: 64.366
2023-12-09 08:56:50.923025 Episodes 3400:, 
2023-12-09 08:56:50.923080 Total steps 170000/500000, 
2023-12-09 08:56:50.923250 Evaluation Reward: [41.65881197 42.11681205],
2023-12-09 08:56:50.923281 Time: 63.072
2023-12-09 08:57:54.148151 Episodes 3600:, 
2023-12-09 08:57:54.148209 Total steps 180000/500000, 
2023-12-09 08:57:54.148377 Evaluation Reward: [40.35545484 38.11730963],
2023-12-09 08:57:54.148408 Time: 63.206
2023-12-09 08:58:58.176444 Episodes 3800:, 
2023-12-09 08:58:58.176508 Total steps 190000/500000, 
2023-12-09 08:58:58.176682 Evaluation Reward: [32.80373536 38.89870068],
2023-12-09 08:58:58.176715 Time: 64.008
2023-12-09 09:00:01.976052 Episodes 4000:, 
2023-12-09 09:00:01.976108 Total steps 200000/500000, 
2023-12-09 09:00:01.976278 Evaluation Reward: [34.57634379 38.37444444],
2023-12-09 09:00:01.976310 Time: 63.777
2023-12-09 09:01:06.122619 Episodes 4200:, 
2023-12-09 09:01:06.122677 Total steps 210000/500000, 
2023-12-09 09:01:06.122845 Evaluation Reward: [42.43407027 40.53677543],
2023-12-09 09:01:06.122878 Time: 64.124
2023-12-09 09:02:09.370860 Episodes 4400:, 
2023-12-09 09:02:09.370917 Total steps 220000/500000, 
2023-12-09 09:02:09.371089 Evaluation Reward: [40.16764071 39.59758881],
2023-12-09 09:02:09.371120 Time: 63.227
2023-12-09 09:03:13.222089 Episodes 4600:, 
2023-12-09 09:03:13.222147 Total steps 230000/500000, 
2023-12-09 09:03:13.222323 Evaluation Reward: [38.3771609  31.60745173],
2023-12-09 09:03:13.222354 Time: 63.829
2023-12-09 09:04:17.209524 Episodes 4800:, 
2023-12-09 09:04:17.209583 Total steps 240000/500000, 
2023-12-09 09:04:17.209808 Evaluation Reward: [36.92123476 40.68959937],
2023-12-09 09:04:17.209860 Time: 63.965
2023-12-09 09:05:21.553373 Episodes 5000:, 
2023-12-09 09:05:21.553428 Total steps 250000/500000, 
2023-12-09 09:05:21.553595 Evaluation Reward: [37.19719817 41.47740203],
2023-12-09 09:05:21.553625 Time: 64.313
2023-12-09 09:06:25.041459 Episodes 5200:, 
2023-12-09 09:06:25.041517 Total steps 260000/500000, 
2023-12-09 09:06:25.041687 Evaluation Reward: [39.0059247  34.82156004],
2023-12-09 09:06:25.041719 Time: 63.466
2023-12-09 09:07:29.489875 Episodes 5400:, 
2023-12-09 09:07:29.489939 Total steps 270000/500000, 
2023-12-09 09:07:29.490113 Evaluation Reward: [42.23479823 36.99820679],
2023-12-09 09:07:29.490148 Time: 64.425
2023-12-09 09:08:34.540613 Episodes 5600:, 
2023-12-09 09:08:34.540669 Total steps 280000/500000, 
2023-12-09 09:08:34.540840 Evaluation Reward: [42.53615476 35.68615573],
2023-12-09 09:08:34.540872 Time: 65.026
2023-12-09 09:09:38.555680 Episodes 5800:, 
2023-12-09 09:09:38.555736 Total steps 290000/500000, 
2023-12-09 09:09:38.555912 Evaluation Reward: [38.04969477 36.60919988],
2023-12-09 09:09:38.555945 Time: 63.989
2023-12-09 09:10:42.984810 Episodes 6000:, 
2023-12-09 09:10:42.984866 Total steps 300000/500000, 
2023-12-09 09:10:42.985037 Evaluation Reward: [43.76773162 41.74664401],
2023-12-09 09:10:42.985070 Time: 64.404
2023-12-09 09:11:47.343075 Episodes 6200:, 
2023-12-09 09:11:47.343136 Total steps 310000/500000, 
2023-12-09 09:11:47.343318 Evaluation Reward: [39.81457854 41.61274604],
2023-12-09 09:11:47.343359 Time: 64.333
2023-12-09 09:12:51.205605 Episodes 6400:, 
2023-12-09 09:12:51.205660 Total steps 320000/500000, 
2023-12-09 09:12:51.205837 Evaluation Reward: [40.61646391 40.77337619],
2023-12-09 09:12:51.205869 Time: 63.833
2023-12-09 09:13:55.637865 Episodes 6600:, 
2023-12-09 09:13:55.637923 Total steps 330000/500000, 
2023-12-09 09:13:55.638116 Evaluation Reward: [36.88350424 35.51173361],
2023-12-09 09:13:55.638149 Time: 64.407
2023-12-09 09:14:58.997226 Episodes 6800:, 
2023-12-09 09:14:58.997279 Total steps 340000/500000, 
2023-12-09 09:14:58.997444 Evaluation Reward: [41.26911052 41.05762305],
2023-12-09 09:14:58.997477 Time: 63.332
2023-12-09 09:16:03.594877 Episodes 7000:, 
2023-12-09 09:16:03.594932 Total steps 350000/500000, 
2023-12-09 09:16:03.595108 Evaluation Reward: [36.68234995 40.35824453],
2023-12-09 09:16:03.595142 Time: 64.572
2023-12-09 09:17:08.376498 Episodes 7200:, 
2023-12-09 09:17:08.376556 Total steps 360000/500000, 
2023-12-09 09:17:08.376730 Evaluation Reward: [40.81323479 34.13108412],
2023-12-09 09:17:08.376763 Time: 64.753
2023-12-09 09:18:12.753282 Episodes 7400:, 
2023-12-09 09:18:12.753338 Total steps 370000/500000, 
2023-12-09 09:18:12.753509 Evaluation Reward: [41.66874839 39.76740642],
2023-12-09 09:18:12.753541 Time: 64.349
2023-12-09 09:19:17.529409 Episodes 7600:, 
2023-12-09 09:19:17.529474 Total steps 380000/500000, 
2023-12-09 09:19:17.529645 Evaluation Reward: [43.40805986 41.14823691],
2023-12-09 09:19:17.529676 Time: 64.748
2023-12-09 09:20:21.465012 Episodes 7800:, 
2023-12-09 09:20:21.465070 Total steps 390000/500000, 
2023-12-09 09:20:21.465258 Evaluation Reward: [41.49523047 38.96345001],
2023-12-09 09:20:21.465292 Time: 63.907
2023-12-09 09:21:25.635006 Episodes 8000:, 
2023-12-09 09:21:25.635070 Total steps 400000/500000, 
2023-12-09 09:21:25.635246 Evaluation Reward: [40.6439671  38.62432205],
2023-12-09 09:21:25.635278 Time: 64.141
2023-12-09 09:22:30.147916 Episodes 8200:, 
2023-12-09 09:22:30.147969 Total steps 410000/500000, 
2023-12-09 09:22:30.148138 Evaluation Reward: [39.65759677 40.22487038],
2023-12-09 09:22:30.148172 Time: 64.483
2023-12-09 09:23:34.766593 Episodes 8400:, 
2023-12-09 09:23:34.766646 Total steps 420000/500000, 
2023-12-09 09:23:34.766818 Evaluation Reward: [35.61772868 34.50797613],
2023-12-09 09:23:34.766850 Time: 64.589
2023-12-09 09:24:39.510445 Episodes 8600:, 
2023-12-09 09:24:39.510501 Total steps 430000/500000, 
2023-12-09 09:24:39.510691 Evaluation Reward: [38.34951448 41.65126781],
2023-12-09 09:24:39.510724 Time: 64.712
2023-12-09 09:25:44.081270 Episodes 8800:, 
2023-12-09 09:25:44.081330 Total steps 440000/500000, 
2023-12-09 09:25:44.081510 Evaluation Reward: [41.88487269 38.62510887],
2023-12-09 09:25:44.081544 Time: 64.541
2023-12-09 09:26:49.183536 Episodes 9000:, 
2023-12-09 09:26:49.183589 Total steps 450000/500000, 
2023-12-09 09:26:49.183761 Evaluation Reward: [38.46656127 41.32124545],
2023-12-09 09:26:49.183794 Time: 65.071
2023-12-09 09:27:53.557371 Episodes 9200:, 
2023-12-09 09:27:53.557425 Total steps 460000/500000, 
2023-12-09 09:27:53.557618 Evaluation Reward: [41.63633249 39.42358267],
2023-12-09 09:27:53.557649 Time: 64.343
2023-12-09 09:28:57.950191 Episodes 9400:, 
2023-12-09 09:28:57.950243 Total steps 470000/500000, 
2023-12-09 09:28:57.950408 Evaluation Reward: [42.21667269 42.75572695],
2023-12-09 09:28:57.950439 Time: 64.359
2023-12-09 09:30:02.216605 Episodes 9600:, 
2023-12-09 09:30:02.216662 Total steps 480000/500000, 
2023-12-09 09:30:02.216831 Evaluation Reward: [36.78491353 41.31577044],
2023-12-09 09:30:02.216863 Time: 64.235
2023-12-09 09:31:07.554067 Episodes 9800:, 
2023-12-09 09:31:07.554131 Total steps 490000/500000, 
2023-12-09 09:31:07.554308 Evaluation Reward: [36.8262019  38.18851223],
2023-12-09 09:31:07.554341 Time: 65.305
2023-12-09 09:32:19.377341 Episodes 9999:, 
2023-12-09 09:32:19.377397 Total steps 499999/500000, 
2023-12-09 09:32:19.377573 Evaluation Reward: [40.57483592 39.73258686],
2023-12-09 09:32:19.377606 Time: 71.788
