2023-12-19 13:50:55.582582 ========================================Basic Configurations========================================
2023-12-19 13:50:55.582620 Daemon Filename: /home/Desktop/studies/q_functionals_daemon/results/final/2agent_2landmarks/iddpg_run_50-step-update_func-polynomial_rank-2_episode-10000_lr0001_b512_l3_n256_m500000_iter1/timestamp.log
2023-12-19 13:50:55.582637 Training Environment: q_functions_2agent_2landmarks
2023-12-19 13:50:55.582649 Functional: polynomial
2023-12-19 13:50:55.582661 rank: 2
2023-12-19 13:50:55.582672 seed: 0
2023-12-19 13:50:55.582686 learning_rate: 0.001
2023-12-19 13:50:55.582698 target_network_learning_rate: 0.005
2023-12-19 13:50:55.582710 nb_runs: 5
2023-12-19 13:50:55.582721 ma_type: iddpg
2023-12-19 13:50:55.582732 policy_type: gaussian
2023-12-19 13:50:55.582744 noise_std: 0.05
2023-12-19 13:50:55.582755 ========================================Model Configurations========================================
2023-12-19 13:50:55.582767 TD3 Trick:: False
2023-12-19 13:50:55.582781 Entropy Regularization: 0.0
2023-12-19 13:50:55.582793 ======================================Sampling Configurations=======================================
2023-12-19 13:50:55.582804 : q_functions_2agent_2landmarks
2023-12-19 13:50:55.582816 Using quantile sampling during bootstrapping:: False
2023-12-19 13:50:55.582828 Using quantile sampling during evaluation interaction: False
2023-12-19 13:50:55.582839 Using quantile sampling during training interaction:: False
2023-12-19 13:50:55.582851 Sampling Percent: 0.01
2023-12-19 13:50:55.582862 Anneal Sampling Percent: False
2023-12-19 13:50:55.582874 ===============================================Split================================================
2023-12-19 13:50:55.603636 running on CUDA...
2023-12-19 13:51:11.671300 Episodes 0:, 
2023-12-19 13:51:11.671368 Total steps 0/500000, 
2023-12-19 13:51:11.671610 Evaluation Reward: [1.0197282  0.83017351],
2023-12-19 13:51:11.671647 Time: 15.12
2023-12-19 13:51:36.930918 Episodes 200:, 
2023-12-19 13:51:36.930988 Total steps 10000/500000, 
2023-12-19 13:51:36.931184 Evaluation Reward: [2.75212766e-05 2.77574257e-01],
2023-12-19 13:51:36.931218 Time: 25.259
2023-12-19 13:52:01.893150 Episodes 400:, 
2023-12-19 13:52:01.893209 Total steps 20000/500000, 
2023-12-19 13:52:01.893401 Evaluation Reward: [2.32115129e+00 1.75455484e-05],
2023-12-19 13:52:01.893437 Time: 24.954
2023-12-19 13:52:26.418449 Episodes 600:, 
2023-12-19 13:52:26.418508 Total steps 30000/500000, 
2023-12-19 13:52:26.418683 Evaluation Reward: [2.81885336 3.515401  ],
2023-12-19 13:52:26.418717 Time: 24.515
2023-12-19 13:52:50.053524 Episodes 800:, 
2023-12-19 13:52:50.053586 Total steps 40000/500000, 
2023-12-19 13:52:50.053755 Evaluation Reward: [9.09817385 0.2682044 ],
2023-12-19 13:52:50.053786 Time: 23.626
2023-12-19 13:53:11.789299 Episodes 1000:, 
2023-12-19 13:53:11.789358 Total steps 50000/500000, 
2023-12-19 13:53:11.789528 Evaluation Reward: [16.1687324   0.48953955],
2023-12-19 13:53:11.789560 Time: 21.727
2023-12-19 13:53:33.412184 Episodes 1200:, 
2023-12-19 13:53:33.412243 Total steps 60000/500000, 
2023-12-19 13:53:33.412421 Evaluation Reward: [26.78641824  1.51009023],
2023-12-19 13:53:33.412458 Time: 21.614
2023-12-19 13:53:56.632468 Episodes 1400:, 
2023-12-19 13:53:56.632534 Total steps 70000/500000, 
2023-12-19 13:53:56.632731 Evaluation Reward: [24.87221943  6.13152749],
2023-12-19 13:53:56.632772 Time: 23.21
2023-12-19 13:54:18.346491 Episodes 1600:, 
2023-12-19 13:54:18.346552 Total steps 80000/500000, 
2023-12-19 13:54:18.346728 Evaluation Reward: [37.84707131 26.67609752],
2023-12-19 13:54:18.346759 Time: 21.701
2023-12-19 13:54:41.062796 Episodes 1800:, 
2023-12-19 13:54:41.062857 Total steps 90000/500000, 
2023-12-19 13:54:41.063031 Evaluation Reward: [36.85619007 28.27808412],
2023-12-19 13:54:41.063068 Time: 22.706
2023-12-19 13:55:03.809428 Episodes 2000:, 
2023-12-19 13:55:03.809485 Total steps 100000/500000, 
2023-12-19 13:55:03.809657 Evaluation Reward: [34.4789003  21.09726479],
2023-12-19 13:55:03.809691 Time: 22.736
2023-12-19 13:55:26.378054 Episodes 2200:, 
2023-12-19 13:55:26.378146 Total steps 110000/500000, 
2023-12-19 13:55:26.378376 Evaluation Reward: [36.07870072 27.24485192],
2023-12-19 13:55:26.378414 Time: 22.558
2023-12-19 13:56:00.790818 Episodes 2400:, 
2023-12-19 13:56:00.790896 Total steps 120000/500000, 
2023-12-19 13:56:00.791143 Evaluation Reward: [30.83585143 37.40062839],
2023-12-19 13:56:00.791182 Time: 34.399
2023-12-19 13:56:37.380695 Episodes 2600:, 
2023-12-19 13:56:37.380768 Total steps 130000/500000, 
2023-12-19 13:56:37.380995 Evaluation Reward: [38.19333097 25.52795245],
2023-12-19 13:56:37.381035 Time: 36.576
2023-12-19 13:57:14.886553 Episodes 2800:, 
2023-12-19 13:57:14.886620 Total steps 140000/500000, 
2023-12-19 13:57:14.886816 Evaluation Reward: [43.26455581 32.37938454],
2023-12-19 13:57:14.886853 Time: 37.493
2023-12-19 13:57:51.909122 Episodes 3000:, 
2023-12-19 13:57:51.909254 Total steps 150000/500000, 
2023-12-19 13:57:51.909631 Evaluation Reward: [37.17289481 39.1481731 ],
2023-12-19 13:57:51.909690 Time: 37.009
2023-12-19 13:58:29.447974 Episodes 3200:, 
2023-12-19 13:58:29.448052 Total steps 160000/500000, 
2023-12-19 13:58:29.448255 Evaluation Reward: [40.04376154 37.59968483],
2023-12-19 13:58:29.448292 Time: 37.511
2023-12-19 13:59:04.963212 Episodes 3400:, 
2023-12-19 13:59:04.963290 Total steps 170000/500000, 
2023-12-19 13:59:04.963534 Evaluation Reward: [39.73077625 39.39510262],
2023-12-19 13:59:04.963584 Time: 35.501
2023-12-19 13:59:43.347180 Episodes 3600:, 
2023-12-19 13:59:43.347253 Total steps 180000/500000, 
2023-12-19 13:59:43.347451 Evaluation Reward: [41.71614146 42.31903145],
2023-12-19 13:59:43.347490 Time: 38.363
2023-12-19 14:00:20.964656 Episodes 3800:, 
2023-12-19 14:00:20.964726 Total steps 190000/500000, 
2023-12-19 14:00:20.964931 Evaluation Reward: [39.91774837 36.0075622 ],
2023-12-19 14:00:20.964970 Time: 37.6
2023-12-19 14:00:58.604279 Episodes 4000:, 
2023-12-19 14:00:58.604376 Total steps 200000/500000, 
2023-12-19 14:00:58.604704 Evaluation Reward: [40.50284523 42.3283592 ],
2023-12-19 14:00:58.604763 Time: 37.622
2023-12-19 14:01:39.475809 Episodes 4200:, 
2023-12-19 14:01:39.475915 Total steps 210000/500000, 
2023-12-19 14:01:39.476166 Evaluation Reward: [37.96822911 34.36996685],
2023-12-19 14:01:39.476211 Time: 40.84
2023-12-19 14:02:17.012016 Episodes 4400:, 
2023-12-19 14:02:17.012095 Total steps 220000/500000, 
2023-12-19 14:02:17.012310 Evaluation Reward: [41.05169984 40.21065767],
2023-12-19 14:02:17.012347 Time: 37.516
2023-12-19 14:02:54.333843 Episodes 4600:, 
2023-12-19 14:02:54.333917 Total steps 230000/500000, 
2023-12-19 14:02:54.334122 Evaluation Reward: [41.50460985 37.87811739],
2023-12-19 14:02:54.334161 Time: 37.304
2023-12-19 14:03:32.524594 Episodes 4800:, 
2023-12-19 14:03:32.524679 Total steps 240000/500000, 
2023-12-19 14:03:32.524891 Evaluation Reward: [42.31249868 27.61682435],
2023-12-19 14:03:32.524933 Time: 38.171
2023-12-19 14:04:10.355321 Episodes 5000:, 
2023-12-19 14:04:10.355406 Total steps 250000/500000, 
2023-12-19 14:04:10.355629 Evaluation Reward: [34.88436634 29.38759485],
2023-12-19 14:04:10.355667 Time: 37.811
2023-12-19 14:04:48.213194 Episodes 5200:, 
2023-12-19 14:04:48.213262 Total steps 260000/500000, 
2023-12-19 14:04:48.213464 Evaluation Reward: [39.65803307 33.61473151],
2023-12-19 14:04:48.213502 Time: 37.839
2023-12-19 14:05:26.338152 Episodes 5400:, 
2023-12-19 14:05:26.338224 Total steps 270000/500000, 
2023-12-19 14:05:26.338432 Evaluation Reward: [33.98844763 39.07041212],
2023-12-19 14:05:26.338474 Time: 38.105
2023-12-19 14:06:02.652824 Episodes 5600:, 
2023-12-19 14:06:02.652898 Total steps 280000/500000, 
2023-12-19 14:06:02.653130 Evaluation Reward: [41.72611842 36.62548306],
2023-12-19 14:06:02.653170 Time: 36.295
2023-12-19 14:06:39.010589 Episodes 5800:, 
2023-12-19 14:06:39.010677 Total steps 290000/500000, 
2023-12-19 14:06:39.010918 Evaluation Reward: [40.62560977 40.6560509 ],
2023-12-19 14:06:39.010977 Time: 36.337
2023-12-19 14:07:15.760374 Episodes 6000:, 
2023-12-19 14:07:15.760443 Total steps 300000/500000, 
2023-12-19 14:07:15.760704 Evaluation Reward: [39.29446271 39.84575893],
2023-12-19 14:07:15.760744 Time: 36.726
2023-12-19 14:07:52.147670 Episodes 6200:, 
2023-12-19 14:07:52.147744 Total steps 310000/500000, 
2023-12-19 14:07:52.147965 Evaluation Reward: [37.84121391 38.19079138],
2023-12-19 14:07:52.148006 Time: 36.364
2023-12-19 14:08:28.229678 Episodes 6400:, 
2023-12-19 14:08:28.229747 Total steps 320000/500000, 
2023-12-19 14:08:28.229936 Evaluation Reward: [41.90159211  9.02225164],
2023-12-19 14:08:28.229971 Time: 36.059
2023-12-19 14:09:04.474997 Episodes 6600:, 
2023-12-19 14:09:04.475069 Total steps 330000/500000, 
2023-12-19 14:09:04.475277 Evaluation Reward: [42.94272631 39.66539771],
2023-12-19 14:09:04.475325 Time: 36.224
2023-12-19 14:09:40.735142 Episodes 6800:, 
2023-12-19 14:09:40.735222 Total steps 340000/500000, 
2023-12-19 14:09:40.735425 Evaluation Reward: [ 6.25702707 37.59007424],
2023-12-19 14:09:40.735466 Time: 36.237
2023-12-19 14:10:17.648053 Episodes 7000:, 
2023-12-19 14:10:17.648131 Total steps 350000/500000, 
2023-12-19 14:10:17.648324 Evaluation Reward: [42.40575253 33.07688576],
2023-12-19 14:10:17.648364 Time: 36.889
2023-12-19 14:10:53.243341 Episodes 7200:, 
2023-12-19 14:10:53.243413 Total steps 360000/500000, 
2023-12-19 14:10:53.243623 Evaluation Reward: [40.92477707 40.00314256],
2023-12-19 14:10:53.243669 Time: 35.572
2023-12-19 14:11:28.520722 Episodes 7400:, 
2023-12-19 14:11:28.520795 Total steps 370000/500000, 
2023-12-19 14:11:28.521013 Evaluation Reward: [33.32994558 42.94384941],
2023-12-19 14:11:28.521049 Time: 35.254
2023-12-19 14:12:03.839369 Episodes 7600:, 
2023-12-19 14:12:03.839442 Total steps 380000/500000, 
2023-12-19 14:12:03.839636 Evaluation Reward: [40.08967364 40.38136138],
2023-12-19 14:12:03.839675 Time: 35.294
2023-12-19 14:12:39.299456 Episodes 7800:, 
2023-12-19 14:12:39.299541 Total steps 390000/500000, 
2023-12-19 14:12:39.299752 Evaluation Reward: [38.21044329 38.27288438],
2023-12-19 14:12:39.299792 Time: 35.433
2023-12-19 14:13:14.840181 Episodes 8000:, 
2023-12-19 14:13:14.840265 Total steps 400000/500000, 
2023-12-19 14:13:14.840467 Evaluation Reward: [40.12830016 41.52749807],
2023-12-19 14:13:14.840516 Time: 35.513
2023-12-19 14:13:50.245186 Episodes 8200:, 
2023-12-19 14:13:50.245262 Total steps 410000/500000, 
2023-12-19 14:13:50.245496 Evaluation Reward: [41.43260123 34.50324766],
2023-12-19 14:13:50.245541 Time: 35.378
2023-12-19 14:14:25.495698 Episodes 8400:, 
2023-12-19 14:14:25.495790 Total steps 420000/500000, 
2023-12-19 14:14:25.496023 Evaluation Reward: [39.5273181  40.97094805],
2023-12-19 14:14:25.496070 Time: 35.224
2023-12-19 14:15:00.937789 Episodes 8600:, 
2023-12-19 14:15:00.937862 Total steps 430000/500000, 
2023-12-19 14:15:00.938066 Evaluation Reward: [42.77564512 40.80076804],
2023-12-19 14:15:00.938108 Time: 35.414
2023-12-19 14:15:36.459388 Episodes 8800:, 
2023-12-19 14:15:36.459458 Total steps 440000/500000, 
2023-12-19 14:15:36.459650 Evaluation Reward: [42.18418005 40.71625196],
2023-12-19 14:15:36.459688 Time: 35.492
2023-12-19 14:16:11.626348 Episodes 9000:, 
2023-12-19 14:16:11.626428 Total steps 450000/500000, 
2023-12-19 14:16:11.626667 Evaluation Reward: [41.62193052 41.96666774],
2023-12-19 14:16:11.626725 Time: 35.13
2023-12-19 14:16:47.099087 Episodes 9200:, 
2023-12-19 14:16:47.099163 Total steps 460000/500000, 
2023-12-19 14:16:47.099380 Evaluation Reward: [38.63837531 40.48888293],
2023-12-19 14:16:47.099418 Time: 35.435
2023-12-19 14:17:22.611735 Episodes 9400:, 
2023-12-19 14:17:22.611837 Total steps 470000/500000, 
2023-12-19 14:17:22.612062 Evaluation Reward: [38.09753309 38.87462631],
2023-12-19 14:17:22.612114 Time: 35.482
2023-12-19 14:17:57.970752 Episodes 9600:, 
2023-12-19 14:17:57.970832 Total steps 480000/500000, 
2023-12-19 14:17:57.971034 Evaluation Reward: [42.35556669 42.40891625],
2023-12-19 14:17:57.971072 Time: 35.329
2023-12-19 14:18:33.195841 Episodes 9800:, 
2023-12-19 14:18:33.195931 Total steps 490000/500000, 
2023-12-19 14:18:33.196125 Evaluation Reward: [39.7413373  37.40733782],
2023-12-19 14:18:33.196175 Time: 35.194
2023-12-19 14:19:08.491745 Episodes 10000:, 
2023-12-19 14:19:08.491815 Total steps 499999/500000, 
2023-12-19 14:19:08.492023 Evaluation Reward: [28.6397952 42.3170767],
2023-12-19 14:19:08.492060 Time: 35.266
2023-12-19 14:19:09.768106 Episodes 10000:, 
2023-12-19 14:19:09.768175 Total steps 500000/500000, 
2023-12-19 14:19:09.768382 Evaluation Reward: [42.42132265 37.97723808],
2023-12-19 14:19:09.768422 Time: 1.246
2023-12-19 14:19:09.801326 ========================================Basic Configurations========================================
2023-12-19 14:19:09.801388 Daemon Filename: /home/Desktop/studies/q_functionals_daemon/results/final/2agent_2landmarks/iddpg_run_50-step-update_func-polynomial_rank-2_episode-10000_lr0001_b512_l3_n256_m500000_iter1/timestamp.log
2023-12-19 14:19:09.801409 Training Environment: q_functions_2agent_2landmarks
2023-12-19 14:19:09.801426 Functional: polynomial
2023-12-19 14:19:09.801442 rank: 2
2023-12-19 14:19:09.801457 seed: 1
2023-12-19 14:19:09.801476 learning_rate: 0.001
2023-12-19 14:19:09.801492 target_network_learning_rate: 0.005
2023-12-19 14:19:09.801508 nb_runs: 5
2023-12-19 14:19:09.801522 ma_type: iddpg
2023-12-19 14:19:09.801537 policy_type: gaussian
2023-12-19 14:19:09.801553 noise_std: 0.05
2023-12-19 14:19:09.801569 ========================================Model Configurations========================================
2023-12-19 14:19:09.801586 TD3 Trick:: False
2023-12-19 14:19:09.801602 Entropy Regularization: 0.0
2023-12-19 14:19:09.801616 ======================================Sampling Configurations=======================================
2023-12-19 14:19:09.801631 : q_functions_2agent_2landmarks
2023-12-19 14:19:09.801646 Using quantile sampling during bootstrapping:: False
2023-12-19 14:19:09.801661 Using quantile sampling during evaluation interaction: False
2023-12-19 14:19:09.801676 Using quantile sampling during training interaction:: False
2023-12-19 14:19:09.801691 Sampling Percent: 0.01
2023-12-19 14:19:09.801706 Anneal Sampling Percent: False
2023-12-19 14:19:09.801721 ===============================================Split================================================
2023-12-19 14:19:09.802554 running on CUDA...
2023-12-19 14:19:34.119677 Episodes 0:, 
2023-12-19 14:19:34.119745 Total steps 0/500000, 
2023-12-19 14:19:34.119951 Evaluation Reward: [0.7295236  0.27321239],
2023-12-19 14:19:34.119987 Time: 24.274
2023-12-19 14:20:08.901713 Episodes 200:, 
2023-12-19 14:20:08.901795 Total steps 10000/500000, 
2023-12-19 14:20:08.901991 Evaluation Reward: [0.0864715 0.2709221],
2023-12-19 14:20:08.902028 Time: 34.782
2023-12-19 14:20:43.951712 Episodes 400:, 
2023-12-19 14:20:43.951794 Total steps 20000/500000, 
2023-12-19 14:20:43.951990 Evaluation Reward: [1.14489033 0.26012402],
2023-12-19 14:20:43.952028 Time: 35.041
2023-12-19 14:21:18.987816 Episodes 600:, 
2023-12-19 14:21:18.987917 Total steps 30000/500000, 
2023-12-19 14:21:18.988162 Evaluation Reward: [0.45771287 0.54436224],
2023-12-19 14:21:18.988217 Time: 35.026
2023-12-19 14:21:54.029955 Episodes 800:, 
2023-12-19 14:21:54.030028 Total steps 40000/500000, 
2023-12-19 14:21:54.034175 Evaluation Reward: [0.93256526 1.19847577],
2023-12-19 14:21:54.034220 Time: 35.036
2023-12-19 14:22:29.280773 Episodes 1000:, 
2023-12-19 14:22:29.280855 Total steps 50000/500000, 
2023-12-19 14:22:29.281072 Evaluation Reward: [15.63286846  2.73640284],
2023-12-19 14:22:29.281113 Time: 35.237
2023-12-19 14:23:04.409284 Episodes 1200:, 
2023-12-19 14:23:04.409364 Total steps 60000/500000, 
2023-12-19 14:23:04.409559 Evaluation Reward: [24.20093099  0.19353129],
2023-12-19 14:23:04.409597 Time: 35.118
2023-12-19 14:23:39.492548 Episodes 1400:, 
2023-12-19 14:23:39.492617 Total steps 70000/500000, 
2023-12-19 14:23:39.492813 Evaluation Reward: [22.86097608  0.45266266],
2023-12-19 14:23:39.492852 Time: 35.072
2023-12-19 14:24:14.867219 Episodes 1600:, 
2023-12-19 14:24:14.867287 Total steps 80000/500000, 
2023-12-19 14:24:14.867511 Evaluation Reward: [30.50888696  0.27799196],
2023-12-19 14:24:14.867562 Time: 35.363
2023-12-19 14:24:55.673201 Episodes 1800:, 
2023-12-19 14:24:55.673279 Total steps 90000/500000, 
2023-12-19 14:24:55.673548 Evaluation Reward: [43.32663502  4.48591163],
2023-12-19 14:24:55.673600 Time: 40.794
2023-12-19 14:25:35.545235 Episodes 2000:, 
2023-12-19 14:25:35.545331 Total steps 100000/500000, 
2023-12-19 14:25:35.545554 Evaluation Reward: [41.61464634  0.64314553],
2023-12-19 14:25:35.545591 Time: 39.855
2023-12-19 14:26:14.403658 Episodes 2200:, 
2023-12-19 14:26:14.403731 Total steps 110000/500000, 
2023-12-19 14:26:14.403935 Evaluation Reward: [43.92589167  7.401128  ],
2023-12-19 14:26:14.403974 Time: 38.846
2023-12-19 14:26:53.813970 Episodes 2400:, 
2023-12-19 14:26:53.814048 Total steps 120000/500000, 
2023-12-19 14:26:53.818380 Evaluation Reward: [40.81423165  0.25303455],
2023-12-19 14:26:53.818428 Time: 39.401
2023-12-19 14:27:39.248425 Episodes 2600:, 
2023-12-19 14:27:39.248501 Total steps 130000/500000, 
2023-12-19 14:27:39.248717 Evaluation Reward: [42.09339089 23.21005216],
2023-12-19 14:27:39.248756 Time: 45.416
2023-12-19 14:28:24.195533 Episodes 2800:, 
2023-12-19 14:28:24.195616 Total steps 140000/500000, 
2023-12-19 14:28:24.195844 Evaluation Reward: [40.57097469 11.02366659],
2023-12-19 14:28:24.195882 Time: 44.933
2023-12-19 14:29:07.073898 Episodes 3000:, 
2023-12-19 14:29:07.073972 Total steps 150000/500000, 
2023-12-19 14:29:07.074191 Evaluation Reward: [39.48261297 15.03838695],
2023-12-19 14:29:07.074241 Time: 42.864
2023-12-19 14:29:56.996089 Episodes 3200:, 
2023-12-19 14:29:56.996162 Total steps 160000/500000, 
2023-12-19 14:29:56.996398 Evaluation Reward: [40.16055584 24.41632149],
2023-12-19 14:29:56.996436 Time: 49.907
2023-12-19 14:30:40.452910 Episodes 3400:, 
2023-12-19 14:30:40.453032 Total steps 170000/500000, 
2023-12-19 14:30:40.453359 Evaluation Reward: [41.9597237  35.84202949],
2023-12-19 14:30:40.453414 Time: 43.44
2023-12-19 14:31:24.497069 Episodes 3600:, 
2023-12-19 14:31:24.497147 Total steps 180000/500000, 
2023-12-19 14:31:24.497359 Evaluation Reward: [20.73523426 22.80716823],
2023-12-19 14:31:24.497399 Time: 44.009
2023-12-19 14:32:05.818998 Episodes 3800:, 
2023-12-19 14:32:05.819094 Total steps 190000/500000, 
2023-12-19 14:32:05.819319 Evaluation Reward: [41.33278095 35.71786925],
2023-12-19 14:32:05.819367 Time: 41.306
2023-12-19 14:32:46.271535 Episodes 4000:, 
2023-12-19 14:32:46.271605 Total steps 200000/500000, 
2023-12-19 14:32:46.271822 Evaluation Reward: [40.90335689 20.00918684],
2023-12-19 14:32:46.271864 Time: 40.435
2023-12-19 14:33:26.051763 Episodes 4200:, 
2023-12-19 14:33:26.051859 Total steps 210000/500000, 
2023-12-19 14:33:26.052076 Evaluation Reward: [41.36920983 34.77431802],
2023-12-19 14:33:26.052118 Time: 39.762
2023-12-19 14:34:06.578974 Episodes 4400:, 
2023-12-19 14:34:06.579081 Total steps 220000/500000, 
2023-12-19 14:34:06.579360 Evaluation Reward: [39.55511698 42.81649025],
2023-12-19 14:34:06.579409 Time: 40.509
2023-12-19 14:34:44.144297 Episodes 4600:, 
2023-12-19 14:34:44.144371 Total steps 230000/500000, 
2023-12-19 14:34:44.144586 Evaluation Reward: [36.60795182 40.84014499],
2023-12-19 14:34:44.144624 Time: 37.519
2023-12-19 14:35:23.872573 Episodes 4800:, 
2023-12-19 14:35:23.872647 Total steps 240000/500000, 
2023-12-19 14:35:23.872857 Evaluation Reward: [43.75957973 42.24202913],
2023-12-19 14:35:23.872895 Time: 39.709
2023-12-19 14:36:00.070899 Episodes 5000:, 
2023-12-19 14:36:00.070970 Total steps 250000/500000, 
2023-12-19 14:36:00.071161 Evaluation Reward: [34.97413849 38.50548217],
2023-12-19 14:36:00.071202 Time: 36.18
2023-12-19 14:36:36.959795 Episodes 5200:, 
2023-12-19 14:36:36.959960 Total steps 260000/500000, 
2023-12-19 14:36:36.960170 Evaluation Reward: [39.61507784 39.70284894],
2023-12-19 14:36:36.960211 Time: 36.87
2023-12-19 14:37:13.086862 Episodes 5400:, 
2023-12-19 14:37:13.086939 Total steps 270000/500000, 
2023-12-19 14:37:13.087158 Evaluation Reward: [31.96299107 39.68955238],
2023-12-19 14:37:13.087197 Time: 36.107
2023-12-19 14:37:50.025664 Episodes 5600:, 
2023-12-19 14:37:50.025735 Total steps 280000/500000, 
2023-12-19 14:37:50.025929 Evaluation Reward: [43.56946155 36.22675006],
2023-12-19 14:37:50.025967 Time: 36.917
2023-12-19 14:38:27.351161 Episodes 5800:, 
2023-12-19 14:38:27.357541 Total steps 290000/500000, 
2023-12-19 14:38:27.357791 Evaluation Reward: [36.87416819 37.26799957],
2023-12-19 14:38:27.357842 Time: 37.311
2023-12-19 14:39:03.910852 Episodes 6000:, 
2023-12-19 14:39:03.910923 Total steps 300000/500000, 
2023-12-19 14:39:03.911161 Evaluation Reward: [43.04967077 38.85713189],
2023-12-19 14:39:03.911202 Time: 36.529
2023-12-19 14:39:40.435356 Episodes 6200:, 
2023-12-19 14:39:40.435427 Total steps 310000/500000, 
2023-12-19 14:39:40.435623 Evaluation Reward: [40.05791944 38.67406163],
2023-12-19 14:39:40.435662 Time: 36.496
2023-12-19 14:40:17.126047 Episodes 6400:, 
2023-12-19 14:40:17.126136 Total steps 320000/500000, 
2023-12-19 14:40:17.126413 Evaluation Reward: [40.51213605 36.73982855],
2023-12-19 14:40:17.126467 Time: 36.669
2023-12-19 14:40:54.425695 Episodes 6600:, 
2023-12-19 14:40:54.425768 Total steps 330000/500000, 
2023-12-19 14:40:54.425965 Evaluation Reward: [39.23145346 37.67629303],
2023-12-19 14:40:54.426002 Time: 37.272
2023-12-19 14:41:33.875157 Episodes 6800:, 
2023-12-19 14:41:33.875240 Total steps 340000/500000, 
2023-12-19 14:41:33.875453 Evaluation Reward: [40.40729175 40.1450258 ],
2023-12-19 14:41:33.875494 Time: 39.427
2023-12-19 14:42:15.836459 Episodes 7000:, 
2023-12-19 14:42:15.836564 Total steps 350000/500000, 
2023-12-19 14:42:15.836871 Evaluation Reward: [37.48638735 39.0627137 ],
2023-12-19 14:42:15.836925 Time: 41.938
2023-12-19 14:42:57.470009 Episodes 7200:, 
2023-12-19 14:42:57.470086 Total steps 360000/500000, 
2023-12-19 14:42:57.470289 Evaluation Reward: [41.46506136 41.99377831],
2023-12-19 14:42:57.470330 Time: 41.6
2023-12-19 14:43:40.044120 Episodes 7400:, 
2023-12-19 14:43:40.044221 Total steps 370000/500000, 
2023-12-19 14:43:40.044465 Evaluation Reward: [40.82534136 37.13356118],
2023-12-19 14:43:40.044514 Time: 42.548
2023-12-19 14:44:21.040154 Episodes 7600:, 
2023-12-19 14:44:21.040293 Total steps 380000/500000, 
2023-12-19 14:44:21.040708 Evaluation Reward: [41.48785728 37.61178369],
2023-12-19 14:44:21.040775 Time: 40.912
2023-12-19 14:45:03.806870 Episodes 7800:, 
2023-12-19 14:45:03.806954 Total steps 390000/500000, 
2023-12-19 14:45:03.807198 Evaluation Reward: [41.89674286 34.01604423],
2023-12-19 14:45:03.807241 Time: 42.709
2023-12-19 14:45:51.150786 Episodes 8000:, 
2023-12-19 14:45:51.150874 Total steps 400000/500000, 
2023-12-19 14:45:51.151105 Evaluation Reward: [40.63766135 40.24120688],
2023-12-19 14:45:51.151149 Time: 47.316
2023-12-19 14:46:29.691771 Episodes 8200:, 
2023-12-19 14:46:29.691905 Total steps 410000/500000, 
2023-12-19 14:46:29.692277 Evaluation Reward: [41.24457532 35.46246423],
2023-12-19 14:46:29.692335 Time: 38.511
2023-12-19 14:47:09.673019 Episodes 8400:, 
2023-12-19 14:47:09.673089 Total steps 420000/500000, 
2023-12-19 14:47:09.673345 Evaluation Reward: [42.34327399 40.36288635],
2023-12-19 14:47:09.673387 Time: 39.926
2023-12-19 14:47:48.875998 Episodes 8600:, 
2023-12-19 14:47:48.876088 Total steps 430000/500000, 
2023-12-19 14:47:48.876294 Evaluation Reward: [40.84164769 39.80441   ],
2023-12-19 14:47:48.876336 Time: 39.168
2023-12-19 14:48:26.600931 Episodes 8800:, 
2023-12-19 14:48:26.601012 Total steps 440000/500000, 
2023-12-19 14:48:26.601289 Evaluation Reward: [40.51303388 41.39188121],
2023-12-19 14:48:26.601352 Time: 37.696
2023-12-19 14:49:04.046698 Episodes 9000:, 
2023-12-19 14:49:04.046775 Total steps 450000/500000, 
2023-12-19 14:49:04.047006 Evaluation Reward: [44.00843443 34.03896658],
2023-12-19 14:49:04.047048 Time: 37.404
2023-12-19 14:49:44.739969 Episodes 9200:, 
2023-12-19 14:49:44.740041 Total steps 460000/500000, 
2023-12-19 14:49:44.740299 Evaluation Reward: [42.50680974 41.35468138],
2023-12-19 14:49:44.740351 Time: 40.661
2023-12-19 14:50:28.470439 Episodes 9400:, 
2023-12-19 14:50:28.470541 Total steps 470000/500000, 
2023-12-19 14:50:28.470870 Evaluation Reward: [33.55440068 42.9148388 ],
2023-12-19 14:50:28.470924 Time: 43.689
2023-12-19 14:51:06.491710 Episodes 9600:, 
2023-12-19 14:51:06.491786 Total steps 480000/500000, 
2023-12-19 14:51:06.492005 Evaluation Reward: [42.8074051  40.42379445],
2023-12-19 14:51:06.492046 Time: 37.965
2023-12-19 14:51:51.094859 Episodes 9800:, 
2023-12-19 14:51:51.094932 Total steps 490000/500000, 
2023-12-19 14:51:51.095195 Evaluation Reward: [39.66794785 42.57839185],
2023-12-19 14:51:51.095239 Time: 44.57
2023-12-19 14:52:34.415201 Episodes 10000:, 
2023-12-19 14:52:34.415314 Total steps 499999/500000, 
2023-12-19 14:52:34.415713 Evaluation Reward: [39.92921712 38.30615782],
2023-12-19 14:52:34.415773 Time: 43.283
2023-12-19 14:52:35.773609 Episodes 10000:, 
2023-12-19 14:52:35.773679 Total steps 500000/500000, 
2023-12-19 14:52:35.773981 Evaluation Reward: [39.66742967 42.15094771],
2023-12-19 14:52:35.774032 Time: 1.291
2023-12-19 14:52:35.822142 ========================================Basic Configurations========================================
2023-12-19 14:52:35.822217 Daemon Filename: /home/Desktop/studies/q_functionals_daemon/results/final/2agent_2landmarks/iddpg_run_50-step-update_func-polynomial_rank-2_episode-10000_lr0001_b512_l3_n256_m500000_iter1/timestamp.log
2023-12-19 14:52:35.822243 Training Environment: q_functions_2agent_2landmarks
2023-12-19 14:52:35.822265 Functional: polynomial
2023-12-19 14:52:35.822285 rank: 2
2023-12-19 14:52:35.822305 seed: 2
2023-12-19 14:52:35.822329 learning_rate: 0.001
2023-12-19 14:52:35.822350 target_network_learning_rate: 0.005
2023-12-19 14:52:35.822371 nb_runs: 5
2023-12-19 14:52:35.822391 ma_type: iddpg
2023-12-19 14:52:35.822410 policy_type: gaussian
2023-12-19 14:52:35.822431 noise_std: 0.05
2023-12-19 14:52:35.822453 ========================================Model Configurations========================================
2023-12-19 14:52:35.822475 TD3 Trick:: False
2023-12-19 14:52:35.822495 Entropy Regularization: 0.0
2023-12-19 14:52:35.822515 ======================================Sampling Configurations=======================================
2023-12-19 14:52:35.822535 : q_functions_2agent_2landmarks
2023-12-19 14:52:35.822555 Using quantile sampling during bootstrapping:: False
2023-12-19 14:52:35.822576 Using quantile sampling during evaluation interaction: False
2023-12-19 14:52:35.822596 Using quantile sampling during training interaction:: False
2023-12-19 14:52:35.822617 Sampling Percent: 0.01
2023-12-19 14:52:35.822637 Anneal Sampling Percent: False
2023-12-19 14:52:35.822657 ===============================================Split================================================
2023-12-19 14:52:35.823787 running on CUDA...
2023-12-19 14:53:01.503974 Episodes 0:, 
2023-12-19 14:53:01.504052 Total steps 0/500000, 
2023-12-19 14:53:01.504264 Evaluation Reward: [0.44032994 0.18882859],
2023-12-19 14:53:01.504305 Time: 25.554
2023-12-19 14:53:41.846088 Episodes 200:, 
2023-12-19 14:53:41.846152 Total steps 10000/500000, 
2023-12-19 14:53:41.846351 Evaluation Reward: [0.54561776 0.09884956],
2023-12-19 14:53:41.846388 Time: 40.342
2023-12-19 14:54:22.066400 Episodes 400:, 
2023-12-19 14:54:22.066473 Total steps 20000/500000, 
2023-12-19 14:54:22.066707 Evaluation Reward: [0.08750429 3.61089961],
2023-12-19 14:54:22.066754 Time: 40.21
2023-12-19 14:55:07.665820 Episodes 600:, 
2023-12-19 14:55:07.665903 Total steps 30000/500000, 
2023-12-19 14:55:07.666131 Evaluation Reward: [4.12126151 3.52939742],
2023-12-19 14:55:07.666180 Time: 45.589
2023-12-19 14:55:48.513133 Episodes 800:, 
2023-12-19 14:55:48.513225 Total steps 40000/500000, 
2023-12-19 14:55:48.513448 Evaluation Reward: [ 4.42007165 32.41207324],
2023-12-19 14:55:48.513488 Time: 40.837
2023-12-19 14:56:28.299855 Episodes 1000:, 
2023-12-19 14:56:28.299941 Total steps 50000/500000, 
2023-12-19 14:56:28.300229 Evaluation Reward: [ 7.76010204 32.31577088],
2023-12-19 14:56:28.300284 Time: 39.776
2023-12-19 14:57:06.051305 Episodes 1200:, 
2023-12-19 14:57:06.051396 Total steps 60000/500000, 
2023-12-19 14:57:06.051638 Evaluation Reward: [ 7.6008242  36.43343024],
2023-12-19 14:57:06.051683 Time: 37.737
2023-12-19 14:57:44.080814 Episodes 1400:, 
2023-12-19 14:57:44.080980 Total steps 70000/500000, 
2023-12-19 14:57:44.081314 Evaluation Reward: [15.35451179 34.09062408],
2023-12-19 14:57:44.081373 Time: 38.017
2023-12-19 14:58:24.042946 Episodes 1600:, 
2023-12-19 14:58:24.043038 Total steps 80000/500000, 
2023-12-19 14:58:24.043295 Evaluation Reward: [20.31452911 40.53811056],
2023-12-19 14:58:24.043340 Time: 39.936
2023-12-19 14:59:02.432813 Episodes 1800:, 
2023-12-19 14:59:02.432885 Total steps 90000/500000, 
2023-12-19 14:59:02.437089 Evaluation Reward: [24.81084039 29.49665327],
2023-12-19 14:59:02.437137 Time: 38.38
2023-12-19 14:59:42.793451 Episodes 2000:, 
2023-12-19 14:59:42.793522 Total steps 100000/500000, 
2023-12-19 14:59:42.793753 Evaluation Reward: [22.11486454 36.94964934],
2023-12-19 14:59:42.793794 Time: 40.344
2023-12-19 15:00:22.687739 Episodes 2200:, 
2023-12-19 15:00:22.687831 Total steps 110000/500000, 
2023-12-19 15:00:22.688041 Evaluation Reward: [28.00354251 38.10424781],
2023-12-19 15:00:22.688080 Time: 39.88
2023-12-19 15:01:04.120420 Episodes 2400:, 
2023-12-19 15:01:04.120624 Total steps 120000/500000, 
2023-12-19 15:01:04.120819 Evaluation Reward: [29.26493813 22.15932514],
2023-12-19 15:01:04.120856 Time: 41.419
2023-12-19 15:01:44.871420 Episodes 2600:, 
2023-12-19 15:01:44.871487 Total steps 130000/500000, 
2023-12-19 15:01:44.871704 Evaluation Reward: [24.39560338 34.21962134],
2023-12-19 15:01:44.871745 Time: 40.736
2023-12-19 15:02:25.896531 Episodes 2800:, 
2023-12-19 15:02:25.896609 Total steps 140000/500000, 
2023-12-19 15:02:25.896829 Evaluation Reward: [36.4786284  35.95063514],
2023-12-19 15:02:25.896877 Time: 41.009
2023-12-19 15:03:05.202022 Episodes 3000:, 
2023-12-19 15:03:05.202300 Total steps 150000/500000, 
2023-12-19 15:03:05.202565 Evaluation Reward: [28.28949736 38.55813902],
2023-12-19 15:03:05.202614 Time: 39.29
2023-12-19 15:03:47.264240 Episodes 3200:, 
2023-12-19 15:03:47.264318 Total steps 160000/500000, 
2023-12-19 15:03:47.264570 Evaluation Reward: [36.43927507 39.11679336],
2023-12-19 15:03:47.264660 Time: 42.039
2023-12-19 15:04:28.442456 Episodes 3400:, 
2023-12-19 15:04:28.442526 Total steps 170000/500000, 
2023-12-19 15:04:28.442728 Evaluation Reward: [31.15255809 41.37601184],
2023-12-19 15:04:28.442763 Time: 41.16
2023-12-19 15:05:06.534752 Episodes 3600:, 
2023-12-19 15:05:06.534920 Total steps 180000/500000, 
2023-12-19 15:05:06.535192 Evaluation Reward: [36.69485165 36.09373556],
2023-12-19 15:05:06.535236 Time: 38.076
2023-12-19 15:05:46.437419 Episodes 3800:, 
2023-12-19 15:05:46.437502 Total steps 190000/500000, 
2023-12-19 15:05:46.437721 Evaluation Reward: [34.663683   40.29222369],
2023-12-19 15:05:46.437767 Time: 39.877
2023-12-19 15:06:29.054511 Episodes 4000:, 
2023-12-19 15:06:29.054601 Total steps 200000/500000, 
2023-12-19 15:06:29.054858 Evaluation Reward: [27.08333424 27.78706386],
2023-12-19 15:06:29.054903 Time: 42.598
2023-12-19 15:07:12.515340 Episodes 4200:, 
2023-12-19 15:07:12.515419 Total steps 210000/500000, 
2023-12-19 15:07:12.515633 Evaluation Reward: [24.55818141 41.20111116],
2023-12-19 15:07:12.515678 Time: 43.44
2023-12-19 15:07:55.045028 Episodes 4400:, 
2023-12-19 15:07:55.045105 Total steps 220000/500000, 
2023-12-19 15:07:55.045387 Evaluation Reward: [28.78327007 38.05977249],
2023-12-19 15:07:55.045437 Time: 42.511
2023-12-19 15:08:32.793252 Episodes 4600:, 
2023-12-19 15:08:32.793340 Total steps 230000/500000, 
2023-12-19 15:08:32.793577 Evaluation Reward: [27.04829443 32.96576353],
2023-12-19 15:08:32.793618 Time: 37.727
2023-12-19 15:09:11.445670 Episodes 4800:, 
2023-12-19 15:09:11.445739 Total steps 240000/500000, 
2023-12-19 15:09:11.445959 Evaluation Reward: [34.38293352 42.97768939],
2023-12-19 15:09:11.446003 Time: 38.633
2023-12-19 15:09:51.398941 Episodes 5000:, 
2023-12-19 15:09:51.399031 Total steps 250000/500000, 
2023-12-19 15:09:51.399298 Evaluation Reward: [39.01754603 25.25509989],
2023-12-19 15:09:51.399361 Time: 39.932
2023-12-19 15:10:30.888065 Episodes 5200:, 
2023-12-19 15:10:30.888136 Total steps 260000/500000, 
2023-12-19 15:10:30.888347 Evaluation Reward: [40.93917933 40.05275211],
2023-12-19 15:10:30.888387 Time: 39.465
2023-12-19 15:11:12.025315 Episodes 5400:, 
2023-12-19 15:11:12.029769 Total steps 270000/500000, 
2023-12-19 15:11:12.030026 Evaluation Reward: [40.6615125  39.87453366],
2023-12-19 15:11:12.030064 Time: 41.121
2023-12-19 15:11:51.681332 Episodes 5600:, 
2023-12-19 15:11:51.681405 Total steps 280000/500000, 
2023-12-19 15:11:51.681615 Evaluation Reward: [39.27997377 40.14188565],
2023-12-19 15:11:51.681655 Time: 39.629
2023-12-19 15:12:31.726333 Episodes 5800:, 
2023-12-19 15:12:31.726401 Total steps 290000/500000, 
2023-12-19 15:12:31.726603 Evaluation Reward: [34.17477291 43.93143007],
2023-12-19 15:12:31.726643 Time: 40.023
2023-12-19 15:13:09.204610 Episodes 6000:, 
2023-12-19 15:13:09.204681 Total steps 300000/500000, 
2023-12-19 15:13:09.204936 Evaluation Reward: [40.62408433 41.76073092],
2023-12-19 15:13:09.204985 Time: 37.456
2023-12-19 15:13:49.700145 Episodes 6200:, 
2023-12-19 15:13:49.700263 Total steps 310000/500000, 
2023-12-19 15:13:49.700597 Evaluation Reward: [38.30923898 40.30381061],
2023-12-19 15:13:49.700658 Time: 40.417
2023-12-19 15:14:26.110301 Episodes 6400:, 
2023-12-19 15:14:26.110371 Total steps 320000/500000, 
2023-12-19 15:14:26.110572 Evaluation Reward: [33.78163932 36.59459878],
2023-12-19 15:14:26.110613 Time: 36.38
2023-12-19 15:15:05.638459 Episodes 6600:, 
2023-12-19 15:15:05.638612 Total steps 330000/500000, 
2023-12-19 15:15:05.639031 Evaluation Reward: [40.86579048 39.96243256],
2023-12-19 15:15:05.639106 Time: 39.506
2023-12-19 15:15:47.375540 Episodes 6800:, 
2023-12-19 15:15:47.375623 Total steps 340000/500000, 
2023-12-19 15:15:47.375857 Evaluation Reward: [20.6250606  36.64845027],
2023-12-19 15:15:47.375904 Time: 41.7
2023-12-19 15:16:33.531582 Episodes 7000:, 
2023-12-19 15:16:33.531660 Total steps 350000/500000, 
2023-12-19 15:16:33.531893 Evaluation Reward: [38.43428174 40.54480105],
2023-12-19 15:16:33.531940 Time: 46.131
2023-12-19 15:17:21.451005 Episodes 7200:, 
2023-12-19 15:17:21.451082 Total steps 360000/500000, 
2023-12-19 15:17:21.451309 Evaluation Reward: [39.52414934 40.09705033],
2023-12-19 15:17:21.451354 Time: 47.826
2023-12-19 15:18:08.891242 Episodes 7400:, 
2023-12-19 15:18:08.891332 Total steps 370000/500000, 
2023-12-19 15:18:08.891644 Evaluation Reward: [41.04044573 23.92757901],
2023-12-19 15:18:08.891702 Time: 47.4
2023-12-19 15:18:49.056328 Episodes 7600:, 
2023-12-19 15:18:49.056430 Total steps 380000/500000, 
2023-12-19 15:18:49.056773 Evaluation Reward: [23.80241539 40.4420628 ],
2023-12-19 15:18:49.056836 Time: 40.128
2023-12-19 15:19:32.591026 Episodes 7800:, 
2023-12-19 15:19:32.591106 Total steps 390000/500000, 
2023-12-19 15:19:32.591332 Evaluation Reward: [41.57406135 36.59387038],
2023-12-19 15:19:32.591386 Time: 43.501
2023-12-19 15:20:09.985072 Episodes 8000:, 
2023-12-19 15:20:09.985142 Total steps 400000/500000, 
2023-12-19 15:20:09.985359 Evaluation Reward: [39.8959784  41.48104917],
2023-12-19 15:20:09.985403 Time: 37.365
2023-12-19 15:20:51.965538 Episodes 8200:, 
2023-12-19 15:20:51.965614 Total steps 410000/500000, 
2023-12-19 15:20:51.965831 Evaluation Reward: [40.65300776 41.98119894],
2023-12-19 15:20:51.965870 Time: 41.952
2023-12-19 15:21:29.551434 Episodes 8400:, 
2023-12-19 15:21:29.551512 Total steps 420000/500000, 
2023-12-19 15:21:29.551728 Evaluation Reward: [36.88764073 41.21539211],
2023-12-19 15:21:29.551777 Time: 37.557
2023-12-19 15:22:06.854669 Episodes 8600:, 
2023-12-19 15:22:06.854740 Total steps 430000/500000, 
2023-12-19 15:22:06.854949 Evaluation Reward: [41.05897871 39.20427624],
2023-12-19 15:22:06.854990 Time: 37.274
2023-12-19 15:22:43.762001 Episodes 8800:, 
2023-12-19 15:22:43.762084 Total steps 440000/500000, 
2023-12-19 15:22:43.762285 Evaluation Reward: [39.51109454 34.54498133],
2023-12-19 15:22:43.762322 Time: 36.864
2023-12-19 15:23:21.118681 Episodes 9000:, 
2023-12-19 15:23:21.118765 Total steps 450000/500000, 
2023-12-19 15:23:21.118974 Evaluation Reward: [41.23160902 38.3773228 ],
2023-12-19 15:23:21.119017 Time: 37.327
2023-12-19 15:23:59.941217 Episodes 9200:, 
2023-12-19 15:23:59.941310 Total steps 460000/500000, 
2023-12-19 15:23:59.941531 Evaluation Reward: [41.15397481 41.71096925],
2023-12-19 15:23:59.941569 Time: 38.793
2023-12-19 15:24:38.040316 Episodes 9400:, 
2023-12-19 15:24:38.040400 Total steps 470000/500000, 
2023-12-19 15:24:38.040634 Evaluation Reward: [39.44738486 43.10199875],
2023-12-19 15:24:38.040677 Time: 38.069
2023-12-19 15:25:19.645580 Episodes 9600:, 
2023-12-19 15:25:19.645646 Total steps 480000/500000, 
2023-12-19 15:25:19.645846 Evaluation Reward: [38.02572009 43.11001614],
2023-12-19 15:25:19.645887 Time: 41.571
2023-12-19 15:25:57.440322 Episodes 9800:, 
2023-12-19 15:25:57.440393 Total steps 490000/500000, 
2023-12-19 15:25:57.440602 Evaluation Reward: [22.91336905 38.67296599],
2023-12-19 15:25:57.440646 Time: 37.764
2023-12-19 15:26:38.187514 Episodes 10000:, 
2023-12-19 15:26:38.187642 Total steps 499999/500000, 
2023-12-19 15:26:38.188014 Evaluation Reward: [40.92354147 41.15211961],
2023-12-19 15:26:38.188083 Time: 40.716
2023-12-19 15:26:39.681081 Episodes 10000:, 
2023-12-19 15:26:39.681160 Total steps 500000/500000, 
2023-12-19 15:26:39.681469 Evaluation Reward: [44.27945544 43.10543325],
2023-12-19 15:26:39.681520 Time: 1.344
2023-12-19 15:26:39.718112 ========================================Basic Configurations========================================
2023-12-19 15:26:39.718174 Daemon Filename: /home/Desktop/studies/q_functionals_daemon/results/final/2agent_2landmarks/iddpg_run_50-step-update_func-polynomial_rank-2_episode-10000_lr0001_b512_l3_n256_m500000_iter1/timestamp.log
2023-12-19 15:26:39.718195 Training Environment: q_functions_2agent_2landmarks
2023-12-19 15:26:39.718226 Functional: polynomial
2023-12-19 15:26:39.718251 rank: 2
2023-12-19 15:26:39.718269 seed: 3
2023-12-19 15:26:39.718289 learning_rate: 0.001
2023-12-19 15:26:39.718305 target_network_learning_rate: 0.005
2023-12-19 15:26:39.718320 nb_runs: 5
2023-12-19 15:26:39.718335 ma_type: iddpg
2023-12-19 15:26:39.718349 policy_type: gaussian
2023-12-19 15:26:39.718364 noise_std: 0.05
2023-12-19 15:26:39.718380 ========================================Model Configurations========================================
2023-12-19 15:26:39.718397 TD3 Trick:: False
2023-12-19 15:26:39.718412 Entropy Regularization: 0.0
2023-12-19 15:26:39.718427 ======================================Sampling Configurations=======================================
2023-12-19 15:26:39.718442 : q_functions_2agent_2landmarks
2023-12-19 15:26:39.718456 Using quantile sampling during bootstrapping:: False
2023-12-19 15:26:39.718471 Using quantile sampling during evaluation interaction: False
2023-12-19 15:26:39.718486 Using quantile sampling during training interaction:: False
2023-12-19 15:26:39.718502 Sampling Percent: 0.01
2023-12-19 15:26:39.718517 Anneal Sampling Percent: False
2023-12-19 15:26:39.718532 ===============================================Split================================================
2023-12-19 15:26:39.719747 running on CUDA...
2023-12-19 15:27:04.542267 Episodes 0:, 
2023-12-19 15:27:04.542353 Total steps 0/500000, 
2023-12-19 15:27:04.542556 Evaluation Reward: [0.36870152 2.94829147],
2023-12-19 15:27:04.542602 Time: 24.777
2023-12-19 15:27:45.049273 Episodes 200:, 
2023-12-19 15:27:45.049358 Total steps 10000/500000, 
2023-12-19 15:27:45.049565 Evaluation Reward: [0.08475305 2.67887257],
2023-12-19 15:27:45.049605 Time: 40.506
2023-12-19 15:28:25.177366 Episodes 400:, 
2023-12-19 15:28:25.177443 Total steps 20000/500000, 
2023-12-19 15:28:25.177651 Evaluation Reward: [0.27753382 0.17686188],
2023-12-19 15:28:25.177693 Time: 40.119
2023-12-19 15:29:05.350918 Episodes 600:, 
2023-12-19 15:29:05.351030 Total steps 30000/500000, 
2023-12-19 15:29:05.351370 Evaluation Reward: [3.95480273 0.26024798],
2023-12-19 15:29:05.351430 Time: 40.164
2023-12-19 15:29:44.872031 Episodes 800:, 
2023-12-19 15:29:44.872110 Total steps 40000/500000, 
2023-12-19 15:29:44.872333 Evaluation Reward: [1.55188299 9.30668757],
2023-12-19 15:29:44.872390 Time: 39.496
2023-12-19 15:30:26.274162 Episodes 1000:, 
2023-12-19 15:30:26.274235 Total steps 50000/500000, 
2023-12-19 15:30:26.274567 Evaluation Reward: [3.59260292 3.23757771],
2023-12-19 15:30:26.274609 Time: 41.391
2023-12-19 15:31:05.332788 Episodes 1200:, 
2023-12-19 15:31:05.332861 Total steps 60000/500000, 
2023-12-19 15:31:05.333081 Evaluation Reward: [ 8.79243436 17.09134766],
2023-12-19 15:31:05.333124 Time: 39.046
2023-12-19 15:31:43.071866 Episodes 1400:, 
2023-12-19 15:31:43.071937 Total steps 70000/500000, 
2023-12-19 15:31:43.072149 Evaluation Reward: [36.18685675 20.2208622 ],
2023-12-19 15:31:43.072190 Time: 37.728
2023-12-19 15:32:20.701060 Episodes 1600:, 
2023-12-19 15:32:20.701132 Total steps 80000/500000, 
2023-12-19 15:32:20.701358 Evaluation Reward: [34.30686507  8.94065053],
2023-12-19 15:32:20.701399 Time: 37.617
2023-12-19 15:33:01.400218 Episodes 1800:, 
2023-12-19 15:33:01.400290 Total steps 90000/500000, 
2023-12-19 15:33:01.400545 Evaluation Reward: [40.43953626 13.68211462],
2023-12-19 15:33:01.400588 Time: 40.687
2023-12-19 15:33:38.995918 Episodes 2000:, 
2023-12-19 15:33:38.995992 Total steps 100000/500000, 
2023-12-19 15:33:38.996203 Evaluation Reward: [36.06360254 31.2293046 ],
2023-12-19 15:33:38.996243 Time: 37.582
2023-12-19 15:34:17.527623 Episodes 2200:, 
2023-12-19 15:34:17.527694 Total steps 110000/500000, 
2023-12-19 15:34:17.527903 Evaluation Reward: [40.65806762 28.94180381],
2023-12-19 15:34:17.527945 Time: 38.518
2023-12-19 15:34:55.867738 Episodes 2400:, 
2023-12-19 15:34:55.867822 Total steps 120000/500000, 
2023-12-19 15:34:55.868106 Evaluation Reward: [40.52979982 26.26448734],
2023-12-19 15:34:55.868159 Time: 38.326
2023-12-19 15:35:38.066812 Episodes 2600:, 
2023-12-19 15:35:38.066889 Total steps 130000/500000, 
2023-12-19 15:35:38.067114 Evaluation Reward: [37.69125864 34.85770196],
2023-12-19 15:35:38.067153 Time: 42.181
2023-12-19 15:36:14.222248 Episodes 2800:, 
2023-12-19 15:36:14.222335 Total steps 140000/500000, 
2023-12-19 15:36:14.222559 Evaluation Reward: [38.21848176 32.9502961 ],
2023-12-19 15:36:14.222597 Time: 36.141
2023-12-19 15:36:53.567631 Episodes 3000:, 
2023-12-19 15:36:53.567709 Total steps 150000/500000, 
2023-12-19 15:36:53.567918 Evaluation Reward: [41.32847992 39.08011362],
2023-12-19 15:36:53.567958 Time: 39.331
2023-12-19 15:37:31.169241 Episodes 3200:, 
2023-12-19 15:37:31.169322 Total steps 160000/500000, 
2023-12-19 15:37:31.169545 Evaluation Reward: [40.91160086 33.76198768],
2023-12-19 15:37:31.169587 Time: 37.586
2023-12-19 15:38:09.695032 Episodes 3400:, 
2023-12-19 15:38:09.695112 Total steps 170000/500000, 
2023-12-19 15:38:09.695387 Evaluation Reward: [35.61180125 39.39385277],
2023-12-19 15:38:09.695439 Time: 38.51
2023-12-19 15:38:48.253696 Episodes 3600:, 
2023-12-19 15:38:48.253767 Total steps 180000/500000, 
2023-12-19 15:38:48.253977 Evaluation Reward: [40.7637285  39.67160037],
2023-12-19 15:38:48.254016 Time: 38.535
2023-12-19 15:39:29.129114 Episodes 3800:, 
2023-12-19 15:39:29.129198 Total steps 190000/500000, 
2023-12-19 15:39:29.129445 Evaluation Reward: [41.22165132 40.67046422],
2023-12-19 15:39:29.129497 Time: 40.858
2023-12-19 15:40:05.563058 Episodes 4000:, 
2023-12-19 15:40:05.563128 Total steps 200000/500000, 
2023-12-19 15:40:05.563330 Evaluation Reward: [41.13373885 41.61610247],
2023-12-19 15:40:05.563369 Time: 36.415
2023-12-19 15:40:41.740581 Episodes 4200:, 
2023-12-19 15:40:41.740652 Total steps 210000/500000, 
2023-12-19 15:40:41.740868 Evaluation Reward: [40.36254676 35.70266554],
2023-12-19 15:40:41.740908 Time: 36.16
2023-12-19 15:41:18.708042 Episodes 4400:, 
2023-12-19 15:41:18.708158 Total steps 220000/500000, 
2023-12-19 15:41:18.708420 Evaluation Reward: [37.1378078  38.38653171],
2023-12-19 15:41:18.708462 Time: 36.949
2023-12-19 15:42:00.968182 Episodes 4600:, 
2023-12-19 15:42:00.968268 Total steps 230000/500000, 
2023-12-19 15:42:00.968586 Evaluation Reward: [41.10621227 40.90124869],
2023-12-19 15:42:00.968639 Time: 42.237
2023-12-19 15:42:39.217662 Episodes 4800:, 
2023-12-19 15:42:39.217732 Total steps 240000/500000, 
2023-12-19 15:42:39.217937 Evaluation Reward: [37.93754662 37.87879304],
2023-12-19 15:42:39.217977 Time: 38.222
2023-12-19 15:43:15.759318 Episodes 5000:, 
2023-12-19 15:43:15.759398 Total steps 250000/500000, 
2023-12-19 15:43:15.759601 Evaluation Reward: [40.56499283 40.94871486],
2023-12-19 15:43:15.759645 Time: 36.522
2023-12-19 15:43:54.407127 Episodes 5200:, 
2023-12-19 15:43:54.407211 Total steps 260000/500000, 
2023-12-19 15:43:54.407428 Evaluation Reward: [40.03059255 27.88029633],
2023-12-19 15:43:54.407467 Time: 38.627
2023-12-19 15:44:33.798411 Episodes 5400:, 
2023-12-19 15:44:33.798493 Total steps 270000/500000, 
2023-12-19 15:44:33.798694 Evaluation Reward: [37.72885203 41.9091449 ],
2023-12-19 15:44:33.798736 Time: 39.37
2023-12-19 15:45:16.881286 Episodes 5600:, 
2023-12-19 15:45:16.881383 Total steps 280000/500000, 
2023-12-19 15:45:16.881590 Evaluation Reward: [22.41524954 41.67754066],
2023-12-19 15:45:16.881627 Time: 43.062
2023-12-19 15:45:55.352047 Episodes 5800:, 
2023-12-19 15:45:55.352118 Total steps 290000/500000, 
2023-12-19 15:45:55.352316 Evaluation Reward: [40.77528945 35.15932225],
2023-12-19 15:45:55.352359 Time: 38.45
2023-12-19 15:46:33.244496 Episodes 6000:, 
2023-12-19 15:46:33.244574 Total steps 300000/500000, 
2023-12-19 15:46:33.244785 Evaluation Reward: [35.96688793 39.55118305],
2023-12-19 15:46:33.244841 Time: 37.871
2023-12-19 15:47:11.704767 Episodes 6200:, 
2023-12-19 15:47:11.704840 Total steps 310000/500000, 
2023-12-19 15:47:11.705040 Evaluation Reward: [39.8940093  35.65265601],
2023-12-19 15:47:11.705084 Time: 38.438
2023-12-19 15:47:53.354980 Episodes 6400:, 
2023-12-19 15:47:53.355064 Total steps 320000/500000, 
2023-12-19 15:47:53.355274 Evaluation Reward: [39.41639109 40.06262972],
2023-12-19 15:47:53.355327 Time: 41.627
2023-12-19 15:48:32.640529 Episodes 6600:, 
2023-12-19 15:48:32.640604 Total steps 330000/500000, 
2023-12-19 15:48:32.640829 Evaluation Reward: [40.49773462 36.08754393],
2023-12-19 15:48:32.640869 Time: 39.261
2023-12-19 15:49:12.096542 Episodes 6800:, 
2023-12-19 15:49:12.096619 Total steps 340000/500000, 
2023-12-19 15:49:12.096821 Evaluation Reward: [40.90719154 38.44789942],
2023-12-19 15:49:12.096861 Time: 39.431
2023-12-19 15:49:50.052072 Episodes 7000:, 
2023-12-19 15:49:50.052280 Total steps 350000/500000, 
2023-12-19 15:49:50.052497 Evaluation Reward: [41.67651687 35.42769345],
2023-12-19 15:49:50.052538 Time: 37.932
2023-12-19 15:50:26.802340 Episodes 7200:, 
2023-12-19 15:50:26.802414 Total steps 360000/500000, 
2023-12-19 15:50:26.802613 Evaluation Reward: [42.25736509 40.10105203],
2023-12-19 15:50:26.802650 Time: 36.725
2023-12-19 15:51:03.206332 Episodes 7400:, 
2023-12-19 15:51:03.206408 Total steps 370000/500000, 
2023-12-19 15:51:03.206612 Evaluation Reward: [39.92736217 30.24746464],
2023-12-19 15:51:03.206651 Time: 36.379
2023-12-19 15:51:39.524842 Episodes 7600:, 
2023-12-19 15:51:39.524918 Total steps 380000/500000, 
2023-12-19 15:51:39.525135 Evaluation Reward: [35.61895076 36.45446413],
2023-12-19 15:51:39.525175 Time: 36.292
2023-12-19 15:52:16.970832 Episodes 7800:, 
2023-12-19 15:52:16.970909 Total steps 390000/500000, 
2023-12-19 15:52:16.971147 Evaluation Reward: [40.2712839  36.81402126],
2023-12-19 15:52:16.971190 Time: 37.42
2023-12-19 15:52:56.055694 Episodes 8000:, 
2023-12-19 15:52:56.055773 Total steps 400000/500000, 
2023-12-19 15:52:56.055994 Evaluation Reward: [39.64045377 42.04258219],
2023-12-19 15:52:56.056034 Time: 39.054
2023-12-19 15:53:36.538149 Episodes 8200:, 
2023-12-19 15:53:36.538219 Total steps 410000/500000, 
2023-12-19 15:53:36.538422 Evaluation Reward: [34.39219121 41.40814445],
2023-12-19 15:53:36.538461 Time: 40.455
2023-12-19 15:54:18.434667 Episodes 8400:, 
2023-12-19 15:54:18.434760 Total steps 420000/500000, 
2023-12-19 15:54:18.435013 Evaluation Reward: [40.61233126 40.38669845],
2023-12-19 15:54:18.435099 Time: 41.866
2023-12-19 15:54:58.463996 Episodes 8600:, 
2023-12-19 15:54:58.464071 Total steps 430000/500000, 
2023-12-19 15:54:58.464329 Evaluation Reward: [37.62570388 43.19154269],
2023-12-19 15:54:58.464378 Time: 39.992
2023-12-19 15:55:36.968573 Episodes 8800:, 
2023-12-19 15:55:36.968653 Total steps 440000/500000, 
2023-12-19 15:55:36.968874 Evaluation Reward: [36.72880941 42.45324139],
2023-12-19 15:55:36.968922 Time: 38.464
2023-12-19 15:56:18.686272 Episodes 9000:, 
2023-12-19 15:56:18.686344 Total steps 450000/500000, 
2023-12-19 15:56:18.686538 Evaluation Reward: [42.03189145 37.47019779],
2023-12-19 15:56:18.686579 Time: 41.688
2023-12-19 15:57:00.923316 Episodes 9200:, 
2023-12-19 15:57:00.923397 Total steps 460000/500000, 
2023-12-19 15:57:00.923619 Evaluation Reward: [39.6560946  34.25250553],
2023-12-19 15:57:00.923661 Time: 42.209
2023-12-19 15:57:40.222766 Episodes 9400:, 
2023-12-19 15:57:40.222842 Total steps 470000/500000, 
2023-12-19 15:57:40.223049 Evaluation Reward: [35.69129617 40.94485077],
2023-12-19 15:57:40.223088 Time: 39.264
2023-12-19 15:58:16.549809 Episodes 9600:, 
2023-12-19 15:58:16.549886 Total steps 480000/500000, 
2023-12-19 15:58:16.550105 Evaluation Reward: [42.24730238 36.05452776],
2023-12-19 15:58:16.550145 Time: 36.296
2023-12-19 15:58:52.867550 Episodes 9800:, 
2023-12-19 15:58:52.867630 Total steps 490000/500000, 
2023-12-19 15:58:52.867847 Evaluation Reward: [38.86223429 42.45366318],
2023-12-19 15:58:52.867888 Time: 36.235
2023-12-19 15:59:30.600956 Episodes 10000:, 
2023-12-19 15:59:30.601032 Total steps 499999/500000, 
2023-12-19 15:59:30.601257 Evaluation Reward: [42.59534543 40.62661594],
2023-12-19 15:59:30.601306 Time: 37.7
2023-12-19 15:59:31.876016 Episodes 10000:, 
2023-12-19 15:59:31.876083 Total steps 500000/500000, 
2023-12-19 15:59:31.876285 Evaluation Reward: [38.88661318 34.17970386],
2023-12-19 15:59:31.876323 Time: 1.241
2023-12-19 15:59:31.910810 ========================================Basic Configurations========================================
2023-12-19 15:59:31.910888 Daemon Filename: /home/Desktop/studies/q_functionals_daemon/results/final/2agent_2landmarks/iddpg_run_50-step-update_func-polynomial_rank-2_episode-10000_lr0001_b512_l3_n256_m500000_iter1/timestamp.log
2023-12-19 15:59:31.910918 Training Environment: q_functions_2agent_2landmarks
2023-12-19 15:59:31.910936 Functional: polynomial
2023-12-19 15:59:31.910953 rank: 2
2023-12-19 15:59:31.910968 seed: 4
2023-12-19 15:59:31.910987 learning_rate: 0.001
2023-12-19 15:59:31.911003 target_network_learning_rate: 0.005
2023-12-19 15:59:31.911018 nb_runs: 5
2023-12-19 15:59:31.911032 ma_type: iddpg
2023-12-19 15:59:31.911046 policy_type: gaussian
2023-12-19 15:59:31.911061 noise_std: 0.05
2023-12-19 15:59:31.911078 ========================================Model Configurations========================================
2023-12-19 15:59:31.911094 TD3 Trick:: False
2023-12-19 15:59:31.911110 Entropy Regularization: 0.0
2023-12-19 15:59:31.911125 ======================================Sampling Configurations=======================================
2023-12-19 15:59:31.911139 : q_functions_2agent_2landmarks
2023-12-19 15:59:31.911154 Using quantile sampling during bootstrapping:: False
2023-12-19 15:59:31.911169 Using quantile sampling during evaluation interaction: False
2023-12-19 15:59:31.911184 Using quantile sampling during training interaction:: False
2023-12-19 15:59:31.911199 Sampling Percent: 0.01
2023-12-19 15:59:31.911214 Anneal Sampling Percent: False
2023-12-19 15:59:31.911228 ===============================================Split================================================
2023-12-19 15:59:31.912276 running on CUDA...
2023-12-19 15:59:56.358878 Episodes 0:, 
2023-12-19 15:59:56.358966 Total steps 0/500000, 
2023-12-19 15:59:56.359181 Evaluation Reward: [1.59224627 0.45217149],
2023-12-19 15:59:56.359221 Time: 24.399
2023-12-19 16:00:31.915357 Episodes 200:, 
2023-12-19 16:00:31.915435 Total steps 10000/500000, 
2023-12-19 16:00:31.915635 Evaluation Reward: [2.08555852 0.25881821],
2023-12-19 16:00:31.915682 Time: 35.556
2023-12-19 16:01:07.957120 Episodes 400:, 
2023-12-19 16:01:07.957204 Total steps 20000/500000, 
2023-12-19 16:01:07.957416 Evaluation Reward: [0.09930768 0.43655138],
2023-12-19 16:01:07.957456 Time: 36.032
2023-12-19 16:01:44.850197 Episodes 600:, 
2023-12-19 16:01:44.850281 Total steps 30000/500000, 
2023-12-19 16:01:44.850491 Evaluation Reward: [1.31633748e+00 1.87148414e-04],
2023-12-19 16:01:44.850534 Time: 36.883
2023-12-19 16:02:21.045922 Episodes 800:, 
2023-12-19 16:02:21.046012 Total steps 40000/500000, 
2023-12-19 16:02:21.046222 Evaluation Reward: [5.12018708 3.98830748],
2023-12-19 16:02:21.046266 Time: 36.186
2023-12-19 16:02:58.119371 Episodes 1000:, 
2023-12-19 16:02:58.119447 Total steps 50000/500000, 
2023-12-19 16:02:58.119675 Evaluation Reward: [0.84398074 1.09013769],
2023-12-19 16:02:58.119720 Time: 37.063
2023-12-19 16:03:37.628751 Episodes 1200:, 
2023-12-19 16:03:37.628838 Total steps 60000/500000, 
2023-12-19 16:03:37.629085 Evaluation Reward: [4.22002195 1.39608228],
2023-12-19 16:03:37.629137 Time: 39.49
2023-12-19 16:04:15.337033 Episodes 1400:, 
2023-12-19 16:04:15.337108 Total steps 70000/500000, 
2023-12-19 16:04:15.337316 Evaluation Reward: [6.34005186 3.11404678],
2023-12-19 16:04:15.337357 Time: 37.693
2023-12-19 16:04:53.114686 Episodes 1600:, 
2023-12-19 16:04:53.114762 Total steps 80000/500000, 
2023-12-19 16:04:53.114976 Evaluation Reward: [4.57431125 4.40795017],
2023-12-19 16:04:53.115017 Time: 37.766
2023-12-19 16:05:30.209579 Episodes 1800:, 
2023-12-19 16:05:30.209667 Total steps 90000/500000, 
2023-12-19 16:05:30.209879 Evaluation Reward: [13.31418771 11.6676554 ],
2023-12-19 16:05:30.209920 Time: 37.027
2023-12-19 16:06:06.423548 Episodes 2000:, 
2023-12-19 16:06:06.423633 Total steps 100000/500000, 
2023-12-19 16:06:06.423862 Evaluation Reward: [39.47796503  7.40108242],
2023-12-19 16:06:06.423906 Time: 36.201
2023-12-19 16:06:43.984915 Episodes 2200:, 
2023-12-19 16:06:43.984987 Total steps 110000/500000, 
2023-12-19 16:06:43.985196 Evaluation Reward: [34.67814981 21.11569586],
2023-12-19 16:06:43.985241 Time: 37.548
2023-12-19 16:07:20.902037 Episodes 2400:, 
2023-12-19 16:07:20.902112 Total steps 120000/500000, 
2023-12-19 16:07:20.902317 Evaluation Reward: [38.70640235 39.26214683],
2023-12-19 16:07:20.902356 Time: 36.903
2023-12-19 16:07:57.353597 Episodes 2600:, 
2023-12-19 16:07:57.353667 Total steps 130000/500000, 
2023-12-19 16:07:57.353869 Evaluation Reward: [37.06777206 27.50771869],
2023-12-19 16:07:57.353907 Time: 36.437
2023-12-19 16:08:34.028205 Episodes 2800:, 
2023-12-19 16:08:34.028274 Total steps 140000/500000, 
2023-12-19 16:08:34.028477 Evaluation Reward: [41.88129272 25.38212915],
2023-12-19 16:08:34.028518 Time: 36.66
2023-12-19 16:09:10.371397 Episodes 3000:, 
2023-12-19 16:09:10.371480 Total steps 150000/500000, 
2023-12-19 16:09:10.371683 Evaluation Reward: [39.46977434  9.2989491 ],
2023-12-19 16:09:10.371726 Time: 36.328
2023-12-19 16:09:47.245713 Episodes 3200:, 
2023-12-19 16:09:47.245797 Total steps 160000/500000, 
2023-12-19 16:09:47.246004 Evaluation Reward: [37.4626426  39.98822418],
2023-12-19 16:09:47.246052 Time: 36.859
2023-12-19 16:10:23.638576 Episodes 3400:, 
2023-12-19 16:10:23.638645 Total steps 170000/500000, 
2023-12-19 16:10:23.638853 Evaluation Reward: [41.30682283 38.53308225],
2023-12-19 16:10:23.638898 Time: 36.376
2023-12-19 16:11:00.456003 Episodes 3600:, 
2023-12-19 16:11:00.456070 Total steps 180000/500000, 
2023-12-19 16:11:00.456275 Evaluation Reward: [42.13792461 29.38544567],
2023-12-19 16:11:00.456315 Time: 36.8
2023-12-19 16:11:37.328235 Episodes 3800:, 
2023-12-19 16:11:37.328308 Total steps 190000/500000, 
2023-12-19 16:11:37.328533 Evaluation Reward: [39.23369718 32.89805981],
2023-12-19 16:11:37.328574 Time: 36.853
2023-12-19 16:12:14.786457 Episodes 4000:, 
2023-12-19 16:12:14.786533 Total steps 200000/500000, 
2023-12-19 16:12:14.786742 Evaluation Reward: [40.68625828 32.83854743],
2023-12-19 16:12:14.786780 Time: 37.439
2023-12-19 16:12:51.504201 Episodes 4200:, 
2023-12-19 16:12:51.504269 Total steps 210000/500000, 
2023-12-19 16:12:51.504463 Evaluation Reward: [42.69540607 41.5141836 ],
2023-12-19 16:12:51.504502 Time: 36.699
2023-12-19 16:13:29.361030 Episodes 4400:, 
2023-12-19 16:13:29.361095 Total steps 220000/500000, 
2023-12-19 16:13:29.361302 Evaluation Reward: [35.45318652 29.644527  ],
2023-12-19 16:13:29.361360 Time: 37.839
2023-12-19 16:14:08.947615 Episodes 4600:, 
2023-12-19 16:14:08.947717 Total steps 230000/500000, 
2023-12-19 16:14:08.948139 Evaluation Reward: [43.29355444 40.11726746],
2023-12-19 16:14:08.948200 Time: 39.565
2023-12-19 16:14:45.540415 Episodes 4800:, 
2023-12-19 16:14:45.540484 Total steps 240000/500000, 
2023-12-19 16:14:45.540674 Evaluation Reward: [43.112097   42.29766797],
2023-12-19 16:14:45.540710 Time: 36.555
2023-12-19 16:15:21.475848 Episodes 5000:, 
2023-12-19 16:15:21.475920 Total steps 250000/500000, 
2023-12-19 16:15:21.476121 Evaluation Reward: [34.13930595 34.22734928],
2023-12-19 16:15:21.476160 Time: 35.915
2023-12-19 16:15:57.282668 Episodes 5200:, 
2023-12-19 16:15:57.282734 Total steps 260000/500000, 
2023-12-19 16:15:57.282924 Evaluation Reward: [41.24883055 37.98346505],
2023-12-19 16:15:57.282961 Time: 35.787
2023-12-19 16:16:33.424279 Episodes 5400:, 
2023-12-19 16:16:33.424346 Total steps 270000/500000, 
2023-12-19 16:16:33.424545 Evaluation Reward: [42.81686199 38.24973665],
2023-12-19 16:16:33.424586 Time: 36.12
2023-12-19 16:17:09.654343 Episodes 5600:, 
2023-12-19 16:17:09.654416 Total steps 280000/500000, 
2023-12-19 16:17:09.654654 Evaluation Reward: [35.12769732 41.20944281],
2023-12-19 16:17:09.654703 Time: 36.209
2023-12-19 16:17:45.698179 Episodes 5800:, 
2023-12-19 16:17:45.698260 Total steps 290000/500000, 
2023-12-19 16:17:45.698455 Evaluation Reward: [38.10377202 35.98561209],
2023-12-19 16:17:45.698496 Time: 36.022
2023-12-19 16:18:21.482060 Episodes 6000:, 
2023-12-19 16:18:21.482135 Total steps 300000/500000, 
2023-12-19 16:18:21.482332 Evaluation Reward: [39.54773038 41.32867668],
2023-12-19 16:18:21.482369 Time: 35.761
2023-12-19 16:18:57.201328 Episodes 6200:, 
2023-12-19 16:18:57.201424 Total steps 310000/500000, 
2023-12-19 16:18:57.201738 Evaluation Reward: [35.70251935 37.6774598 ],
2023-12-19 16:18:57.201794 Time: 35.697
2023-12-19 16:19:33.814526 Episodes 6400:, 
2023-12-19 16:19:33.814606 Total steps 320000/500000, 
2023-12-19 16:19:33.814814 Evaluation Reward: [26.79131943 42.22344401],
2023-12-19 16:19:33.814854 Time: 36.591
2023-12-19 16:20:10.090825 Episodes 6600:, 
2023-12-19 16:20:10.090893 Total steps 330000/500000, 
2023-12-19 16:20:10.091084 Evaluation Reward: [42.22555464 19.7940851 ],
2023-12-19 16:20:10.091125 Time: 36.25
2023-12-19 16:20:44.870607 Episodes 6800:, 
2023-12-19 16:20:44.870679 Total steps 340000/500000, 
2023-12-19 16:20:44.870879 Evaluation Reward: [41.99125834 37.17031949],
2023-12-19 16:20:44.870920 Time: 34.757
2023-12-19 16:21:20.190767 Episodes 7000:, 
2023-12-19 16:21:20.190843 Total steps 350000/500000, 
2023-12-19 16:21:20.191055 Evaluation Reward: [44.04317048 39.01343775],
2023-12-19 16:21:20.191093 Time: 35.295
2023-12-19 16:21:56.004980 Episodes 7200:, 
2023-12-19 16:21:56.005057 Total steps 360000/500000, 
2023-12-19 16:21:56.005252 Evaluation Reward: [41.62673368 39.95202907],
2023-12-19 16:21:56.005288 Time: 35.789
2023-12-19 16:22:31.411555 Episodes 7400:, 
2023-12-19 16:22:31.411625 Total steps 370000/500000, 
2023-12-19 16:22:31.411824 Evaluation Reward: [40.94466522 37.62419034],
2023-12-19 16:22:31.411864 Time: 35.383
2023-12-19 16:23:06.814087 Episodes 7600:, 
2023-12-19 16:23:06.814153 Total steps 380000/500000, 
2023-12-19 16:23:06.814358 Evaluation Reward: [40.00943503 31.5961767 ],
2023-12-19 16:23:06.814396 Time: 35.377
2023-12-19 16:23:42.309547 Episodes 7800:, 
2023-12-19 16:23:42.309615 Total steps 390000/500000, 
2023-12-19 16:23:42.309807 Evaluation Reward: [42.10895132 21.44725608],
2023-12-19 16:23:42.309843 Time: 35.468
2023-12-19 16:24:17.762454 Episodes 8000:, 
2023-12-19 16:24:17.762521 Total steps 400000/500000, 
2023-12-19 16:24:17.762770 Evaluation Reward: [41.5560651  42.67040321],
2023-12-19 16:24:17.762814 Time: 35.424
2023-12-19 16:24:52.934668 Episodes 8200:, 
2023-12-19 16:24:52.934753 Total steps 410000/500000, 
2023-12-19 16:24:52.934965 Evaluation Reward: [29.54135612 39.30157154],
2023-12-19 16:24:52.935011 Time: 35.137
2023-12-19 16:25:32.403187 Episodes 8400:, 
2023-12-19 16:25:32.403268 Total steps 420000/500000, 
2023-12-19 16:25:32.403461 Evaluation Reward: [36.32373842 38.43892107],
2023-12-19 16:25:32.403500 Time: 39.439
2023-12-19 16:26:08.058266 Episodes 8600:, 
2023-12-19 16:26:08.058333 Total steps 430000/500000, 
2023-12-19 16:26:08.058524 Evaluation Reward: [41.62191399 40.87228139],
2023-12-19 16:26:08.058560 Time: 35.626
2023-12-19 16:26:43.428049 Episodes 8800:, 
2023-12-19 16:26:43.428119 Total steps 440000/500000, 
2023-12-19 16:26:43.428305 Evaluation Reward: [39.45753808 19.05288062],
2023-12-19 16:26:43.428346 Time: 35.341
2023-12-19 16:27:18.961932 Episodes 9000:, 
2023-12-19 16:27:18.962018 Total steps 450000/500000, 
2023-12-19 16:27:18.962246 Evaluation Reward: [37.37802129 42.11797357],
2023-12-19 16:27:18.962285 Time: 35.506
2023-12-19 16:27:54.655637 Episodes 9200:, 
2023-12-19 16:27:54.655705 Total steps 460000/500000, 
2023-12-19 16:27:54.655900 Evaluation Reward: [40.47042719 30.42697418],
2023-12-19 16:27:54.655938 Time: 35.665
2023-12-19 16:28:30.482378 Episodes 9400:, 
2023-12-19 16:28:30.482447 Total steps 470000/500000, 
2023-12-19 16:28:30.482648 Evaluation Reward: [39.21691839 39.4432819 ],
2023-12-19 16:28:30.482687 Time: 35.797
2023-12-19 16:29:06.010484 Episodes 9600:, 
2023-12-19 16:29:06.010566 Total steps 480000/500000, 
2023-12-19 16:29:06.010769 Evaluation Reward: [35.85719527 35.75481633],
2023-12-19 16:29:06.010816 Time: 35.497
2023-12-19 16:29:41.498423 Episodes 9800:, 
2023-12-19 16:29:41.498491 Total steps 490000/500000, 
2023-12-19 16:29:41.498690 Evaluation Reward: [42.4339034  36.66907122],
2023-12-19 16:29:41.498727 Time: 35.456
2023-12-19 16:30:17.106673 Episodes 10000:, 
2023-12-19 16:30:17.106736 Total steps 499999/500000, 
2023-12-19 16:30:17.106967 Evaluation Reward: [42.09216385 41.21388477],
2023-12-19 16:30:17.107012 Time: 35.577
2023-12-19 16:30:18.385920 Episodes 10000:, 
2023-12-19 16:30:18.385992 Total steps 500000/500000, 
2023-12-19 16:30:18.386206 Evaluation Reward: [42.0420278  40.72014448],
2023-12-19 16:30:18.386247 Time: 1.23
