2023-12-21 14:37:53.930016 ========================================Basic Configurations========================================
2023-12-21 14:37:53.930070 Daemon Filename: /home/Desktop/studies/q_functionals_daemon/results/final/2agent_2landmarks/cddpg_run_10-step-update_func-polynomial_rank-2_episode-10000_lr0001_b512_l3_n256_m500000_iter1/timestamp.log
2023-12-21 14:37:53.930094 Training Environment: q_functions_2agent_2landmarks
2023-12-21 14:37:53.930113 Functional: polynomial
2023-12-21 14:37:53.930130 rank: 2
2023-12-21 14:37:53.930148 seed: 0
2023-12-21 14:37:53.930167 learning_rate: 0.001
2023-12-21 14:37:53.930186 target_network_learning_rate: 0.005
2023-12-21 14:37:53.930202 nb_runs: 5
2023-12-21 14:37:53.930220 ma_type: cddpg
2023-12-21 14:37:53.930236 policy_type: gaussian
2023-12-21 14:37:53.930254 noise_std: 0.05
2023-12-21 14:37:53.930277 ========================================Model Configurations========================================
2023-12-21 14:37:53.930295 TD3 Trick:: False
2023-12-21 14:37:53.930312 Entropy Regularization: 0.0
2023-12-21 14:37:53.930329 ======================================Sampling Configurations=======================================
2023-12-21 14:37:53.930347 : q_functions_2agent_2landmarks
2023-12-21 14:37:53.930365 Using quantile sampling during bootstrapping:: False
2023-12-21 14:37:53.930382 Using quantile sampling during evaluation interaction: False
2023-12-21 14:37:53.930399 Using quantile sampling during training interaction:: False
2023-12-21 14:37:53.930416 Sampling Percent: 0.01
2023-12-21 14:37:53.930445 Anneal Sampling Percent: False
2023-12-21 14:37:53.930463 ===============================================Split================================================
2023-12-21 14:37:53.956158 running on CUDA...
2023-12-21 14:38:11.917226 Episodes 0:, 
2023-12-21 14:38:11.924620 Total steps 0/500000, 
2023-12-21 14:38:11.924897 Evaluation Reward: [0.96992517 0.37826529],
2023-12-21 14:38:11.924937 Time: 16.63
2023-12-21 14:39:01.289649 Episodes 200:, 
2023-12-21 14:39:01.289732 Total steps 10000/500000, 
2023-12-21 14:39:01.289938 Evaluation Reward: [1.3560259  0.18726276],
2023-12-21 14:39:01.289977 Time: 49.365
2023-12-21 14:39:48.092019 Episodes 400:, 
2023-12-21 14:39:48.092107 Total steps 20000/500000, 
2023-12-21 14:39:48.092317 Evaluation Reward: [0.42440309 0.08090542],
2023-12-21 14:39:48.092356 Time: 46.793
2023-12-21 14:40:35.517232 Episodes 600:, 
2023-12-21 14:40:35.517334 Total steps 30000/500000, 
2023-12-21 14:40:35.517548 Evaluation Reward: [0.09750177 0.16263391],
2023-12-21 14:40:35.517589 Time: 47.414
2023-12-21 14:41:22.718928 Episodes 800:, 
2023-12-21 14:41:22.719014 Total steps 40000/500000, 
2023-12-21 14:41:22.719269 Evaluation Reward: [0.84132228 0.1814207 ],
2023-12-21 14:41:22.719315 Time: 47.191
2023-12-21 14:42:09.961902 Episodes 1000:, 
2023-12-21 14:42:09.962007 Total steps 50000/500000, 
2023-12-21 14:42:09.962318 Evaluation Reward: [0.10090624 0.56228581],
2023-12-21 14:42:09.962371 Time: 47.233
2023-12-21 14:42:57.385833 Episodes 1200:, 
2023-12-21 14:42:57.385914 Total steps 60000/500000, 
2023-12-21 14:42:57.386140 Evaluation Reward: [0.63714351 0.29555617],
2023-12-21 14:42:57.386182 Time: 47.409
2023-12-21 14:43:43.594683 Episodes 1400:, 
2023-12-21 14:43:43.594754 Total steps 70000/500000, 
2023-12-21 14:43:43.594971 Evaluation Reward: [0.7195819  0.25551727],
2023-12-21 14:43:43.595017 Time: 46.196
2023-12-21 14:44:29.305602 Episodes 1600:, 
2023-12-21 14:44:29.305685 Total steps 80000/500000, 
2023-12-21 14:44:29.305898 Evaluation Reward: [0.08636554 0.08545767],
2023-12-21 14:44:29.305936 Time: 45.7
2023-12-21 14:45:14.765951 Episodes 1800:, 
2023-12-21 14:45:14.766023 Total steps 90000/500000, 
2023-12-21 14:45:14.766245 Evaluation Reward: [0.29176543 0.03347014],
2023-12-21 14:45:14.766288 Time: 45.448
2023-12-21 14:46:00.744143 Episodes 2000:, 
2023-12-21 14:46:00.744236 Total steps 100000/500000, 
2023-12-21 14:46:00.744444 Evaluation Reward: [0.09696533 0.08194859],
2023-12-21 14:46:00.744488 Time: 45.965
2023-12-21 14:46:48.113043 Episodes 2200:, 
2023-12-21 14:46:48.113125 Total steps 110000/500000, 
2023-12-21 14:46:48.113410 Evaluation Reward: [0.26301107 0.75449732],
2023-12-21 14:46:48.113457 Time: 47.355
2023-12-21 14:47:39.068734 Episodes 2400:, 
2023-12-21 14:47:39.068822 Total steps 120000/500000, 
2023-12-21 14:47:39.069045 Evaluation Reward: [0.11625461 0.43394714],
2023-12-21 14:47:39.069092 Time: 50.937
2023-12-21 14:48:31.927928 Episodes 2600:, 
2023-12-21 14:48:31.928086 Total steps 130000/500000, 
2023-12-21 14:48:31.928493 Evaluation Reward: [0.97410376 0.86031459],
2023-12-21 14:48:31.928565 Time: 52.844
2023-12-21 14:49:23.514023 Episodes 2800:, 
2023-12-21 14:49:23.514107 Total steps 140000/500000, 
2023-12-21 14:49:23.514327 Evaluation Reward: [1.33793041 0.6392757 ],
2023-12-21 14:49:23.514373 Time: 51.551
2023-12-21 14:50:12.129188 Episodes 3000:, 
2023-12-21 14:50:12.129266 Total steps 150000/500000, 
2023-12-21 14:50:12.129478 Evaluation Reward: [0.11737355 0.09962225],
2023-12-21 14:50:12.129517 Time: 48.599
2023-12-21 14:51:02.511052 Episodes 3200:, 
2023-12-21 14:51:02.511148 Total steps 160000/500000, 
2023-12-21 14:51:02.511398 Evaluation Reward: [0.45236645 1.03177564],
2023-12-21 14:51:02.511453 Time: 50.366
2023-12-21 14:51:50.543044 Episodes 3400:, 
2023-12-21 14:51:50.543119 Total steps 170000/500000, 
2023-12-21 14:51:50.543363 Evaluation Reward: [3.14120513 3.36283236],
2023-12-21 14:51:50.543402 Time: 48.013
2023-12-21 14:52:37.384983 Episodes 3600:, 
2023-12-21 14:52:37.385065 Total steps 180000/500000, 
2023-12-21 14:52:37.385269 Evaluation Reward: [2.09550261 4.13411297],
2023-12-21 14:52:37.385322 Time: 46.821
2023-12-21 14:53:30.150170 Episodes 3800:, 
2023-12-21 14:53:30.150266 Total steps 190000/500000, 
2023-12-21 14:53:30.150486 Evaluation Reward: [3.30577599 3.5924674 ],
2023-12-21 14:53:30.150536 Time: 52.749
2023-12-21 14:54:22.896174 Episodes 4000:, 
2023-12-21 14:54:22.896263 Total steps 200000/500000, 
2023-12-21 14:54:22.896467 Evaluation Reward: [3.22595256 6.8199809 ],
2023-12-21 14:54:22.896509 Time: 52.728
2023-12-21 14:55:15.705624 Episodes 4200:, 
2023-12-21 14:55:15.705699 Total steps 210000/500000, 
2023-12-21 14:55:15.705905 Evaluation Reward: [ 0.0873229  10.20237812],
2023-12-21 14:55:15.705949 Time: 52.791
2023-12-21 14:56:05.977448 Episodes 4400:, 
2023-12-21 14:56:05.977543 Total steps 220000/500000, 
2023-12-21 14:56:05.977757 Evaluation Reward: [5.33564916 8.3415557 ],
2023-12-21 14:56:05.977798 Time: 50.253
2023-12-21 14:56:57.429893 Episodes 4600:, 
2023-12-21 14:56:57.429974 Total steps 230000/500000, 
2023-12-21 14:56:57.430188 Evaluation Reward: [ 0.51761112 16.99047777],
2023-12-21 14:56:57.430227 Time: 51.433
2023-12-21 14:57:49.006996 Episodes 4800:, 
2023-12-21 14:57:49.007123 Total steps 240000/500000, 
2023-12-21 14:57:49.007526 Evaluation Reward: [ 3.92621156 20.62043891],
2023-12-21 14:57:49.007597 Time: 51.558
2023-12-21 14:58:41.673212 Episodes 5000:, 
2023-12-21 14:58:41.673292 Total steps 250000/500000, 
2023-12-21 14:58:41.673544 Evaluation Reward: [ 2.88542716 21.78268895],
2023-12-21 14:58:41.673585 Time: 52.641
2023-12-21 14:59:31.911356 Episodes 5200:, 
2023-12-21 14:59:31.911430 Total steps 260000/500000, 
2023-12-21 14:59:31.911626 Evaluation Reward: [11.52162193 16.24028097],
2023-12-21 14:59:31.911665 Time: 50.21
2023-12-21 15:00:22.341923 Episodes 5400:, 
2023-12-21 15:00:22.342031 Total steps 270000/500000, 
2023-12-21 15:00:22.342265 Evaluation Reward: [ 7.24035534 14.75355029],
2023-12-21 15:00:22.342303 Time: 50.411
2023-12-21 15:01:15.291324 Episodes 5600:, 
2023-12-21 15:01:15.291397 Total steps 280000/500000, 
2023-12-21 15:01:15.291602 Evaluation Reward: [ 3.55707633 30.63816084],
2023-12-21 15:01:15.291645 Time: 52.926
2023-12-21 15:02:09.119448 Episodes 5800:, 
2023-12-21 15:02:09.119520 Total steps 290000/500000, 
2023-12-21 15:02:09.119725 Evaluation Reward: [ 8.77015295 28.80833348],
2023-12-21 15:02:09.119766 Time: 53.807
2023-12-21 15:03:01.211374 Episodes 6000:, 
2023-12-21 15:03:01.211451 Total steps 300000/500000, 
2023-12-21 15:03:01.211703 Evaluation Reward: [ 4.38824369 25.55154252],
2023-12-21 15:03:01.211761 Time: 52.069
2023-12-21 15:03:53.692342 Episodes 6200:, 
2023-12-21 15:03:53.692438 Total steps 310000/500000, 
2023-12-21 15:03:53.692682 Evaluation Reward: [ 0.12483754 38.09001696],
2023-12-21 15:03:53.692730 Time: 52.449
2023-12-21 15:04:49.431458 Episodes 6400:, 
2023-12-21 15:04:49.431560 Total steps 320000/500000, 
2023-12-21 15:04:49.431864 Evaluation Reward: [ 4.22849788 30.06896838],
2023-12-21 15:04:49.431934 Time: 55.712
2023-12-21 15:05:45.510163 Episodes 6600:, 
2023-12-21 15:05:45.510245 Total steps 330000/500000, 
2023-12-21 15:05:45.510461 Evaluation Reward: [ 8.56264765 21.59354899],
2023-12-21 15:05:45.510502 Time: 56.049
2023-12-21 15:06:35.325497 Episodes 6800:, 
2023-12-21 15:06:35.325573 Total steps 340000/500000, 
2023-12-21 15:06:35.325792 Evaluation Reward: [14.35792161 40.60303365],
2023-12-21 15:06:35.325832 Time: 49.791
2023-12-21 15:07:28.551080 Episodes 7000:, 
2023-12-21 15:07:28.551161 Total steps 350000/500000, 
2023-12-21 15:07:28.551354 Evaluation Reward: [ 7.03471725 19.12870859],
2023-12-21 15:07:28.551391 Time: 53.202
2023-12-21 15:08:19.658086 Episodes 7200:, 
2023-12-21 15:08:19.658175 Total steps 360000/500000, 
2023-12-21 15:08:19.658379 Evaluation Reward: [ 6.08846905 34.23447952],
2023-12-21 15:08:19.658426 Time: 51.083
2023-12-21 15:09:06.846502 Episodes 7400:, 
2023-12-21 15:09:06.846592 Total steps 370000/500000, 
2023-12-21 15:09:06.846852 Evaluation Reward: [ 7.76933942 34.70026695],
2023-12-21 15:09:06.846911 Time: 47.163
2023-12-21 15:09:59.831094 Episodes 7600:, 
2023-12-21 15:09:59.831173 Total steps 380000/500000, 
2023-12-21 15:09:59.831413 Evaluation Reward: [ 7.73507091 38.83440506],
2023-12-21 15:09:59.831453 Time: 52.955
2023-12-21 15:10:48.539094 Episodes 7800:, 
2023-12-21 15:10:48.539186 Total steps 390000/500000, 
2023-12-21 15:10:48.539411 Evaluation Reward: [12.61822332 19.70528605],
2023-12-21 15:10:48.539448 Time: 48.681
2023-12-21 15:11:39.130972 Episodes 8000:, 
2023-12-21 15:11:39.131048 Total steps 400000/500000, 
2023-12-21 15:11:39.131257 Evaluation Reward: [ 5.80325919 20.12022033],
2023-12-21 15:11:39.131297 Time: 50.563
2023-12-21 15:12:37.387765 Episodes 8200:, 
2023-12-21 15:12:37.387859 Total steps 410000/500000, 
2023-12-21 15:12:37.388094 Evaluation Reward: [ 8.91871844 23.00637625],
2023-12-21 15:12:37.388141 Time: 58.227
2023-12-21 15:13:38.721204 Episodes 8400:, 
2023-12-21 15:13:38.721293 Total steps 420000/500000, 
2023-12-21 15:13:38.721545 Evaluation Reward: [15.96757081  6.87769503],
2023-12-21 15:13:38.721587 Time: 61.301
2023-12-21 15:14:38.299890 Episodes 8600:, 
2023-12-21 15:14:38.299986 Total steps 430000/500000, 
2023-12-21 15:14:38.300228 Evaluation Reward: [12.79009478 34.28448269],
2023-12-21 15:14:38.300270 Time: 59.54
2023-12-21 15:15:42.748048 Episodes 8800:, 
2023-12-21 15:15:42.748218 Total steps 440000/500000, 
2023-12-21 15:15:42.748615 Evaluation Reward: [ 4.45063002 19.60475846],
2023-12-21 15:15:42.748685 Time: 64.415
2023-12-21 15:16:46.826421 Episodes 9000:, 
2023-12-21 15:16:46.826521 Total steps 450000/500000, 
2023-12-21 15:16:46.826759 Evaluation Reward: [10.36311328 33.43644709],
2023-12-21 15:16:46.826805 Time: 63.997
2023-12-21 15:17:46.367713 Episodes 9200:, 
2023-12-21 15:17:46.367805 Total steps 460000/500000, 
2023-12-21 15:17:46.368037 Evaluation Reward: [ 6.56056792 23.81683767],
2023-12-21 15:17:46.368085 Time: 59.503
2023-12-21 15:18:40.429204 Episodes 9400:, 
2023-12-21 15:18:40.429288 Total steps 470000/500000, 
2023-12-21 15:18:40.429517 Evaluation Reward: [ 1.65357274 16.13633643],
2023-12-21 15:18:40.429561 Time: 54.027
2023-12-21 15:19:34.608346 Episodes 9600:, 
2023-12-21 15:19:34.608436 Total steps 480000/500000, 
2023-12-21 15:19:34.608669 Evaluation Reward: [10.85467404 25.1992377 ],
2023-12-21 15:19:34.608714 Time: 54.138
2023-12-21 15:20:29.103036 Episodes 9800:, 
2023-12-21 15:20:29.103120 Total steps 490000/500000, 
2023-12-21 15:20:29.103347 Evaluation Reward: [ 3.83426415 20.0472964 ],
2023-12-21 15:20:29.103393 Time: 54.459
2023-12-21 15:21:23.459363 Episodes 10000:, 
2023-12-21 15:21:23.459450 Total steps 499999/500000, 
2023-12-21 15:21:23.459678 Evaluation Reward: [ 6.59936316 30.65258194],
2023-12-21 15:21:23.459722 Time: 54.316
2023-12-21 15:21:24.436727 Episodes 10000:, 
2023-12-21 15:21:24.436807 Total steps 500000/500000, 
2023-12-21 15:21:24.437037 Evaluation Reward: [ 4.07907717 22.71292819],
2023-12-21 15:21:24.437082 Time: 0.938
2023-12-21 15:21:24.475565 ========================================Basic Configurations========================================
2023-12-21 15:21:24.475650 Daemon Filename: /home/Desktop/studies/q_functionals_daemon/results/final/2agent_2landmarks/cddpg_run_10-step-update_func-polynomial_rank-2_episode-10000_lr0001_b512_l3_n256_m500000_iter1/timestamp.log
2023-12-21 15:21:24.475674 Training Environment: q_functions_2agent_2landmarks
2023-12-21 15:21:24.475695 Functional: polynomial
2023-12-21 15:21:24.475713 rank: 2
2023-12-21 15:21:24.475731 seed: 1
2023-12-21 15:21:24.475753 learning_rate: 0.001
2023-12-21 15:21:24.475773 target_network_learning_rate: 0.005
2023-12-21 15:21:24.475791 nb_runs: 5
2023-12-21 15:21:24.475808 ma_type: cddpg
2023-12-21 15:21:24.475826 policy_type: gaussian
2023-12-21 15:21:24.475846 noise_std: 0.05
2023-12-21 15:21:24.475876 ========================================Model Configurations========================================
2023-12-21 15:21:24.475912 TD3 Trick:: False
2023-12-21 15:21:24.475953 Entropy Regularization: 0.0
2023-12-21 15:21:24.475987 ======================================Sampling Configurations=======================================
2023-12-21 15:21:24.476013 : q_functions_2agent_2landmarks
2023-12-21 15:21:24.476032 Using quantile sampling during bootstrapping:: False
2023-12-21 15:21:24.476050 Using quantile sampling during evaluation interaction: False
2023-12-21 15:21:24.476067 Using quantile sampling during training interaction:: False
2023-12-21 15:21:24.476086 Sampling Percent: 0.01
2023-12-21 15:21:24.476103 Anneal Sampling Percent: False
2023-12-21 15:21:24.476121 ===============================================Split================================================
2023-12-21 15:21:24.477046 running on CUDA...
2023-12-21 15:21:41.300616 Episodes 0:, 
2023-12-21 15:21:41.300697 Total steps 0/500000, 
2023-12-21 15:21:41.300918 Evaluation Reward: [0.16752095 0.12433801],
2023-12-21 15:21:41.300960 Time: 16.789
2023-12-21 15:22:34.419892 Episodes 200:, 
2023-12-21 15:22:34.419994 Total steps 10000/500000, 
2023-12-21 15:22:34.420218 Evaluation Reward: [0.16915363 1.35324708],
2023-12-21 15:22:34.420260 Time: 53.119
2023-12-21 15:23:29.819840 Episodes 400:, 
2023-12-21 15:23:29.819935 Total steps 20000/500000, 
2023-12-21 15:23:29.820171 Evaluation Reward: [0.17846777 0.45527068],
2023-12-21 15:23:29.820213 Time: 55.39
2023-12-21 15:24:22.702781 Episodes 600:, 
2023-12-21 15:24:22.702891 Total steps 30000/500000, 
2023-12-21 15:24:22.703155 Evaluation Reward: [0.17973767 0.5486953 ],
2023-12-21 15:24:22.703198 Time: 52.872
2023-12-21 15:25:15.698211 Episodes 800:, 
2023-12-21 15:25:15.698324 Total steps 40000/500000, 
2023-12-21 15:25:15.698631 Evaluation Reward: [0.36314349 0.36524392],
2023-12-21 15:25:15.698680 Time: 52.983
2023-12-21 15:26:08.857760 Episodes 1000:, 
2023-12-21 15:26:08.857852 Total steps 50000/500000, 
2023-12-21 15:26:08.858113 Evaluation Reward: [0.17263195 0.17788204],
2023-12-21 15:26:08.858158 Time: 53.142
2023-12-21 15:27:02.003347 Episodes 1200:, 
2023-12-21 15:27:02.003442 Total steps 60000/500000, 
2023-12-21 15:27:02.003738 Evaluation Reward: [0.09606613 0.09408117],
2023-12-21 15:27:02.003790 Time: 53.133
2023-12-21 15:27:55.369952 Episodes 1400:, 
2023-12-21 15:27:55.370060 Total steps 70000/500000, 
2023-12-21 15:27:55.370306 Evaluation Reward: [2.81928766e-01 3.41137607e-13],
2023-12-21 15:27:55.370353 Time: 53.354
2023-12-21 15:28:48.475087 Episodes 1600:, 
2023-12-21 15:28:48.475175 Total steps 80000/500000, 
2023-12-21 15:28:48.475399 Evaluation Reward: [0.08556886 0.25584481],
2023-12-21 15:28:48.475456 Time: 53.09
2023-12-21 15:29:41.760285 Episodes 1800:, 
2023-12-21 15:29:41.760379 Total steps 90000/500000, 
2023-12-21 15:29:41.760611 Evaluation Reward: [2.02819715e-07 3.48590088e-01],
2023-12-21 15:29:41.760656 Time: 53.27
2023-12-21 15:30:34.690780 Episodes 2000:, 
2023-12-21 15:30:34.690877 Total steps 100000/500000, 
2023-12-21 15:30:34.691117 Evaluation Reward: [0.36431675 0.08408407],
2023-12-21 15:30:34.691160 Time: 52.917
2023-12-21 15:31:31.534601 Episodes 2200:, 
2023-12-21 15:31:31.534703 Total steps 110000/500000, 
2023-12-21 15:31:31.534927 Evaluation Reward: [0.09571945 0.08486349],
2023-12-21 15:31:31.534968 Time: 56.827
2023-12-21 15:32:26.475541 Episodes 2400:, 
2023-12-21 15:32:26.475643 Total steps 120000/500000, 
2023-12-21 15:32:26.475926 Evaluation Reward: [0.36407824 0.10050313],
2023-12-21 15:32:26.475974 Time: 54.926
2023-12-21 15:33:22.519683 Episodes 2600:, 
2023-12-21 15:33:22.519793 Total steps 130000/500000, 
2023-12-21 15:33:22.520049 Evaluation Reward: [0.34724468 0.18013376],
2023-12-21 15:33:22.520093 Time: 56.027
2023-12-21 15:34:19.619436 Episodes 2800:, 
2023-12-21 15:34:19.619590 Total steps 140000/500000, 
2023-12-21 15:34:19.619990 Evaluation Reward: [0.53763965 0.18596688],
2023-12-21 15:34:19.620062 Time: 57.083
2023-12-21 15:35:17.565380 Episodes 3000:, 
2023-12-21 15:35:17.565472 Total steps 150000/500000, 
2023-12-21 15:35:17.565708 Evaluation Reward: [5.20506728e-01 5.29799518e-05],
2023-12-21 15:35:17.565751 Time: 57.911
2023-12-21 15:36:11.557947 Episodes 3200:, 
2023-12-21 15:36:11.558034 Total steps 160000/500000, 
2023-12-21 15:36:11.558262 Evaluation Reward: [0.91316122 0.55976386],
2023-12-21 15:36:11.558306 Time: 53.975
2023-12-21 15:37:05.427990 Episodes 3400:, 
2023-12-21 15:37:05.428080 Total steps 170000/500000, 
2023-12-21 15:37:05.428331 Evaluation Reward: [0.58039822 0.27793494],
2023-12-21 15:37:05.428372 Time: 53.851
2023-12-21 15:37:59.499907 Episodes 3600:, 
2023-12-21 15:37:59.499990 Total steps 180000/500000, 
2023-12-21 15:37:59.500225 Evaluation Reward: [1.54123117 0.47818997],
2023-12-21 15:37:59.500270 Time: 54.052
2023-12-21 15:38:52.953440 Episodes 3800:, 
2023-12-21 15:38:52.953532 Total steps 190000/500000, 
2023-12-21 15:38:52.953758 Evaluation Reward: [0.71858044 0.09154906],
2023-12-21 15:38:52.953801 Time: 53.435
2023-12-21 15:39:47.548293 Episodes 4000:, 
2023-12-21 15:39:47.548391 Total steps 200000/500000, 
2023-12-21 15:39:47.548669 Evaluation Reward: [0.64755092 0.179642  ],
2023-12-21 15:39:47.548715 Time: 54.572
2023-12-21 15:40:41.803221 Episodes 4200:, 
2023-12-21 15:40:41.803300 Total steps 210000/500000, 
2023-12-21 15:40:41.803589 Evaluation Reward: [0.1807476  0.35478736],
2023-12-21 15:40:41.803640 Time: 54.234
2023-12-21 15:41:36.794852 Episodes 4400:, 
2023-12-21 15:41:36.794937 Total steps 220000/500000, 
2023-12-21 15:41:36.795158 Evaluation Reward: [0.64027086 0.45960314],
2023-12-21 15:41:36.795202 Time: 54.963
2023-12-21 15:42:31.165555 Episodes 4600:, 
2023-12-21 15:42:31.165638 Total steps 230000/500000, 
2023-12-21 15:42:31.165860 Evaluation Reward: [0.88818354 0.37568547],
2023-12-21 15:42:31.165914 Time: 54.34
2023-12-21 15:43:24.830022 Episodes 4800:, 
2023-12-21 15:43:24.830122 Total steps 240000/500000, 
2023-12-21 15:43:24.830376 Evaluation Reward: [0.99570182 0.08730093],
2023-12-21 15:43:24.830419 Time: 53.641
2023-12-21 15:44:18.273347 Episodes 5000:, 
2023-12-21 15:44:18.273442 Total steps 250000/500000, 
2023-12-21 15:44:18.273712 Evaluation Reward: [2.31484582e+00 1.07826863e-04],
2023-12-21 15:44:18.273761 Time: 53.419
2023-12-21 15:45:13.435521 Episodes 5200:, 
2023-12-21 15:45:13.435612 Total steps 260000/500000, 
2023-12-21 15:45:13.435845 Evaluation Reward: [0.73773112 0.19209151],
2023-12-21 15:45:13.435891 Time: 55.139
2023-12-21 15:46:09.824058 Episodes 5400:, 
2023-12-21 15:46:09.824147 Total steps 270000/500000, 
2023-12-21 15:46:09.824378 Evaluation Reward: [0.00054273 0.17607603],
2023-12-21 15:46:09.824429 Time: 56.365
2023-12-21 15:47:04.927695 Episodes 5600:, 
2023-12-21 15:47:04.927815 Total steps 280000/500000, 
2023-12-21 15:47:04.928158 Evaluation Reward: [1.93284549 0.34883399],
2023-12-21 15:47:04.928220 Time: 55.078
2023-12-21 15:47:59.929392 Episodes 5800:, 
2023-12-21 15:47:59.929481 Total steps 290000/500000, 
2023-12-21 15:47:59.929712 Evaluation Reward: [0.09776303 0.33254155],
2023-12-21 15:47:59.929757 Time: 54.96
2023-12-21 15:48:54.435580 Episodes 6000:, 
2023-12-21 15:48:54.435676 Total steps 300000/500000, 
2023-12-21 15:48:54.435944 Evaluation Reward: [0.90043554 0.46148101],
2023-12-21 15:48:54.435987 Time: 54.481
2023-12-21 15:49:49.906012 Episodes 6200:, 
2023-12-21 15:49:49.906100 Total steps 310000/500000, 
2023-12-21 15:49:49.906333 Evaluation Reward: [4.67513677 0.62600928],
2023-12-21 15:49:49.906382 Time: 55.444
2023-12-21 15:50:48.235073 Episodes 6400:, 
2023-12-21 15:50:48.235164 Total steps 320000/500000, 
2023-12-21 15:50:48.235408 Evaluation Reward: [1.37095322 0.09200083],
2023-12-21 15:50:48.235457 Time: 58.294
2023-12-21 15:51:43.397813 Episodes 6600:, 
2023-12-21 15:51:43.397902 Total steps 330000/500000, 
2023-12-21 15:51:43.398131 Evaluation Reward: [4.51076961 0.19460328],
2023-12-21 15:51:43.398174 Time: 55.132
2023-12-21 15:52:41.607740 Episodes 6800:, 
2023-12-21 15:52:41.607843 Total steps 340000/500000, 
2023-12-21 15:52:41.608115 Evaluation Reward: [3.15945354 0.70839909],
2023-12-21 15:52:41.608162 Time: 58.179
2023-12-21 15:53:44.471991 Episodes 7000:, 
2023-12-21 15:53:44.472077 Total steps 350000/500000, 
2023-12-21 15:53:44.472301 Evaluation Reward: [6.81165312 0.38629936],
2023-12-21 15:53:44.472344 Time: 62.834
2023-12-21 15:54:45.906107 Episodes 7200:, 
2023-12-21 15:54:45.906204 Total steps 360000/500000, 
2023-12-21 15:54:45.906466 Evaluation Reward: [9.70945443 0.62549716],
2023-12-21 15:54:45.906514 Time: 61.406
2023-12-21 15:55:42.812754 Episodes 7400:, 
2023-12-21 15:55:42.812848 Total steps 370000/500000, 
2023-12-21 15:55:42.813087 Evaluation Reward: [5.19635173 0.16455305],
2023-12-21 15:55:42.813131 Time: 56.878
2023-12-21 15:56:36.709435 Episodes 7600:, 
2023-12-21 15:56:36.709520 Total steps 380000/500000, 
2023-12-21 15:56:36.709769 Evaluation Reward: [2.68766559e+00 1.06420691e-04],
2023-12-21 15:56:36.709814 Time: 53.866
2023-12-21 15:57:32.006514 Episodes 7800:, 
2023-12-21 15:57:32.006595 Total steps 390000/500000, 
2023-12-21 15:57:32.006894 Evaluation Reward: [5.85893403 0.18073839],
2023-12-21 15:57:32.006948 Time: 55.266
2023-12-21 15:58:26.239706 Episodes 8000:, 
2023-12-21 15:58:26.239782 Total steps 400000/500000, 
2023-12-21 15:58:26.240010 Evaluation Reward: [5.96088245 0.7874992 ],
2023-12-21 15:58:26.240054 Time: 54.194
2023-12-21 15:59:24.494722 Episodes 8200:, 
2023-12-21 15:59:24.494866 Total steps 410000/500000, 
2023-12-21 15:59:24.495238 Evaluation Reward: [6.07489840e+00 9.13308186e-08],
2023-12-21 15:59:24.495297 Time: 58.222
2023-12-21 16:00:20.719777 Episodes 8400:, 
2023-12-21 16:00:20.719872 Total steps 420000/500000, 
2023-12-21 16:00:20.720103 Evaluation Reward: [1.25798776 0.33363112],
2023-12-21 16:00:20.720150 Time: 56.164
2023-12-21 16:01:15.308421 Episodes 8600:, 
2023-12-21 16:01:15.308503 Total steps 430000/500000, 
2023-12-21 16:01:15.308733 Evaluation Reward: [12.30165627  0.31066147],
2023-12-21 16:01:15.308776 Time: 54.557
2023-12-21 16:02:07.355767 Episodes 8800:, 
2023-12-21 16:02:07.355851 Total steps 440000/500000, 
2023-12-21 16:02:07.356063 Evaluation Reward: [7.75726162 0.28363244],
2023-12-21 16:02:07.356103 Time: 52.014
2023-12-21 16:02:59.483932 Episodes 9000:, 
2023-12-21 16:02:59.484009 Total steps 450000/500000, 
2023-12-21 16:02:59.484226 Evaluation Reward: [17.51470532  0.08204236],
2023-12-21 16:02:59.484271 Time: 52.096
2023-12-21 16:03:53.871421 Episodes 9200:, 
2023-12-21 16:03:53.871507 Total steps 460000/500000, 
2023-12-21 16:03:53.871733 Evaluation Reward: [19.2408761  0.179728 ],
2023-12-21 16:03:53.871779 Time: 54.355
2023-12-21 16:04:44.423639 Episodes 9400:, 
2023-12-21 16:04:44.423749 Total steps 470000/500000, 
2023-12-21 16:04:44.423962 Evaluation Reward: [28.45782093  0.18240123],
2023-12-21 16:04:44.424014 Time: 50.519
2023-12-21 16:05:35.896775 Episodes 9600:, 
2023-12-21 16:05:35.896858 Total steps 480000/500000, 
2023-12-21 16:05:35.897070 Evaluation Reward: [17.31665925  0.36084719],
2023-12-21 16:05:35.897108 Time: 51.441
2023-12-21 16:06:28.775960 Episodes 9800:, 
2023-12-21 16:06:28.776043 Total steps 490000/500000, 
2023-12-21 16:06:28.776261 Evaluation Reward: [32.3518351   0.28684298],
2023-12-21 16:06:28.776308 Time: 52.848
2023-12-21 16:07:20.864481 Episodes 10000:, 
2023-12-21 16:07:20.864573 Total steps 499999/500000, 
2023-12-21 16:07:20.864860 Evaluation Reward: [35.19956818  0.09315593],
2023-12-21 16:07:20.864915 Time: 52.055
2023-12-21 16:07:21.843145 Episodes 10000:, 
2023-12-21 16:07:21.843220 Total steps 500000/500000, 
2023-12-21 16:07:21.843482 Evaluation Reward: [38.61458228  0.47565383],
2023-12-21 16:07:21.843536 Time: 0.942
2023-12-21 16:07:21.878507 ========================================Basic Configurations========================================
2023-12-21 16:07:21.878580 Daemon Filename: /home/Desktop/studies/q_functionals_daemon/results/final/2agent_2landmarks/cddpg_run_10-step-update_func-polynomial_rank-2_episode-10000_lr0001_b512_l3_n256_m500000_iter1/timestamp.log
2023-12-21 16:07:21.878603 Training Environment: q_functions_2agent_2landmarks
2023-12-21 16:07:21.878620 Functional: polynomial
2023-12-21 16:07:21.878637 rank: 2
2023-12-21 16:07:21.878653 seed: 2
2023-12-21 16:07:21.878675 learning_rate: 0.001
2023-12-21 16:07:21.878693 target_network_learning_rate: 0.005
2023-12-21 16:07:21.878709 nb_runs: 5
2023-12-21 16:07:21.878725 ma_type: cddpg
2023-12-21 16:07:21.878741 policy_type: gaussian
2023-12-21 16:07:21.878757 noise_std: 0.05
2023-12-21 16:07:21.878774 ========================================Model Configurations========================================
2023-12-21 16:07:21.878791 TD3 Trick:: False
2023-12-21 16:07:21.878808 Entropy Regularization: 0.0
2023-12-21 16:07:21.878824 ======================================Sampling Configurations=======================================
2023-12-21 16:07:21.878840 : q_functions_2agent_2landmarks
2023-12-21 16:07:21.878856 Using quantile sampling during bootstrapping:: False
2023-12-21 16:07:21.878872 Using quantile sampling during evaluation interaction: False
2023-12-21 16:07:21.878888 Using quantile sampling during training interaction:: False
2023-12-21 16:07:21.878904 Sampling Percent: 0.01
2023-12-21 16:07:21.878919 Anneal Sampling Percent: False
2023-12-21 16:07:21.878935 ===============================================Split================================================
2023-12-21 16:07:21.879796 running on CUDA...
2023-12-21 16:07:40.294031 Episodes 0:, 
2023-12-21 16:07:40.294100 Total steps 0/500000, 
2023-12-21 16:07:40.294315 Evaluation Reward: [9.49176374e-05 4.39299814e-01],
2023-12-21 16:07:40.294358 Time: 18.37
2023-12-21 16:08:31.128328 Episodes 200:, 
2023-12-21 16:08:31.128426 Total steps 10000/500000, 
2023-12-21 16:08:31.128643 Evaluation Reward: [0.69655361 0.25777518],
2023-12-21 16:08:31.128684 Time: 50.834
2023-12-21 16:09:24.824698 Episodes 400:, 
2023-12-21 16:09:24.824791 Total steps 20000/500000, 
2023-12-21 16:09:24.825022 Evaluation Reward: [1.37937352e-08 8.96713016e-01],
2023-12-21 16:09:24.825066 Time: 53.686
2023-12-21 16:10:16.949632 Episodes 600:, 
2023-12-21 16:10:16.949723 Total steps 30000/500000, 
2023-12-21 16:10:16.949948 Evaluation Reward: [0.177969  0.0816271],
2023-12-21 16:10:16.949994 Time: 52.115
2023-12-21 16:11:09.920335 Episodes 800:, 
2023-12-21 16:11:09.920465 Total steps 40000/500000, 
2023-12-21 16:11:09.920710 Evaluation Reward: [0.17994772 0.43809226],
2023-12-21 16:11:09.920750 Time: 52.958
2023-12-21 16:12:03.483624 Episodes 1000:, 
2023-12-21 16:12:03.483728 Total steps 50000/500000, 
2023-12-21 16:12:03.484010 Evaluation Reward: [0.46988395 0.09845613],
2023-12-21 16:12:03.484055 Time: 53.552
2023-12-21 16:12:57.745024 Episodes 1200:, 
2023-12-21 16:12:57.745129 Total steps 60000/500000, 
2023-12-21 16:12:57.745383 Evaluation Reward: [3.78769484e-01 3.11161449e-04],
2023-12-21 16:12:57.745443 Time: 54.245
2023-12-21 16:13:50.466892 Episodes 1400:, 
2023-12-21 16:13:50.466976 Total steps 70000/500000, 
2023-12-21 16:13:50.467183 Evaluation Reward: [0.45316784 0.3756517 ],
2023-12-21 16:13:50.467226 Time: 52.707
2023-12-21 16:14:45.785784 Episodes 1600:, 
2023-12-21 16:14:45.785876 Total steps 80000/500000, 
2023-12-21 16:14:45.786175 Evaluation Reward: [0.1795642  0.08953727],
2023-12-21 16:14:45.786231 Time: 55.306
2023-12-21 16:15:37.725230 Episodes 1800:, 
2023-12-21 16:15:37.725321 Total steps 90000/500000, 
2023-12-21 16:15:37.725534 Evaluation Reward: [0.09203954 0.43327628],
2023-12-21 16:15:37.725576 Time: 51.922
2023-12-21 16:16:31.741195 Episodes 2000:, 
2023-12-21 16:16:31.741279 Total steps 100000/500000, 
2023-12-21 16:16:31.741514 Evaluation Reward: [0.00026309 0.25209735],
2023-12-21 16:16:31.741562 Time: 54.002
2023-12-21 16:17:25.791440 Episodes 2200:, 
2023-12-21 16:17:25.791534 Total steps 110000/500000, 
2023-12-21 16:17:25.791764 Evaluation Reward: [0.17460798 0.61988224],
2023-12-21 16:17:25.791818 Time: 54.036
2023-12-21 16:18:18.368241 Episodes 2400:, 
2023-12-21 16:18:18.368316 Total steps 120000/500000, 
2023-12-21 16:18:18.368527 Evaluation Reward: [8.57699786e-06 4.48663327e-01],
2023-12-21 16:18:18.368567 Time: 52.562
2023-12-21 16:19:14.768851 Episodes 2600:, 
2023-12-21 16:19:14.768939 Total steps 130000/500000, 
2023-12-21 16:19:14.769167 Evaluation Reward: [0.17348126 0.27605369],
2023-12-21 16:19:14.769215 Time: 56.386
2023-12-21 16:20:09.165562 Episodes 2800:, 
2023-12-21 16:20:09.165646 Total steps 140000/500000, 
2023-12-21 16:20:09.165898 Evaluation Reward: [3.20643667 0.27592213],
2023-12-21 16:20:09.165939 Time: 54.381
2023-12-21 16:21:03.370947 Episodes 3000:, 
2023-12-21 16:21:03.371051 Total steps 150000/500000, 
2023-12-21 16:21:03.371286 Evaluation Reward: [0.09198206 1.0008124 ],
2023-12-21 16:21:03.371333 Time: 54.188
2023-12-21 16:22:06.673700 Episodes 3200:, 
2023-12-21 16:22:06.673793 Total steps 160000/500000, 
2023-12-21 16:22:06.674097 Evaluation Reward: [0.37544752 0.00041137],
2023-12-21 16:22:06.674154 Time: 63.286
2023-12-21 16:23:05.357586 Episodes 3400:, 
2023-12-21 16:23:05.357686 Total steps 170000/500000, 
2023-12-21 16:23:05.357924 Evaluation Reward: [1.81131161e-01 5.65454776e-05],
2023-12-21 16:23:05.357969 Time: 58.662
2023-12-21 16:24:04.371943 Episodes 3600:, 
2023-12-21 16:24:04.372061 Total steps 180000/500000, 
2023-12-21 16:24:04.372328 Evaluation Reward: [0.08247301 0.38099224],
2023-12-21 16:24:04.372374 Time: 58.996
2023-12-21 16:25:05.620266 Episodes 3800:, 
2023-12-21 16:25:05.620344 Total steps 190000/500000, 
2023-12-21 16:25:05.620576 Evaluation Reward: [0.17821263 0.83069026],
2023-12-21 16:25:05.620620 Time: 61.227
2023-12-21 16:26:03.166073 Episodes 4000:, 
2023-12-21 16:26:03.166165 Total steps 200000/500000, 
2023-12-21 16:26:03.166433 Evaluation Reward: [0.35361483 0.27182636],
2023-12-21 16:26:03.166501 Time: 57.525
2023-12-21 16:26:57.534443 Episodes 4200:, 
2023-12-21 16:26:57.534524 Total steps 210000/500000, 
2023-12-21 16:26:57.534749 Evaluation Reward: [0.41423495 0.55996801],
2023-12-21 16:26:57.534795 Time: 54.346
2023-12-21 16:27:50.770444 Episodes 4400:, 
2023-12-21 16:27:50.770532 Total steps 220000/500000, 
2023-12-21 16:27:50.770753 Evaluation Reward: [1.08514917 0.17545419],
2023-12-21 16:27:50.770796 Time: 53.214
2023-12-21 16:28:44.725500 Episodes 4600:, 
2023-12-21 16:28:44.725597 Total steps 230000/500000, 
2023-12-21 16:28:44.725909 Evaluation Reward: [0.75936992 0.75990282],
2023-12-21 16:28:44.725965 Time: 53.932
2023-12-21 16:29:38.522989 Episodes 4800:, 
2023-12-21 16:29:38.523066 Total steps 240000/500000, 
2023-12-21 16:29:38.523282 Evaluation Reward: [0.17474999 0.09778941],
2023-12-21 16:29:38.523323 Time: 53.769
2023-12-21 16:30:29.666891 Episodes 5000:, 
2023-12-21 16:30:29.666977 Total steps 250000/500000, 
2023-12-21 16:30:29.667234 Evaluation Reward: [0.81636409 0.4285867 ],
2023-12-21 16:30:29.667281 Time: 51.122
2023-12-21 16:31:22.327147 Episodes 5200:, 
2023-12-21 16:31:22.327248 Total steps 260000/500000, 
2023-12-21 16:31:22.327553 Evaluation Reward: [0.6221459  0.44858695],
2023-12-21 16:31:22.327607 Time: 52.638
2023-12-21 16:32:13.603792 Episodes 5400:, 
2023-12-21 16:32:13.603878 Total steps 270000/500000, 
2023-12-21 16:32:13.604106 Evaluation Reward: [0.8443707  0.45965735],
2023-12-21 16:32:13.604148 Time: 51.247
2023-12-21 16:33:05.086199 Episodes 5600:, 
2023-12-21 16:33:05.086425 Total steps 280000/500000, 
2023-12-21 16:33:05.086670 Evaluation Reward: [1.41648154 0.2775903 ],
2023-12-21 16:33:05.086719 Time: 51.46
2023-12-21 16:33:55.721197 Episodes 5800:, 
2023-12-21 16:33:55.721289 Total steps 290000/500000, 
2023-12-21 16:33:55.721540 Evaluation Reward: [0.3676257  0.45411256],
2023-12-21 16:33:55.721583 Time: 50.61
2023-12-21 16:34:46.715224 Episodes 6000:, 
2023-12-21 16:34:46.715322 Total steps 300000/500000, 
2023-12-21 16:34:46.715615 Evaluation Reward: [0.37731448 0.25656756],
2023-12-21 16:34:46.715670 Time: 50.969
2023-12-21 16:35:38.125910 Episodes 6200:, 
2023-12-21 16:35:38.125997 Total steps 310000/500000, 
2023-12-21 16:35:38.126223 Evaluation Reward: [0.10543653 1.25759231],
2023-12-21 16:35:38.126267 Time: 51.38
2023-12-21 16:36:28.783638 Episodes 6400:, 
2023-12-21 16:36:28.783722 Total steps 320000/500000, 
2023-12-21 16:36:28.783941 Evaluation Reward: [0.97102061 0.08622521],
2023-12-21 16:36:28.783983 Time: 50.632
2023-12-21 16:37:19.849136 Episodes 6600:, 
2023-12-21 16:37:19.849224 Total steps 330000/500000, 
2023-12-21 16:37:19.849465 Evaluation Reward: [3.57876562e-05 1.76207239e-01],
2023-12-21 16:37:19.849507 Time: 51.036
2023-12-21 16:38:11.088119 Episodes 6800:, 
2023-12-21 16:38:11.088210 Total steps 340000/500000, 
2023-12-21 16:38:11.088425 Evaluation Reward: [0.36376249 0.66660633],
2023-12-21 16:38:11.088465 Time: 51.213
2023-12-21 16:39:03.261003 Episodes 7000:, 
2023-12-21 16:39:03.261087 Total steps 350000/500000, 
2023-12-21 16:39:03.261323 Evaluation Reward: [0.44456293 0.54418569],
2023-12-21 16:39:03.261372 Time: 52.147
2023-12-21 16:39:54.468084 Episodes 7200:, 
2023-12-21 16:39:54.468166 Total steps 360000/500000, 
2023-12-21 16:39:54.468397 Evaluation Reward: [8.42728685e-01 2.55920137e-04],
2023-12-21 16:39:54.468441 Time: 51.179
2023-12-21 16:40:45.952706 Episodes 7400:, 
2023-12-21 16:40:45.952790 Total steps 370000/500000, 
2023-12-21 16:40:45.953018 Evaluation Reward: [1.43615732e-06 3.49041578e-01],
2023-12-21 16:40:45.953065 Time: 51.455
2023-12-21 16:41:37.864589 Episodes 7600:, 
2023-12-21 16:41:37.864686 Total steps 380000/500000, 
2023-12-21 16:41:37.864982 Evaluation Reward: [2.24603813 0.18671669],
2023-12-21 16:41:37.865035 Time: 51.885
2023-12-21 16:42:28.595556 Episodes 7800:, 
2023-12-21 16:42:28.595639 Total steps 390000/500000, 
2023-12-21 16:42:28.595913 Evaluation Reward: [0.09565815 0.19077123],
2023-12-21 16:42:28.595966 Time: 50.688
2023-12-21 16:43:23.793168 Episodes 8000:, 
2023-12-21 16:43:23.793262 Total steps 400000/500000, 
2023-12-21 16:43:23.793565 Evaluation Reward: [0.36968002 0.44632542],
2023-12-21 16:43:23.793611 Time: 55.154
2023-12-21 16:44:22.109217 Episodes 8200:, 
2023-12-21 16:44:22.109306 Total steps 410000/500000, 
2023-12-21 16:44:22.109535 Evaluation Reward: [0.35722692 0.26756796],
2023-12-21 16:44:22.109585 Time: 58.283
2023-12-21 16:45:15.009159 Episodes 8400:, 
2023-12-21 16:45:15.009247 Total steps 420000/500000, 
2023-12-21 16:45:15.009507 Evaluation Reward: [1.53628448 0.19953363],
2023-12-21 16:45:15.009552 Time: 52.869
2023-12-21 16:46:07.116151 Episodes 8600:, 
2023-12-21 16:46:07.116282 Total steps 430000/500000, 
2023-12-21 16:46:07.116641 Evaluation Reward: [4.33272463 0.26330477],
2023-12-21 16:46:07.116702 Time: 52.076
2023-12-21 16:46:59.941416 Episodes 8800:, 
2023-12-21 16:46:59.941504 Total steps 440000/500000, 
2023-12-21 16:46:59.941733 Evaluation Reward: [2.78158138e-01 7.96195287e-05],
2023-12-21 16:46:59.941778 Time: 52.762
2023-12-21 16:47:52.822121 Episodes 9000:, 
2023-12-21 16:47:52.822210 Total steps 450000/500000, 
2023-12-21 16:47:52.822445 Evaluation Reward: [5.95533952e+00 2.62763963e-03],
2023-12-21 16:47:52.822485 Time: 52.787
2023-12-21 16:48:47.743363 Episodes 9200:, 
2023-12-21 16:48:47.743502 Total steps 460000/500000, 
2023-12-21 16:48:47.743888 Evaluation Reward: [3.93388462 0.1757373 ],
2023-12-21 16:48:47.743962 Time: 54.889
2023-12-21 16:49:40.386075 Episodes 9400:, 
2023-12-21 16:49:40.386153 Total steps 470000/500000, 
2023-12-21 16:49:40.386364 Evaluation Reward: [1.79478676 0.09627997],
2023-12-21 16:49:40.386404 Time: 52.573
2023-12-21 16:50:32.760266 Episodes 9600:, 
2023-12-21 16:50:32.760357 Total steps 480000/500000, 
2023-12-21 16:50:32.760635 Evaluation Reward: [0.32079189 0.8036193 ],
2023-12-21 16:50:32.760681 Time: 52.334
2023-12-21 16:51:27.230695 Episodes 9800:, 
2023-12-21 16:51:27.230774 Total steps 490000/500000, 
2023-12-21 16:51:27.231009 Evaluation Reward: [5.81863673 0.73395232],
2023-12-21 16:51:27.231058 Time: 54.436
2023-12-21 16:52:19.629127 Episodes 10000:, 
2023-12-21 16:52:19.629218 Total steps 499999/500000, 
2023-12-21 16:52:19.629460 Evaluation Reward: [4.70721978 0.22282286],
2023-12-21 16:52:19.629508 Time: 52.361
2023-12-21 16:52:20.520907 Episodes 10000:, 
2023-12-21 16:52:20.520997 Total steps 500000/500000, 
2023-12-21 16:52:20.521238 Evaluation Reward: [0.86232162 0.19077357],
2023-12-21 16:52:20.521279 Time: 0.854
2023-12-21 16:52:20.558341 ========================================Basic Configurations========================================
2023-12-21 16:52:20.558423 Daemon Filename: /home/Desktop/studies/q_functionals_daemon/results/final/2agent_2landmarks/cddpg_run_10-step-update_func-polynomial_rank-2_episode-10000_lr0001_b512_l3_n256_m500000_iter1/timestamp.log
2023-12-21 16:52:20.558445 Training Environment: q_functions_2agent_2landmarks
2023-12-21 16:52:20.558464 Functional: polynomial
2023-12-21 16:52:20.558482 rank: 2
2023-12-21 16:52:20.558499 seed: 3
2023-12-21 16:52:20.558521 learning_rate: 0.001
2023-12-21 16:52:20.558539 target_network_learning_rate: 0.005
2023-12-21 16:52:20.558556 nb_runs: 5
2023-12-21 16:52:20.558573 ma_type: cddpg
2023-12-21 16:52:20.558590 policy_type: gaussian
2023-12-21 16:52:20.558608 noise_std: 0.05
2023-12-21 16:52:20.558627 ========================================Model Configurations========================================
2023-12-21 16:52:20.558648 TD3 Trick:: False
2023-12-21 16:52:20.558667 Entropy Regularization: 0.0
2023-12-21 16:52:20.558685 ======================================Sampling Configurations=======================================
2023-12-21 16:52:20.558702 : q_functions_2agent_2landmarks
2023-12-21 16:52:20.558719 Using quantile sampling during bootstrapping:: False
2023-12-21 16:52:20.558737 Using quantile sampling during evaluation interaction: False
2023-12-21 16:52:20.558755 Using quantile sampling during training interaction:: False
2023-12-21 16:52:20.558774 Sampling Percent: 0.01
2023-12-21 16:52:20.558791 Anneal Sampling Percent: False
2023-12-21 16:52:20.558808 ===============================================Split================================================
2023-12-21 16:52:20.559994 running on CUDA...
2023-12-21 16:52:37.180904 Episodes 0:, 
2023-12-21 16:52:37.180991 Total steps 0/500000, 
2023-12-21 16:52:37.181220 Evaluation Reward: [4.18011677e-01 3.06025809e-04],
2023-12-21 16:52:37.181264 Time: 16.59
2023-12-21 16:53:28.867590 Episodes 200:, 
2023-12-21 16:53:28.867666 Total steps 10000/500000, 
2023-12-21 16:53:28.867886 Evaluation Reward: [0.08534895 0.19825553],
2023-12-21 16:53:28.867927 Time: 51.686
2023-12-21 16:54:19.884799 Episodes 400:, 
2023-12-21 16:54:19.884985 Total steps 20000/500000, 
2023-12-21 16:54:19.885206 Evaluation Reward: [0.19808428 0.64396795],
2023-12-21 16:54:19.885256 Time: 51.007
2023-12-21 16:55:11.993791 Episodes 600:, 
2023-12-21 16:55:11.993900 Total steps 30000/500000, 
2023-12-21 16:55:11.994135 Evaluation Reward: [8.56255617e-02 1.55395220e-07],
2023-12-21 16:55:11.994176 Time: 52.099
2023-12-21 16:56:03.772486 Episodes 800:, 
2023-12-21 16:56:03.772577 Total steps 40000/500000, 
2023-12-21 16:56:03.772823 Evaluation Reward: [0.7131913  0.05048804],
2023-12-21 16:56:03.772871 Time: 51.768
2023-12-21 16:56:54.336364 Episodes 1000:, 
2023-12-21 16:56:54.336447 Total steps 50000/500000, 
2023-12-21 16:56:54.336673 Evaluation Reward: [0.18042787 0.37671697],
2023-12-21 16:56:54.336715 Time: 50.552
2023-12-21 16:57:45.153238 Episodes 1200:, 
2023-12-21 16:57:45.153335 Total steps 60000/500000, 
2023-12-21 16:57:45.153568 Evaluation Reward: [0.61700725 2.45444764],
2023-12-21 16:57:45.153614 Time: 50.805
2023-12-21 16:58:36.015664 Episodes 1400:, 
2023-12-21 16:58:36.015759 Total steps 70000/500000, 
2023-12-21 16:58:36.016009 Evaluation Reward: [0.89135785 0.74380084],
2023-12-21 16:58:36.016051 Time: 50.85
2023-12-21 16:59:28.046389 Episodes 1600:, 
2023-12-21 16:59:28.046554 Total steps 80000/500000, 
2023-12-21 16:59:28.046909 Evaluation Reward: [0.46624023 1.1004257 ],
2023-12-21 16:59:28.046969 Time: 52.018
2023-12-21 17:00:24.788116 Episodes 1800:, 
2023-12-21 17:00:24.788196 Total steps 90000/500000, 
2023-12-21 17:00:24.788405 Evaluation Reward: [0.34898792 0.25630827],
2023-12-21 17:00:24.788449 Time: 56.713
2023-12-21 17:01:24.281001 Episodes 2000:, 
2023-12-21 17:01:24.281092 Total steps 100000/500000, 
2023-12-21 17:01:24.281361 Evaluation Reward: [0.52554894 2.55187908],
2023-12-21 17:01:24.281416 Time: 59.478
2023-12-21 17:02:23.847263 Episodes 2200:, 
2023-12-21 17:02:23.847348 Total steps 110000/500000, 
2023-12-21 17:02:23.847581 Evaluation Reward: [2.46998686e-06 4.82544806e-01],
2023-12-21 17:02:23.847623 Time: 59.552
2023-12-21 17:03:12.783227 Episodes 2400:, 
2023-12-21 17:03:12.783303 Total steps 120000/500000, 
2023-12-21 17:03:12.783515 Evaluation Reward: [1.33546279 0.59226235],
2023-12-21 17:03:12.783554 Time: 48.922
2023-12-21 17:03:58.665770 Episodes 2600:, 
2023-12-21 17:03:58.665855 Total steps 130000/500000, 
2023-12-21 17:03:58.666072 Evaluation Reward: [0.44836674 2.74023812],
2023-12-21 17:03:58.666110 Time: 45.868
2023-12-21 17:04:45.313345 Episodes 2800:, 
2023-12-21 17:04:45.313439 Total steps 140000/500000, 
2023-12-21 17:04:45.313643 Evaluation Reward: [0.01211215 0.2732188 ],
2023-12-21 17:04:45.313682 Time: 46.631
2023-12-21 17:05:32.016621 Episodes 3000:, 
2023-12-21 17:05:32.016696 Total steps 150000/500000, 
2023-12-21 17:05:32.016909 Evaluation Reward: [0.01167779 0.98557326],
2023-12-21 17:05:32.016952 Time: 46.688
2023-12-21 17:06:18.702383 Episodes 3200:, 
2023-12-21 17:06:18.702459 Total steps 160000/500000, 
2023-12-21 17:06:18.702681 Evaluation Reward: [1.41535555e-03 1.45926860e+00],
2023-12-21 17:06:18.702721 Time: 46.671
2023-12-21 17:07:05.343851 Episodes 3400:, 
2023-12-21 17:07:05.343942 Total steps 170000/500000, 
2023-12-21 17:07:05.344169 Evaluation Reward: [5.20063312e-10 2.28560885e+00],
2023-12-21 17:07:05.344208 Time: 46.625
2023-12-21 17:07:51.478357 Episodes 3600:, 
2023-12-21 17:07:51.478428 Total steps 180000/500000, 
2023-12-21 17:07:51.478669 Evaluation Reward: [0.45252126 0.9051473 ],
2023-12-21 17:07:51.478718 Time: 46.119
2023-12-21 17:08:37.082399 Episodes 3800:, 
2023-12-21 17:08:37.082477 Total steps 190000/500000, 
2023-12-21 17:08:37.082679 Evaluation Reward: [3.55177539e-05 1.49357248e+00],
2023-12-21 17:08:37.082717 Time: 45.584
2023-12-21 17:09:24.156314 Episodes 4000:, 
2023-12-21 17:09:24.156389 Total steps 200000/500000, 
2023-12-21 17:09:24.156593 Evaluation Reward: [ 0.34786351 12.99490327],
2023-12-21 17:09:24.156635 Time: 47.057
2023-12-21 17:10:10.929690 Episodes 4200:, 
2023-12-21 17:10:10.929779 Total steps 210000/500000, 
2023-12-21 17:10:10.929989 Evaluation Reward: [ 0.35747077 10.09988956],
2023-12-21 17:10:10.930028 Time: 46.755
2023-12-21 17:10:56.681195 Episodes 4400:, 
2023-12-21 17:10:56.681317 Total steps 220000/500000, 
2023-12-21 17:10:56.681642 Evaluation Reward: [ 0.27663654 13.46301684],
2023-12-21 17:10:56.681686 Time: 45.733
2023-12-21 17:11:42.458232 Episodes 4600:, 
2023-12-21 17:11:42.458307 Total steps 230000/500000, 
2023-12-21 17:11:42.458534 Evaluation Reward: [ 0.09296798 21.74185108],
2023-12-21 17:11:42.458584 Time: 45.757
2023-12-21 17:12:29.119708 Episodes 4800:, 
2023-12-21 17:12:29.119799 Total steps 240000/500000, 
2023-12-21 17:12:29.120006 Evaluation Reward: [ 0.18953654 22.38626682],
2023-12-21 17:12:29.120055 Time: 46.642
2023-12-21 17:13:15.129361 Episodes 5000:, 
2023-12-21 17:13:15.129445 Total steps 250000/500000, 
2023-12-21 17:13:15.129648 Evaluation Reward: [2.39739985e-05 3.46433874e+01],
2023-12-21 17:13:15.129686 Time: 45.99
2023-12-21 17:14:00.247410 Episodes 5200:, 
2023-12-21 17:14:00.247499 Total steps 260000/500000, 
2023-12-21 17:14:00.247704 Evaluation Reward: [ 0.20085192 38.49073714],
2023-12-21 17:14:00.247743 Time: 45.098
2023-12-21 17:14:47.327318 Episodes 5400:, 
2023-12-21 17:14:47.327394 Total steps 270000/500000, 
2023-12-21 17:14:47.327663 Evaluation Reward: [ 0.17215495 38.61086661],
2023-12-21 17:14:47.327711 Time: 47.059
2023-12-21 17:15:33.826959 Episodes 5600:, 
2023-12-21 17:15:33.827047 Total steps 280000/500000, 
2023-12-21 17:15:33.827254 Evaluation Reward: [ 0.48673563 29.85098573],
2023-12-21 17:15:33.827294 Time: 46.469
2023-12-21 17:16:20.424568 Episodes 5800:, 
2023-12-21 17:16:20.424645 Total steps 290000/500000, 
2023-12-21 17:16:20.424928 Evaluation Reward: [ 0.09473677 32.97049405],
2023-12-21 17:16:20.424974 Time: 46.574
2023-12-21 17:17:06.870077 Episodes 6000:, 
2023-12-21 17:17:06.870246 Total steps 300000/500000, 
2023-12-21 17:17:06.870527 Evaluation Reward: [ 0.18350668 36.38290188],
2023-12-21 17:17:06.870575 Time: 46.417
2023-12-21 17:17:55.522330 Episodes 6200:, 
2023-12-21 17:17:55.522403 Total steps 310000/500000, 
2023-12-21 17:17:55.522614 Evaluation Reward: [ 0.0957096  40.06143685],
2023-12-21 17:17:55.522657 Time: 48.628
2023-12-21 17:18:49.678179 Episodes 6400:, 
2023-12-21 17:18:49.678249 Total steps 320000/500000, 
2023-12-21 17:18:49.678497 Evaluation Reward: [6.06302656e-09 3.54450013e+01],
2023-12-21 17:18:49.678537 Time: 54.132
2023-12-21 17:19:46.703946 Episodes 6600:, 
2023-12-21 17:19:46.704025 Total steps 330000/500000, 
2023-12-21 17:19:46.704232 Evaluation Reward: [3.26417454e-05 2.79710207e+01],
2023-12-21 17:19:46.704272 Time: 56.993
2023-12-21 17:20:38.937721 Episodes 6800:, 
2023-12-21 17:20:38.937814 Total steps 340000/500000, 
2023-12-21 17:20:38.938042 Evaluation Reward: [ 0.18922173 21.98778221],
2023-12-21 17:20:38.938142 Time: 52.209
2023-12-21 17:21:33.762566 Episodes 7000:, 
2023-12-21 17:21:33.762677 Total steps 350000/500000, 
2023-12-21 17:21:33.762930 Evaluation Reward: [ 0.41192633 33.2281628 ],
2023-12-21 17:21:33.762975 Time: 54.798
2023-12-21 17:22:31.120855 Episodes 7200:, 
2023-12-21 17:22:31.121088 Total steps 360000/500000, 
2023-12-21 17:22:31.121362 Evaluation Reward: [1.87547388e-04 3.74851181e+01],
2023-12-21 17:22:31.121409 Time: 57.331
2023-12-21 17:23:24.488591 Episodes 7400:, 
2023-12-21 17:23:24.488681 Total steps 370000/500000, 
2023-12-21 17:23:24.488901 Evaluation Reward: [6.14521351e-04 3.56094424e+01],
2023-12-21 17:23:24.488942 Time: 53.338
2023-12-21 17:24:16.858794 Episodes 7600:, 
2023-12-21 17:24:16.858950 Total steps 380000/500000, 
2023-12-21 17:24:16.859374 Evaluation Reward: [ 0.27099397 32.32729679],
2023-12-21 17:24:16.859447 Time: 52.342
2023-12-21 17:25:13.411567 Episodes 7800:, 
2023-12-21 17:25:13.411661 Total steps 390000/500000, 
2023-12-21 17:25:13.411896 Evaluation Reward: [ 0.37855575 38.86385955],
2023-12-21 17:25:13.411937 Time: 56.49
2023-12-21 17:26:11.873029 Episodes 8000:, 
2023-12-21 17:26:11.873119 Total steps 400000/500000, 
2023-12-21 17:26:11.873365 Evaluation Reward: [ 0.26957165 30.21704131],
2023-12-21 17:26:11.873413 Time: 58.427
2023-12-21 17:27:09.092872 Episodes 8200:, 
2023-12-21 17:27:09.092970 Total steps 410000/500000, 
2023-12-21 17:27:09.093216 Evaluation Reward: [ 0.09192386 29.64660198],
2023-12-21 17:27:09.093268 Time: 57.19
2023-12-21 17:28:04.262259 Episodes 8400:, 
2023-12-21 17:28:04.262975 Total steps 420000/500000, 
2023-12-21 17:28:04.263240 Evaluation Reward: [ 0.3148365  38.65762071],
2023-12-21 17:28:04.263295 Time: 55.139
2023-12-21 17:28:58.373554 Episodes 8600:, 
2023-12-21 17:28:58.373656 Total steps 430000/500000, 
2023-12-21 17:28:58.373901 Evaluation Reward: [1.30931576e-11 3.10350788e+01],
2023-12-21 17:28:58.373942 Time: 54.075
2023-12-21 17:29:57.214000 Episodes 8800:, 
2023-12-21 17:29:57.214103 Total steps 440000/500000, 
2023-12-21 17:29:57.214341 Evaluation Reward: [ 0.0833963  15.98208888],
2023-12-21 17:29:57.214387 Time: 58.807
2023-12-21 17:30:52.983524 Episodes 9000:, 
2023-12-21 17:30:52.983613 Total steps 450000/500000, 
2023-12-21 17:30:52.983854 Evaluation Reward: [ 0.27100254 28.89157506],
2023-12-21 17:30:52.983906 Time: 55.72
2023-12-21 17:31:52.528402 Episodes 9200:, 
2023-12-21 17:31:52.528515 Total steps 460000/500000, 
2023-12-21 17:31:52.536377 Evaluation Reward: [0.20044909 5.0042215 ],
2023-12-21 17:31:52.536461 Time: 59.516
2023-12-21 17:32:50.160018 Episodes 9400:, 
2023-12-21 17:32:50.160591 Total steps 470000/500000, 
2023-12-21 17:32:50.160914 Evaluation Reward: [ 0.09243993 40.57615431],
2023-12-21 17:32:50.160965 Time: 57.579
2023-12-21 17:33:51.369202 Episodes 9600:, 
2023-12-21 17:33:51.375577 Total steps 480000/500000, 
2023-12-21 17:33:51.375846 Evaluation Reward: [ 0.37918929 27.60432603],
2023-12-21 17:33:51.375889 Time: 61.174
2023-12-21 17:34:48.272759 Episodes 9800:, 
2023-12-21 17:34:48.272853 Total steps 490000/500000, 
2023-12-21 17:34:48.273157 Evaluation Reward: [ 0.08878444 11.80279736],
2023-12-21 17:34:48.273210 Time: 56.848
2023-12-21 17:35:46.889347 Episodes 10000:, 
2023-12-21 17:35:46.890030 Total steps 499999/500000, 
2023-12-21 17:35:46.891673 Evaluation Reward: [ 0.27191189 36.13494356],
2023-12-21 17:35:46.891726 Time: 58.565
2023-12-21 17:35:47.817755 Episodes 10000:, 
2023-12-21 17:35:47.817861 Total steps 500000/500000, 
2023-12-21 17:35:47.818110 Evaluation Reward: [ 0.08600606 28.2676916 ],
2023-12-21 17:35:47.818336 Time: 0.883
2023-12-21 17:35:47.861809 ========================================Basic Configurations========================================
2023-12-21 17:35:47.861934 Daemon Filename: /home/Desktop/studies/q_functionals_daemon/results/final/2agent_2landmarks/cddpg_run_10-step-update_func-polynomial_rank-2_episode-10000_lr0001_b512_l3_n256_m500000_iter1/timestamp.log
2023-12-21 17:35:47.861975 Training Environment: q_functions_2agent_2landmarks
2023-12-21 17:35:47.861997 Functional: polynomial
2023-12-21 17:35:47.862017 rank: 2
2023-12-21 17:35:47.862035 seed: 4
2023-12-21 17:35:47.862058 learning_rate: 0.001
2023-12-21 17:35:47.862078 target_network_learning_rate: 0.005
2023-12-21 17:35:47.862096 nb_runs: 5
2023-12-21 17:35:47.862114 ma_type: cddpg
2023-12-21 17:35:47.862131 policy_type: gaussian
2023-12-21 17:35:47.862150 noise_std: 0.05
2023-12-21 17:35:47.862171 ========================================Model Configurations========================================
2023-12-21 17:35:47.862190 TD3 Trick:: False
2023-12-21 17:35:47.862208 Entropy Regularization: 0.0
2023-12-21 17:35:47.862227 ======================================Sampling Configurations=======================================
2023-12-21 17:35:47.862244 : q_functions_2agent_2landmarks
2023-12-21 17:35:47.862262 Using quantile sampling during bootstrapping:: False
2023-12-21 17:35:47.862280 Using quantile sampling during evaluation interaction: False
2023-12-21 17:35:47.862298 Using quantile sampling during training interaction:: False
2023-12-21 17:35:47.862316 Sampling Percent: 0.01
2023-12-21 17:35:47.862335 Anneal Sampling Percent: False
2023-12-21 17:35:47.862354 ===============================================Split================================================
2023-12-21 17:35:47.867381 running on CUDA...
2023-12-21 17:36:07.519252 Episodes 0:, 
2023-12-21 17:36:07.519360 Total steps 0/500000, 
2023-12-21 17:36:07.519599 Evaluation Reward: [0.36015583 1.14734768],
2023-12-21 17:36:07.519645 Time: 19.616
2023-12-21 17:37:08.908940 Episodes 200:, 
2023-12-21 17:37:08.909197 Total steps 10000/500000, 
2023-12-21 17:37:08.909468 Evaluation Reward: [0.09724215 0.09170948],
2023-12-21 17:37:08.909522 Time: 61.382
2023-12-21 17:38:02.712461 Episodes 400:, 
2023-12-21 17:38:02.712562 Total steps 20000/500000, 
2023-12-21 17:38:02.712786 Evaluation Reward: [0.27229282 0.99353222],
2023-12-21 17:38:02.712836 Time: 53.791
2023-12-21 17:39:03.693810 Episodes 600:, 
2023-12-21 17:39:03.694168 Total steps 30000/500000, 
2023-12-21 17:39:03.695971 Evaluation Reward: [0.45121068 0.17806613],
2023-12-21 17:39:03.696075 Time: 60.972
2023-12-21 17:39:59.389584 Episodes 800:, 
2023-12-21 17:39:59.392996 Total steps 40000/500000, 
2023-12-21 17:39:59.398325 Evaluation Reward: [0.83381627 0.6290442 ],
2023-12-21 17:39:59.398420 Time: 55.677
2023-12-21 17:40:52.111510 Episodes 1000:, 
2023-12-21 17:40:52.112163 Total steps 50000/500000, 
2023-12-21 17:40:52.112427 Evaluation Reward: [0.8473347  0.70200746],
2023-12-21 17:40:52.112477 Time: 52.695
2023-12-21 17:41:45.334374 Episodes 1200:, 
2023-12-21 17:41:45.334662 Total steps 60000/500000, 
2023-12-21 17:41:45.334957 Evaluation Reward: [3.70022532 0.08476348],
2023-12-21 17:41:45.335016 Time: 53.209
2023-12-21 17:42:38.135805 Episodes 1400:, 
2023-12-21 17:42:38.136413 Total steps 70000/500000, 
2023-12-21 17:42:38.136678 Evaluation Reward: [1.15660208 0.18962039],
2023-12-21 17:42:38.136998 Time: 52.788
2023-12-21 17:43:30.925139 Episodes 1600:, 
2023-12-21 17:43:30.925792 Total steps 80000/500000, 
2023-12-21 17:43:30.926103 Evaluation Reward: [2.02553371 0.00328428],
2023-12-21 17:43:30.926151 Time: 52.774
2023-12-21 17:44:24.526901 Episodes 1800:, 
2023-12-21 17:44:24.527162 Total steps 90000/500000, 
2023-12-21 17:44:24.528738 Evaluation Reward: [3.36584977 0.0971172 ],
2023-12-21 17:44:24.528791 Time: 53.587
2023-12-21 17:45:18.150523 Episodes 2000:, 
2023-12-21 17:45:18.150861 Total steps 100000/500000, 
2023-12-21 17:45:18.151230 Evaluation Reward: [5.96967351 0.08317254],
2023-12-21 17:45:18.151295 Time: 53.606
2023-12-21 17:46:10.995187 Episodes 2200:, 
2023-12-21 17:46:10.996025 Total steps 110000/500000, 
2023-12-21 17:46:10.996656 Evaluation Reward: [2.39427126e+01 2.68269144e-06],
2023-12-21 17:46:10.996714 Time: 52.824
2023-12-21 17:47:04.384023 Episodes 2400:, 
2023-12-21 17:47:04.384367 Total steps 120000/500000, 
2023-12-21 17:47:04.386230 Evaluation Reward: [1.35842801 0.27360119],
2023-12-21 17:47:04.386584 Time: 53.373
2023-12-21 17:47:57.426505 Episodes 2600:, 
2023-12-21 17:47:57.426749 Total steps 130000/500000, 
2023-12-21 17:47:57.427024 Evaluation Reward: [11.77564182  0.09252362],
2023-12-21 17:47:57.427075 Time: 53.023
2023-12-21 17:48:50.891078 Episodes 2800:, 
2023-12-21 17:48:50.891601 Total steps 140000/500000, 
2023-12-21 17:48:50.893162 Evaluation Reward: [9.14029616e+00 9.22017108e-05],
2023-12-21 17:48:50.893224 Time: 53.447
2023-12-21 17:49:46.218338 Episodes 3000:, 
2023-12-21 17:49:46.219047 Total steps 150000/500000, 
2023-12-21 17:49:46.220933 Evaluation Reward: [7.64450574 0.34649135],
2023-12-21 17:49:46.221420 Time: 55.31
2023-12-21 17:50:41.997112 Episodes 3200:, 
2023-12-21 17:50:41.998369 Total steps 160000/500000, 
2023-12-21 17:50:41.999897 Evaluation Reward: [10.38030262  0.36709505],
2023-12-21 17:50:42.000211 Time: 55.756
2023-12-21 17:51:43.819851 Episodes 3400:, 
2023-12-21 17:51:43.820073 Total steps 170000/500000, 
2023-12-21 17:51:43.820377 Evaluation Reward: [25.95306476  1.74061909],
2023-12-21 17:51:43.820431 Time: 61.798
2023-12-21 17:52:36.747903 Episodes 3600:, 
2023-12-21 17:52:36.754252 Total steps 180000/500000, 
2023-12-21 17:52:36.754537 Evaluation Reward: [22.40376177  0.27583385],
2023-12-21 17:52:36.754585 Time: 52.905
2023-12-21 17:53:29.937846 Episodes 3800:, 
2023-12-21 17:53:29.937946 Total steps 190000/500000, 
2023-12-21 17:53:29.938179 Evaluation Reward: [30.97562758  0.47517952],
2023-12-21 17:53:29.938226 Time: 53.164
2023-12-21 17:54:22.569192 Episodes 4000:, 
2023-12-21 17:54:22.575616 Total steps 200000/500000, 
2023-12-21 17:54:22.575960 Evaluation Reward: [31.22926835  0.18898115],
2023-12-21 17:54:22.576011 Time: 52.618
2023-12-21 17:55:14.947988 Episodes 4200:, 
2023-12-21 17:55:14.948081 Total steps 210000/500000, 
2023-12-21 17:55:14.948292 Evaluation Reward: [32.20655807  0.2705637 ],
2023-12-21 17:55:14.948337 Time: 52.343
2023-12-21 17:56:08.214250 Episodes 4400:, 
2023-12-21 17:56:08.214575 Total steps 220000/500000, 
2023-12-21 17:56:08.214906 Evaluation Reward: [34.59166209  1.37471088],
2023-12-21 17:56:08.214958 Time: 53.246
2023-12-21 17:57:01.109085 Episodes 4600:, 
2023-12-21 17:57:01.109266 Total steps 230000/500000, 
2023-12-21 17:57:01.109531 Evaluation Reward: [27.84705261  0.0859488 ],
2023-12-21 17:57:01.109575 Time: 52.863
2023-12-21 17:57:54.388677 Episodes 4800:, 
2023-12-21 17:57:54.395097 Total steps 240000/500000, 
2023-12-21 17:57:54.395363 Evaluation Reward: [28.67459215  0.19923203],
2023-12-21 17:57:54.395404 Time: 53.261
2023-12-21 17:58:47.343128 Episodes 5000:, 
2023-12-21 17:58:47.343339 Total steps 250000/500000, 
2023-12-21 17:58:47.343599 Evaluation Reward: [25.40340717  0.08480869],
2023-12-21 17:58:47.343644 Time: 52.926
2023-12-21 17:59:41.199804 Episodes 5200:, 
2023-12-21 17:59:41.206800 Total steps 260000/500000, 
2023-12-21 17:59:41.207080 Evaluation Reward: [32.50716973  2.10562941],
2023-12-21 17:59:41.207126 Time: 53.84
2023-12-21 18:00:35.314990 Episodes 5400:, 
2023-12-21 18:00:35.315216 Total steps 270000/500000, 
2023-12-21 18:00:35.316835 Evaluation Reward: [4.03586726e+01 3.40203304e-04],
2023-12-21 18:00:35.316907 Time: 54.086
2023-12-21 18:01:29.661746 Episodes 5600:, 
2023-12-21 18:01:29.661980 Total steps 280000/500000, 
2023-12-21 18:01:29.663940 Evaluation Reward: [37.50801123  0.29674912],
2023-12-21 18:01:29.664186 Time: 54.32
2023-12-21 18:02:22.967683 Episodes 5800:, 
2023-12-21 18:02:22.968158 Total steps 290000/500000, 
2023-12-21 18:02:22.969747 Evaluation Reward: [31.87589202  0.09135733],
2023-12-21 18:02:22.970097 Time: 53.279
2023-12-21 18:03:16.881865 Episodes 6000:, 
2023-12-21 18:03:16.882213 Total steps 300000/500000, 
2023-12-21 18:03:16.884225 Evaluation Reward: [31.84004581  0.54196996],
2023-12-21 18:03:16.884290 Time: 53.885
2023-12-21 18:04:11.000492 Episodes 6200:, 
2023-12-21 18:04:11.001353 Total steps 310000/500000, 
2023-12-21 18:04:11.003404 Evaluation Reward: [31.20727436  0.25220792],
2023-12-21 18:04:11.003658 Time: 54.08
2023-12-21 18:05:05.469727 Episodes 6400:, 
2023-12-21 18:05:05.470494 Total steps 320000/500000, 
2023-12-21 18:05:05.472387 Evaluation Reward: [24.25097281  0.07989543],
2023-12-21 18:05:05.472855 Time: 54.435
2023-12-21 18:05:58.701252 Episodes 6600:, 
2023-12-21 18:05:58.707639 Total steps 330000/500000, 
2023-12-21 18:05:58.709192 Evaluation Reward: [37.33679228  0.18856693],
2023-12-21 18:05:58.709254 Time: 53.203
2023-12-21 18:06:48.833192 Episodes 6800:, 
2023-12-21 18:06:48.833500 Total steps 340000/500000, 
2023-12-21 18:06:48.833752 Evaluation Reward: [2.08170959e+01 1.33377239e-08],
2023-12-21 18:06:48.833795 Time: 50.097
2023-12-21 18:07:38.793704 Episodes 7000:, 
2023-12-21 18:07:38.793790 Total steps 350000/500000, 
2023-12-21 18:07:38.794021 Evaluation Reward: [34.57203089  0.09087168],
2023-12-21 18:07:38.794069 Time: 49.923
2023-12-21 18:08:33.641405 Episodes 7200:, 
2023-12-21 18:08:33.642182 Total steps 360000/500000, 
2023-12-21 18:08:33.642447 Evaluation Reward: [3.91437486e+01 4.11590851e-04],
2023-12-21 18:08:33.642494 Time: 54.818
2023-12-21 18:09:32.107965 Episodes 7400:, 
2023-12-21 18:09:32.108194 Total steps 370000/500000, 
2023-12-21 18:09:32.109726 Evaluation Reward: [36.2736088   0.26800854],
2023-12-21 18:09:32.109787 Time: 58.435
2023-12-21 18:10:25.041039 Episodes 7600:, 
2023-12-21 18:10:25.041857 Total steps 380000/500000, 
2023-12-21 18:10:25.042128 Evaluation Reward: [2.94493935e+01 1.74354149e-02],
2023-12-21 18:10:25.042170 Time: 52.9
2023-12-21 18:11:20.282113 Episodes 7800:, 
2023-12-21 18:11:20.291199 Total steps 390000/500000, 
2023-12-21 18:11:20.300056 Evaluation Reward: [3.92073518e+01 3.78844228e-02],
2023-12-21 18:11:20.300126 Time: 55.23
2023-12-21 18:12:17.328971 Episodes 8000:, 
2023-12-21 18:12:17.329205 Total steps 400000/500000, 
2023-12-21 18:12:17.330760 Evaluation Reward: [34.4984425   0.18051047],
2023-12-21 18:12:17.330816 Time: 57.002
2023-12-21 18:13:14.145636 Episodes 8200:, 
2023-12-21 18:13:14.152005 Total steps 410000/500000, 
2023-12-21 18:13:14.152336 Evaluation Reward: [40.09242997  0.45949319],
2023-12-21 18:13:14.152388 Time: 56.791
2023-12-21 18:14:10.947062 Episodes 8400:, 
2023-12-21 18:14:10.947150 Total steps 420000/500000, 
2023-12-21 18:14:10.947385 Evaluation Reward: [12.89359115  0.34071827],
2023-12-21 18:14:10.947427 Time: 56.761
2023-12-21 18:15:33.662669 Episodes 8600:, 
2023-12-21 18:15:33.662766 Total steps 430000/500000, 
2023-12-21 18:15:33.669550 Evaluation Reward: [25.7716434   0.18400783],
2023-12-21 18:15:33.669612 Time: 82.689
2023-12-21 18:16:26.771238 Episodes 8800:, 
2023-12-21 18:16:26.771320 Total steps 440000/500000, 
2023-12-21 18:16:26.771534 Evaluation Reward: [26.57289333  0.34290996],
2023-12-21 18:16:26.771576 Time: 53.073
2023-12-21 18:17:21.380316 Episodes 9000:, 
2023-12-21 18:17:21.380399 Total steps 450000/500000, 
2023-12-21 18:17:21.380616 Evaluation Reward: [38.75244316  0.0933404 ],
2023-12-21 18:17:21.380658 Time: 54.579
2023-12-21 18:18:18.701246 Episodes 9200:, 
2023-12-21 18:18:18.701339 Total steps 460000/500000, 
2023-12-21 18:18:18.701570 Evaluation Reward: [27.91027381  0.36331921],
2023-12-21 18:18:18.701612 Time: 57.288
2023-12-21 18:19:11.929145 Episodes 9400:, 
2023-12-21 18:19:11.929359 Total steps 470000/500000, 
2023-12-21 18:19:11.929596 Evaluation Reward: [3.68416329e+01 6.37890441e-04],
2023-12-21 18:19:11.929638 Time: 53.192
2023-12-21 18:20:04.721209 Episodes 9600:, 
2023-12-21 18:20:04.721305 Total steps 480000/500000, 
2023-12-21 18:20:04.721592 Evaluation Reward: [33.33567094  0.17903775],
2023-12-21 18:20:04.721644 Time: 52.754
2023-12-21 18:21:03.150074 Episodes 9800:, 
2023-12-21 18:21:03.150233 Total steps 490000/500000, 
2023-12-21 18:21:03.150614 Evaluation Reward: [40.15776938  0.17621628],
2023-12-21 18:21:03.150683 Time: 58.382
2023-12-21 18:21:53.713273 Episodes 10000:, 
2023-12-21 18:21:53.713374 Total steps 499999/500000, 
2023-12-21 18:21:53.713677 Evaluation Reward: [37.68572695  0.20740891],
2023-12-21 18:21:53.713731 Time: 50.516
2023-12-21 18:21:54.516389 Episodes 10000:, 
2023-12-21 18:21:54.516475 Total steps 500000/500000, 
2023-12-21 18:21:54.516740 Evaluation Reward: [3.93392882e+01 1.81461258e-04],
2023-12-21 18:21:54.516789 Time: 0.761
