2023-12-10 12:32:31.918943 ========================================Basic Configurations========================================
2023-12-10 12:32:31.919033 Daemon Filename: /home/Desktop/studies/q_functionals_daemon/results/final/5agent_5landmarks_fixed_full_egreedy/mix_sum_run_1-step-update_func-polynomial_rank-2_episode-10000_lr0001_b512_l3_n256_m500000_iter1/timestamp.log
2023-12-10 12:32:31.919067 Training Environment: q_functions_5agent_5landmarks_fixed
2023-12-10 12:32:31.919096 Functional: polynomial
2023-12-10 12:32:31.919123 rank: 2
2023-12-10 12:32:31.919147 seed: 0
2023-12-10 12:32:31.919169 learning_rate: 0.001
2023-12-10 12:32:31.919184 target_network_learning_rate: 0.005
2023-12-10 12:32:31.919197 nb_runs: 5
2023-12-10 12:32:31.919214 ma_type: mix_sum
2023-12-10 12:32:31.919228 policy_type: e_greedy
2023-12-10 12:32:31.919242 noise_std: 0.05
2023-12-10 12:32:31.919259 ========================================Model Configurations========================================
2023-12-10 12:32:31.919275 TD3 Trick:: False
2023-12-10 12:32:31.919299 Entropy Regularization: 0.0
2023-12-10 12:32:31.919323 ======================================Sampling Configurations=======================================
2023-12-10 12:32:31.919347 : q_functions_5agent_5landmarks_fixed
2023-12-10 12:32:31.919373 Using quantile sampling during bootstrapping:: False
2023-12-10 12:32:31.919392 Using quantile sampling during evaluation interaction: False
2023-12-10 12:32:31.919406 Using quantile sampling during training interaction:: False
2023-12-10 12:32:31.919420 Sampling Percent: 0.01
2023-12-10 12:32:31.919436 Anneal Sampling Percent: False
2023-12-10 12:32:31.919461 ===============================================Split================================================
2023-12-10 12:32:31.920857 running on CUDA...
2023-12-10 12:33:08.879431 Episodes 0:, 
2023-12-10 12:33:08.879516 Total steps 0/500000, 
2023-12-10 12:33:08.883899 Evaluation Reward: [1.32040934 1.6917972  0.53313885 1.14094299 0.70060051],
2023-12-10 12:33:08.883984 Time: 1.654
2023-12-10 12:36:21.885878 Episodes 200:, 
2023-12-10 12:36:21.885969 Total steps 10000/500000, 
2023-12-10 12:36:21.886203 Evaluation Reward: [ 3.43156573 37.72260121 35.85939743 42.03483487 28.63153796],
2023-12-10 12:36:21.886253 Time: 193.002
2023-12-10 12:39:39.751814 Episodes 400:, 
2023-12-10 12:39:39.751893 Total steps 20000/500000, 
2023-12-10 12:39:39.752145 Evaluation Reward: [31.06206258 43.36471518 44.57342152 43.17271395 37.64645884],
2023-12-10 12:39:39.752188 Time: 197.844
2023-12-10 12:43:05.652714 Episodes 600:, 
2023-12-10 12:43:05.652791 Total steps 30000/500000, 
2023-12-10 12:43:05.653021 Evaluation Reward: [42.05590114 38.15061581 42.61493464 42.87563479 41.49110895],
2023-12-10 12:43:05.653062 Time: 205.879
2023-12-10 12:46:25.336073 Episodes 800:, 
2023-12-10 12:46:25.336147 Total steps 40000/500000, 
2023-12-10 12:46:25.336371 Evaluation Reward: [42.43851005 41.51346876 43.47880157 37.75912764 42.33918896],
2023-12-10 12:46:25.336411 Time: 199.66
2023-12-10 12:49:45.207337 Episodes 1000:, 
2023-12-10 12:49:45.207530 Total steps 50000/500000, 
2023-12-10 12:49:45.207774 Evaluation Reward: [41.82191567 40.90732041 43.24147218 36.61473807 40.29119714],
2023-12-10 12:49:45.207818 Time: 199.849
2023-12-10 12:53:03.116479 Episodes 1200:, 
2023-12-10 12:53:03.116548 Total steps 60000/500000, 
2023-12-10 12:53:03.116775 Evaluation Reward: [42.20352669 42.15508709 44.18110804 43.93931422 41.283861  ],
2023-12-10 12:53:03.116819 Time: 197.885
2023-12-10 12:56:25.703375 Episodes 1400:, 
2023-12-10 12:56:25.703448 Total steps 70000/500000, 
2023-12-10 12:56:25.703681 Evaluation Reward: [41.57948424 41.98301088 41.98722202 41.46119261 41.14460605],
2023-12-10 12:56:25.703726 Time: 202.563
2023-12-10 12:59:46.379304 Episodes 1600:, 
2023-12-10 12:59:46.379382 Total steps 80000/500000, 
2023-12-10 12:59:46.379616 Evaluation Reward: [40.9781458  40.21319254 42.90817871 41.75540658 41.88569552],
2023-12-10 12:59:46.379664 Time: 200.649
2023-12-10 13:03:08.223066 Episodes 1800:, 
2023-12-10 13:03:08.223235 Total steps 90000/500000, 
2023-12-10 13:03:08.223490 Evaluation Reward: [42.9154176  41.9993948  43.08961668 43.00152641 42.52809532],
2023-12-10 13:03:08.223533 Time: 201.818
2023-12-10 13:06:30.810137 Episodes 2000:, 
2023-12-10 13:06:30.810210 Total steps 100000/500000, 
2023-12-10 13:06:30.810430 Evaluation Reward: [40.47142298 39.18775424 43.47889299 41.66023983 41.06958356],
2023-12-10 13:06:30.810472 Time: 202.557
2023-12-10 13:09:50.562562 Episodes 2200:, 
2023-12-10 13:09:50.562633 Total steps 110000/500000, 
2023-12-10 13:09:50.562855 Evaluation Reward: [42.18664653 42.02864472 42.78088374 42.5333358  42.77998218],
2023-12-10 13:09:50.562895 Time: 199.724
2023-12-10 13:13:13.056609 Episodes 2400:, 
2023-12-10 13:13:13.056681 Total steps 120000/500000, 
2023-12-10 13:13:13.056899 Evaluation Reward: [44.01108441 42.27280249 42.63217291 41.21969865 41.15351275],
2023-12-10 13:13:13.056940 Time: 202.408
2023-12-10 13:16:35.726874 Episodes 2600:, 
2023-12-10 13:16:35.726953 Total steps 130000/500000, 
2023-12-10 13:16:35.727195 Evaluation Reward: [40.32310591 42.05646132 41.87174732 41.71352318 43.16470625],
2023-12-10 13:16:35.727235 Time: 202.644
2023-12-10 13:19:57.959720 Episodes 2800:, 
2023-12-10 13:19:57.959806 Total steps 140000/500000, 
2023-12-10 13:19:57.960093 Evaluation Reward: [42.47495983 43.48952657 44.56079964 43.17682045 43.89521972],
2023-12-10 13:19:57.960137 Time: 202.204
2023-12-10 13:23:20.273653 Episodes 3000:, 
2023-12-10 13:23:20.273726 Total steps 150000/500000, 
2023-12-10 13:23:20.273944 Evaluation Reward: [40.83544355 41.72367533 42.36305923 43.50164394 39.55881248],
2023-12-10 13:23:20.273986 Time: 202.284
2023-12-10 13:26:42.816471 Episodes 3200:, 
2023-12-10 13:26:42.816544 Total steps 160000/500000, 
2023-12-10 13:26:42.816766 Evaluation Reward: [39.85235493 42.79042555 42.96183537 41.89155349 40.8313822 ],
2023-12-10 13:26:42.816805 Time: 202.514
2023-12-10 13:30:05.329439 Episodes 3400:, 
2023-12-10 13:30:05.329511 Total steps 170000/500000, 
2023-12-10 13:30:05.329735 Evaluation Reward: [41.56255965 42.42206724 41.6319923  42.34268105 41.28375012],
2023-12-10 13:30:05.329782 Time: 202.484
2023-12-10 13:33:26.023959 Episodes 3600:, 
2023-12-10 13:33:26.024035 Total steps 180000/500000, 
2023-12-10 13:33:26.024265 Evaluation Reward: [40.70694532 42.52653333 39.9833308  41.99803394 41.00437822],
2023-12-10 13:33:26.024309 Time: 200.663
2023-12-10 13:36:49.164062 Episodes 3800:, 
2023-12-10 13:36:49.164131 Total steps 190000/500000, 
2023-12-10 13:36:49.164363 Evaluation Reward: [41.13847857 43.06041387 41.63289443 43.25291988 40.17256737],
2023-12-10 13:36:49.164402 Time: 203.109
2023-12-10 13:40:11.711456 Episodes 4000:, 
2023-12-10 13:40:11.711537 Total steps 200000/500000, 
2023-12-10 13:40:11.711782 Evaluation Reward: [41.33959275 37.36897004 42.88706875 42.85523212 40.71455442],
2023-12-10 13:40:11.711829 Time: 202.514
2023-12-10 13:43:44.187926 Episodes 4200:, 
2023-12-10 13:43:44.188001 Total steps 210000/500000, 
2023-12-10 13:43:44.188234 Evaluation Reward: [42.30927093 40.71159951 43.43904996 42.0434662  41.55938246],
2023-12-10 13:43:44.188275 Time: 212.438
2023-12-10 13:47:12.753401 Episodes 4400:, 
2023-12-10 13:47:12.753479 Total steps 220000/500000, 
2023-12-10 13:47:12.753709 Evaluation Reward: [42.19351968 39.74635097 40.13102221 41.98574182 39.80035181],
2023-12-10 13:47:12.753752 Time: 208.532
2023-12-10 13:50:35.272294 Episodes 4600:, 
2023-12-10 13:50:35.272379 Total steps 230000/500000, 
2023-12-10 13:50:35.272604 Evaluation Reward: [43.60073756 43.31012064 40.06042479 41.35496966 41.12751652],
2023-12-10 13:50:35.272660 Time: 202.485
2023-12-10 13:53:59.278283 Episodes 4800:, 
2023-12-10 13:53:59.278366 Total steps 240000/500000, 
2023-12-10 13:53:59.278597 Evaluation Reward: [44.55547969 42.75740275 41.86654397 43.63833202 41.34793326],
2023-12-10 13:53:59.278641 Time: 203.97
2023-12-10 13:57:52.578341 Episodes 5000:, 
2023-12-10 13:57:52.578416 Total steps 250000/500000, 
2023-12-10 13:57:52.578723 Evaluation Reward: [41.01681382 42.02786806 42.88482301 40.93981275 44.02062088],
2023-12-10 13:57:52.578784 Time: 233.262
2023-12-10 14:01:15.871490 Episodes 5200:, 
2023-12-10 14:01:15.871561 Total steps 260000/500000, 
2023-12-10 14:01:15.871784 Evaluation Reward: [41.55634059 38.88020219 43.39397198 41.5007871  40.77423163],
2023-12-10 14:01:15.871823 Time: 203.255
2023-12-10 14:04:38.558917 Episodes 5400:, 
2023-12-10 14:04:38.558988 Total steps 270000/500000, 
2023-12-10 14:04:38.559233 Evaluation Reward: [40.63010181 42.37625731 41.06719932 43.68293864 42.45042697],
2023-12-10 14:04:38.559282 Time: 202.651
2023-12-10 14:07:59.483815 Episodes 5600:, 
2023-12-10 14:07:59.483898 Total steps 280000/500000, 
2023-12-10 14:07:59.484152 Evaluation Reward: [43.30703257 43.25302598 42.30488987 43.46111417 41.33354353],
2023-12-10 14:07:59.484193 Time: 200.88
2023-12-10 14:11:23.947779 Episodes 5800:, 
2023-12-10 14:11:23.947856 Total steps 290000/500000, 
2023-12-10 14:11:23.948111 Evaluation Reward: [43.58543635 42.57969694 41.7473575  40.54007611 41.25403231],
2023-12-10 14:11:23.948153 Time: 204.423
2023-12-10 14:14:48.300584 Episodes 6000:, 
2023-12-10 14:14:48.300660 Total steps 300000/500000, 
2023-12-10 14:14:48.300965 Evaluation Reward: [40.95719283 43.91196384 41.84971657 40.76270384 41.10829208],
2023-12-10 14:14:48.301019 Time: 204.25
2023-12-10 14:18:17.385521 Episodes 6200:, 
2023-12-10 14:18:17.385599 Total steps 310000/500000, 
2023-12-10 14:18:17.385899 Evaluation Reward: [39.37733182 41.30467989 41.19551984 43.45329727 42.73687462],
2023-12-10 14:18:17.385948 Time: 209.038
2023-12-10 14:21:49.364754 Episodes 6400:, 
2023-12-10 14:21:49.364824 Total steps 320000/500000, 
2023-12-10 14:21:49.365062 Evaluation Reward: [40.71802603 41.79152298 41.9578529  38.99266498 39.13536388],
2023-12-10 14:21:49.365102 Time: 211.936
2023-12-10 14:25:12.778312 Episodes 6600:, 
2023-12-10 14:25:12.778389 Total steps 330000/500000, 
2023-12-10 14:25:12.778622 Evaluation Reward: [44.35438055 41.10401072 44.28617163 40.88465061 42.58239805],
2023-12-10 14:25:12.778669 Time: 203.376
2023-12-10 14:28:38.125923 Episodes 6800:, 
2023-12-10 14:28:38.125994 Total steps 340000/500000, 
2023-12-10 14:28:38.126217 Evaluation Reward: [41.53025754 43.27809118 41.47644136 42.45720202 41.93358916],
2023-12-10 14:28:38.126257 Time: 205.309
2023-12-10 14:32:01.840596 Episodes 7000:, 
2023-12-10 14:32:01.840672 Total steps 350000/500000, 
2023-12-10 14:32:01.840971 Evaluation Reward: [41.92492256 43.00872104 42.78873772 41.43801981 41.45479672],
2023-12-10 14:32:01.841021 Time: 203.675
2023-12-10 14:35:26.682951 Episodes 7200:, 
2023-12-10 14:35:26.683025 Total steps 360000/500000, 
2023-12-10 14:35:26.683253 Evaluation Reward: [41.31565404 40.82055881 43.59450835 42.5706863  42.30506876],
2023-12-10 14:35:26.683296 Time: 204.797
2023-12-10 14:38:49.747375 Episodes 7400:, 
2023-12-10 14:38:49.747447 Total steps 370000/500000, 
2023-12-10 14:38:49.747666 Evaluation Reward: [39.95594289 41.63932845 42.38951061 43.44056411 42.23800191],
2023-12-10 14:38:49.747705 Time: 203.023
2023-12-10 14:42:20.714566 Episodes 7600:, 
2023-12-10 14:42:20.714636 Total steps 380000/500000, 
2023-12-10 14:42:20.714881 Evaluation Reward: [39.00560357 44.40347967 42.62241513 43.61223338 41.42694157],
2023-12-10 14:42:20.714926 Time: 210.927
2023-12-10 14:45:48.902610 Episodes 7800:, 
2023-12-10 14:45:48.902682 Total steps 390000/500000, 
2023-12-10 14:45:48.902966 Evaluation Reward: [42.8651099  41.17801017 43.79166247 42.3194698  41.02339058],
2023-12-10 14:45:48.903015 Time: 208.145
2023-12-10 14:49:14.513983 Episodes 8000:, 
2023-12-10 14:49:14.514048 Total steps 400000/500000, 
2023-12-10 14:49:14.514269 Evaluation Reward: [40.81707704 40.58268763 42.64602142 42.5633255  41.49782713],
2023-12-10 14:49:14.514308 Time: 205.566
2023-12-10 14:52:39.312259 Episodes 8200:, 
2023-12-10 14:52:39.312327 Total steps 410000/500000, 
2023-12-10 14:52:39.312541 Evaluation Reward: [42.30883879 43.21197906 37.17549311 43.52472724 40.90312637],
2023-12-10 14:52:39.312580 Time: 204.756
2023-12-10 14:56:04.642385 Episodes 8400:, 
2023-12-10 14:56:04.642477 Total steps 420000/500000, 
2023-12-10 14:56:04.642737 Evaluation Reward: [41.31810349 41.96593771 41.92914393 40.15211431 41.02904231],
2023-12-10 14:56:04.642787 Time: 205.289
2023-12-10 14:59:27.747817 Episodes 8600:, 
2023-12-10 14:59:27.747912 Total steps 430000/500000, 
2023-12-10 14:59:27.748230 Evaluation Reward: [42.69384179 42.11800542 42.95644473 42.4629799  40.82849733],
2023-12-10 14:59:27.748282 Time: 203.059
2023-12-10 15:02:52.469455 Episodes 8800:, 
2023-12-10 15:02:52.469523 Total steps 440000/500000, 
2023-12-10 15:02:52.469793 Evaluation Reward: [41.14522109 42.99679898 42.51957939 42.94228387 41.68797652],
2023-12-10 15:02:52.469842 Time: 204.668
2023-12-10 15:06:17.306883 Episodes 9000:, 
2023-12-10 15:06:17.306970 Total steps 450000/500000, 
2023-12-10 15:06:17.307224 Evaluation Reward: [44.04117198 41.94986973 44.01050533 42.33503849 41.3946952 ],
2023-12-10 15:06:17.307275 Time: 204.789
2023-12-10 15:09:40.808320 Episodes 9200:, 
2023-12-10 15:09:40.808391 Total steps 460000/500000, 
2023-12-10 15:09:40.808701 Evaluation Reward: [41.64572093 43.24435539 42.09207497 42.61920784 42.59543214],
2023-12-10 15:09:40.808747 Time: 203.457
2023-12-10 15:13:06.160913 Episodes 9400:, 
2023-12-10 15:13:06.160988 Total steps 470000/500000, 
2023-12-10 15:13:06.161215 Evaluation Reward: [41.81412435 43.26763734 42.23514188 42.894482   38.99037093],
2023-12-10 15:13:06.161252 Time: 205.288
2023-12-10 15:16:30.894312 Episodes 9600:, 
2023-12-10 15:16:30.894402 Total steps 480000/500000, 
2023-12-10 15:16:30.894623 Evaluation Reward: [43.10676676 41.99254915 41.42808669 41.94976069 41.59645639],
2023-12-10 15:16:30.894666 Time: 204.684
2023-12-10 15:19:55.184862 Episodes 9800:, 
2023-12-10 15:19:55.184932 Total steps 490000/500000, 
2023-12-10 15:19:55.185155 Evaluation Reward: [41.67570595 40.85093    42.04016967 43.72297481 40.83173382],
2023-12-10 15:19:55.185198 Time: 204.243
2023-12-10 15:23:21.004374 Episodes 9999:, 
2023-12-10 15:23:21.004446 Total steps 499999/500000, 
2023-12-10 15:23:21.004727 Evaluation Reward: [40.95120311 43.01562183 41.12699265 41.55806766 42.24534426],
2023-12-10 15:23:21.004779 Time: 205.772
2023-12-10 15:23:21.080435 ========================================Basic Configurations========================================
2023-12-10 15:23:21.080499 Daemon Filename: /home/Desktop/studies/q_functionals_daemon/results/final/5agent_5landmarks_fixed_full_egreedy/mix_sum_run_1-step-update_func-polynomial_rank-2_episode-10000_lr0001_b512_l3_n256_m500000_iter1/timestamp.log
2023-12-10 15:23:21.080522 Training Environment: q_functions_5agent_5landmarks_fixed
2023-12-10 15:23:21.080540 Functional: polynomial
2023-12-10 15:23:21.080559 rank: 2
2023-12-10 15:23:21.080585 seed: 1
2023-12-10 15:23:21.080619 learning_rate: 0.001
2023-12-10 15:23:21.080648 target_network_learning_rate: 0.005
2023-12-10 15:23:21.080676 nb_runs: 5
2023-12-10 15:23:21.080704 ma_type: mix_sum
2023-12-10 15:23:21.080731 policy_type: e_greedy
2023-12-10 15:23:21.080758 noise_std: 0.05
2023-12-10 15:23:21.080777 ========================================Model Configurations========================================
2023-12-10 15:23:21.080795 TD3 Trick:: False
2023-12-10 15:23:21.080813 Entropy Regularization: 0.0
2023-12-10 15:23:21.080830 ======================================Sampling Configurations=======================================
2023-12-10 15:23:21.080848 : q_functions_5agent_5landmarks_fixed
2023-12-10 15:23:21.080866 Using quantile sampling during bootstrapping:: False
2023-12-10 15:23:21.080883 Using quantile sampling during evaluation interaction: False
2023-12-10 15:23:21.080899 Using quantile sampling during training interaction:: False
2023-12-10 15:23:21.080916 Sampling Percent: 0.01
2023-12-10 15:23:21.080933 Anneal Sampling Percent: False
2023-12-10 15:23:21.080949 ===============================================Split================================================
2023-12-10 15:23:21.082243 running on CUDA...
2023-12-10 15:23:58.324907 Episodes 0:, 
2023-12-10 15:23:58.324981 Total steps 0/500000, 
2023-12-10 15:23:58.325219 Evaluation Reward: [2.18481259 2.28106312 0.35005236 1.51365792 0.98233559],
2023-12-10 15:23:58.325259 Time: 1.691
2023-12-10 15:27:12.571681 Episodes 200:, 
2023-12-10 15:27:12.571751 Total steps 10000/500000, 
2023-12-10 15:27:12.571977 Evaluation Reward: [41.12947724 35.06572469 35.30995917 24.22135405 43.66823019],
2023-12-10 15:27:12.572020 Time: 194.246
2023-12-10 15:30:30.676094 Episodes 400:, 
2023-12-10 15:30:30.676166 Total steps 20000/500000, 
2023-12-10 15:30:30.676386 Evaluation Reward: [42.3272103  43.1309022  33.2627551  42.35714622 40.12331573],
2023-12-10 15:30:30.676433 Time: 198.081
2023-12-10 15:33:51.107710 Episodes 600:, 
2023-12-10 15:33:51.107799 Total steps 30000/500000, 
2023-12-10 15:33:51.108116 Evaluation Reward: [42.56346118 40.7933786  41.23874826 42.03464013 41.68947312],
2023-12-10 15:33:51.108164 Time: 200.406
2023-12-10 15:37:11.271468 Episodes 800:, 
2023-12-10 15:37:11.271551 Total steps 40000/500000, 
2023-12-10 15:37:11.271774 Evaluation Reward: [42.54106838 42.26952499 42.30218026 40.20826903 40.25216978],
2023-12-10 15:37:11.271815 Time: 200.138
2023-12-10 15:40:35.765818 Episodes 1000:, 
2023-12-10 15:40:35.765891 Total steps 50000/500000, 
2023-12-10 15:40:35.766112 Evaluation Reward: [43.78928849 44.14151478 43.36359595 41.12765152 41.34136046],
2023-12-10 15:40:35.766152 Time: 204.471
2023-12-10 15:44:03.835591 Episodes 1200:, 
2023-12-10 15:44:03.835665 Total steps 60000/500000, 
2023-12-10 15:44:03.835893 Evaluation Reward: [43.342704   42.11166121 43.88147232 41.65168691 41.64631881],
2023-12-10 15:44:03.835937 Time: 208.046
2023-12-10 15:47:30.093621 Episodes 1400:, 
2023-12-10 15:47:30.093696 Total steps 70000/500000, 
2023-12-10 15:47:30.093926 Evaluation Reward: [42.14254584 41.89219603 41.83026014 39.42346531 42.53736232],
2023-12-10 15:47:30.093972 Time: 206.232
2023-12-10 15:50:52.616018 Episodes 1600:, 
2023-12-10 15:50:52.616091 Total steps 80000/500000, 
2023-12-10 15:50:52.616326 Evaluation Reward: [43.68853774 42.06665327 41.945323   41.92831091 41.44053016],
2023-12-10 15:50:52.616369 Time: 202.496
2023-12-10 15:54:14.588457 Episodes 1800:, 
2023-12-10 15:54:14.588529 Total steps 90000/500000, 
2023-12-10 15:54:14.588748 Evaluation Reward: [42.93277171 42.32787991 42.66765678 43.09195422 42.79147169],
2023-12-10 15:54:14.588791 Time: 201.947
2023-12-10 15:57:36.298893 Episodes 2000:, 
2023-12-10 15:57:36.298963 Total steps 100000/500000, 
2023-12-10 15:57:36.299188 Evaluation Reward: [40.75250023 41.5414622  41.06543061 41.95400707 42.98023383],
2023-12-10 15:57:36.299231 Time: 201.684
2023-12-10 16:00:56.440726 Episodes 2200:, 
2023-12-10 16:00:56.440799 Total steps 110000/500000, 
2023-12-10 16:00:56.441035 Evaluation Reward: [41.451457   42.33054942 41.7570059  42.917403   42.56329552],
2023-12-10 16:00:56.441078 Time: 200.11
2023-12-10 16:04:19.439087 Episodes 2400:, 
2023-12-10 16:04:19.439160 Total steps 120000/500000, 
2023-12-10 16:04:19.439378 Evaluation Reward: [41.53031534 43.74710612 40.16668175 42.60644064 41.70196576],
2023-12-10 16:04:19.439421 Time: 202.969
2023-12-10 16:07:42.867209 Episodes 2600:, 
2023-12-10 16:07:42.867356 Total steps 130000/500000, 
2023-12-10 16:07:42.867655 Evaluation Reward: [41.25607827 40.74197518 42.25248807 42.637437   40.98373808],
2023-12-10 16:07:42.867703 Time: 203.392
2023-12-10 16:11:04.130333 Episodes 2800:, 
2023-12-10 16:11:04.130418 Total steps 140000/500000, 
2023-12-10 16:11:04.130644 Evaluation Reward: [42.70852603 41.68492978 43.29181259 42.93656609 40.49371551],
2023-12-10 16:11:04.130686 Time: 201.229
2023-12-10 16:14:27.257123 Episodes 3000:, 
2023-12-10 16:14:27.257220 Total steps 150000/500000, 
2023-12-10 16:14:27.257448 Evaluation Reward: [40.53850885 41.34005915 41.50939061 42.49275352 40.15795275],
2023-12-10 16:14:27.257487 Time: 203.098
2023-12-10 16:18:10.608379 Episodes 3200:, 
2023-12-10 16:18:10.608451 Total steps 160000/500000, 
2023-12-10 16:18:10.608710 Evaluation Reward: [45.60924873 39.22914795 40.34928081 42.70584943 42.40976346],
2023-12-10 16:18:10.608765 Time: 223.318
2023-12-10 16:21:43.872030 Episodes 3400:, 
2023-12-10 16:21:43.872104 Total steps 170000/500000, 
2023-12-10 16:21:43.872334 Evaluation Reward: [41.99927602 41.29060027 43.1442503  43.52342732 42.93039136],
2023-12-10 16:21:43.872377 Time: 213.231
2023-12-10 16:50:44.371155 Episodes 3600:, 
2023-12-10 16:50:44.371425 Total steps 180000/500000, 
2023-12-10 16:50:44.371712 Evaluation Reward: [40.75204639 41.06920519 42.22041986 42.98732112 41.57293987],
2023-12-10 16:50:44.371755 Time: 1740.466
2023-12-10 16:59:53.411797 Episodes 3800:, 
2023-12-10 16:59:53.418395 Total steps 190000/500000, 
2023-12-10 16:59:53.418722 Evaluation Reward: [41.10158806 41.30069372 42.5020673  41.83887649 39.77266911],
2023-12-10 16:59:53.418780 Time: 548.922
2023-12-10 17:08:35.635828 Episodes 4000:, 
2023-12-10 17:08:35.635922 Total steps 200000/500000, 
2023-12-10 17:08:35.636175 Evaluation Reward: [42.13902004 42.25410854 41.11788351 43.79731935 43.42000682],
2023-12-10 17:08:35.636224 Time: 522.159
2023-12-10 17:17:14.552926 Episodes 4200:, 
2023-12-10 17:17:14.553009 Total steps 210000/500000, 
2023-12-10 17:17:14.553337 Evaluation Reward: [42.62442773 42.61059178 41.47071997 40.72273438 40.16684494],
2023-12-10 17:17:14.553391 Time: 518.88
2023-12-10 17:25:49.722547 Episodes 4400:, 
2023-12-10 17:25:49.729096 Total steps 220000/500000, 
2023-12-10 17:25:49.729544 Evaluation Reward: [41.37089743 42.48515165 38.64030138 44.74114673 42.08465259],
2023-12-10 17:25:49.729604 Time: 515.133
2023-12-10 17:33:02.793649 Episodes 4600:, 
2023-12-10 17:33:02.793756 Total steps 230000/500000, 
2023-12-10 17:33:02.794051 Evaluation Reward: [41.32880379 42.15707514 43.44716284 42.76800192 41.214794  ],
2023-12-10 17:33:02.794105 Time: 433.02
2023-12-10 17:39:18.215188 Episodes 4800:, 
2023-12-10 17:39:18.221607 Total steps 240000/500000, 
2023-12-10 17:39:18.222093 Evaluation Reward: [42.2715165  42.55816667 41.59291175 40.88063344 42.4032275 ],
2023-12-10 17:39:18.222152 Time: 375.381
2023-12-10 17:45:36.147540 Episodes 5000:, 
2023-12-10 17:45:36.147622 Total steps 250000/500000, 
2023-12-10 17:45:36.147917 Evaluation Reward: [43.81629795 40.48115976 41.80737009 42.63111359 40.97317968],
2023-12-10 17:45:36.147968 Time: 377.885
2023-12-10 17:51:42.714414 Episodes 5200:, 
2023-12-10 17:51:42.720801 Total steps 260000/500000, 
2023-12-10 17:51:42.721120 Evaluation Reward: [40.47013461 41.58959052 36.8689966  42.2756952  41.78550272],
2023-12-10 17:51:42.721165 Time: 366.531
2023-12-10 17:57:52.187097 Episodes 5400:, 
2023-12-10 17:57:52.187191 Total steps 270000/500000, 
2023-12-10 17:57:52.187557 Evaluation Reward: [41.46880466 41.15147456 43.28218946 42.49289434 40.97061275],
2023-12-10 17:57:52.187615 Time: 369.418
2023-12-10 18:04:02.073846 Episodes 5600:, 
2023-12-10 18:04:02.073924 Total steps 280000/500000, 
2023-12-10 18:04:02.074190 Evaluation Reward: [41.25053561 40.53681922 40.8777624  42.07519792 43.59128969],
2023-12-10 18:04:02.074240 Time: 369.846
2023-12-10 18:10:09.646019 Episodes 5800:, 
2023-12-10 18:10:09.652442 Total steps 290000/500000, 
2023-12-10 18:10:09.652785 Evaluation Reward: [42.82742264 42.74670367 42.99228276 43.08996099 41.113931  ],
2023-12-10 18:10:09.652829 Time: 367.537
2023-12-10 18:16:18.560917 Episodes 6000:, 
2023-12-10 18:16:18.561010 Total steps 300000/500000, 
2023-12-10 18:16:18.561287 Evaluation Reward: [43.37375601 40.583512   41.77006543 41.29333826 41.50042487],
2023-12-10 18:16:18.561337 Time: 368.798
2023-12-10 18:22:27.690314 Episodes 6200:, 
2023-12-10 18:22:27.690401 Total steps 310000/500000, 
2023-12-10 18:22:27.690653 Evaluation Reward: [41.80247359 41.28666156 41.01712101 41.94208979 43.14804988],
2023-12-10 18:22:27.690703 Time: 369.072
2023-12-10 18:28:37.862978 Episodes 6400:, 
2023-12-10 18:28:37.869348 Total steps 320000/500000, 
2023-12-10 18:28:37.869768 Evaluation Reward: [43.51465545 39.91149722 41.49917567 41.70626304 40.10791645],
2023-12-10 18:28:37.869824 Time: 370.129
2023-12-10 18:34:44.206560 Episodes 6600:, 
2023-12-10 18:34:44.206644 Total steps 330000/500000, 
2023-12-10 18:34:44.206902 Evaluation Reward: [42.62140286 41.18546271 43.3032787  42.64292876 43.12181444],
2023-12-10 18:34:44.206949 Time: 366.278
2023-12-10 18:40:55.790148 Episodes 6800:, 
2023-12-10 18:40:55.790228 Total steps 340000/500000, 
2023-12-10 18:40:55.790471 Evaluation Reward: [40.25825796 41.06449363 42.42760788 41.53149516 41.86564607],
2023-12-10 18:40:55.790514 Time: 371.536
2023-12-10 18:47:12.419572 Episodes 7000:, 
2023-12-10 18:47:12.419652 Total steps 350000/500000, 
2023-12-10 18:47:12.419907 Evaluation Reward: [41.87213211 41.38686753 41.19956084 41.65600172 42.31017024],
2023-12-10 18:47:12.419953 Time: 376.572
2023-12-10 18:53:07.092416 Episodes 7200:, 
2023-12-10 18:53:07.092492 Total steps 360000/500000, 
2023-12-10 18:53:07.092721 Evaluation Reward: [43.82367122 41.72429214 39.1429124  41.02063119 41.10362878],
2023-12-10 18:53:07.092766 Time: 354.628
2023-12-10 18:56:33.432916 Episodes 7400:, 
2023-12-10 18:56:33.432991 Total steps 370000/500000, 
2023-12-10 18:56:33.433278 Evaluation Reward: [42.63667417 42.62788198 40.91053943 41.7626318  42.88715097],
2023-12-10 18:56:33.433326 Time: 206.295
2023-12-10 18:59:56.868802 Episodes 7600:, 
2023-12-10 18:59:56.868876 Total steps 380000/500000, 
2023-12-10 18:59:56.869100 Evaluation Reward: [42.57113528 41.4545885  40.85507531 41.31231217 41.03371722],
2023-12-10 18:59:56.869141 Time: 203.378
2023-12-10 19:03:19.427902 Episodes 7800:, 
2023-12-10 19:03:19.427979 Total steps 390000/500000, 
2023-12-10 19:03:19.428201 Evaluation Reward: [42.59990074 43.78331495 42.76928652 43.07561551 41.16497305],
2023-12-10 19:03:19.428246 Time: 202.507
2023-12-10 19:06:40.986277 Episodes 8000:, 
2023-12-10 19:06:40.986350 Total steps 400000/500000, 
2023-12-10 19:06:40.986585 Evaluation Reward: [43.26197177 43.06776255 41.32638025 41.88766424 43.4156614 ],
2023-12-10 19:06:40.986625 Time: 201.514
2023-12-10 19:10:02.692950 Episodes 8200:, 
2023-12-10 19:10:02.693051 Total steps 410000/500000, 
2023-12-10 19:10:02.693350 Evaluation Reward: [41.36313885 43.00641437 40.55005887 43.55381343 41.71437043],
2023-12-10 19:10:02.693402 Time: 201.663
2023-12-10 19:13:27.625101 Episodes 8400:, 
2023-12-10 19:13:27.625185 Total steps 420000/500000, 
2023-12-10 19:13:27.625413 Evaluation Reward: [42.17363773 42.7729029  43.8368264  41.38591873 45.04395221],
2023-12-10 19:13:27.625456 Time: 204.882
2023-12-10 19:16:50.337150 Episodes 8600:, 
2023-12-10 19:16:50.337217 Total steps 430000/500000, 
2023-12-10 19:16:50.337438 Evaluation Reward: [41.33552014 41.50403996 39.13212795 42.50255257 41.08333568],
2023-12-10 19:16:50.337476 Time: 202.667
2023-12-10 19:20:16.812905 Episodes 8800:, 
2023-12-10 19:20:16.812999 Total steps 440000/500000, 
2023-12-10 19:20:16.813260 Evaluation Reward: [42.29180408 39.98446626 40.48571046 42.11411097 40.32524303],
2023-12-10 19:20:16.813299 Time: 206.433
2023-12-10 19:23:40.676545 Episodes 9000:, 
2023-12-10 19:23:40.676611 Total steps 450000/500000, 
2023-12-10 19:23:40.676902 Evaluation Reward: [43.0296468  41.13700398 41.38051557 43.19723253 41.36441193],
2023-12-10 19:23:40.676950 Time: 203.818
2023-12-10 19:27:05.854310 Episodes 9200:, 
2023-12-10 19:27:05.854393 Total steps 460000/500000, 
2023-12-10 19:27:05.854697 Evaluation Reward: [40.73500402 40.95003455 41.45160475 41.20640758 42.4699676 ],
2023-12-10 19:27:05.854749 Time: 205.129
2023-12-10 19:30:54.339000 Episodes 9400:, 
2023-12-10 19:30:54.339075 Total steps 470000/500000, 
2023-12-10 19:30:54.339396 Evaluation Reward: [41.54289967 43.26670104 43.16721039 43.53816662 42.09394536],
2023-12-10 19:30:54.339447 Time: 228.422
2023-12-10 19:38:19.101135 Episodes 9600:, 
2023-12-10 19:38:19.101418 Total steps 480000/500000, 
2023-12-10 19:38:19.101851 Evaluation Reward: [41.87967255 39.59167995 40.77605044 44.52052664 42.63901312],
2023-12-10 19:38:19.101918 Time: 444.714
2023-12-10 19:45:51.638293 Episodes 9800:, 
2023-12-10 19:45:51.638368 Total steps 490000/500000, 
2023-12-10 19:45:51.638708 Evaluation Reward: [44.15296454 42.15057337 42.52883938 40.26857118 41.9686714 ],
2023-12-10 19:45:51.638793 Time: 452.452
2023-12-10 19:53:18.557438 Episodes 9999:, 
2023-12-10 19:53:18.557532 Total steps 499999/500000, 
2023-12-10 19:53:18.557783 Evaluation Reward: [40.52316847 43.08191997 42.9705168  44.33775966 41.71862703],
2023-12-10 19:53:18.557833 Time: 446.851
2023-12-10 19:53:18.641580 ========================================Basic Configurations========================================
2023-12-10 19:53:18.641655 Daemon Filename: /home/Desktop/studies/q_functionals_daemon/results/final/5agent_5landmarks_fixed_full_egreedy/mix_sum_run_1-step-update_func-polynomial_rank-2_episode-10000_lr0001_b512_l3_n256_m500000_iter1/timestamp.log
2023-12-10 19:53:18.641679 Training Environment: q_functions_5agent_5landmarks_fixed
2023-12-10 19:53:18.641699 Functional: polynomial
2023-12-10 19:53:18.641720 rank: 2
2023-12-10 19:53:18.641739 seed: 2
2023-12-10 19:53:18.641763 learning_rate: 0.001
2023-12-10 19:53:18.641785 target_network_learning_rate: 0.005
2023-12-10 19:53:18.641803 nb_runs: 5
2023-12-10 19:53:18.641822 ma_type: mix_sum
2023-12-10 19:53:18.641840 policy_type: e_greedy
2023-12-10 19:53:18.641859 noise_std: 0.05
2023-12-10 19:53:18.641878 ========================================Model Configurations========================================
2023-12-10 19:53:18.641898 TD3 Trick:: False
2023-12-10 19:53:18.641918 Entropy Regularization: 0.0
2023-12-10 19:53:18.641937 ======================================Sampling Configurations=======================================
2023-12-10 19:53:18.641956 : q_functions_5agent_5landmarks_fixed
2023-12-10 19:53:18.641979 Using quantile sampling during bootstrapping:: False
2023-12-10 19:53:18.642001 Using quantile sampling during evaluation interaction: False
2023-12-10 19:53:18.642022 Using quantile sampling during training interaction:: False
2023-12-10 19:53:18.642044 Sampling Percent: 0.01
2023-12-10 19:53:18.642063 Anneal Sampling Percent: False
2023-12-10 19:53:18.642084 ===============================================Split================================================
2023-12-10 19:53:18.643618 running on CUDA...
2023-12-10 19:54:55.087381 Episodes 0:, 
2023-12-10 19:54:55.087460 Total steps 0/500000, 
2023-12-10 19:54:55.087792 Evaluation Reward: [ 4.47827238  3.3508827   1.16734592  4.0514869  14.58734966],
2023-12-10 19:54:55.087848 Time: 4.426
2023-12-10 20:01:51.119671 Episodes 200:, 
2023-12-10 20:01:51.119775 Total steps 10000/500000, 
2023-12-10 20:01:51.120131 Evaluation Reward: [30.94462421 26.78852223 40.75185853 17.60438701 28.10140619],
2023-12-10 20:01:51.120189 Time: 416.032
2023-12-10 20:07:48.805247 Episodes 400:, 
2023-12-10 20:07:48.805323 Total steps 20000/500000, 
2023-12-10 20:07:48.805577 Evaluation Reward: [43.96343223 39.93739098 40.981349   41.40357042 41.58251323],
2023-12-10 20:07:48.805623 Time: 357.656
2023-12-10 20:13:25.299040 Episodes 600:, 
2023-12-10 20:13:25.299120 Total steps 30000/500000, 
2023-12-10 20:13:25.299360 Evaluation Reward: [43.24178789 38.8826436  43.40325253 44.1714135  41.10426122],
2023-12-10 20:13:25.299403 Time: 336.469
2023-12-10 20:19:07.254182 Episodes 800:, 
2023-12-10 20:19:07.254256 Total steps 40000/500000, 
2023-12-10 20:19:07.254523 Evaluation Reward: [40.50194178 40.79307643 41.45187385 40.26079083 40.82849573],
2023-12-10 20:19:07.254570 Time: 341.931
2023-12-10 20:24:48.332812 Episodes 1000:, 
2023-12-10 20:24:48.332901 Total steps 50000/500000, 
2023-12-10 20:24:48.333141 Evaluation Reward: [42.58080799 43.10628419 41.67537827 42.80277286 41.84826941],
2023-12-10 20:24:48.333187 Time: 341.054
2023-12-10 20:30:44.163096 Episodes 1200:, 
2023-12-10 20:30:44.163208 Total steps 60000/500000, 
2023-12-10 20:30:44.163618 Evaluation Reward: [42.8984411  42.96210007 40.17528276 43.42555054 40.63189655],
2023-12-10 20:30:44.163678 Time: 355.797
2023-12-10 20:36:38.895444 Episodes 1400:, 
2023-12-10 20:36:38.895519 Total steps 70000/500000, 
2023-12-10 20:36:38.895770 Evaluation Reward: [42.23076443 42.77257147 41.81995055 41.31146989 41.43856662],
2023-12-10 20:36:38.895817 Time: 354.698
2023-12-10 20:42:34.025596 Episodes 1600:, 
2023-12-10 20:42:34.025671 Total steps 80000/500000, 
2023-12-10 20:42:34.025924 Evaluation Reward: [43.94100205 40.95886586 39.66921226 41.31821663 41.69125212],
2023-12-10 20:42:34.025973 Time: 355.099
2023-12-10 20:48:36.934515 Episodes 1800:, 
2023-12-10 20:48:36.934595 Total steps 90000/500000, 
2023-12-10 20:48:36.934842 Evaluation Reward: [41.87059379 41.87429828 41.56172732 42.33106252 42.73251479],
2023-12-10 20:48:36.934886 Time: 362.876
2023-12-10 20:54:34.212571 Episodes 2000:, 
2023-12-10 20:54:34.212642 Total steps 100000/500000, 
2023-12-10 20:54:34.212881 Evaluation Reward: [42.28388674 40.44575445 42.23752055 42.29724092 42.67073727],
2023-12-10 20:54:34.212929 Time: 357.249
2023-12-10 21:00:36.408189 Episodes 2200:, 
2023-12-10 21:00:36.408266 Total steps 110000/500000, 
2023-12-10 21:00:36.408505 Evaluation Reward: [40.5494255  41.03929372 42.68669315 42.71510679 42.65300617],
2023-12-10 21:00:36.408553 Time: 362.164
2023-12-10 21:06:48.956505 Episodes 2400:, 
2023-12-10 21:06:48.956605 Total steps 120000/500000, 
2023-12-10 21:06:48.956911 Evaluation Reward: [43.14070808 44.13373185 42.76616713 41.3530253  41.18890027],
2023-12-10 21:06:48.956964 Time: 372.517
2023-12-10 21:11:26.229419 Episodes 2600:, 
2023-12-10 21:11:26.235806 Total steps 130000/500000, 
2023-12-10 21:11:26.236133 Evaluation Reward: [42.95491766 42.31233056 43.23724135 43.80724609 41.85165066],
2023-12-10 21:11:26.236173 Time: 277.242
2023-12-10 21:14:55.616862 Episodes 2800:, 
2023-12-10 21:14:55.616944 Total steps 140000/500000, 
2023-12-10 21:14:55.617190 Evaluation Reward: [40.68913306 41.84668286 40.83976969 42.58357961 40.21276869],
2023-12-10 21:14:55.617240 Time: 209.352
2023-12-10 21:18:59.389663 Episodes 3000:, 
2023-12-10 21:18:59.389743 Total steps 150000/500000, 
2023-12-10 21:18:59.389998 Evaluation Reward: [41.32563116 42.51072153 41.7977855  42.71538289 41.46331339],
2023-12-10 21:18:59.390043 Time: 243.743
2023-12-10 21:22:40.004199 Episodes 3200:, 
2023-12-10 21:22:40.004269 Total steps 160000/500000, 
2023-12-10 21:22:40.004497 Evaluation Reward: [40.55436552 40.72899406 43.80897773 42.37270784 42.04293849],
2023-12-10 21:22:40.004542 Time: 220.571
2023-12-10 21:26:12.875414 Episodes 3400:, 
2023-12-10 21:26:12.875489 Total steps 170000/500000, 
2023-12-10 21:26:12.875738 Evaluation Reward: [41.18126861 41.00371336 43.22216859 43.35801709 42.29495333],
2023-12-10 21:26:12.875784 Time: 212.836
2023-12-10 21:30:02.247013 Episodes 3600:, 
2023-12-10 21:30:02.247094 Total steps 180000/500000, 
2023-12-10 21:30:02.247419 Evaluation Reward: [43.94185516 42.7308205  42.90147712 42.08360395 44.30951278],
2023-12-10 21:30:02.247475 Time: 229.33
2023-12-10 21:34:05.382543 Episodes 3800:, 
2023-12-10 21:34:05.382623 Total steps 190000/500000, 
2023-12-10 21:34:05.382895 Evaluation Reward: [41.55249629 42.41275695 43.5668438  42.6651091  42.08586155],
2023-12-10 21:34:05.382943 Time: 243.023
2023-12-10 21:37:48.745834 Episodes 4000:, 
2023-12-10 21:37:48.745933 Total steps 200000/500000, 
2023-12-10 21:37:48.746221 Evaluation Reward: [40.65959664 42.97091572 42.07641049 43.57775553 38.48253246],
2023-12-10 21:37:48.746281 Time: 223.327
2023-12-10 21:41:41.408538 Episodes 4200:, 
2023-12-10 21:41:41.408616 Total steps 210000/500000, 
2023-12-10 21:41:41.408847 Evaluation Reward: [42.33388977 43.20485614 42.82243008 41.17658033 40.19142652],
2023-12-10 21:41:41.408893 Time: 232.629
2023-12-10 21:45:38.443974 Episodes 4400:, 
2023-12-10 21:45:38.444051 Total steps 220000/500000, 
2023-12-10 21:45:38.444316 Evaluation Reward: [41.87850443 40.27691052 41.83166968 43.16615898 41.23134278],
2023-12-10 21:45:38.444361 Time: 237.002
2023-12-10 21:49:29.515719 Episodes 4600:, 
2023-12-10 21:49:29.515792 Total steps 230000/500000, 
2023-12-10 21:49:29.516058 Evaluation Reward: [42.02184632 42.83906398 43.1870319  42.30918243 41.25286003],
2023-12-10 21:49:29.516099 Time: 231.037
2023-12-10 21:53:33.075130 Episodes 4800:, 
2023-12-10 21:53:33.075202 Total steps 240000/500000, 
2023-12-10 21:53:33.075462 Evaluation Reward: [41.46811592 42.67861625 41.73601834 42.25060734 40.57426193],
2023-12-10 21:53:33.075504 Time: 243.524
2023-12-10 21:57:24.286482 Episodes 5000:, 
2023-12-10 21:57:24.286553 Total steps 250000/500000, 
2023-12-10 21:57:24.286811 Evaluation Reward: [41.48666463 41.57862804 42.75348482 41.90612831 41.65841621],
2023-12-10 21:57:24.286849 Time: 231.176
2023-12-10 22:01:05.856325 Episodes 5200:, 
2023-12-10 22:01:05.856398 Total steps 260000/500000, 
2023-12-10 22:01:05.856621 Evaluation Reward: [43.29934513 42.94164548 43.75713932 42.20045885 41.38556233],
2023-12-10 22:01:05.856665 Time: 221.532
2023-12-10 22:04:46.394024 Episodes 5400:, 
2023-12-10 22:04:46.394100 Total steps 270000/500000, 
2023-12-10 22:04:46.398291 Evaluation Reward: [40.96450058 42.13174564 42.26839101 43.95738981 40.39349814],
2023-12-10 22:04:46.398342 Time: 220.506
2023-12-10 22:08:34.545117 Episodes 5600:, 
2023-12-10 22:08:34.545187 Total steps 280000/500000, 
2023-12-10 22:08:34.545415 Evaluation Reward: [42.45279109 40.68243027 40.53676669 42.34401784 41.09028866],
2023-12-10 22:08:34.545459 Time: 228.105
2023-12-10 22:12:25.413089 Episodes 5800:, 
2023-12-10 22:12:25.413163 Total steps 290000/500000, 
2023-12-10 22:12:25.413500 Evaluation Reward: [39.81112591 41.24631207 39.33143538 43.32673696 40.59501543],
2023-12-10 22:12:25.413544 Time: 230.828
2023-12-10 22:16:02.144235 Episodes 6000:, 
2023-12-10 22:16:02.144329 Total steps 300000/500000, 
2023-12-10 22:16:02.144620 Evaluation Reward: [41.17742823 40.82866165 42.97958196 43.09321689 41.67349025],
2023-12-10 22:16:02.144661 Time: 216.634
2023-12-10 22:19:29.125827 Episodes 6200:, 
2023-12-10 22:19:29.125903 Total steps 310000/500000, 
2023-12-10 22:19:29.126197 Evaluation Reward: [41.75000229 42.51197449 43.2471017  43.5743328  40.7341596 ],
2023-12-10 22:19:29.126245 Time: 206.944
2023-12-10 22:22:55.418576 Episodes 6400:, 
2023-12-10 22:22:55.418661 Total steps 320000/500000, 
2023-12-10 22:22:55.418893 Evaluation Reward: [43.47449651 43.05671072 44.11286034 42.70893419 42.29024545],
2023-12-10 22:22:55.418933 Time: 206.245
2023-12-10 22:26:19.498186 Episodes 6600:, 
2023-12-10 22:26:19.498264 Total steps 330000/500000, 
2023-12-10 22:26:19.498510 Evaluation Reward: [40.73251217 41.75985552 44.25948536 37.8797103  40.73084001],
2023-12-10 22:26:19.498550 Time: 204.042
2023-12-10 22:29:49.842638 Episodes 6800:, 
2023-12-10 22:29:49.842711 Total steps 340000/500000, 
2023-12-10 22:29:49.842956 Evaluation Reward: [42.297446   44.48717631 41.93906019 42.17737872 42.95733167],
2023-12-10 22:29:49.842998 Time: 210.305
2023-12-10 22:33:21.109620 Episodes 7000:, 
2023-12-10 22:33:21.109694 Total steps 350000/500000, 
2023-12-10 22:33:21.109933 Evaluation Reward: [42.93904834 43.3350316  42.8332032  42.17837121 41.45563675],
2023-12-10 22:33:21.109973 Time: 211.227
2023-12-10 22:36:52.646380 Episodes 7200:, 
2023-12-10 22:36:52.646456 Total steps 360000/500000, 
2023-12-10 22:36:52.646718 Evaluation Reward: [41.81901244 43.56983383 42.82372384 41.97363495 43.33631306],
2023-12-10 22:36:52.646762 Time: 211.494
2023-12-10 22:40:28.794318 Episodes 7400:, 
2023-12-10 22:40:28.794401 Total steps 370000/500000, 
2023-12-10 22:40:28.794652 Evaluation Reward: [41.60820116 40.90357601 41.74001767 40.62834153 43.55100559],
2023-12-10 22:40:28.794693 Time: 216.1
2023-12-10 22:44:10.009069 Episodes 7600:, 
2023-12-10 22:44:10.009159 Total steps 380000/500000, 
2023-12-10 22:44:10.009408 Evaluation Reward: [41.22452532 39.99741824 41.38543525 42.3840733  42.13210166],
2023-12-10 22:44:10.009448 Time: 221.166
2023-12-10 22:47:44.023157 Episodes 7800:, 
2023-12-10 22:47:44.023228 Total steps 390000/500000, 
2023-12-10 22:47:44.023456 Evaluation Reward: [43.71341897 41.88354751 43.87336392 41.59940987 42.20127926],
2023-12-10 22:47:44.023499 Time: 213.968
2023-12-10 22:51:15.088181 Episodes 8000:, 
2023-12-10 22:51:15.088267 Total steps 400000/500000, 
2023-12-10 22:51:15.088542 Evaluation Reward: [40.46324263 41.22400931 41.42281493 43.46361706 41.45079204],
2023-12-10 22:51:15.088614 Time: 211.019
2023-12-10 22:54:49.666152 Episodes 8200:, 
2023-12-10 22:54:49.666222 Total steps 410000/500000, 
2023-12-10 22:54:49.666516 Evaluation Reward: [43.56402222 43.17118309 42.19982627 44.0344442  43.95926715],
2023-12-10 22:54:49.666564 Time: 214.534
2023-12-10 22:58:23.715725 Episodes 8400:, 
2023-12-10 22:58:23.715798 Total steps 420000/500000, 
2023-12-10 22:58:23.716055 Evaluation Reward: [41.11405792 42.82411297 41.62209775 42.1527887  40.5698056 ],
2023-12-10 22:58:23.716096 Time: 214.0
2023-12-10 23:01:55.086715 Episodes 8600:, 
2023-12-10 23:01:55.086795 Total steps 430000/500000, 
2023-12-10 23:01:55.087035 Evaluation Reward: [44.41250131 41.97044992 43.17168645 42.85775192 41.8588613 ],
2023-12-10 23:01:55.087082 Time: 211.326
2023-12-10 23:05:26.280042 Episodes 8800:, 
2023-12-10 23:05:26.280122 Total steps 440000/500000, 
2023-12-10 23:05:26.280382 Evaluation Reward: [41.15424708 42.13227815 42.26633026 42.97478942 41.32583668],
2023-12-10 23:05:26.280426 Time: 211.143
2023-12-10 23:08:54.619078 Episodes 9000:, 
2023-12-10 23:08:54.619149 Total steps 450000/500000, 
2023-12-10 23:08:54.619370 Evaluation Reward: [41.32524654 39.13943982 40.60701666 42.80139642 41.6501365 ],
2023-12-10 23:08:54.619413 Time: 208.294
2023-12-10 23:12:22.526715 Episodes 9200:, 
2023-12-10 23:12:22.526802 Total steps 460000/500000, 
2023-12-10 23:12:22.527090 Evaluation Reward: [43.9976006  43.48267909 42.03442592 42.76717106 42.4882085 ],
2023-12-10 23:12:22.527131 Time: 207.861
2023-12-10 23:15:48.339031 Episodes 9400:, 
2023-12-10 23:15:48.339112 Total steps 470000/500000, 
2023-12-10 23:15:48.339347 Evaluation Reward: [42.2783357  43.65473601 41.76293024 41.57340341 43.88484998],
2023-12-10 23:15:48.339388 Time: 205.761
2023-12-10 23:19:13.615052 Episodes 9600:, 
2023-12-10 23:19:13.615129 Total steps 480000/500000, 
2023-12-10 23:19:13.615355 Evaluation Reward: [40.94765955 43.77877793 41.67889315 43.72517505 41.43267746],
2023-12-10 23:19:13.615399 Time: 205.231
2023-12-10 23:22:41.508834 Episodes 9800:, 
2023-12-10 23:22:41.508904 Total steps 490000/500000, 
2023-12-10 23:22:41.509127 Evaluation Reward: [41.54182427 42.4805993  43.70802513 43.49471314 42.47098242],
2023-12-10 23:22:41.509168 Time: 207.846
2023-12-10 23:26:05.282841 Episodes 9999:, 
2023-12-10 23:26:05.282912 Total steps 499999/500000, 
2023-12-10 23:26:05.283137 Evaluation Reward: [42.47916162 42.60431977 42.45808672 42.82418316 42.29924464],
2023-12-10 23:26:05.283180 Time: 203.726
2023-12-10 23:26:05.365794 ========================================Basic Configurations========================================
2023-12-10 23:26:05.365886 Daemon Filename: /home/Desktop/studies/q_functionals_daemon/results/final/5agent_5landmarks_fixed_full_egreedy/mix_sum_run_1-step-update_func-polynomial_rank-2_episode-10000_lr0001_b512_l3_n256_m500000_iter1/timestamp.log
2023-12-10 23:26:05.365911 Training Environment: q_functions_5agent_5landmarks_fixed
2023-12-10 23:26:05.365929 Functional: polynomial
2023-12-10 23:26:05.365946 rank: 2
2023-12-10 23:26:05.365962 seed: 3
2023-12-10 23:26:05.365983 learning_rate: 0.001
2023-12-10 23:26:05.366000 target_network_learning_rate: 0.005
2023-12-10 23:26:05.366016 nb_runs: 5
2023-12-10 23:26:05.366032 ma_type: mix_sum
2023-12-10 23:26:05.366048 policy_type: e_greedy
2023-12-10 23:26:05.366065 noise_std: 0.05
2023-12-10 23:26:05.366083 ========================================Model Configurations========================================
2023-12-10 23:26:05.366100 TD3 Trick:: False
2023-12-10 23:26:05.366116 Entropy Regularization: 0.0
2023-12-10 23:26:05.366133 ======================================Sampling Configurations=======================================
2023-12-10 23:26:05.366149 : q_functions_5agent_5landmarks_fixed
2023-12-10 23:26:05.366164 Using quantile sampling during bootstrapping:: False
2023-12-10 23:26:05.366180 Using quantile sampling during evaluation interaction: False
2023-12-10 23:26:05.366196 Using quantile sampling during training interaction:: False
2023-12-10 23:26:05.366212 Sampling Percent: 0.01
2023-12-10 23:26:05.366241 Anneal Sampling Percent: False
2023-12-10 23:26:05.366258 ===============================================Split================================================
2023-12-10 23:26:05.367963 running on CUDA...
2023-12-10 23:26:42.886868 Episodes 0:, 
2023-12-10 23:26:42.886940 Total steps 0/500000, 
2023-12-10 23:26:42.887180 Evaluation Reward: [0.98055407 1.15722196 1.2954608  0.70510902 3.04903309],
2023-12-10 23:26:42.887219 Time: 1.676
2023-12-10 23:29:59.778537 Episodes 200:, 
2023-12-10 23:29:59.778618 Total steps 10000/500000, 
2023-12-10 23:29:59.778843 Evaluation Reward: [42.36797821 32.71510902 35.34161868 38.50233881 15.90335575],
2023-12-10 23:29:59.778883 Time: 196.891
2023-12-10 23:33:20.099605 Episodes 400:, 
2023-12-10 23:33:20.099678 Total steps 20000/500000, 
2023-12-10 23:33:20.099924 Evaluation Reward: [40.62568759 41.7122093  35.69069334 38.77223609 36.80324121],
2023-12-10 23:33:20.099966 Time: 200.296
2023-12-10 23:36:44.261405 Episodes 600:, 
2023-12-10 23:36:44.261483 Total steps 30000/500000, 
2023-12-10 23:36:44.261713 Evaluation Reward: [42.28586064 42.77068561 40.065727   41.8250845  34.4651243 ],
2023-12-10 23:36:44.261754 Time: 204.139
2023-12-10 23:40:45.276510 Episodes 800:, 
2023-12-10 23:40:45.276609 Total steps 40000/500000, 
2023-12-10 23:40:45.276857 Evaluation Reward: [44.18336075 42.59987139 43.21934783 42.58270804 39.07422075],
2023-12-10 23:40:45.276907 Time: 240.992
2023-12-10 23:45:02.123646 Episodes 1000:, 
2023-12-10 23:45:02.123727 Total steps 50000/500000, 
2023-12-10 23:45:02.123996 Evaluation Reward: [43.49271924 42.35932466 40.19063865 42.23369534 42.98156297],
2023-12-10 23:45:02.124040 Time: 256.818
2023-12-10 23:49:18.902489 Episodes 1200:, 
2023-12-10 23:49:18.902578 Total steps 60000/500000, 
2023-12-10 23:49:18.902855 Evaluation Reward: [42.48248606 41.82787394 42.80725203 42.88849057 39.78578986],
2023-12-10 23:49:18.902904 Time: 256.75
2023-12-10 23:53:32.562384 Episodes 1400:, 
2023-12-10 23:53:32.562463 Total steps 70000/500000, 
2023-12-10 23:53:32.562707 Evaluation Reward: [43.71795464 41.42782631 41.92254403 41.67953598 40.04960527],
2023-12-10 23:53:32.562753 Time: 253.631
2023-12-10 23:57:41.754874 Episodes 1600:, 
2023-12-10 23:57:41.754957 Total steps 80000/500000, 
2023-12-10 23:57:41.755196 Evaluation Reward: [42.86750707 40.58422715 40.4967432  41.09334305 40.58358442],
2023-12-10 23:57:41.755243 Time: 249.159
2023-12-11 00:01:55.278526 Episodes 1800:, 
2023-12-11 00:01:55.278622 Total steps 90000/500000, 
2023-12-11 00:01:55.278875 Evaluation Reward: [41.58939976 41.98355357 43.32220591 41.65679739 40.52791025],
2023-12-11 00:01:55.278933 Time: 253.495
2023-12-11 00:06:13.793849 Episodes 2000:, 
2023-12-11 00:06:13.800357 Total steps 100000/500000, 
2023-12-11 00:06:13.800697 Evaluation Reward: [42.73648859 42.2064765  44.32000336 41.98526748 39.76487632],
2023-12-11 00:06:13.800742 Time: 258.492
2023-12-11 00:10:36.227988 Episodes 2200:, 
2023-12-11 00:10:36.228302 Total steps 110000/500000, 
2023-12-11 00:10:36.230420 Evaluation Reward: [42.5183115  42.9677279  41.28741945 43.21547103 41.95937111],
2023-12-11 00:10:36.230643 Time: 262.396
2023-12-11 00:19:18.919856 Episodes 2400:, 
2023-12-11 00:19:18.920312 Total steps 120000/500000, 
2023-12-11 00:19:18.921872 Evaluation Reward: [40.70943527 41.22237281 42.47345052 39.47919511 41.21122463],
2023-12-11 00:19:18.922485 Time: 522.649
2023-12-11 00:24:11.228614 Episodes 2600:, 
2023-12-11 00:24:11.229542 Total steps 130000/500000, 
2023-12-11 00:24:11.231929 Evaluation Reward: [43.58994691 44.18288226 40.6768836  40.92771598 40.91077203],
2023-12-11 00:24:11.232284 Time: 292.276
2023-12-11 00:28:34.945714 Episodes 2800:, 
2023-12-11 00:28:34.945986 Total steps 140000/500000, 
2023-12-11 00:28:34.947042 Evaluation Reward: [43.01093733 44.88152631 42.14678384 42.32996013 40.82465557],
2023-12-11 00:28:34.947131 Time: 263.679
2023-12-11 00:33:08.781635 Episodes 3000:, 
2023-12-11 00:33:08.782949 Total steps 150000/500000, 
2023-12-11 00:33:08.785188 Evaluation Reward: [43.45614213 43.90852707 42.39867932 40.55687092 41.50580291],
2023-12-11 00:33:08.785529 Time: 273.798
2023-12-11 00:38:10.720239 Episodes 3200:, 
2023-12-11 00:38:10.720488 Total steps 160000/500000, 
2023-12-11 00:38:10.720829 Evaluation Reward: [41.75701142 41.84601926 40.22601604 41.24049476 43.04156661],
2023-12-11 00:38:10.720882 Time: 301.865
2023-12-11 00:42:17.906460 Episodes 3400:, 
2023-12-11 00:42:17.906686 Total steps 170000/500000, 
2023-12-11 00:42:17.906991 Evaluation Reward: [41.96133134 42.03991525 44.99618267 41.26160934 40.56735506],
2023-12-11 00:42:17.907039 Time: 247.147
2023-12-11 00:46:19.384048 Episodes 3600:, 
2023-12-11 00:46:19.384125 Total steps 180000/500000, 
2023-12-11 00:46:19.384363 Evaluation Reward: [39.28248623 41.22117433 40.8504009  40.39991867 39.74827297],
2023-12-11 00:46:19.384409 Time: 241.427
2023-12-11 00:50:23.611077 Episodes 3800:, 
2023-12-11 00:50:23.611166 Total steps 190000/500000, 
2023-12-11 00:50:23.611434 Evaluation Reward: [40.30184287 42.91879636 39.36706998 41.63629638 41.56564074],
2023-12-11 00:50:23.611484 Time: 244.122
2023-12-11 00:54:27.951402 Episodes 4000:, 
2023-12-11 00:54:27.951481 Total steps 200000/500000, 
2023-12-11 00:54:27.951723 Evaluation Reward: [42.33644892 41.55654832 41.93994634 41.91733453 41.67600907],
2023-12-11 00:54:27.951770 Time: 244.302
2023-12-11 00:58:32.795612 Episodes 4200:, 
2023-12-11 00:58:32.795693 Total steps 210000/500000, 
2023-12-11 00:58:32.795995 Evaluation Reward: [44.20808363 42.63518657 42.90317108 41.63226911 40.24399455],
2023-12-11 00:58:32.796046 Time: 244.804
2023-12-11 01:02:36.328074 Episodes 4400:, 
2023-12-11 01:02:36.328166 Total steps 220000/500000, 
2023-12-11 01:02:36.328447 Evaluation Reward: [41.30179533 41.5858284  40.68920924 41.41367005 40.91935888],
2023-12-11 01:02:36.328492 Time: 243.495
2023-12-11 01:06:41.279997 Episodes 4600:, 
2023-12-11 01:06:41.280106 Total steps 230000/500000, 
2023-12-11 01:06:41.280467 Evaluation Reward: [41.77134786 42.71259438 41.57055071 41.25376727 40.89782188],
2023-12-11 01:06:41.280532 Time: 244.915
2023-12-11 01:10:49.937471 Episodes 4800:, 
2023-12-11 01:10:49.937574 Total steps 240000/500000, 
2023-12-11 01:10:49.937853 Evaluation Reward: [41.66035626 39.69352704 43.19372063 40.75602917 41.5570935 ],
2023-12-11 01:10:49.937897 Time: 248.607
2023-12-11 01:15:02.210451 Episodes 5000:, 
2023-12-11 01:15:02.210531 Total steps 250000/500000, 
2023-12-11 01:15:02.210782 Evaluation Reward: [43.18880468 42.16506581 40.47326999 42.21796057 41.42876381],
2023-12-11 01:15:02.210832 Time: 252.226
2023-12-11 01:19:11.201241 Episodes 5200:, 
2023-12-11 01:19:11.201339 Total steps 260000/500000, 
2023-12-11 01:19:11.201606 Evaluation Reward: [42.69273555 42.59035548 41.00513255 41.08026659 41.58238478],
2023-12-11 01:19:11.201656 Time: 248.946
2023-12-11 01:23:16.824483 Episodes 5400:, 
2023-12-11 01:23:16.824593 Total steps 270000/500000, 
2023-12-11 01:23:16.824846 Evaluation Reward: [41.99992224 43.68285711 42.16216243 42.69085984 42.79038866],
2023-12-11 01:23:16.824889 Time: 245.57
2023-12-11 01:27:20.701900 Episodes 5600:, 
2023-12-11 01:27:20.701980 Total steps 280000/500000, 
2023-12-11 01:27:20.702234 Evaluation Reward: [40.82610484 41.07827022 43.13815946 43.20211611 40.43016522],
2023-12-11 01:27:20.702278 Time: 243.834
2023-12-11 01:31:24.501550 Episodes 5800:, 
2023-12-11 01:31:24.501644 Total steps 290000/500000, 
2023-12-11 01:31:24.501922 Evaluation Reward: [43.08853047 41.53351345 42.54542119 42.59081197 42.33049612],
2023-12-11 01:31:24.501967 Time: 243.758
2023-12-11 01:35:27.520870 Episodes 6000:, 
2023-12-11 01:35:27.520948 Total steps 300000/500000, 
2023-12-11 01:35:27.521201 Evaluation Reward: [42.31302867 42.46993758 41.71611853 39.20132565 41.80674687],
2023-12-11 01:35:27.521247 Time: 242.978
2023-12-11 01:39:31.553316 Episodes 6200:, 
2023-12-11 01:39:31.553402 Total steps 310000/500000, 
2023-12-11 01:39:31.553694 Evaluation Reward: [40.76488072 42.64669348 40.94368983 42.18662688 41.84004455],
2023-12-11 01:39:31.553752 Time: 243.969
2023-12-11 01:43:35.877749 Episodes 6400:, 
2023-12-11 01:43:35.877831 Total steps 320000/500000, 
2023-12-11 01:43:35.878091 Evaluation Reward: [41.33792772 41.28617307 41.95569322 42.58580368 40.16573443],
2023-12-11 01:43:35.878134 Time: 244.279
2023-12-11 01:47:40.225945 Episodes 6600:, 
2023-12-11 01:47:40.226028 Total steps 330000/500000, 
2023-12-11 01:47:40.226269 Evaluation Reward: [44.69039103 44.16379725 43.6477811  44.62905681 42.59769167],
2023-12-11 01:47:40.226311 Time: 244.302
2023-12-11 01:51:45.347242 Episodes 6800:, 
2023-12-11 01:51:45.347331 Total steps 340000/500000, 
2023-12-11 01:51:45.347586 Evaluation Reward: [42.89663798 43.96499927 43.66895356 44.27336969 42.91632098],
2023-12-11 01:51:45.347641 Time: 245.077
2023-12-11 01:55:51.179885 Episodes 7000:, 
2023-12-11 01:55:51.180026 Total steps 350000/500000, 
2023-12-11 01:55:51.180356 Evaluation Reward: [43.20746996 43.21668205 43.2577915  41.58707162 37.38036903],
2023-12-11 01:55:51.180424 Time: 245.788
2023-12-11 01:59:56.837710 Episodes 7200:, 
2023-12-11 01:59:56.837811 Total steps 360000/500000, 
2023-12-11 01:59:56.838166 Evaluation Reward: [41.06936661 42.34770795 42.43039682 41.61417963 39.45069781],
2023-12-11 01:59:56.838221 Time: 245.597
2023-12-11 02:04:00.867307 Episodes 7400:, 
2023-12-11 02:04:00.873750 Total steps 370000/500000, 
2023-12-11 02:04:00.874109 Evaluation Reward: [42.22198087 39.74085508 41.14878348 41.22402358 42.08286258],
2023-12-11 02:04:00.874156 Time: 243.974
2023-12-11 02:08:06.000403 Episodes 7600:, 
2023-12-11 02:08:06.000489 Total steps 380000/500000, 
2023-12-11 02:08:06.000795 Evaluation Reward: [43.06682308 43.16940502 42.40218748 44.91678518 41.24016771],
2023-12-11 02:08:06.000853 Time: 245.079
2023-12-11 02:12:11.752448 Episodes 7800:, 
2023-12-11 02:12:11.752528 Total steps 390000/500000, 
2023-12-11 02:12:11.752829 Evaluation Reward: [42.58583034 41.51889991 40.4361441  42.16089531 42.76167698],
2023-12-11 02:12:11.752879 Time: 245.692
2023-12-11 02:16:25.819764 Episodes 8000:, 
2023-12-11 02:16:25.819849 Total steps 400000/500000, 
2023-12-11 02:16:25.820132 Evaluation Reward: [42.08172429 40.36179275 41.06658864 42.50021277 41.55938894],
2023-12-11 02:16:25.820176 Time: 254.008
2023-12-11 02:20:30.855423 Episodes 8200:, 
2023-12-11 02:20:30.861781 Total steps 410000/500000, 
2023-12-11 02:20:30.862096 Evaluation Reward: [44.05572293 41.62012012 42.1623531  41.48142338 39.24258701],
2023-12-11 02:20:30.862139 Time: 244.979
2023-12-11 02:24:36.580822 Episodes 8400:, 
2023-12-11 02:24:36.581055 Total steps 420000/500000, 
2023-12-11 02:24:36.581355 Evaluation Reward: [40.59931508 42.75477551 41.09452729 41.90120318 43.25614302],
2023-12-11 02:24:36.581407 Time: 245.67
2023-12-11 02:28:40.837137 Episodes 8600:, 
2023-12-11 02:28:40.837224 Total steps 430000/500000, 
2023-12-11 02:28:40.837500 Evaluation Reward: [43.98474583 42.27318759 41.81408871 41.88320652 43.82559206],
2023-12-11 02:28:40.837546 Time: 244.19
2023-12-11 02:32:46.434561 Episodes 8800:, 
2023-12-11 02:32:46.434644 Total steps 440000/500000, 
2023-12-11 02:32:46.434898 Evaluation Reward: [39.67444325 42.74971701 40.49410128 41.57009174 40.68529653],
2023-12-11 02:32:46.434946 Time: 245.541
2023-12-11 02:36:51.273443 Episodes 9000:, 
2023-12-11 02:36:51.273550 Total steps 450000/500000, 
2023-12-11 02:36:51.273914 Evaluation Reward: [41.33093591 43.79411341 39.41189153 42.52388636 41.55015097],
2023-12-11 02:36:51.273963 Time: 244.787
2023-12-11 02:40:55.226845 Episodes 9200:, 
2023-12-11 02:40:55.226924 Total steps 460000/500000, 
2023-12-11 02:40:55.227161 Evaluation Reward: [42.94276201 41.93858199 40.91130902 41.68647782 44.0001074 ],
2023-12-11 02:40:55.227204 Time: 243.899
2023-12-11 02:44:58.868549 Episodes 9400:, 
2023-12-11 02:44:58.868631 Total steps 470000/500000, 
2023-12-11 02:44:58.872875 Evaluation Reward: [42.15458182 42.17451125 41.76932291 42.51888602 43.59736021],
2023-12-11 02:44:58.872940 Time: 243.59
2023-12-11 02:49:04.915783 Episodes 9600:, 
2023-12-11 02:49:04.922844 Total steps 480000/500000, 
2023-12-11 02:49:04.923174 Evaluation Reward: [42.11761283 42.25798889 42.06356    41.82657418 42.38703323],
2023-12-11 02:49:04.923221 Time: 245.983
2023-12-11 02:53:10.544665 Episodes 9800:, 
2023-12-11 02:53:10.544768 Total steps 490000/500000, 
2023-12-11 02:53:10.545102 Evaluation Reward: [41.65947993 40.95715388 43.31119928 41.0152466  43.66290935],
2023-12-11 02:53:10.545160 Time: 245.564
2023-12-11 02:57:15.631263 Episodes 9999:, 
2023-12-11 02:57:15.631348 Total steps 499999/500000, 
2023-12-11 02:57:15.631598 Evaluation Reward: [41.76301329 43.04954398 43.24656087 39.98646601 42.65303933],
2023-12-11 02:57:15.631642 Time: 245.029
2023-12-11 02:57:15.711655 ========================================Basic Configurations========================================
2023-12-11 02:57:15.711735 Daemon Filename: /home/Desktop/studies/q_functionals_daemon/results/final/5agent_5landmarks_fixed_full_egreedy/mix_sum_run_1-step-update_func-polynomial_rank-2_episode-10000_lr0001_b512_l3_n256_m500000_iter1/timestamp.log
2023-12-11 02:57:15.711761 Training Environment: q_functions_5agent_5landmarks_fixed
2023-12-11 02:57:15.711779 Functional: polynomial
2023-12-11 02:57:15.711797 rank: 2
2023-12-11 02:57:15.711814 seed: 4
2023-12-11 02:57:15.711968 learning_rate: 0.001
2023-12-11 02:57:15.711997 target_network_learning_rate: 0.005
2023-12-11 02:57:15.712016 nb_runs: 5
2023-12-11 02:57:15.712034 ma_type: mix_sum
2023-12-11 02:57:15.712052 policy_type: e_greedy
2023-12-11 02:57:15.712070 noise_std: 0.05
2023-12-11 02:57:15.712089 ========================================Model Configurations========================================
2023-12-11 02:57:15.712108 TD3 Trick:: False
2023-12-11 02:57:15.712126 Entropy Regularization: 0.0
2023-12-11 02:57:15.712143 ======================================Sampling Configurations=======================================
2023-12-11 02:57:15.712161 : q_functions_5agent_5landmarks_fixed
2023-12-11 02:57:15.712178 Using quantile sampling during bootstrapping:: False
2023-12-11 02:57:15.712196 Using quantile sampling during evaluation interaction: False
2023-12-11 02:57:15.712214 Using quantile sampling during training interaction:: False
2023-12-11 02:57:15.712232 Sampling Percent: 0.01
2023-12-11 02:57:15.712253 Anneal Sampling Percent: False
2023-12-11 02:57:15.712271 ===============================================Split================================================
2023-12-11 02:57:15.718373 running on CUDA...
2023-12-11 02:57:58.702029 Episodes 0:, 
2023-12-11 02:57:58.702115 Total steps 0/500000, 
2023-12-11 02:57:58.702359 Evaluation Reward: [ 5.9349752   2.8597894   1.87858282 10.30175769  0.70827869],
2023-12-11 02:57:58.702401 Time: 1.913
2023-12-11 03:01:54.124688 Episodes 200:, 
2023-12-11 03:01:54.131129 Total steps 10000/500000, 
2023-12-11 03:01:54.131684 Evaluation Reward: [37.16430769 38.37763322 18.1165472  18.15356667 39.88523387],
2023-12-11 03:01:54.131758 Time: 235.419
2023-12-11 03:05:52.804040 Episodes 400:, 
2023-12-11 03:05:52.804135 Total steps 20000/500000, 
2023-12-11 03:05:52.804382 Evaluation Reward: [35.53657982 41.76421239 40.16671044 40.71068336 38.62229475],
2023-12-11 03:05:52.804425 Time: 238.639
2023-12-11 03:09:49.673795 Episodes 600:, 
2023-12-11 03:09:49.673908 Total steps 30000/500000, 
2023-12-11 03:09:49.674274 Evaluation Reward: [42.66162347 41.40479574 43.86587814 39.98173459 41.91877028],
2023-12-11 03:09:49.674335 Time: 236.845
2023-12-11 03:13:57.853306 Episodes 800:, 
2023-12-11 03:13:57.859679 Total steps 40000/500000, 
2023-12-11 03:13:57.860007 Evaluation Reward: [43.58439143 43.01902389 42.72648999 41.79662463 41.73201059],
2023-12-11 03:13:57.860051 Time: 248.155
2023-12-11 03:18:04.523381 Episodes 1000:, 
2023-12-11 03:18:04.523458 Total steps 50000/500000, 
2023-12-11 03:18:04.523700 Evaluation Reward: [38.48619271 42.22800825 41.35258722 41.29922232 42.48763498],
2023-12-11 03:18:04.523748 Time: 246.638
2023-12-11 03:22:04.490506 Episodes 1200:, 
2023-12-11 03:22:04.490621 Total steps 60000/500000, 
2023-12-11 03:22:04.490884 Evaluation Reward: [41.39035427 42.87427277 43.20359246 41.8121585  41.46727607],
2023-12-11 03:22:04.490950 Time: 239.938
2023-12-11 03:26:06.938465 Episodes 1400:, 
2023-12-11 03:26:06.938556 Total steps 70000/500000, 
2023-12-11 03:26:06.938805 Evaluation Reward: [41.43907053 41.89906033 42.03098267 40.96186307 40.77510632],
2023-12-11 03:26:06.938847 Time: 242.42
2023-12-11 03:30:09.165508 Episodes 1600:, 
2023-12-11 03:30:09.171943 Total steps 80000/500000, 
2023-12-11 03:30:09.172295 Evaluation Reward: [41.63530214 42.46682985 42.1023469  42.54357094 40.93299602],
2023-12-11 03:30:09.172345 Time: 242.203
2023-12-11 03:34:25.382199 Episodes 1800:, 
2023-12-11 03:34:25.389497 Total steps 90000/500000, 
2023-12-11 03:34:25.389907 Evaluation Reward: [41.64521329 43.20192234 43.87275516 42.45275153 42.32357696],
2023-12-11 03:34:25.389957 Time: 256.187
2023-12-11 03:38:39.732988 Episodes 2000:, 
2023-12-11 03:38:39.733673 Total steps 100000/500000, 
2023-12-11 03:38:39.733969 Evaluation Reward: [42.2952012  42.35939808 42.3915553  42.49551068 42.00316698],
2023-12-11 03:38:39.734016 Time: 254.307
2023-12-11 03:42:52.556839 Episodes 2200:, 
2023-12-11 03:42:52.557105 Total steps 110000/500000, 
2023-12-11 03:42:52.557548 Evaluation Reward: [42.80395655 42.51950311 41.5631862  43.14023069 40.93897964],
2023-12-11 03:42:52.557704 Time: 252.786
2023-12-11 03:47:34.162982 Episodes 2400:, 
2023-12-11 03:47:34.165638 Total steps 120000/500000, 
2023-12-11 03:47:34.166102 Evaluation Reward: [41.73665367 41.59221069 42.77776451 43.74867549 41.44745448],
2023-12-11 03:47:34.166165 Time: 281.572
2023-12-11 03:51:37.062278 Episodes 2600:, 
2023-12-11 03:51:37.062371 Total steps 130000/500000, 
2023-12-11 03:51:37.062635 Evaluation Reward: [43.84760892 42.97672292 42.29583316 41.2921172  42.59495565],
2023-12-11 03:51:37.062681 Time: 242.851
2023-12-11 03:55:41.399618 Episodes 2800:, 
2023-12-11 03:55:41.399699 Total steps 140000/500000, 
2023-12-11 03:55:41.399958 Evaluation Reward: [41.11344255 41.65289424 43.38990746 42.51051156 43.86332858],
2023-12-11 03:55:41.400001 Time: 244.303
2023-12-11 03:59:45.139895 Episodes 3000:, 
2023-12-11 03:59:45.139991 Total steps 150000/500000, 
2023-12-11 03:59:45.140247 Evaluation Reward: [43.56855477 42.68048755 43.01726793 42.45645848 41.41838959],
2023-12-11 03:59:45.140297 Time: 243.702
2023-12-11 04:03:50.390393 Episodes 3200:, 
2023-12-11 04:03:50.390479 Total steps 160000/500000, 
2023-12-11 04:03:50.390756 Evaluation Reward: [44.47205197 42.63160096 43.96663803 40.82552425 43.2067769 ],
2023-12-11 04:03:50.390804 Time: 245.208
2023-12-11 04:08:02.336836 Episodes 3400:, 
2023-12-11 04:08:02.336922 Total steps 170000/500000, 
2023-12-11 04:08:02.337204 Evaluation Reward: [42.34810175 40.55743098 43.05951784 37.08435882 40.2703019 ],
2023-12-11 04:08:02.337248 Time: 251.91
2023-12-11 04:12:13.519891 Episodes 3600:, 
2023-12-11 04:12:13.519984 Total steps 180000/500000, 
2023-12-11 04:12:13.520367 Evaluation Reward: [42.44965571 43.17649073 41.94350219 42.48849176 42.58001125],
2023-12-11 04:12:13.520424 Time: 251.145
2023-12-11 04:16:19.241946 Episodes 3800:, 
2023-12-11 04:16:19.242028 Total steps 190000/500000, 
2023-12-11 04:16:19.242282 Evaluation Reward: [41.1993985  44.08588688 42.25731094 43.48761193 43.68419086],
2023-12-11 04:16:19.242331 Time: 245.675
2023-12-11 04:20:23.860615 Episodes 4000:, 
2023-12-11 04:20:23.867013 Total steps 200000/500000, 
2023-12-11 04:20:23.867325 Evaluation Reward: [43.73143987 44.3658342  44.56861474 41.8465162  42.19397293],
2023-12-11 04:20:23.867370 Time: 244.591
2023-12-11 04:24:27.658379 Episodes 4200:, 
2023-12-11 04:24:27.658470 Total steps 210000/500000, 
2023-12-11 04:24:27.658751 Evaluation Reward: [42.373986   41.77522122 42.08732094 42.04575379 42.76559974],
2023-12-11 04:24:27.658797 Time: 243.753
2023-12-11 04:28:31.297612 Episodes 4400:, 
2023-12-11 04:28:31.297700 Total steps 220000/500000, 
2023-12-11 04:28:31.298029 Evaluation Reward: [40.17499876 40.69490828 41.02980474 43.64562831 40.58466528],
2023-12-11 04:28:31.298089 Time: 243.602
2023-12-11 04:32:36.464433 Episodes 4600:, 
2023-12-11 04:32:36.472028 Total steps 230000/500000, 
2023-12-11 04:32:36.472377 Evaluation Reward: [43.02936346 43.85057646 41.58999286 41.76938687 43.12832423],
2023-12-11 04:32:36.472421 Time: 245.123
2023-12-11 04:36:37.193477 Episodes 4800:, 
2023-12-11 04:36:37.193560 Total steps 240000/500000, 
2023-12-11 04:36:37.193809 Evaluation Reward: [42.67119215 42.98041152 41.94383028 41.20469104 41.54007594],
2023-12-11 04:36:37.193857 Time: 240.683
2023-12-11 04:40:47.459652 Episodes 5000:, 
2023-12-11 04:40:47.466319 Total steps 250000/500000, 
2023-12-11 04:40:47.466651 Evaluation Reward: [44.64419962 41.07978793 42.05729429 41.43878544 42.18692463],
2023-12-11 04:40:47.466694 Time: 250.231
2023-12-11 04:44:57.515369 Episodes 5200:, 
2023-12-11 04:44:57.515453 Total steps 260000/500000, 
2023-12-11 04:44:57.515716 Evaluation Reward: [42.87473303 40.55822035 41.04490349 40.75267832 42.05024408],
2023-12-11 04:44:57.515770 Time: 250.01
2023-12-11 04:49:03.791489 Episodes 5400:, 
2023-12-11 04:49:03.791769 Total steps 270000/500000, 
2023-12-11 04:49:03.793919 Evaluation Reward: [45.29613166 42.84389513 40.23252879 40.27281702 41.04580694],
2023-12-11 04:49:03.793989 Time: 246.233
2023-12-11 04:53:18.184700 Episodes 5600:, 
2023-12-11 04:53:18.185286 Total steps 280000/500000, 
2023-12-11 04:53:18.185584 Evaluation Reward: [41.44061365 41.31785774 44.25035824 43.01362537 42.5043057 ],
2023-12-11 04:53:18.185631 Time: 254.334
2023-12-11 04:57:22.993151 Episodes 5800:, 
2023-12-11 04:57:22.993235 Total steps 290000/500000, 
2023-12-11 04:57:22.993504 Evaluation Reward: [42.57649939 40.99374977 43.22306877 41.45888627 40.15288719],
2023-12-11 04:57:22.993546 Time: 244.758
2023-12-11 05:01:28.759512 Episodes 6000:, 
2023-12-11 05:01:28.759600 Total steps 300000/500000, 
2023-12-11 05:01:28.759884 Evaluation Reward: [45.11343974 42.05731219 40.62628761 42.02141056 42.01723593],
2023-12-11 05:01:28.759932 Time: 245.718
2023-12-11 05:05:33.133329 Episodes 6200:, 
2023-12-11 05:05:33.133410 Total steps 310000/500000, 
2023-12-11 05:05:33.133702 Evaluation Reward: [43.43404752 42.03090105 41.88552391 43.78484951 41.81007051],
2023-12-11 05:05:33.133759 Time: 244.332
2023-12-11 05:09:40.377098 Episodes 6400:, 
2023-12-11 05:09:40.377174 Total steps 320000/500000, 
2023-12-11 05:09:40.377420 Evaluation Reward: [41.7895598  43.60905579 42.52971609 40.68164951 42.9270087 ],
2023-12-11 05:09:40.377471 Time: 247.2
2023-12-11 05:13:43.316355 Episodes 6600:, 
2023-12-11 05:13:43.316435 Total steps 330000/500000, 
2023-12-11 05:13:43.316713 Evaluation Reward: [42.10988567 43.15061133 43.54593879 42.54340598 42.01228712],
2023-12-11 05:13:43.316763 Time: 242.896
2023-12-11 05:17:45.584428 Episodes 6800:, 
2023-12-11 05:17:45.584509 Total steps 340000/500000, 
2023-12-11 05:17:45.584762 Evaluation Reward: [43.76947266 44.00709663 40.46819136 42.22942561 42.92415699],
2023-12-11 05:17:45.584804 Time: 242.224
2023-12-11 05:21:50.155695 Episodes 7000:, 
2023-12-11 05:21:50.155777 Total steps 350000/500000, 
2023-12-11 05:21:50.156039 Evaluation Reward: [38.80572251 42.79024703 44.66657956 41.7234284  43.00780667],
2023-12-11 05:21:50.156086 Time: 244.526
2023-12-11 05:25:54.670090 Episodes 7200:, 
2023-12-11 05:25:54.676464 Total steps 360000/500000, 
2023-12-11 05:25:54.676807 Evaluation Reward: [44.63873999 42.48648779 41.33402377 41.07614665 43.06137824],
2023-12-11 05:25:54.676853 Time: 244.467
2023-12-11 05:29:58.126050 Episodes 7400:, 
2023-12-11 05:29:58.132543 Total steps 370000/500000, 
2023-12-11 05:29:58.132891 Evaluation Reward: [41.51456291 43.26032115 43.0949044  40.15151353 43.501935  ],
2023-12-11 05:29:58.132940 Time: 243.408
2023-12-11 05:34:02.412875 Episodes 7600:, 
2023-12-11 05:34:02.420840 Total steps 380000/500000, 
2023-12-11 05:34:02.421160 Evaluation Reward: [42.39213653 42.73573646 42.59141798 43.86936313 43.38951684],
2023-12-11 05:34:02.421209 Time: 244.237
2023-12-11 05:38:08.644879 Episodes 7800:, 
2023-12-11 05:38:08.645827 Total steps 390000/500000, 
2023-12-11 05:38:08.646145 Evaluation Reward: [42.68506149 42.83333097 41.47868074 44.12934609 41.41458181],
2023-12-11 05:38:08.646205 Time: 246.178
2023-12-11 05:42:30.449711 Episodes 8000:, 
2023-12-11 05:42:30.449998 Total steps 400000/500000, 
2023-12-11 05:42:30.450308 Evaluation Reward: [43.31844367 41.50383232 41.88502176 43.24116703 42.52395142],
2023-12-11 05:42:30.450351 Time: 261.746
2023-12-11 05:46:38.869808 Episodes 8200:, 
2023-12-11 05:46:38.869900 Total steps 410000/500000, 
2023-12-11 05:46:38.870162 Evaluation Reward: [43.35301257 42.99099328 42.31267413 43.08700447 43.65201636],
2023-12-11 05:46:38.870208 Time: 248.365
2023-12-11 05:50:45.213370 Episodes 8400:, 
2023-12-11 05:50:45.213473 Total steps 420000/500000, 
2023-12-11 05:50:45.213726 Evaluation Reward: [41.07668577 42.5461788  42.32726277 41.61029615 41.59763267],
2023-12-11 05:50:45.213773 Time: 246.296
2023-12-11 05:54:48.103806 Episodes 8600:, 
2023-12-11 05:54:48.103944 Total steps 430000/500000, 
2023-12-11 05:54:48.104242 Evaluation Reward: [42.02230666 41.91753641 41.74487199 42.04222593 41.71139101],
2023-12-11 05:54:48.104291 Time: 242.839
2023-12-11 05:58:53.800255 Episodes 8800:, 
2023-12-11 05:58:53.800342 Total steps 440000/500000, 
2023-12-11 05:58:53.800599 Evaluation Reward: [41.24159371 43.12485557 42.89235962 42.86821961 42.88134742],
2023-12-11 05:58:53.800647 Time: 245.635
2023-12-11 06:02:57.582613 Episodes 9000:, 
2023-12-11 06:02:57.589639 Total steps 450000/500000, 
2023-12-11 06:02:57.590476 Evaluation Reward: [42.3521001  42.95403646 41.79759492 42.99285534 43.04510426],
2023-12-11 06:02:57.590535 Time: 243.739
2023-12-11 06:07:04.495223 Episodes 9200:, 
2023-12-11 06:07:04.495313 Total steps 460000/500000, 
2023-12-11 06:07:04.495563 Evaluation Reward: [42.98980593 42.50215836 41.06461318 38.45931762 41.22945651],
2023-12-11 06:07:04.495607 Time: 246.845
2023-12-11 06:11:09.566203 Episodes 9400:, 
2023-12-11 06:11:09.572577 Total steps 470000/500000, 
2023-12-11 06:11:09.572903 Evaluation Reward: [41.68712943 42.0693957  41.93013028 41.7182267  41.75882166],
2023-12-11 06:11:09.572947 Time: 245.023
2023-12-11 06:15:15.359211 Episodes 9600:, 
2023-12-11 06:15:15.359304 Total steps 480000/500000, 
2023-12-11 06:15:15.359661 Evaluation Reward: [42.37384965 44.12516465 42.9886922  43.42181477 40.93543435],
2023-12-11 06:15:15.359720 Time: 245.733
2023-12-11 06:19:19.676651 Episodes 9800:, 
2023-12-11 06:19:19.676734 Total steps 490000/500000, 
2023-12-11 06:19:19.676975 Evaluation Reward: [42.51897586 42.62367675 43.65198717 42.62878397 42.07698865],
2023-12-11 06:19:19.677021 Time: 244.255
2023-12-11 06:23:26.566676 Episodes 9999:, 
2023-12-11 06:23:26.566766 Total steps 499999/500000, 
2023-12-11 06:23:26.567026 Evaluation Reward: [42.8135203  44.10707939 38.89507011 40.57900594 42.02767946],
2023-12-11 06:23:26.567073 Time: 246.836
