2023-12-08 17:02:22.156725 ========================================Basic Configurations========================================
2023-12-08 17:02:22.156769 Daemon Filename: /home/Desktop/studies/q_functionals_daemon/results/final/2agent_2landmarks/maddpg_run_50-step-update_team-reward_episode-10000_lr0001_b512_l3_n256_m500000_iter1/timestamp.log
2023-12-08 17:02:22.156787 Training Environment: q_functions_2agent_2landmarks
2023-12-08 17:02:22.156801 Functional: polynomial
2023-12-08 17:02:22.156814 rank: 2
2023-12-08 17:02:22.156826 seed: 0
2023-12-08 17:02:22.156842 learning_rate: 0.001
2023-12-08 17:02:22.156856 target_network_learning_rate: 0.005
2023-12-08 17:02:22.156869 nb_runs: 5
2023-12-08 17:02:22.156881 ma_type: maddpg
2023-12-08 17:02:22.156893 policy_type: gaussian
2023-12-08 17:02:22.156905 noise_std: 0.05
2023-12-08 17:02:22.156918 ========================================Model Configurations========================================
2023-12-08 17:02:22.156931 TD3 Trick:: False
2023-12-08 17:02:22.156944 Entropy Regularization: 0.0
2023-12-08 17:02:22.156956 ======================================Sampling Configurations=======================================
2023-12-08 17:02:22.156968 : q_functions_2agent_2landmarks
2023-12-08 17:02:22.156981 Using quantile sampling during bootstrapping:: False
2023-12-08 17:02:22.157089 Using quantile sampling during evaluation interaction: False
2023-12-08 17:02:22.157106 Using quantile sampling during training interaction:: False
2023-12-08 17:02:22.157120 Sampling Percent: 0.01
2023-12-08 17:02:22.157133 Anneal Sampling Percent: False
2023-12-08 17:02:22.157145 ===============================================Split================================================
2023-12-08 17:02:22.179752 running on CUDA...
2023-12-08 17:02:27.945741 Episodes 0:, 
2023-12-08 17:02:27.945807 Total steps 0/500000, 
2023-12-08 17:02:27.946060 Evaluation Reward: [0.86969021 1.88899317],
2023-12-08 17:02:27.946109 Time: 4.642
2023-12-08 17:02:54.488749 Episodes 200:, 
2023-12-08 17:02:54.488820 Total steps 10000/500000, 
2023-12-08 17:02:54.489039 Evaluation Reward: [0.00746362 0.52309224],
2023-12-08 17:02:54.489084 Time: 26.543
2023-12-08 17:03:21.420279 Episodes 400:, 
2023-12-08 17:03:21.420381 Total steps 20000/500000, 
2023-12-08 17:03:21.420697 Evaluation Reward: [0.91407993 0.68514261],
2023-12-08 17:03:21.420765 Time: 26.93
2023-12-08 17:03:48.325687 Episodes 600:, 
2023-12-08 17:03:48.325756 Total steps 30000/500000, 
2023-12-08 17:03:48.325988 Evaluation Reward: [2.98125760e+00 6.74081121e-05],
2023-12-08 17:03:48.326031 Time: 26.902
2023-12-08 17:04:15.477544 Episodes 800:, 
2023-12-08 17:04:15.477618 Total steps 40000/500000, 
2023-12-08 17:04:15.477839 Evaluation Reward: [9.30112981 0.35047266],
2023-12-08 17:04:15.477885 Time: 27.149
2023-12-08 17:04:42.217093 Episodes 1000:, 
2023-12-08 17:04:42.217171 Total steps 50000/500000, 
2023-12-08 17:04:42.217406 Evaluation Reward: [16.82967463  2.24946428],
2023-12-08 17:04:42.217448 Time: 26.736
2023-12-08 17:05:08.718635 Episodes 1200:, 
2023-12-08 17:05:08.718707 Total steps 60000/500000, 
2023-12-08 17:05:08.718922 Evaluation Reward: [31.99572717  3.23915867],
2023-12-08 17:05:08.718971 Time: 26.498
2023-12-08 17:05:35.319820 Episodes 1400:, 
2023-12-08 17:05:35.319942 Total steps 70000/500000, 
2023-12-08 17:05:35.320191 Evaluation Reward: [32.5536954   5.96891077],
2023-12-08 17:05:35.320233 Time: 26.597
2023-12-08 17:06:01.726501 Episodes 1600:, 
2023-12-08 17:06:01.726579 Total steps 80000/500000, 
2023-12-08 17:06:01.726784 Evaluation Reward: [36.57889042 12.64558373],
2023-12-08 17:06:01.726825 Time: 26.399
2023-12-08 17:06:28.025401 Episodes 1800:, 
2023-12-08 17:06:28.025475 Total steps 90000/500000, 
2023-12-08 17:06:28.025694 Evaluation Reward: [35.9157884   9.96596483],
2023-12-08 17:06:28.025742 Time: 26.293
2023-12-08 17:06:54.739529 Episodes 2000:, 
2023-12-08 17:06:54.739625 Total steps 100000/500000, 
2023-12-08 17:06:54.739947 Evaluation Reward: [41.95758277 20.6611028 ],
2023-12-08 17:06:54.740011 Time: 26.708
2023-12-08 17:07:21.115053 Episodes 2200:, 
2023-12-08 17:07:21.115141 Total steps 110000/500000, 
2023-12-08 17:07:21.115384 Evaluation Reward: [37.62436479 14.06621329],
2023-12-08 17:07:21.115434 Time: 26.366
2023-12-08 17:07:47.780256 Episodes 2400:, 
2023-12-08 17:07:47.780328 Total steps 120000/500000, 
2023-12-08 17:07:47.780597 Evaluation Reward: [40.8829157  29.96893495],
2023-12-08 17:07:47.780645 Time: 26.658
2023-12-08 17:08:14.304536 Episodes 2600:, 
2023-12-08 17:08:14.304612 Total steps 130000/500000, 
2023-12-08 17:08:14.304862 Evaluation Reward: [37.17242776 24.40524153],
2023-12-08 17:08:14.304907 Time: 26.515
2023-12-08 17:08:41.255200 Episodes 2800:, 
2023-12-08 17:08:41.255282 Total steps 140000/500000, 
2023-12-08 17:08:41.255522 Evaluation Reward: [39.66342917 36.48742586],
2023-12-08 17:08:41.255568 Time: 26.942
2023-12-08 17:09:08.437186 Episodes 3000:, 
2023-12-08 17:09:08.437260 Total steps 150000/500000, 
2023-12-08 17:09:08.437483 Evaluation Reward: [41.41938342 39.6509766 ],
2023-12-08 17:09:08.437534 Time: 27.173
2023-12-08 17:09:35.157152 Episodes 3200:, 
2023-12-08 17:09:35.157231 Total steps 160000/500000, 
2023-12-08 17:09:35.157457 Evaluation Reward: [42.50683223 29.35611838],
2023-12-08 17:09:35.157505 Time: 26.71
2023-12-08 17:10:00.996115 Episodes 3400:, 
2023-12-08 17:10:00.996190 Total steps 170000/500000, 
2023-12-08 17:10:00.996403 Evaluation Reward: [42.28386926 39.68458071],
2023-12-08 17:10:00.996448 Time: 25.828
2023-12-08 17:10:23.828140 Episodes 3600:, 
2023-12-08 17:10:23.828230 Total steps 180000/500000, 
2023-12-08 17:10:23.828483 Evaluation Reward: [36.27679548 36.66239684],
2023-12-08 17:10:23.828532 Time: 22.82
2023-12-08 17:10:46.293600 Episodes 3800:, 
2023-12-08 17:10:46.293685 Total steps 190000/500000, 
2023-12-08 17:10:46.293994 Evaluation Reward: [38.63488958 39.60724956],
2023-12-08 17:10:46.294061 Time: 22.454
2023-12-08 17:11:08.323742 Episodes 4000:, 
2023-12-08 17:11:08.323808 Total steps 200000/500000, 
2023-12-08 17:11:08.324020 Evaluation Reward: [40.21530623 38.65201892],
2023-12-08 17:11:08.324058 Time: 22.01
2023-12-08 17:11:30.512065 Episodes 4200:, 
2023-12-08 17:11:30.512124 Total steps 210000/500000, 
2023-12-08 17:11:30.512324 Evaluation Reward: [38.57751821 42.21382404],
2023-12-08 17:11:30.512362 Time: 22.168
2023-12-08 17:11:52.704726 Episodes 4400:, 
2023-12-08 17:11:52.704794 Total steps 220000/500000, 
2023-12-08 17:11:52.704993 Evaluation Reward: [41.51840188 36.99131201],
2023-12-08 17:11:52.705034 Time: 22.098
2023-12-08 17:12:14.558022 Episodes 4600:, 
2023-12-08 17:12:14.558105 Total steps 230000/500000, 
2023-12-08 17:12:14.558311 Evaluation Reward: [36.71106081 35.27929671],
2023-12-08 17:12:14.558363 Time: 21.838
2023-12-08 17:12:36.450033 Episodes 4800:, 
2023-12-08 17:12:36.450104 Total steps 240000/500000, 
2023-12-08 17:12:36.450311 Evaluation Reward: [41.03453112 41.56648111],
2023-12-08 17:12:36.450355 Time: 21.879
2023-12-08 17:12:58.647691 Episodes 5000:, 
2023-12-08 17:12:58.647762 Total steps 250000/500000, 
2023-12-08 17:12:58.647987 Evaluation Reward: [36.04514277 37.71864665],
2023-12-08 17:12:58.648027 Time: 22.184
2023-12-08 17:13:20.687422 Episodes 5200:, 
2023-12-08 17:13:20.687488 Total steps 260000/500000, 
2023-12-08 17:13:20.687699 Evaluation Reward: [39.13579532 40.22375296],
2023-12-08 17:13:20.687741 Time: 22.023
2023-12-08 17:13:42.655433 Episodes 5400:, 
2023-12-08 17:13:42.655502 Total steps 270000/500000, 
2023-12-08 17:13:42.655762 Evaluation Reward: [40.22734127 39.51387068],
2023-12-08 17:13:42.655803 Time: 21.953
2023-12-08 17:14:04.712570 Episodes 5600:, 
2023-12-08 17:14:04.712646 Total steps 280000/500000, 
2023-12-08 17:14:04.712848 Evaluation Reward: [42.43273515 41.12010477],
2023-12-08 17:14:04.712884 Time: 22.041
2023-12-08 17:14:26.498465 Episodes 5800:, 
2023-12-08 17:14:26.498534 Total steps 290000/500000, 
2023-12-08 17:14:26.498747 Evaluation Reward: [40.19134327 38.75449103],
2023-12-08 17:14:26.498786 Time: 21.77
2023-12-08 17:14:48.323996 Episodes 6000:, 
2023-12-08 17:14:48.324087 Total steps 300000/500000, 
2023-12-08 17:14:48.324329 Evaluation Reward: [39.06098986 37.81923308],
2023-12-08 17:14:48.324368 Time: 21.732
2023-12-08 17:15:10.503009 Episodes 6200:, 
2023-12-08 17:15:10.503087 Total steps 310000/500000, 
2023-12-08 17:15:10.503304 Evaluation Reward: [40.26464233 38.22842903],
2023-12-08 17:15:10.503347 Time: 22.159
2023-12-08 17:15:32.454798 Episodes 6400:, 
2023-12-08 17:15:32.454869 Total steps 320000/500000, 
2023-12-08 17:15:32.455140 Evaluation Reward: [39.24272021 39.92842755],
2023-12-08 17:15:32.455189 Time: 21.931
2023-12-08 17:15:54.185780 Episodes 6600:, 
2023-12-08 17:15:54.185858 Total steps 330000/500000, 
2023-12-08 17:15:54.186149 Evaluation Reward: [38.35185371 36.69414676],
2023-12-08 17:15:54.186196 Time: 21.706
2023-12-08 17:16:15.914410 Episodes 6800:, 
2023-12-08 17:16:15.914488 Total steps 340000/500000, 
2023-12-08 17:16:15.914705 Evaluation Reward: [37.2044418 40.5544301],
2023-12-08 17:16:15.914745 Time: 21.702
2023-12-08 17:16:37.816643 Episodes 7000:, 
2023-12-08 17:16:37.816726 Total steps 350000/500000, 
2023-12-08 17:16:37.816934 Evaluation Reward: [41.04557948 39.95814166],
2023-12-08 17:16:37.816974 Time: 21.882
2023-12-08 17:16:59.383069 Episodes 7200:, 
2023-12-08 17:16:59.383138 Total steps 360000/500000, 
2023-12-08 17:16:59.383352 Evaluation Reward: [40.80415686 37.79339778],
2023-12-08 17:16:59.383395 Time: 21.546
2023-12-08 17:17:21.170617 Episodes 7400:, 
2023-12-08 17:17:21.170684 Total steps 370000/500000, 
2023-12-08 17:17:21.170884 Evaluation Reward: [41.02083487 40.48105735],
2023-12-08 17:17:21.170923 Time: 21.764
2023-12-08 17:17:42.903375 Episodes 7600:, 
2023-12-08 17:17:42.903454 Total steps 380000/500000, 
2023-12-08 17:17:42.903714 Evaluation Reward: [39.79767203 39.65257398],
2023-12-08 17:17:42.903759 Time: 21.632
2023-12-08 17:18:04.579687 Episodes 7800:, 
2023-12-08 17:18:04.579761 Total steps 390000/500000, 
2023-12-08 17:18:04.579979 Evaluation Reward: [40.56091829 38.52082731],
2023-12-08 17:18:04.580020 Time: 21.651
2023-12-08 17:18:26.491908 Episodes 8000:, 
2023-12-08 17:18:26.491977 Total steps 400000/500000, 
2023-12-08 17:18:26.492197 Evaluation Reward: [40.25070763 41.42527071],
2023-12-08 17:18:26.492237 Time: 21.886
2023-12-08 17:18:48.400136 Episodes 8200:, 
2023-12-08 17:18:48.400206 Total steps 410000/500000, 
2023-12-08 17:18:48.400401 Evaluation Reward: [39.98168596 41.54912769],
2023-12-08 17:18:48.400443 Time: 21.885
2023-12-08 17:19:10.210836 Episodes 8400:, 
2023-12-08 17:19:10.210934 Total steps 420000/500000, 
2023-12-08 17:19:10.211153 Evaluation Reward: [43.77797884 38.60418425],
2023-12-08 17:19:10.211196 Time: 21.787
2023-12-08 17:19:32.248850 Episodes 8600:, 
2023-12-08 17:19:32.248916 Total steps 430000/500000, 
2023-12-08 17:19:32.249122 Evaluation Reward: [41.37313703 35.96214014],
2023-12-08 17:19:32.249162 Time: 22.014
2023-12-08 17:19:54.260051 Episodes 8800:, 
2023-12-08 17:19:54.260114 Total steps 440000/500000, 
2023-12-08 17:19:54.260323 Evaluation Reward: [42.06194825 37.30868222],
2023-12-08 17:19:54.260365 Time: 21.988
2023-12-08 17:20:16.080357 Episodes 9000:, 
2023-12-08 17:20:16.080449 Total steps 450000/500000, 
2023-12-08 17:20:16.080730 Evaluation Reward: [42.44016431 40.46717814],
2023-12-08 17:20:16.080791 Time: 21.794
2023-12-08 17:20:37.235195 Episodes 9200:, 
2023-12-08 17:20:37.235274 Total steps 460000/500000, 
2023-12-08 17:20:37.235478 Evaluation Reward: [39.08025829 38.00468386],
2023-12-08 17:20:37.235522 Time: 21.113
2023-12-08 17:20:58.697478 Episodes 9400:, 
2023-12-08 17:20:58.697548 Total steps 470000/500000, 
2023-12-08 17:20:58.697756 Evaluation Reward: [41.48752706 38.53197737],
2023-12-08 17:20:58.697796 Time: 21.437
2023-12-08 17:21:20.301904 Episodes 9600:, 
2023-12-08 17:21:20.301975 Total steps 480000/500000, 
2023-12-08 17:21:20.302190 Evaluation Reward: [38.90812687 39.94583889],
2023-12-08 17:21:20.302230 Time: 21.578
2023-12-08 17:21:41.487887 Episodes 9800:, 
2023-12-08 17:21:41.488018 Total steps 490000/500000, 
2023-12-08 17:21:41.488321 Evaluation Reward: [40.48320106 40.06265342],
2023-12-08 17:21:41.488386 Time: 21.159
2023-12-08 17:22:02.975082 Episodes 9999:, 
2023-12-08 17:22:02.975149 Total steps 499999/500000, 
2023-12-08 17:22:02.975375 Evaluation Reward: [38.34463527 40.4473324 ],
2023-12-08 17:22:02.975413 Time: 21.446
2023-12-08 17:22:03.917356 ========================================Basic Configurations========================================
2023-12-08 17:22:03.917501 Daemon Filename: /home/Desktop/studies/q_functionals_daemon/results/final/2agent_2landmarks/maddpg_run_50-step-update_team-reward_episode-10000_lr0001_b512_l3_n256_m500000_iter1/timestamp.log
2023-12-08 17:22:03.917525 Training Environment: q_functions_2agent_2landmarks
2023-12-08 17:22:03.917542 Functional: polynomial
2023-12-08 17:22:03.917558 rank: 2
2023-12-08 17:22:03.917572 seed: 1
2023-12-08 17:22:03.917591 learning_rate: 0.001
2023-12-08 17:22:03.917606 target_network_learning_rate: 0.005
2023-12-08 17:22:03.917620 nb_runs: 5
2023-12-08 17:22:03.917634 ma_type: maddpg
2023-12-08 17:22:03.917648 policy_type: gaussian
2023-12-08 17:22:03.917662 noise_std: 0.05
2023-12-08 17:22:03.917678 ========================================Model Configurations========================================
2023-12-08 17:22:03.917693 TD3 Trick:: False
2023-12-08 17:22:03.917707 Entropy Regularization: 0.0
2023-12-08 17:22:03.917721 ======================================Sampling Configurations=======================================
2023-12-08 17:22:03.917735 : q_functions_2agent_2landmarks
2023-12-08 17:22:03.917748 Using quantile sampling during bootstrapping:: False
2023-12-08 17:22:03.917762 Using quantile sampling during evaluation interaction: False
2023-12-08 17:22:03.917776 Using quantile sampling during training interaction:: False
2023-12-08 17:22:03.917790 Sampling Percent: 0.01
2023-12-08 17:22:03.917804 Anneal Sampling Percent: False
2023-12-08 17:22:03.917817 ===============================================Split================================================
2023-12-08 17:22:03.918604 running on CUDA...
2023-12-08 17:22:10.448691 Episodes 0:, 
2023-12-08 17:22:10.448760 Total steps 0/500000, 
2023-12-08 17:22:10.448970 Evaluation Reward: [2.60947062e-03 6.99473832e-07],
2023-12-08 17:22:10.449011 Time: 5.031
2023-12-08 17:22:31.643785 Episodes 200:, 
2023-12-08 17:22:31.643853 Total steps 10000/500000, 
2023-12-08 17:22:31.644068 Evaluation Reward: [0.55788345 5.33660655],
2023-12-08 17:22:31.644110 Time: 21.195
2023-12-08 17:22:53.336785 Episodes 400:, 
2023-12-08 17:22:53.336854 Total steps 20000/500000, 
2023-12-08 17:22:53.337087 Evaluation Reward: [0.2704909  0.27505712],
2023-12-08 17:22:53.337127 Time: 21.691
2023-12-08 17:23:14.964335 Episodes 600:, 
2023-12-08 17:23:14.964397 Total steps 30000/500000, 
2023-12-08 17:23:14.964607 Evaluation Reward: [0.37979773 9.59994256],
2023-12-08 17:23:14.964646 Time: 21.625
2023-12-08 17:23:36.827428 Episodes 800:, 
2023-12-08 17:23:36.827494 Total steps 40000/500000, 
2023-12-08 17:23:36.827705 Evaluation Reward: [ 0.75040635 19.44500722],
2023-12-08 17:23:36.827755 Time: 21.861
2023-12-08 17:23:58.716125 Episodes 1000:, 
2023-12-08 17:23:58.716192 Total steps 50000/500000, 
2023-12-08 17:23:58.716402 Evaluation Reward: [ 0.10091592 33.16608435],
2023-12-08 17:23:58.716442 Time: 21.886
2023-12-08 17:24:20.721120 Episodes 1200:, 
2023-12-08 17:24:20.721193 Total steps 60000/500000, 
2023-12-08 17:24:20.721400 Evaluation Reward: [ 2.97635719 39.14862904],
2023-12-08 17:24:20.721439 Time: 22.001
2023-12-08 17:24:42.358105 Episodes 1400:, 
2023-12-08 17:24:42.358172 Total steps 70000/500000, 
2023-12-08 17:24:42.358387 Evaluation Reward: [ 7.50211959 36.55544502],
2023-12-08 17:24:42.358425 Time: 21.633
2023-12-08 17:25:03.759367 Episodes 1600:, 
2023-12-08 17:25:03.759432 Total steps 80000/500000, 
2023-12-08 17:25:03.759634 Evaluation Reward: [13.43034592 41.77066085],
2023-12-08 17:25:03.759672 Time: 21.397
2023-12-08 17:25:25.463693 Episodes 1800:, 
2023-12-08 17:25:25.463768 Total steps 90000/500000, 
2023-12-08 17:25:25.463979 Evaluation Reward: [25.09462995 41.19254428],
2023-12-08 17:25:25.464031 Time: 21.699
2023-12-08 17:25:47.104018 Episodes 2000:, 
2023-12-08 17:25:47.104092 Total steps 100000/500000, 
2023-12-08 17:25:47.104294 Evaluation Reward: [36.36479122 38.75613808],
2023-12-08 17:25:47.104334 Time: 21.635
2023-12-08 17:26:09.368152 Episodes 2200:, 
2023-12-08 17:26:09.368238 Total steps 110000/500000, 
2023-12-08 17:26:09.368443 Evaluation Reward: [42.06638469 41.0123804 ],
2023-12-08 17:26:09.368485 Time: 22.258
2023-12-08 17:26:30.873189 Episodes 2400:, 
2023-12-08 17:26:30.873262 Total steps 120000/500000, 
2023-12-08 17:26:30.873479 Evaluation Reward: [40.07501483 40.70306409],
2023-12-08 17:26:30.873518 Time: 21.499
2023-12-08 17:26:53.020223 Episodes 2600:, 
2023-12-08 17:26:53.020287 Total steps 130000/500000, 
2023-12-08 17:26:53.020522 Evaluation Reward: [39.09897044 41.12997511],
2023-12-08 17:26:53.020566 Time: 22.14
2023-12-08 17:27:14.241087 Episodes 2800:, 
2023-12-08 17:27:14.241158 Total steps 140000/500000, 
2023-12-08 17:27:14.241427 Evaluation Reward: [38.61920984 39.86778703],
2023-12-08 17:27:14.241481 Time: 21.213
2023-12-08 17:27:36.203202 Episodes 3000:, 
2023-12-08 17:27:36.203294 Total steps 150000/500000, 
2023-12-08 17:27:36.203598 Evaluation Reward: [38.59522147 41.68893061],
2023-12-08 17:27:36.203658 Time: 21.95
2023-12-08 17:27:57.831832 Episodes 3200:, 
2023-12-08 17:27:57.831905 Total steps 160000/500000, 
2023-12-08 17:27:57.832110 Evaluation Reward: [36.68855458 42.97824773],
2023-12-08 17:27:57.832149 Time: 21.614
2023-12-08 17:28:19.501109 Episodes 3400:, 
2023-12-08 17:28:19.501189 Total steps 170000/500000, 
2023-12-08 17:28:19.501393 Evaluation Reward: [38.08278328 38.89477812],
2023-12-08 17:28:19.501431 Time: 21.658
2023-12-08 17:28:41.068432 Episodes 3600:, 
2023-12-08 17:28:41.068505 Total steps 180000/500000, 
2023-12-08 17:28:41.068696 Evaluation Reward: [37.61241399 39.95297335],
2023-12-08 17:28:41.068736 Time: 21.558
2023-12-08 17:29:02.821113 Episodes 3800:, 
2023-12-08 17:29:02.821188 Total steps 190000/500000, 
2023-12-08 17:29:02.821386 Evaluation Reward: [39.14420796 41.83341406],
2023-12-08 17:29:02.821426 Time: 21.743
2023-12-08 17:29:24.352735 Episodes 4000:, 
2023-12-08 17:29:24.352801 Total steps 200000/500000, 
2023-12-08 17:29:24.352997 Evaluation Reward: [38.79355564 41.13031883],
2023-12-08 17:29:24.353036 Time: 21.52
2023-12-08 17:29:46.001636 Episodes 4200:, 
2023-12-08 17:29:46.001699 Total steps 210000/500000, 
2023-12-08 17:29:46.001942 Evaluation Reward: [40.10461905 40.38558557],
2023-12-08 17:29:46.001994 Time: 21.638
2023-12-08 17:30:07.358282 Episodes 4400:, 
2023-12-08 17:30:07.358358 Total steps 220000/500000, 
2023-12-08 17:30:07.358571 Evaluation Reward: [41.56373822 41.81807953],
2023-12-08 17:30:07.358610 Time: 21.344
2023-12-08 17:30:28.783034 Episodes 4600:, 
2023-12-08 17:30:28.783103 Total steps 230000/500000, 
2023-12-08 17:30:28.783325 Evaluation Reward: [37.7300951  38.36718617],
2023-12-08 17:30:28.783377 Time: 21.412
2023-12-08 17:30:50.438605 Episodes 4800:, 
2023-12-08 17:30:50.438699 Total steps 240000/500000, 
2023-12-08 17:30:50.438947 Evaluation Reward: [41.13924556 37.66158586],
2023-12-08 17:30:50.438986 Time: 21.641
2023-12-08 17:31:13.121870 Episodes 5000:, 
2023-12-08 17:31:13.121939 Total steps 250000/500000, 
2023-12-08 17:31:13.122166 Evaluation Reward: [40.49304134 36.91437406],
2023-12-08 17:31:13.122203 Time: 22.669
2023-12-08 17:31:36.935290 Episodes 5200:, 
2023-12-08 17:31:36.935361 Total steps 260000/500000, 
2023-12-08 17:31:36.935635 Evaluation Reward: [39.97692061 40.04713962],
2023-12-08 17:31:36.935685 Time: 23.796
2023-12-08 17:32:00.034250 Episodes 5400:, 
2023-12-08 17:32:00.034317 Total steps 270000/500000, 
2023-12-08 17:32:00.034527 Evaluation Reward: [39.89141884 39.8122694 ],
2023-12-08 17:32:00.034565 Time: 23.083
2023-12-08 17:32:22.723095 Episodes 5600:, 
2023-12-08 17:32:22.723177 Total steps 280000/500000, 
2023-12-08 17:32:22.723396 Evaluation Reward: [39.1484592  41.53148631],
2023-12-08 17:32:22.723440 Time: 22.673
2023-12-08 17:32:44.849160 Episodes 5800:, 
2023-12-08 17:32:44.849236 Total steps 290000/500000, 
2023-12-08 17:32:44.849449 Evaluation Reward: [41.45494508 39.90089943],
2023-12-08 17:32:44.849502 Time: 22.11
2023-12-08 17:33:07.202297 Episodes 6000:, 
2023-12-08 17:33:07.202383 Total steps 300000/500000, 
2023-12-08 17:33:07.202677 Evaluation Reward: [39.67512931 41.51574285],
2023-12-08 17:33:07.202735 Time: 22.336
2023-12-08 17:33:29.941475 Episodes 6200:, 
2023-12-08 17:33:29.941562 Total steps 310000/500000, 
2023-12-08 17:33:29.941848 Evaluation Reward: [36.43191326 33.10549167],
2023-12-08 17:33:29.941902 Time: 22.715
2023-12-08 17:33:53.056784 Episodes 6400:, 
2023-12-08 17:33:53.056858 Total steps 320000/500000, 
2023-12-08 17:33:53.057059 Evaluation Reward: [38.73249129 39.53707209],
2023-12-08 17:33:53.057096 Time: 23.096
2023-12-08 17:34:15.395080 Episodes 6600:, 
2023-12-08 17:34:15.395147 Total steps 330000/500000, 
2023-12-08 17:34:15.395348 Evaluation Reward: [40.41112667 40.15926465],
2023-12-08 17:34:15.395388 Time: 22.32
2023-12-08 17:34:37.606010 Episodes 6800:, 
2023-12-08 17:34:37.606088 Total steps 340000/500000, 
2023-12-08 17:34:37.606286 Evaluation Reward: [32.7474771  38.94505107],
2023-12-08 17:34:37.606323 Time: 22.192
2023-12-08 17:35:00.126129 Episodes 7000:, 
2023-12-08 17:35:00.126195 Total steps 350000/500000, 
2023-12-08 17:35:00.126437 Evaluation Reward: [40.44569429 42.10625233],
2023-12-08 17:35:00.126485 Time: 22.501
2023-12-08 17:35:22.469928 Episodes 7200:, 
2023-12-08 17:35:22.470006 Total steps 360000/500000, 
2023-12-08 17:35:22.470230 Evaluation Reward: [38.10364468 39.48171427],
2023-12-08 17:35:22.470269 Time: 22.315
2023-12-08 17:35:45.202992 Episodes 7400:, 
2023-12-08 17:35:45.203063 Total steps 370000/500000, 
2023-12-08 17:35:45.203320 Evaluation Reward: [37.96799098 40.40086307],
2023-12-08 17:35:45.203369 Time: 22.713
2023-12-08 17:36:07.306775 Episodes 7600:, 
2023-12-08 17:36:07.306843 Total steps 380000/500000, 
2023-12-08 17:36:07.307038 Evaluation Reward: [42.54934422 39.2796867 ],
2023-12-08 17:36:07.307077 Time: 22.077
2023-12-08 17:36:29.134349 Episodes 7800:, 
2023-12-08 17:36:29.134416 Total steps 390000/500000, 
2023-12-08 17:36:29.134666 Evaluation Reward: [39.27152377 40.40973178],
2023-12-08 17:36:29.134715 Time: 21.808
2023-12-08 17:36:51.094494 Episodes 8000:, 
2023-12-08 17:36:51.094588 Total steps 400000/500000, 
2023-12-08 17:36:51.094940 Evaluation Reward: [38.79900326 40.12536738],
2023-12-08 17:36:51.095005 Time: 21.933
2023-12-08 17:37:13.471457 Episodes 8200:, 
2023-12-08 17:37:13.471538 Total steps 410000/500000, 
2023-12-08 17:37:13.471744 Evaluation Reward: [40.46051765 41.28833889],
2023-12-08 17:37:13.471781 Time: 22.353
2023-12-08 17:37:35.845102 Episodes 8400:, 
2023-12-08 17:37:35.845196 Total steps 420000/500000, 
2023-12-08 17:37:35.845486 Evaluation Reward: [39.46059607 39.75210642],
2023-12-08 17:37:35.845546 Time: 22.351
2023-12-08 17:37:58.526411 Episodes 8600:, 
2023-12-08 17:37:58.526493 Total steps 430000/500000, 
2023-12-08 17:37:58.526713 Evaluation Reward: [42.51804806 40.10599575],
2023-12-08 17:37:58.526752 Time: 22.656
2023-12-08 17:38:21.083698 Episodes 8800:, 
2023-12-08 17:38:21.083775 Total steps 440000/500000, 
2023-12-08 17:38:21.084063 Evaluation Reward: [41.09247381 39.79597287],
2023-12-08 17:38:21.084116 Time: 22.526
2023-12-08 17:38:43.239687 Episodes 9000:, 
2023-12-08 17:38:43.239751 Total steps 450000/500000, 
2023-12-08 17:38:43.239956 Evaluation Reward: [36.71506316 39.73447793],
2023-12-08 17:38:43.239996 Time: 22.124
2023-12-08 17:39:05.861254 Episodes 9200:, 
2023-12-08 17:39:05.861324 Total steps 460000/500000, 
2023-12-08 17:39:05.861529 Evaluation Reward: [41.05931013 40.64969423],
2023-12-08 17:39:05.861568 Time: 22.592
2023-12-08 17:39:27.631020 Episodes 9400:, 
2023-12-08 17:39:27.631092 Total steps 470000/500000, 
2023-12-08 17:39:27.631313 Evaluation Reward: [34.02687045 38.35400517],
2023-12-08 17:39:27.631364 Time: 21.744
2023-12-08 17:39:49.655134 Episodes 9600:, 
2023-12-08 17:39:49.655201 Total steps 480000/500000, 
2023-12-08 17:39:49.655413 Evaluation Reward: [39.00178977 41.72597531],
2023-12-08 17:39:49.655451 Time: 22.0
2023-12-08 17:40:11.501680 Episodes 9800:, 
2023-12-08 17:40:11.501781 Total steps 490000/500000, 
2023-12-08 17:40:11.502066 Evaluation Reward: [41.39048754 41.74467667],
2023-12-08 17:40:11.502121 Time: 21.819
2023-12-08 17:40:32.870410 Episodes 9999:, 
2023-12-08 17:40:32.870474 Total steps 499999/500000, 
2023-12-08 17:40:32.870714 Evaluation Reward: [39.2283867 39.6430422],
2023-12-08 17:40:32.870756 Time: 21.342
2023-12-08 17:40:33.905781 ========================================Basic Configurations========================================
2023-12-08 17:40:33.905851 Daemon Filename: /home/Desktop/studies/q_functionals_daemon/results/final/2agent_2landmarks/maddpg_run_50-step-update_team-reward_episode-10000_lr0001_b512_l3_n256_m500000_iter1/timestamp.log
2023-12-08 17:40:33.905871 Training Environment: q_functions_2agent_2landmarks
2023-12-08 17:40:33.905887 Functional: polynomial
2023-12-08 17:40:33.905902 rank: 2
2023-12-08 17:40:33.905916 seed: 2
2023-12-08 17:40:33.905933 learning_rate: 0.001
2023-12-08 17:40:33.905948 target_network_learning_rate: 0.005
2023-12-08 17:40:33.905962 nb_runs: 5
2023-12-08 17:40:33.905976 ma_type: maddpg
2023-12-08 17:40:33.905990 policy_type: gaussian
2023-12-08 17:40:33.906004 noise_std: 0.05
2023-12-08 17:40:33.906018 ========================================Model Configurations========================================
2023-12-08 17:40:33.906034 TD3 Trick:: False
2023-12-08 17:40:33.906049 Entropy Regularization: 0.0
2023-12-08 17:40:33.906063 ======================================Sampling Configurations=======================================
2023-12-08 17:40:33.906076 : q_functions_2agent_2landmarks
2023-12-08 17:40:33.906091 Using quantile sampling during bootstrapping:: False
2023-12-08 17:40:33.906105 Using quantile sampling during evaluation interaction: False
2023-12-08 17:40:33.906119 Using quantile sampling during training interaction:: False
2023-12-08 17:40:33.906133 Sampling Percent: 0.01
2023-12-08 17:40:33.906147 Anneal Sampling Percent: False
2023-12-08 17:40:33.906161 ===============================================Split================================================
2023-12-08 17:40:33.906920 running on CUDA...
2023-12-08 17:40:41.373259 Episodes 0:, 
2023-12-08 17:40:41.373343 Total steps 0/500000, 
2023-12-08 17:40:41.373558 Evaluation Reward: [1.26282363 0.83790272],
2023-12-08 17:40:41.373599 Time: 5.679
2023-12-08 17:41:03.224203 Episodes 200:, 
2023-12-08 17:41:03.224270 Total steps 10000/500000, 
2023-12-08 17:41:03.224465 Evaluation Reward: [0.27202986 0.76493221],
2023-12-08 17:41:03.224501 Time: 21.851
2023-12-08 17:41:24.857355 Episodes 400:, 
2023-12-08 17:41:24.857432 Total steps 20000/500000, 
2023-12-08 17:41:24.857651 Evaluation Reward: [5.09713721e-01 2.40388389e-04],
2023-12-08 17:41:24.857688 Time: 21.632
2023-12-08 17:41:46.586932 Episodes 600:, 
2023-12-08 17:41:46.587003 Total steps 30000/500000, 
2023-12-08 17:41:46.587268 Evaluation Reward: [0.26937538 3.00467451],
2023-12-08 17:41:46.587306 Time: 21.728
2023-12-08 17:42:08.942870 Episodes 800:, 
2023-12-08 17:42:08.942946 Total steps 40000/500000, 
2023-12-08 17:42:08.943160 Evaluation Reward: [2.64025701 6.83686964],
2023-12-08 17:42:08.943202 Time: 22.353
2023-12-08 17:42:30.955607 Episodes 1000:, 
2023-12-08 17:42:30.955676 Total steps 50000/500000, 
2023-12-08 17:42:30.955918 Evaluation Reward: [ 0.73789664 21.26129474],
2023-12-08 17:42:30.955963 Time: 22.01
2023-12-08 17:42:53.013057 Episodes 1200:, 
2023-12-08 17:42:53.013132 Total steps 60000/500000, 
2023-12-08 17:42:53.013342 Evaluation Reward: [ 2.23221827 26.9633296 ],
2023-12-08 17:42:53.013383 Time: 22.054
2023-12-08 17:43:21.373941 Episodes 1400:, 
2023-12-08 17:43:21.374048 Total steps 70000/500000, 
2023-12-08 17:43:21.374509 Evaluation Reward: [ 3.22254964 35.78016352],
2023-12-08 17:43:21.374614 Time: 28.357
2023-12-08 17:43:56.422078 Episodes 1600:, 
2023-12-08 17:43:56.422151 Total steps 80000/500000, 
2023-12-08 17:43:56.422427 Evaluation Reward: [ 0.60527157 32.72530775],
2023-12-08 17:43:56.422474 Time: 35.039
2023-12-08 17:44:22.107354 Episodes 1800:, 
2023-12-08 17:44:22.107524 Total steps 90000/500000, 
2023-12-08 17:44:22.107806 Evaluation Reward: [ 3.8165471  26.59161853],
2023-12-08 17:44:22.107854 Time: 25.68
2023-12-08 17:44:53.392404 Episodes 2000:, 
2023-12-08 17:44:53.392533 Total steps 100000/500000, 
2023-12-08 17:44:53.392910 Evaluation Reward: [ 9.86444803 34.48278908],
2023-12-08 17:44:53.392986 Time: 31.278
2023-12-08 17:45:29.203222 Episodes 2200:, 
2023-12-08 17:45:29.203307 Total steps 110000/500000, 
2023-12-08 17:45:29.203725 Evaluation Reward: [ 9.31529899 39.39723276],
2023-12-08 17:45:29.203777 Time: 35.798
2023-12-08 17:45:57.729772 Episodes 2400:, 
2023-12-08 17:45:57.729897 Total steps 120000/500000, 
2023-12-08 17:45:57.730270 Evaluation Reward: [16.91772495 35.21154317],
2023-12-08 17:45:57.730344 Time: 28.518
2023-12-08 17:46:20.591043 Episodes 2600:, 
2023-12-08 17:46:20.591121 Total steps 130000/500000, 
2023-12-08 17:46:20.591314 Evaluation Reward: [28.28520417 38.74899685],
2023-12-08 17:46:20.591354 Time: 22.846
2023-12-08 17:46:44.485842 Episodes 2800:, 
2023-12-08 17:46:44.485965 Total steps 140000/500000, 
2023-12-08 17:46:44.486351 Evaluation Reward: [22.94823965 36.61832412],
2023-12-08 17:46:44.486416 Time: 23.887
2023-12-08 17:47:17.507268 Episodes 3000:, 
2023-12-08 17:47:17.507359 Total steps 150000/500000, 
2023-12-08 17:47:17.507684 Evaluation Reward: [24.67175795 40.83056262],
2023-12-08 17:47:17.507747 Time: 33.004
2023-12-08 17:47:48.709264 Episodes 3200:, 
2023-12-08 17:47:48.709330 Total steps 160000/500000, 
2023-12-08 17:47:48.709599 Evaluation Reward: [34.1233636  38.31065098],
2023-12-08 17:47:48.709646 Time: 31.189
2023-12-08 17:48:11.658071 Episodes 3400:, 
2023-12-08 17:48:11.658131 Total steps 170000/500000, 
2023-12-08 17:48:11.658349 Evaluation Reward: [36.50023356 39.34097704],
2023-12-08 17:48:11.658389 Time: 22.939
2023-12-08 17:48:34.940280 Episodes 3600:, 
2023-12-08 17:48:34.940355 Total steps 180000/500000, 
2023-12-08 17:48:34.940559 Evaluation Reward: [33.68575442 36.41273352],
2023-12-08 17:48:34.940602 Time: 23.272
2023-12-08 17:48:56.851315 Episodes 3800:, 
2023-12-08 17:48:56.851417 Total steps 190000/500000, 
2023-12-08 17:48:56.851691 Evaluation Reward: [37.9361239  38.23952425],
2023-12-08 17:48:56.851737 Time: 21.901
2023-12-08 17:49:18.591292 Episodes 4000:, 
2023-12-08 17:49:18.591360 Total steps 200000/500000, 
2023-12-08 17:49:18.591597 Evaluation Reward: [39.26890644 39.92486019],
2023-12-08 17:49:18.591644 Time: 21.72
2023-12-08 17:49:40.507642 Episodes 4200:, 
2023-12-08 17:49:40.507714 Total steps 210000/500000, 
2023-12-08 17:49:40.507940 Evaluation Reward: [34.36380439 41.71933932],
2023-12-08 17:49:40.507982 Time: 21.901
2023-12-08 17:50:02.512905 Episodes 4400:, 
2023-12-08 17:50:02.512978 Total steps 220000/500000, 
2023-12-08 17:50:02.513250 Evaluation Reward: [35.77196885 38.71581666],
2023-12-08 17:50:02.513305 Time: 21.992
2023-12-08 17:50:24.767233 Episodes 4600:, 
2023-12-08 17:50:24.767298 Total steps 230000/500000, 
2023-12-08 17:50:24.767547 Evaluation Reward: [33.67272615 36.07880182],
2023-12-08 17:50:24.767592 Time: 22.24
2023-12-08 17:50:46.771959 Episodes 4800:, 
2023-12-08 17:50:46.772060 Total steps 240000/500000, 
2023-12-08 17:50:46.772341 Evaluation Reward: [36.86118491 39.47901591],
2023-12-08 17:50:46.772398 Time: 21.988
2023-12-08 17:51:08.009429 Episodes 5000:, 
2023-12-08 17:51:08.009501 Total steps 250000/500000, 
2023-12-08 17:51:08.009719 Evaluation Reward: [38.93905743 36.62337486],
2023-12-08 17:51:08.009761 Time: 21.219
2023-12-08 17:51:29.785854 Episodes 5200:, 
2023-12-08 17:51:29.785941 Total steps 260000/500000, 
2023-12-08 17:51:29.786160 Evaluation Reward: [28.09690377 35.33071335],
2023-12-08 17:51:29.786208 Time: 21.76
2023-12-08 17:51:51.765272 Episodes 5400:, 
2023-12-08 17:51:51.765345 Total steps 270000/500000, 
2023-12-08 17:51:51.765607 Evaluation Reward: [37.55933912 38.12985544],
2023-12-08 17:51:51.765672 Time: 21.963
2023-12-08 17:52:13.941966 Episodes 5600:, 
2023-12-08 17:52:13.942035 Total steps 280000/500000, 
2023-12-08 17:52:13.942268 Evaluation Reward: [36.2261621  31.59119344],
2023-12-08 17:52:13.942315 Time: 22.155
2023-12-08 17:52:36.381695 Episodes 5800:, 
2023-12-08 17:52:36.381758 Total steps 290000/500000, 
2023-12-08 17:52:36.381963 Evaluation Reward: [35.9955636  40.83834565],
2023-12-08 17:52:36.382008 Time: 22.422
2023-12-08 17:52:58.379041 Episodes 6000:, 
2023-12-08 17:52:58.379152 Total steps 300000/500000, 
2023-12-08 17:52:58.379383 Evaluation Reward: [38.96280426 40.25631568],
2023-12-08 17:52:58.379422 Time: 21.982
2023-12-08 17:53:20.624584 Episodes 6200:, 
2023-12-08 17:53:20.624654 Total steps 310000/500000, 
2023-12-08 17:53:20.624842 Evaluation Reward: [39.46299244 39.87062914],
2023-12-08 17:53:20.624883 Time: 22.226
2023-12-08 17:53:43.337347 Episodes 6400:, 
2023-12-08 17:53:43.337438 Total steps 320000/500000, 
2023-12-08 17:53:43.337723 Evaluation Reward: [36.07085509 41.39603301],
2023-12-08 17:53:43.337788 Time: 22.696
2023-12-08 17:54:05.665320 Episodes 6600:, 
2023-12-08 17:54:05.665383 Total steps 330000/500000, 
2023-12-08 17:54:05.665572 Evaluation Reward: [36.4968654  40.39851012],
2023-12-08 17:54:05.665610 Time: 22.309
2023-12-08 17:54:27.670079 Episodes 6800:, 
2023-12-08 17:54:27.670146 Total steps 340000/500000, 
2023-12-08 17:54:27.670338 Evaluation Reward: [39.38369317 39.28629429],
2023-12-08 17:54:27.670374 Time: 21.987
2023-12-08 17:54:51.909585 Episodes 7000:, 
2023-12-08 17:54:51.909660 Total steps 350000/500000, 
2023-12-08 17:54:51.909859 Evaluation Reward: [36.16990299 35.59401381],
2023-12-08 17:54:51.909900 Time: 24.216
2023-12-08 17:55:14.431379 Episodes 7200:, 
2023-12-08 17:55:14.431462 Total steps 360000/500000, 
2023-12-08 17:55:14.431662 Evaluation Reward: [39.2274064  42.10981548],
2023-12-08 17:55:14.431704 Time: 22.502
2023-12-08 17:55:37.185405 Episodes 7400:, 
2023-12-08 17:55:37.185471 Total steps 370000/500000, 
2023-12-08 17:55:37.185681 Evaluation Reward: [35.99859552 32.8140513 ],
2023-12-08 17:55:37.185722 Time: 22.734
2023-12-08 17:56:01.318807 Episodes 7600:, 
2023-12-08 17:56:01.318877 Total steps 380000/500000, 
2023-12-08 17:56:01.319091 Evaluation Reward: [40.25428972 38.5823568 ],
2023-12-08 17:56:01.319131 Time: 24.112
2023-12-08 17:56:26.241366 Episodes 7800:, 
2023-12-08 17:56:26.241435 Total steps 390000/500000, 
2023-12-08 17:56:26.241659 Evaluation Reward: [39.41621086 38.58016968],
2023-12-08 17:56:26.241716 Time: 24.9
2023-12-08 17:56:49.405886 Episodes 8000:, 
2023-12-08 17:56:49.405963 Total steps 400000/500000, 
2023-12-08 17:56:49.406172 Evaluation Reward: [40.33689397 38.99406668],
2023-12-08 17:56:49.406212 Time: 23.141
2023-12-08 17:57:15.085152 Episodes 8200:, 
2023-12-08 17:57:15.085251 Total steps 410000/500000, 
2023-12-08 17:57:15.085546 Evaluation Reward: [32.03557237 40.52619846],
2023-12-08 17:57:15.085597 Time: 25.656
2023-12-08 17:57:37.792248 Episodes 8400:, 
2023-12-08 17:57:37.792315 Total steps 420000/500000, 
2023-12-08 17:57:37.792592 Evaluation Reward: [35.11588692 36.5697509 ],
2023-12-08 17:57:37.792648 Time: 22.681
2023-12-08 17:58:03.072547 Episodes 8600:, 
2023-12-08 17:58:03.072672 Total steps 430000/500000, 
2023-12-08 17:58:03.073062 Evaluation Reward: [37.26657524 40.58911362],
2023-12-08 17:58:03.073132 Time: 25.249
2023-12-08 17:58:25.488110 Episodes 8800:, 
2023-12-08 17:58:25.488177 Total steps 440000/500000, 
2023-12-08 17:58:25.488414 Evaluation Reward: [40.1017236  36.71596425],
2023-12-08 17:58:25.488461 Time: 22.363
2023-12-08 17:58:48.136420 Episodes 9000:, 
2023-12-08 17:58:48.136512 Total steps 450000/500000, 
2023-12-08 17:58:48.136798 Evaluation Reward: [34.36947977 37.99404061],
2023-12-08 17:58:48.136853 Time: 22.509
2023-12-08 17:59:10.110140 Episodes 9200:, 
2023-12-08 17:59:10.110210 Total steps 460000/500000, 
2023-12-08 17:59:10.110409 Evaluation Reward: [33.88939287 37.74059679],
2023-12-08 17:59:10.110449 Time: 21.937
2023-12-08 17:59:32.187490 Episodes 9400:, 
2023-12-08 17:59:32.187578 Total steps 470000/500000, 
2023-12-08 17:59:32.187800 Evaluation Reward: [37.85629683 36.662696  ],
2023-12-08 17:59:32.187848 Time: 22.05
2023-12-08 17:59:55.495131 Episodes 9600:, 
2023-12-08 17:59:55.495199 Total steps 480000/500000, 
2023-12-08 17:59:55.495395 Evaluation Reward: [33.98250211 37.61006511],
2023-12-08 17:59:55.495432 Time: 23.28
2023-12-08 18:00:20.130375 Episodes 9800:, 
2023-12-08 18:00:20.130454 Total steps 490000/500000, 
2023-12-08 18:00:20.130682 Evaluation Reward: [40.31357213 38.98882008],
2023-12-08 18:00:20.130724 Time: 24.609
2023-12-08 18:00:44.479833 Episodes 9999:, 
2023-12-08 18:00:44.479906 Total steps 499999/500000, 
2023-12-08 18:00:44.480114 Evaluation Reward: [38.78892366 41.78265778],
2023-12-08 18:00:44.480156 Time: 24.318
2023-12-08 18:00:45.689348 ========================================Basic Configurations========================================
2023-12-08 18:00:45.689418 Daemon Filename: /home/Desktop/studies/q_functionals_daemon/results/final/2agent_2landmarks/maddpg_run_50-step-update_team-reward_episode-10000_lr0001_b512_l3_n256_m500000_iter1/timestamp.log
2023-12-08 18:00:45.689449 Training Environment: q_functions_2agent_2landmarks
2023-12-08 18:00:45.689465 Functional: polynomial
2023-12-08 18:00:45.689480 rank: 2
2023-12-08 18:00:45.689495 seed: 3
2023-12-08 18:00:45.689513 learning_rate: 0.001
2023-12-08 18:00:45.689529 target_network_learning_rate: 0.005
2023-12-08 18:00:45.689543 nb_runs: 5
2023-12-08 18:00:45.689557 ma_type: maddpg
2023-12-08 18:00:45.689571 policy_type: gaussian
2023-12-08 18:00:45.689586 noise_std: 0.05
2023-12-08 18:00:45.689602 ========================================Model Configurations========================================
2023-12-08 18:00:45.689617 TD3 Trick:: False
2023-12-08 18:00:45.689632 Entropy Regularization: 0.0
2023-12-08 18:00:45.689646 ======================================Sampling Configurations=======================================
2023-12-08 18:00:45.689660 : q_functions_2agent_2landmarks
2023-12-08 18:00:45.689675 Using quantile sampling during bootstrapping:: False
2023-12-08 18:00:45.689689 Using quantile sampling during evaluation interaction: False
2023-12-08 18:00:45.689703 Using quantile sampling during training interaction:: False
2023-12-08 18:00:45.689717 Sampling Percent: 0.01
2023-12-08 18:00:45.689738 Anneal Sampling Percent: False
2023-12-08 18:00:45.689752 ===============================================Split================================================
2023-12-08 18:00:45.697755 running on CUDA...
2023-12-08 18:00:55.434223 Episodes 0:, 
2023-12-08 18:00:55.434291 Total steps 0/500000, 
2023-12-08 18:00:55.434535 Evaluation Reward: [1.85641811 2.67855983],
2023-12-08 18:00:55.434578 Time: 7.352
2023-12-08 18:01:20.120487 Episodes 200:, 
2023-12-08 18:01:20.120549 Total steps 10000/500000, 
2023-12-08 18:01:20.120744 Evaluation Reward: [4.10800844 6.55253376],
2023-12-08 18:01:20.120783 Time: 24.686
2023-12-08 18:01:44.697610 Episodes 400:, 
2023-12-08 18:01:44.697684 Total steps 20000/500000, 
2023-12-08 18:01:44.697908 Evaluation Reward: [0.72449333 2.82268002],
2023-12-08 18:01:44.697946 Time: 24.576
2023-12-08 18:02:08.955640 Episodes 600:, 
2023-12-08 18:02:08.955712 Total steps 30000/500000, 
2023-12-08 18:02:08.955973 Evaluation Reward: [2.75809487 1.44386199],
2023-12-08 18:02:08.956015 Time: 24.256
2023-12-08 18:02:33.760779 Episodes 800:, 
2023-12-08 18:02:33.760844 Total steps 40000/500000, 
2023-12-08 18:02:33.761103 Evaluation Reward: [3.30233308 5.49302107],
2023-12-08 18:02:33.761163 Time: 24.803
2023-12-08 18:02:56.996303 Episodes 1000:, 
2023-12-08 18:02:56.996370 Total steps 50000/500000, 
2023-12-08 18:02:56.996579 Evaluation Reward: [9.55192618 4.92961156],
2023-12-08 18:02:56.996616 Time: 23.231
2023-12-08 18:03:19.735727 Episodes 1200:, 
2023-12-08 18:03:19.735791 Total steps 60000/500000, 
2023-12-08 18:03:19.736009 Evaluation Reward: [12.8238222   3.88555242],
2023-12-08 18:03:19.736053 Time: 22.736
2023-12-08 18:03:42.797419 Episodes 1400:, 
2023-12-08 18:03:42.797508 Total steps 70000/500000, 
2023-12-08 18:03:42.797745 Evaluation Reward: [13.63534848 13.5462729 ],
2023-12-08 18:03:42.797802 Time: 23.057
2023-12-08 18:04:05.999063 Episodes 1600:, 
2023-12-08 18:04:05.999130 Total steps 80000/500000, 
2023-12-08 18:04:05.999334 Evaluation Reward: [23.22962394 18.15827957],
2023-12-08 18:04:05.999374 Time: 23.197
2023-12-08 18:04:29.736376 Episodes 1800:, 
2023-12-08 18:04:29.736453 Total steps 90000/500000, 
2023-12-08 18:04:29.736676 Evaluation Reward: [17.2738568  15.78060722],
2023-12-08 18:04:29.736724 Time: 23.732
2023-12-08 18:04:53.726809 Episodes 2000:, 
2023-12-08 18:04:53.726888 Total steps 100000/500000, 
2023-12-08 18:04:53.727089 Evaluation Reward: [33.08524378 16.93975158],
2023-12-08 18:04:53.727126 Time: 23.985
2023-12-08 18:05:15.779784 Episodes 2200:, 
2023-12-08 18:05:15.779851 Total steps 110000/500000, 
2023-12-08 18:05:15.780108 Evaluation Reward: [27.76051967 21.55327752],
2023-12-08 18:05:15.780149 Time: 22.047
2023-12-08 18:05:38.439813 Episodes 2400:, 
2023-12-08 18:05:38.439908 Total steps 120000/500000, 
2023-12-08 18:05:38.440113 Evaluation Reward: [36.34122718 24.44628942],
2023-12-08 18:05:38.440156 Time: 22.653
2023-12-08 18:06:00.512369 Episodes 2600:, 
2023-12-08 18:06:00.512436 Total steps 130000/500000, 
2023-12-08 18:06:00.512685 Evaluation Reward: [36.1608766  23.81429876],
2023-12-08 18:06:00.512730 Time: 22.066
2023-12-08 18:06:23.407556 Episodes 2800:, 
2023-12-08 18:06:23.407622 Total steps 140000/500000, 
2023-12-08 18:06:23.407821 Evaluation Reward: [40.19689035 34.72647026],
2023-12-08 18:06:23.407860 Time: 22.888
2023-12-08 18:06:45.510163 Episodes 3000:, 
2023-12-08 18:06:45.510232 Total steps 150000/500000, 
2023-12-08 18:06:45.510436 Evaluation Reward: [33.77210767 28.36842141],
2023-12-08 18:06:45.510478 Time: 22.094
2023-12-08 18:07:08.457508 Episodes 3200:, 
2023-12-08 18:07:08.457583 Total steps 160000/500000, 
2023-12-08 18:07:08.457813 Evaluation Reward: [31.77212863 21.43458745],
2023-12-08 18:07:08.457860 Time: 22.938
2023-12-08 18:07:32.451736 Episodes 3400:, 
2023-12-08 18:07:32.451799 Total steps 170000/500000, 
2023-12-08 18:07:32.452007 Evaluation Reward: [36.59991894 35.32308362],
2023-12-08 18:07:32.452051 Time: 23.984
2023-12-08 18:07:55.224878 Episodes 3600:, 
2023-12-08 18:07:55.224958 Total steps 180000/500000, 
2023-12-08 18:07:55.225158 Evaluation Reward: [42.5782137  31.51004305],
2023-12-08 18:07:55.225195 Time: 22.763
2023-12-08 18:08:18.260114 Episodes 3800:, 
2023-12-08 18:08:18.260179 Total steps 190000/500000, 
2023-12-08 18:08:18.260377 Evaluation Reward: [39.47073216 39.7840521 ],
2023-12-08 18:08:18.260417 Time: 23.025
2023-12-08 18:08:42.449379 Episodes 4000:, 
2023-12-08 18:08:42.449447 Total steps 200000/500000, 
2023-12-08 18:08:42.449652 Evaluation Reward: [43.60835846 36.80358996],
2023-12-08 18:08:42.449696 Time: 24.178
2023-12-08 18:09:04.594286 Episodes 4200:, 
2023-12-08 18:09:04.594353 Total steps 210000/500000, 
2023-12-08 18:09:04.594578 Evaluation Reward: [42.25685551 31.96978032],
2023-12-08 18:09:04.594622 Time: 22.132
2023-12-08 18:09:26.522633 Episodes 4400:, 
2023-12-08 18:09:26.522703 Total steps 220000/500000, 
2023-12-08 18:09:26.522931 Evaluation Reward: [37.90024271 38.27116577],
2023-12-08 18:09:26.522978 Time: 21.916
2023-12-08 18:09:48.485584 Episodes 4600:, 
2023-12-08 18:09:48.485663 Total steps 230000/500000, 
2023-12-08 18:09:48.485866 Evaluation Reward: [38.64996012 37.80311954],
2023-12-08 18:09:48.485903 Time: 21.951
2023-12-08 18:10:10.564685 Episodes 4800:, 
2023-12-08 18:10:10.564752 Total steps 240000/500000, 
2023-12-08 18:10:10.564948 Evaluation Reward: [44.55586177 41.72219777],
2023-12-08 18:10:10.564989 Time: 22.066
2023-12-08 18:10:32.601650 Episodes 5000:, 
2023-12-08 18:10:32.601715 Total steps 250000/500000, 
2023-12-08 18:10:32.601919 Evaluation Reward: [39.53349388 29.14832336],
2023-12-08 18:10:32.601955 Time: 22.023
2023-12-08 18:10:54.670058 Episodes 5200:, 
2023-12-08 18:10:54.670142 Total steps 260000/500000, 
2023-12-08 18:10:54.670367 Evaluation Reward: [41.47038815 39.74612335],
2023-12-08 18:10:54.670411 Time: 22.051
2023-12-08 18:11:16.681689 Episodes 5400:, 
2023-12-08 18:11:16.681749 Total steps 270000/500000, 
2023-12-08 18:11:16.681939 Evaluation Reward: [37.70704203 38.41548244],
2023-12-08 18:11:16.681978 Time: 21.991
2023-12-08 18:11:38.452370 Episodes 5600:, 
2023-12-08 18:11:38.452444 Total steps 280000/500000, 
2023-12-08 18:11:38.452687 Evaluation Reward: [42.69907555 42.07124264],
2023-12-08 18:11:38.452727 Time: 21.755
2023-12-08 18:12:00.435666 Episodes 5800:, 
2023-12-08 18:12:00.435738 Total steps 290000/500000, 
2023-12-08 18:12:00.435982 Evaluation Reward: [39.57719215 41.29012302],
2023-12-08 18:12:00.436025 Time: 21.968
2023-12-08 18:12:22.660835 Episodes 6000:, 
2023-12-08 18:12:22.660898 Total steps 300000/500000, 
2023-12-08 18:12:22.661096 Evaluation Reward: [40.02702299 39.44296596],
2023-12-08 18:12:22.661139 Time: 22.203
2023-12-08 18:12:44.525829 Episodes 6200:, 
2023-12-08 18:12:44.525896 Total steps 310000/500000, 
2023-12-08 18:12:44.526100 Evaluation Reward: [40.93065477 41.01353298],
2023-12-08 18:12:44.526139 Time: 21.848
2023-12-08 18:13:06.520000 Episodes 6400:, 
2023-12-08 18:13:06.520073 Total steps 320000/500000, 
2023-12-08 18:13:06.520277 Evaluation Reward: [39.82364323 38.66922008],
2023-12-08 18:13:06.520320 Time: 21.977
2023-12-08 18:13:30.713867 Episodes 6600:, 
2023-12-08 18:13:30.713965 Total steps 330000/500000, 
2023-12-08 18:13:30.714330 Evaluation Reward: [37.84291335 35.8693802 ],
2023-12-08 18:13:30.714397 Time: 24.173
2023-12-08 18:13:54.662089 Episodes 6800:, 
2023-12-08 18:13:54.662151 Total steps 340000/500000, 
2023-12-08 18:13:54.662359 Evaluation Reward: [39.96904295 39.59574233],
2023-12-08 18:13:54.662401 Time: 23.919
2023-12-08 18:14:17.756738 Episodes 7000:, 
2023-12-08 18:14:17.756811 Total steps 350000/500000, 
2023-12-08 18:14:17.757010 Evaluation Reward: [41.01221315 41.73412937],
2023-12-08 18:14:17.757048 Time: 23.074
2023-12-08 18:14:39.794773 Episodes 7200:, 
2023-12-08 18:14:39.794837 Total steps 360000/500000, 
2023-12-08 18:14:39.795058 Evaluation Reward: [38.60126444 39.56123816],
2023-12-08 18:14:39.795110 Time: 22.018
2023-12-08 18:15:01.538759 Episodes 7400:, 
2023-12-08 18:15:01.538826 Total steps 370000/500000, 
2023-12-08 18:15:01.539031 Evaluation Reward: [40.38602199 41.23272211],
2023-12-08 18:15:01.539078 Time: 21.717
2023-12-08 18:15:26.253568 Episodes 7600:, 
2023-12-08 18:15:26.253636 Total steps 380000/500000, 
2023-12-08 18:15:26.253869 Evaluation Reward: [38.85471264 38.12216654],
2023-12-08 18:15:26.253910 Time: 24.695
2023-12-08 18:15:50.366869 Episodes 7800:, 
2023-12-08 18:15:50.366938 Total steps 390000/500000, 
2023-12-08 18:15:50.367159 Evaluation Reward: [42.17587674 41.53153583],
2023-12-08 18:15:50.367195 Time: 24.092
2023-12-08 18:16:13.339967 Episodes 8000:, 
2023-12-08 18:16:13.340044 Total steps 400000/500000, 
2023-12-08 18:16:13.340245 Evaluation Reward: [38.92094367 39.77807444],
2023-12-08 18:16:13.340283 Time: 22.949
2023-12-08 18:16:36.653785 Episodes 8200:, 
2023-12-08 18:16:36.653880 Total steps 410000/500000, 
2023-12-08 18:16:36.654077 Evaluation Reward: [44.1256637  41.00256068],
2023-12-08 18:16:36.654116 Time: 23.291
2023-12-08 18:17:01.265210 Episodes 8400:, 
2023-12-08 18:17:01.265272 Total steps 420000/500000, 
2023-12-08 18:17:01.265466 Evaluation Reward: [41.3054015  39.91051155],
2023-12-08 18:17:01.265507 Time: 24.589
2023-12-08 18:17:23.292763 Episodes 8600:, 
2023-12-08 18:17:23.292823 Total steps 430000/500000, 
2023-12-08 18:17:23.293016 Evaluation Reward: [38.51378468 38.9788653 ],
2023-12-08 18:17:23.293055 Time: 22.003
2023-12-08 18:17:44.857304 Episodes 8800:, 
2023-12-08 18:17:44.857374 Total steps 440000/500000, 
2023-12-08 18:17:44.857603 Evaluation Reward: [40.25323806 43.20182114],
2023-12-08 18:17:44.857649 Time: 21.531
2023-12-08 18:18:08.478355 Episodes 9000:, 
2023-12-08 18:18:08.478427 Total steps 450000/500000, 
2023-12-08 18:18:08.478663 Evaluation Reward: [38.40596713 41.04740592],
2023-12-08 18:18:08.478728 Time: 23.593
2023-12-08 18:18:31.015441 Episodes 9200:, 
2023-12-08 18:18:31.015506 Total steps 460000/500000, 
2023-12-08 18:18:31.015711 Evaluation Reward: [41.7184245  42.44538623],
2023-12-08 18:18:31.015756 Time: 22.512
2023-12-08 18:18:53.857851 Episodes 9400:, 
2023-12-08 18:18:53.857920 Total steps 470000/500000, 
2023-12-08 18:18:53.858118 Evaluation Reward: [37.37610158 38.76340236],
2023-12-08 18:18:53.858161 Time: 22.811
2023-12-08 18:19:15.813742 Episodes 9600:, 
2023-12-08 18:19:15.813811 Total steps 480000/500000, 
2023-12-08 18:19:15.814085 Evaluation Reward: [38.35942042 41.02842084],
2023-12-08 18:19:15.814132 Time: 21.93
2023-12-08 18:19:40.876855 Episodes 9800:, 
2023-12-08 18:19:40.876945 Total steps 490000/500000, 
2023-12-08 18:19:40.877251 Evaluation Reward: [39.70748961 39.48719844],
2023-12-08 18:19:40.877309 Time: 25.031
2023-12-08 18:20:02.863719 Episodes 9999:, 
2023-12-08 18:20:02.863786 Total steps 499999/500000, 
2023-12-08 18:20:02.864033 Evaluation Reward: [38.40790413 41.19867225],
2023-12-08 18:20:02.864070 Time: 21.94
2023-12-08 18:20:04.128573 ========================================Basic Configurations========================================
2023-12-08 18:20:04.128661 Daemon Filename: /home/Desktop/studies/q_functionals_daemon/results/final/2agent_2landmarks/maddpg_run_50-step-update_team-reward_episode-10000_lr0001_b512_l3_n256_m500000_iter1/timestamp.log
2023-12-08 18:20:04.128680 Training Environment: q_functions_2agent_2landmarks
2023-12-08 18:20:04.128696 Functional: polynomial
2023-12-08 18:20:04.128712 rank: 2
2023-12-08 18:20:04.128726 seed: 4
2023-12-08 18:20:04.128748 learning_rate: 0.001
2023-12-08 18:20:04.128763 target_network_learning_rate: 0.005
2023-12-08 18:20:04.128777 nb_runs: 5
2023-12-08 18:20:04.128791 ma_type: maddpg
2023-12-08 18:20:04.128804 policy_type: gaussian
2023-12-08 18:20:04.128818 noise_std: 0.05
2023-12-08 18:20:04.128833 ========================================Model Configurations========================================
2023-12-08 18:20:04.128848 TD3 Trick:: False
2023-12-08 18:20:04.128862 Entropy Regularization: 0.0
2023-12-08 18:20:04.128877 ======================================Sampling Configurations=======================================
2023-12-08 18:20:04.128891 : q_functions_2agent_2landmarks
2023-12-08 18:20:04.128905 Using quantile sampling during bootstrapping:: False
2023-12-08 18:20:04.128918 Using quantile sampling during evaluation interaction: False
2023-12-08 18:20:04.128932 Using quantile sampling during training interaction:: False
2023-12-08 18:20:04.128946 Sampling Percent: 0.01
2023-12-08 18:20:04.128960 Anneal Sampling Percent: False
2023-12-08 18:20:04.128973 ===============================================Split================================================
2023-12-08 18:20:04.129885 running on CUDA...
2023-12-08 18:20:12.651294 Episodes 0:, 
2023-12-08 18:20:12.651363 Total steps 0/500000, 
2023-12-08 18:20:12.651600 Evaluation Reward: [1.25387357 1.1837201 ],
2023-12-08 18:20:12.651643 Time: 6.213
2023-12-08 18:20:35.096070 Episodes 200:, 
2023-12-08 18:20:35.096134 Total steps 10000/500000, 
2023-12-08 18:20:35.096344 Evaluation Reward: [1.87058904e-01 1.40769374e-07],
2023-12-08 18:20:35.096385 Time: 22.444
2023-12-08 18:20:57.148955 Episodes 400:, 
2023-12-08 18:20:57.149034 Total steps 20000/500000, 
2023-12-08 18:20:57.149257 Evaluation Reward: [1.24828917 0.54807075],
2023-12-08 18:20:57.149305 Time: 22.051
2023-12-08 18:21:19.376812 Episodes 600:, 
2023-12-08 18:21:19.376881 Total steps 30000/500000, 
2023-12-08 18:21:19.377081 Evaluation Reward: [2.64164144 0.25513225],
2023-12-08 18:21:19.377122 Time: 22.226
2023-12-08 18:21:41.375171 Episodes 800:, 
2023-12-08 18:21:41.375240 Total steps 40000/500000, 
2023-12-08 18:21:41.375443 Evaluation Reward: [3.30622598e+00 1.36984842e-04],
2023-12-08 18:21:41.375482 Time: 21.996
2023-12-08 18:22:03.287564 Episodes 1000:, 
2023-12-08 18:22:03.287635 Total steps 50000/500000, 
2023-12-08 18:22:03.287864 Evaluation Reward: [3.33946445e+01 2.12462295e-02],
2023-12-08 18:22:03.287930 Time: 21.91
2023-12-08 18:22:25.497998 Episodes 1200:, 
2023-12-08 18:22:25.498065 Total steps 60000/500000, 
2023-12-08 18:22:25.498264 Evaluation Reward: [37.02211828  9.6379229 ],
2023-12-08 18:22:25.498304 Time: 22.206
2023-12-08 18:22:47.356182 Episodes 1400:, 
2023-12-08 18:22:47.356272 Total steps 70000/500000, 
2023-12-08 18:22:47.356568 Evaluation Reward: [38.72854763 23.90953369],
2023-12-08 18:22:47.356617 Time: 21.854
2023-12-08 18:23:09.102507 Episodes 1600:, 
2023-12-08 18:23:09.102575 Total steps 80000/500000, 
2023-12-08 18:23:09.102788 Evaluation Reward: [29.04361322 24.88545085],
2023-12-08 18:23:09.102826 Time: 21.74
2023-12-08 18:23:31.505343 Episodes 1800:, 
2023-12-08 18:23:31.505406 Total steps 90000/500000, 
2023-12-08 18:23:31.505645 Evaluation Reward: [35.1364161  30.60831349],
2023-12-08 18:23:31.505693 Time: 22.394
2023-12-08 18:23:53.737367 Episodes 2000:, 
2023-12-08 18:23:53.737449 Total steps 100000/500000, 
2023-12-08 18:23:53.737653 Evaluation Reward: [39.68334389 33.89166644],
2023-12-08 18:23:53.737690 Time: 22.225
2023-12-08 18:24:15.526849 Episodes 2200:, 
2023-12-08 18:24:15.526937 Total steps 110000/500000, 
2023-12-08 18:24:15.527137 Evaluation Reward: [38.79185851 39.35141846],
2023-12-08 18:24:15.527176 Time: 21.784
2023-12-08 18:24:37.976497 Episodes 2400:, 
2023-12-08 18:24:37.976558 Total steps 120000/500000, 
2023-12-08 18:24:37.976769 Evaluation Reward: [39.3945776  43.23341506],
2023-12-08 18:24:37.976811 Time: 22.443
2023-12-08 18:25:02.909433 Episodes 2600:, 
2023-12-08 18:25:02.909497 Total steps 130000/500000, 
2023-12-08 18:25:02.909712 Evaluation Reward: [33.08006149 40.29272046],
2023-12-08 18:25:02.909753 Time: 24.923
2023-12-08 18:25:25.132509 Episodes 2800:, 
2023-12-08 18:25:25.132575 Total steps 140000/500000, 
2023-12-08 18:25:25.132774 Evaluation Reward: [38.86816156 39.42668759],
2023-12-08 18:25:25.132817 Time: 22.215
2023-12-08 18:25:47.417870 Episodes 3000:, 
2023-12-08 18:25:47.417937 Total steps 150000/500000, 
2023-12-08 18:25:47.418152 Evaluation Reward: [40.10041014 41.02460148],
2023-12-08 18:25:47.418192 Time: 22.277
2023-12-08 18:26:10.193270 Episodes 3200:, 
2023-12-08 18:26:10.193335 Total steps 160000/500000, 
2023-12-08 18:26:10.193539 Evaluation Reward: [36.89806086 37.81082289],
2023-12-08 18:26:10.193577 Time: 22.765
2023-12-08 18:26:32.698960 Episodes 3400:, 
2023-12-08 18:26:32.699042 Total steps 170000/500000, 
2023-12-08 18:26:32.699250 Evaluation Reward: [42.17795678 39.05092746],
2023-12-08 18:26:32.699300 Time: 22.497
2023-12-08 18:26:56.882571 Episodes 3600:, 
2023-12-08 18:26:56.882678 Total steps 180000/500000, 
2023-12-08 18:26:56.883023 Evaluation Reward: [40.53366991 37.43614037],
2023-12-08 18:26:56.883093 Time: 24.174
2023-12-08 18:27:21.493283 Episodes 3800:, 
2023-12-08 18:27:21.493361 Total steps 190000/500000, 
2023-12-08 18:27:21.493592 Evaluation Reward: [33.12121701 40.46532794],
2023-12-08 18:27:21.493649 Time: 24.59
2023-12-08 18:27:46.001084 Episodes 4000:, 
2023-12-08 18:27:46.001158 Total steps 200000/500000, 
2023-12-08 18:27:46.001436 Evaluation Reward: [38.24438417 40.2345156 ],
2023-12-08 18:27:46.001487 Time: 24.496
2023-12-08 18:28:10.528873 Episodes 4200:, 
2023-12-08 18:28:10.529056 Total steps 210000/500000, 
2023-12-08 18:28:10.529279 Evaluation Reward: [40.48342612 40.2431604 ],
2023-12-08 18:28:10.529319 Time: 24.512
2023-12-08 18:28:35.364566 Episodes 4400:, 
2023-12-08 18:28:35.364635 Total steps 220000/500000, 
2023-12-08 18:28:35.364840 Evaluation Reward: [38.90897543 40.8470726 ],
2023-12-08 18:28:35.364881 Time: 24.823
2023-12-08 18:29:00.417450 Episodes 4600:, 
2023-12-08 18:29:00.417516 Total steps 230000/500000, 
2023-12-08 18:29:00.417719 Evaluation Reward: [40.50327362 42.82401918],
2023-12-08 18:29:00.417763 Time: 25.04
2023-12-08 18:29:24.908525 Episodes 4800:, 
2023-12-08 18:29:24.908599 Total steps 240000/500000, 
2023-12-08 18:29:24.908813 Evaluation Reward: [38.58372588 40.43514915],
2023-12-08 18:29:24.908862 Time: 24.478
2023-12-08 18:29:49.534641 Episodes 5000:, 
2023-12-08 18:29:49.534717 Total steps 250000/500000, 
2023-12-08 18:29:49.534932 Evaluation Reward: [39.59749934 37.75467968],
2023-12-08 18:29:49.534972 Time: 24.61
2023-12-08 18:30:14.982890 Episodes 5200:, 
2023-12-08 18:30:14.982970 Total steps 260000/500000, 
2023-12-08 18:30:14.983232 Evaluation Reward: [38.98099273 38.75111154],
2023-12-08 18:30:14.983274 Time: 25.431
2023-12-08 18:30:43.347720 Episodes 5400:, 
2023-12-08 18:30:43.347790 Total steps 270000/500000, 
2023-12-08 18:30:43.348006 Evaluation Reward: [39.42872578 39.52471018],
2023-12-08 18:30:43.348049 Time: 28.348
2023-12-08 18:31:11.380401 Episodes 5600:, 
2023-12-08 18:31:11.380468 Total steps 280000/500000, 
2023-12-08 18:31:11.380743 Evaluation Reward: [41.91494443 41.82063931],
2023-12-08 18:31:11.380799 Time: 28.017
2023-12-08 18:31:39.801113 Episodes 5800:, 
2023-12-08 18:31:39.801204 Total steps 290000/500000, 
2023-12-08 18:31:39.801491 Evaluation Reward: [35.31210863 39.03053755],
2023-12-08 18:31:39.801539 Time: 28.4
2023-12-08 18:32:06.601233 Episodes 6000:, 
2023-12-08 18:32:06.601309 Total steps 300000/500000, 
2023-12-08 18:32:06.601560 Evaluation Reward: [39.30064212 40.06701316],
2023-12-08 18:32:06.601602 Time: 26.765
2023-12-08 18:32:32.617989 Episodes 6200:, 
2023-12-08 18:32:32.618065 Total steps 310000/500000, 
2023-12-08 18:32:32.618318 Evaluation Reward: [35.32380356 32.7338547 ],
2023-12-08 18:32:32.618360 Time: 25.998
2023-12-08 18:33:01.457210 Episodes 6400:, 
2023-12-08 18:33:01.457277 Total steps 320000/500000, 
2023-12-08 18:33:01.457490 Evaluation Reward: [38.70900521 40.39669575],
2023-12-08 18:33:01.457534 Time: 28.818
2023-12-08 18:33:27.846253 Episodes 6600:, 
2023-12-08 18:33:27.846351 Total steps 330000/500000, 
2023-12-08 18:33:27.846668 Evaluation Reward: [41.75897194 36.70232358],
2023-12-08 18:33:27.846731 Time: 26.369
2023-12-08 18:33:53.919821 Episodes 6800:, 
2023-12-08 18:33:53.919911 Total steps 340000/500000, 
2023-12-08 18:33:53.920122 Evaluation Reward: [41.86644253 41.46361974],
2023-12-08 18:33:53.920166 Time: 26.051
2023-12-08 18:34:21.841236 Episodes 7000:, 
2023-12-08 18:34:21.841328 Total steps 350000/500000, 
2023-12-08 18:34:21.841661 Evaluation Reward: [39.24951972 40.60653801],
2023-12-08 18:34:21.841718 Time: 27.9
2023-12-08 18:34:49.467811 Episodes 7200:, 
2023-12-08 18:34:49.467921 Total steps 360000/500000, 
2023-12-08 18:34:49.468275 Evaluation Reward: [40.41915816 40.60642324],
2023-12-08 18:34:49.468342 Time: 27.582
2023-12-08 18:35:17.353321 Episodes 7400:, 
2023-12-08 18:35:17.353402 Total steps 370000/500000, 
2023-12-08 18:35:17.353692 Evaluation Reward: [37.79743777 38.03099343],
2023-12-08 18:35:17.353747 Time: 27.838
2023-12-08 18:35:44.409457 Episodes 7600:, 
2023-12-08 18:35:44.409534 Total steps 380000/500000, 
2023-12-08 18:35:44.409760 Evaluation Reward: [39.89460909 38.70533434],
2023-12-08 18:35:44.409800 Time: 27.031
2023-12-08 18:36:13.919327 Episodes 7800:, 
2023-12-08 18:36:13.919400 Total steps 390000/500000, 
2023-12-08 18:36:13.919615 Evaluation Reward: [40.36311825 41.65173049],
2023-12-08 18:36:13.919658 Time: 29.486
2023-12-08 18:36:43.925990 Episodes 8000:, 
2023-12-08 18:36:43.926061 Total steps 400000/500000, 
2023-12-08 18:36:43.926288 Evaluation Reward: [41.78027429 41.19578831],
2023-12-08 18:36:43.926332 Time: 29.977
2023-12-08 18:37:10.066460 Episodes 8200:, 
2023-12-08 18:37:10.066531 Total steps 410000/500000, 
2023-12-08 18:37:10.066750 Evaluation Reward: [40.41575975 37.71579112],
2023-12-08 18:37:10.066798 Time: 26.116
2023-12-08 18:37:35.650963 Episodes 8400:, 
2023-12-08 18:37:35.651035 Total steps 420000/500000, 
2023-12-08 18:37:35.651274 Evaluation Reward: [37.87720125 40.19340595],
2023-12-08 18:37:35.651314 Time: 25.559
2023-12-08 18:38:04.281594 Episodes 8600:, 
2023-12-08 18:38:04.281670 Total steps 430000/500000, 
2023-12-08 18:38:04.281950 Evaluation Reward: [40.80528846 39.79127081],
2023-12-08 18:38:04.281998 Time: 28.604
2023-12-08 18:38:29.983460 Episodes 8800:, 
2023-12-08 18:38:29.983531 Total steps 440000/500000, 
2023-12-08 18:38:29.983755 Evaluation Reward: [40.36836068 39.48774673],
2023-12-08 18:38:29.983801 Time: 25.674
2023-12-08 18:38:55.088526 Episodes 9000:, 
2023-12-08 18:38:55.088601 Total steps 450000/500000, 
2023-12-08 18:38:55.088818 Evaluation Reward: [35.76489109 38.95008934],
2023-12-08 18:38:55.088861 Time: 25.078
2023-12-08 18:39:20.978362 Episodes 9200:, 
2023-12-08 18:39:20.978431 Total steps 460000/500000, 
2023-12-08 18:39:20.978643 Evaluation Reward: [27.03951302 41.55243936],
2023-12-08 18:39:20.978685 Time: 25.859
2023-12-08 18:39:46.195708 Episodes 9400:, 
2023-12-08 18:39:46.195784 Total steps 470000/500000, 
2023-12-08 18:39:46.195998 Evaluation Reward: [39.31268904 38.86010134],
2023-12-08 18:39:46.196042 Time: 25.189
2023-12-08 18:40:12.048285 Episodes 9600:, 
2023-12-08 18:40:12.048409 Total steps 480000/500000, 
2023-12-08 18:40:12.048767 Evaluation Reward: [39.15017403 42.53400641],
2023-12-08 18:40:12.048833 Time: 25.823
2023-12-08 18:40:39.903974 Episodes 9800:, 
2023-12-08 18:40:39.904045 Total steps 490000/500000, 
2023-12-08 18:40:39.904310 Evaluation Reward: [25.87297811 38.94742675],
2023-12-08 18:40:39.904363 Time: 27.79
2023-12-08 18:41:08.600080 Episodes 9999:, 
2023-12-08 18:41:08.600245 Total steps 499999/500000, 
2023-12-08 18:41:08.600622 Evaluation Reward: [ 8.75785998 42.10086841],
2023-12-08 18:41:08.600691 Time: 28.515
