2023-12-08 17:02:37.387083 ========================================Basic Configurations========================================
2023-12-08 17:02:37.387150 Daemon Filename: /home/Desktop/studies/q_functionals_daemon/results/final/2agent_2landmarks/maddpg_run_50-step-update_individual-reward_episode-10000_lr0001_b512_l3_n256_m500000_iter1/timestamp.log
2023-12-08 17:02:37.387175 Training Environment: q_functions_2agent_2landmarks
2023-12-08 17:02:37.387196 Functional: polynomial
2023-12-08 17:02:37.387227 rank: 2
2023-12-08 17:02:37.387264 seed: 0
2023-12-08 17:02:37.387303 learning_rate: 0.001
2023-12-08 17:02:37.387326 target_network_learning_rate: 0.005
2023-12-08 17:02:37.387344 nb_runs: 5
2023-12-08 17:02:37.387361 ma_type: maddpg
2023-12-08 17:02:37.387378 policy_type: gaussian
2023-12-08 17:02:37.387396 noise_std: 0.05
2023-12-08 17:02:37.387414 ========================================Model Configurations========================================
2023-12-08 17:02:37.387434 TD3 Trick:: False
2023-12-08 17:02:37.387452 Entropy Regularization: 0.0
2023-12-08 17:02:37.387468 ======================================Sampling Configurations=======================================
2023-12-08 17:02:37.387485 : q_functions_2agent_2landmarks
2023-12-08 17:02:37.387502 Using quantile sampling during bootstrapping:: False
2023-12-08 17:02:37.387519 Using quantile sampling during evaluation interaction: False
2023-12-08 17:02:37.387536 Using quantile sampling during training interaction:: False
2023-12-08 17:02:37.387556 Sampling Percent: 0.01
2023-12-08 17:02:37.387586 Anneal Sampling Percent: False
2023-12-08 17:02:37.387624 ===============================================Split================================================
2023-12-08 17:02:37.413162 running on CUDA...
2023-12-08 17:02:46.028370 Episodes 0:, 
2023-12-08 17:02:46.028473 Total steps 0/500000, 
2023-12-08 17:02:46.028776 Evaluation Reward: [0.34094346 3.48271005],
2023-12-08 17:02:46.028844 Time: 6.803
2023-12-08 17:03:13.562031 Episodes 200:, 
2023-12-08 17:03:13.562107 Total steps 10000/500000, 
2023-12-08 17:03:13.562339 Evaluation Reward: [0.00191537 1.43169996],
2023-12-08 17:03:13.562385 Time: 27.533
2023-12-08 17:03:41.027396 Episodes 400:, 
2023-12-08 17:03:41.027473 Total steps 20000/500000, 
2023-12-08 17:03:41.027686 Evaluation Reward: [1.11474369 2.61600235],
2023-12-08 17:03:41.027733 Time: 27.464
2023-12-08 17:04:08.477376 Episodes 600:, 
2023-12-08 17:04:08.477451 Total steps 30000/500000, 
2023-12-08 17:04:08.477675 Evaluation Reward: [0.30079061 0.37914282],
2023-12-08 17:04:08.477724 Time: 27.448
2023-12-08 17:04:35.840510 Episodes 800:, 
2023-12-08 17:04:35.840670 Total steps 40000/500000, 
2023-12-08 17:04:35.840921 Evaluation Reward: [2.34792099 1.9570227 ],
2023-12-08 17:04:35.840966 Time: 27.361
2023-12-08 17:05:02.678994 Episodes 1000:, 
2023-12-08 17:05:02.679074 Total steps 50000/500000, 
2023-12-08 17:05:02.679300 Evaluation Reward: [25.37666508 13.1078866 ],
2023-12-08 17:05:02.679344 Time: 26.835
2023-12-08 17:05:28.563216 Episodes 1200:, 
2023-12-08 17:05:28.563317 Total steps 60000/500000, 
2023-12-08 17:05:28.563626 Evaluation Reward: [40.0937541  27.37071813],
2023-12-08 17:05:28.563684 Time: 25.88
2023-12-08 17:05:55.212330 Episodes 1400:, 
2023-12-08 17:05:55.212408 Total steps 70000/500000, 
2023-12-08 17:05:55.212651 Evaluation Reward: [34.56399993 38.64066886],
2023-12-08 17:05:55.212701 Time: 26.642
2023-12-08 17:06:21.974340 Episodes 1600:, 
2023-12-08 17:06:21.974421 Total steps 80000/500000, 
2023-12-08 17:06:21.974647 Evaluation Reward: [39.69726768 38.10401484],
2023-12-08 17:06:21.974691 Time: 26.757
2023-12-08 17:06:48.457254 Episodes 1800:, 
2023-12-08 17:06:48.457331 Total steps 90000/500000, 
2023-12-08 17:06:48.457560 Evaluation Reward: [39.5296511  37.22855072],
2023-12-08 17:06:48.457606 Time: 26.477
2023-12-08 17:07:14.225832 Episodes 2000:, 
2023-12-08 17:07:14.225910 Total steps 100000/500000, 
2023-12-08 17:07:14.226179 Evaluation Reward: [38.93571046 37.65081898],
2023-12-08 17:07:14.226236 Time: 25.763
2023-12-08 17:07:40.912767 Episodes 2200:, 
2023-12-08 17:07:40.912852 Total steps 110000/500000, 
2023-12-08 17:07:40.913083 Evaluation Reward: [39.92744186 40.76418384],
2023-12-08 17:07:40.913131 Time: 26.68
2023-12-08 17:08:06.971555 Episodes 2400:, 
2023-12-08 17:08:06.971631 Total steps 120000/500000, 
2023-12-08 17:08:06.971855 Evaluation Reward: [39.92418862 38.69222972],
2023-12-08 17:08:06.971916 Time: 26.051
2023-12-08 17:08:34.092848 Episodes 2600:, 
2023-12-08 17:08:34.092926 Total steps 130000/500000, 
2023-12-08 17:08:34.093166 Evaluation Reward: [39.3242728  39.99488636],
2023-12-08 17:08:34.093211 Time: 27.113
2023-12-08 17:09:00.715055 Episodes 2800:, 
2023-12-08 17:09:00.715136 Total steps 140000/500000, 
2023-12-08 17:09:00.715358 Evaluation Reward: [41.08753045 40.32982165],
2023-12-08 17:09:00.715402 Time: 26.614
2023-12-08 17:09:28.362086 Episodes 3000:, 
2023-12-08 17:09:28.362164 Total steps 150000/500000, 
2023-12-08 17:09:28.362384 Evaluation Reward: [40.2461939 40.108634 ],
2023-12-08 17:09:28.362426 Time: 27.638
2023-12-08 17:09:54.864953 Episodes 3200:, 
2023-12-08 17:09:54.865027 Total steps 160000/500000, 
2023-12-08 17:09:54.865250 Evaluation Reward: [40.83408692 39.69549911],
2023-12-08 17:09:54.865296 Time: 26.493
2023-12-08 17:10:17.935582 Episodes 3400:, 
2023-12-08 17:10:17.935649 Total steps 170000/500000, 
2023-12-08 17:10:17.935926 Evaluation Reward: [38.73958973 35.51759523],
2023-12-08 17:10:17.935975 Time: 23.059
2023-12-08 17:10:40.550628 Episodes 3600:, 
2023-12-08 17:10:40.550705 Total steps 180000/500000, 
2023-12-08 17:10:40.550927 Evaluation Reward: [38.67550872 40.96136887],
2023-12-08 17:10:40.550967 Time: 22.604
2023-12-08 17:11:02.941869 Episodes 3800:, 
2023-12-08 17:11:02.941947 Total steps 190000/500000, 
2023-12-08 17:11:02.942194 Evaluation Reward: [40.65697857 39.78276067],
2023-12-08 17:11:02.942233 Time: 22.381
2023-12-08 17:11:25.201593 Episodes 4000:, 
2023-12-08 17:11:25.201673 Total steps 200000/500000, 
2023-12-08 17:11:25.201897 Evaluation Reward: [42.67385304 40.83960279],
2023-12-08 17:11:25.201937 Time: 22.249
2023-12-08 17:11:47.507224 Episodes 4200:, 
2023-12-08 17:11:47.507317 Total steps 210000/500000, 
2023-12-08 17:11:47.507595 Evaluation Reward: [37.57850326 38.95380061],
2023-12-08 17:11:47.507652 Time: 22.294
2023-12-08 17:12:09.757776 Episodes 4400:, 
2023-12-08 17:12:09.757843 Total steps 220000/500000, 
2023-12-08 17:12:09.758037 Evaluation Reward: [39.82630324 39.0537416 ],
2023-12-08 17:12:09.758076 Time: 22.145
2023-12-08 17:12:31.794669 Episodes 4600:, 
2023-12-08 17:12:31.794747 Total steps 230000/500000, 
2023-12-08 17:12:31.794982 Evaluation Reward: [41.06747624 37.46342018],
2023-12-08 17:12:31.795028 Time: 22.024
2023-12-08 17:12:54.435230 Episodes 4800:, 
2023-12-08 17:12:54.435305 Total steps 240000/500000, 
2023-12-08 17:12:54.435516 Evaluation Reward: [40.73688679 42.52430271],
2023-12-08 17:12:54.435557 Time: 22.625
2023-12-08 17:13:16.691711 Episodes 5000:, 
2023-12-08 17:13:16.691780 Total steps 250000/500000, 
2023-12-08 17:13:16.691998 Evaluation Reward: [40.48374626 38.91522542],
2023-12-08 17:13:16.692038 Time: 22.243
2023-12-08 17:13:39.126877 Episodes 5200:, 
2023-12-08 17:13:39.126944 Total steps 260000/500000, 
2023-12-08 17:13:39.127151 Evaluation Reward: [41.35828968 41.19071684],
2023-12-08 17:13:39.127191 Time: 22.421
2023-12-08 17:14:01.481230 Episodes 5400:, 
2023-12-08 17:14:01.481474 Total steps 270000/500000, 
2023-12-08 17:14:01.481717 Evaluation Reward: [41.12431197 40.6503173 ],
2023-12-08 17:14:01.481770 Time: 22.338
2023-12-08 17:14:23.925665 Episodes 5600:, 
2023-12-08 17:14:23.925744 Total steps 280000/500000, 
2023-12-08 17:14:23.925944 Evaluation Reward: [43.20118011 38.034793  ],
2023-12-08 17:14:23.925989 Time: 22.425
2023-12-08 17:14:45.809643 Episodes 5800:, 
2023-12-08 17:14:45.809716 Total steps 290000/500000, 
2023-12-08 17:14:45.809920 Evaluation Reward: [40.55088864 39.16148196],
2023-12-08 17:14:45.809958 Time: 21.868
2023-12-08 17:15:07.962847 Episodes 6000:, 
2023-12-08 17:15:07.962917 Total steps 300000/500000, 
2023-12-08 17:15:07.963133 Evaluation Reward: [40.38994224 38.2385226 ],
2023-12-08 17:15:07.963173 Time: 22.058
2023-12-08 17:15:30.379036 Episodes 6200:, 
2023-12-08 17:15:30.379110 Total steps 310000/500000, 
2023-12-08 17:15:30.379331 Evaluation Reward: [40.50464751 40.00079754],
2023-12-08 17:15:30.379374 Time: 22.399
2023-12-08 17:15:52.601730 Episodes 6400:, 
2023-12-08 17:15:52.601807 Total steps 320000/500000, 
2023-12-08 17:15:52.602008 Evaluation Reward: [40.89796697 38.95102067],
2023-12-08 17:15:52.602050 Time: 22.205
2023-12-08 17:16:14.957089 Episodes 6600:, 
2023-12-08 17:16:14.957169 Total steps 330000/500000, 
2023-12-08 17:16:14.957377 Evaluation Reward: [38.87204253 39.13166512],
2023-12-08 17:16:14.957418 Time: 22.338
2023-12-08 17:16:36.975874 Episodes 6800:, 
2023-12-08 17:16:36.975939 Total steps 340000/500000, 
2023-12-08 17:16:36.976145 Evaluation Reward: [39.27869767 37.30796293],
2023-12-08 17:16:36.976184 Time: 22.0
2023-12-08 17:16:59.521606 Episodes 7000:, 
2023-12-08 17:16:59.521696 Total steps 350000/500000, 
2023-12-08 17:16:59.521916 Evaluation Reward: [39.19314809 41.67166833],
2023-12-08 17:16:59.521961 Time: 22.527
2023-12-08 17:17:21.512348 Episodes 7200:, 
2023-12-08 17:17:21.512414 Total steps 360000/500000, 
2023-12-08 17:17:21.512616 Evaluation Reward: [40.02356043 41.95419705],
2023-12-08 17:17:21.512661 Time: 21.971
2023-12-08 17:17:43.455908 Episodes 7400:, 
2023-12-08 17:17:43.455988 Total steps 370000/500000, 
2023-12-08 17:17:43.456211 Evaluation Reward: [39.49415667 41.41303857],
2023-12-08 17:17:43.456255 Time: 21.921
2023-12-08 17:18:05.801999 Episodes 7600:, 
2023-12-08 17:18:05.802077 Total steps 380000/500000, 
2023-12-08 17:18:05.802371 Evaluation Reward: [42.1188204  39.32460216],
2023-12-08 17:18:05.802426 Time: 22.245
2023-12-08 17:18:27.912883 Episodes 7800:, 
2023-12-08 17:18:27.912948 Total steps 390000/500000, 
2023-12-08 17:18:27.913161 Evaluation Reward: [42.60707725 40.77121311],
2023-12-08 17:18:27.913203 Time: 22.083
2023-12-08 17:18:49.842303 Episodes 8000:, 
2023-12-08 17:18:49.842370 Total steps 400000/500000, 
2023-12-08 17:18:49.842579 Evaluation Reward: [42.09993733 39.59200787],
2023-12-08 17:18:49.842618 Time: 21.904
2023-12-08 17:19:12.070545 Episodes 8200:, 
2023-12-08 17:19:12.070630 Total steps 410000/500000, 
2023-12-08 17:19:12.070916 Evaluation Reward: [42.08460975 38.25874339],
2023-12-08 17:19:12.070977 Time: 22.206
2023-12-08 17:19:34.089886 Episodes 8400:, 
2023-12-08 17:19:34.089960 Total steps 420000/500000, 
2023-12-08 17:19:34.090209 Evaluation Reward: [39.62327465 37.77125098],
2023-12-08 17:19:34.090249 Time: 21.993
2023-12-08 17:19:55.979241 Episodes 8600:, 
2023-12-08 17:19:55.979330 Total steps 430000/500000, 
2023-12-08 17:19:55.979537 Evaluation Reward: [41.10608283 40.68088892],
2023-12-08 17:19:55.979582 Time: 21.866
2023-12-08 17:20:17.793946 Episodes 8800:, 
2023-12-08 17:20:17.794014 Total steps 440000/500000, 
2023-12-08 17:20:17.794218 Evaluation Reward: [37.77442342 38.77196491],
2023-12-08 17:20:17.794260 Time: 21.792
2023-12-08 17:20:39.415467 Episodes 9000:, 
2023-12-08 17:20:39.415540 Total steps 450000/500000, 
2023-12-08 17:20:39.415781 Evaluation Reward: [41.54902153 40.03033484],
2023-12-08 17:20:39.415836 Time: 21.597
2023-12-08 17:21:00.834382 Episodes 9200:, 
2023-12-08 17:21:00.834464 Total steps 460000/500000, 
2023-12-08 17:21:00.834671 Evaluation Reward: [42.17348561 41.12369995],
2023-12-08 17:21:00.834714 Time: 21.394
2023-12-08 17:21:22.640296 Episodes 9400:, 
2023-12-08 17:21:22.640363 Total steps 470000/500000, 
2023-12-08 17:21:22.640570 Evaluation Reward: [40.46309539 38.96384022],
2023-12-08 17:21:22.640610 Time: 21.776
2023-12-08 17:21:43.999535 Episodes 9600:, 
2023-12-08 17:21:43.999604 Total steps 480000/500000, 
2023-12-08 17:21:43.999815 Evaluation Reward: [42.30234504 40.17260768],
2023-12-08 17:21:43.999858 Time: 21.334
2023-12-08 17:22:05.597621 Episodes 9800:, 
2023-12-08 17:22:05.597699 Total steps 490000/500000, 
2023-12-08 17:22:05.597899 Evaluation Reward: [43.03540469 40.6423212 ],
2023-12-08 17:22:05.597951 Time: 21.57
2023-12-08 17:22:27.395908 Episodes 9999:, 
2023-12-08 17:22:27.395985 Total steps 499999/500000, 
2023-12-08 17:22:27.396209 Evaluation Reward: [44.10350483 36.8451866 ],
2023-12-08 17:22:27.396253 Time: 21.759
2023-12-08 17:22:28.362547 ========================================Basic Configurations========================================
2023-12-08 17:22:28.362628 Daemon Filename: /home/Desktop/studies/q_functionals_daemon/results/final/2agent_2landmarks/maddpg_run_50-step-update_individual-reward_episode-10000_lr0001_b512_l3_n256_m500000_iter1/timestamp.log
2023-12-08 17:22:28.362650 Training Environment: q_functions_2agent_2landmarks
2023-12-08 17:22:28.362667 Functional: polynomial
2023-12-08 17:22:28.362683 rank: 2
2023-12-08 17:22:28.362698 seed: 1
2023-12-08 17:22:28.362719 learning_rate: 0.001
2023-12-08 17:22:28.362740 target_network_learning_rate: 0.005
2023-12-08 17:22:28.362755 nb_runs: 5
2023-12-08 17:22:28.362770 ma_type: maddpg
2023-12-08 17:22:28.362785 policy_type: gaussian
2023-12-08 17:22:28.362801 noise_std: 0.05
2023-12-08 17:22:28.362816 ========================================Model Configurations========================================
2023-12-08 17:22:28.362833 TD3 Trick:: False
2023-12-08 17:22:28.362848 Entropy Regularization: 0.0
2023-12-08 17:22:28.362863 ======================================Sampling Configurations=======================================
2023-12-08 17:22:28.362878 : q_functions_2agent_2landmarks
2023-12-08 17:22:28.362893 Using quantile sampling during bootstrapping:: False
2023-12-08 17:22:28.362909 Using quantile sampling during evaluation interaction: False
2023-12-08 17:22:28.362924 Using quantile sampling during training interaction:: False
2023-12-08 17:22:28.362939 Sampling Percent: 0.01
2023-12-08 17:22:28.362954 Anneal Sampling Percent: False
2023-12-08 17:22:28.362969 ===============================================Split================================================
2023-12-08 17:22:28.363790 running on CUDA...
2023-12-08 17:22:35.096895 Episodes 0:, 
2023-12-08 17:22:35.096973 Total steps 0/500000, 
2023-12-08 17:22:35.097203 Evaluation Reward: [1.11893514e+00 8.18455126e-09],
2023-12-08 17:22:35.097244 Time: 5.206
2023-12-08 17:22:56.660437 Episodes 200:, 
2023-12-08 17:22:56.660506 Total steps 10000/500000, 
2023-12-08 17:22:56.660737 Evaluation Reward: [1.82564641 0.08817094],
2023-12-08 17:22:56.660778 Time: 21.563
2023-12-08 17:23:18.783784 Episodes 400:, 
2023-12-08 17:23:18.783900 Total steps 20000/500000, 
2023-12-08 17:23:18.784214 Evaluation Reward: [0.90115916 0.31429613],
2023-12-08 17:23:18.784263 Time: 22.122
2023-12-08 17:23:40.162542 Episodes 600:, 
2023-12-08 17:23:40.162609 Total steps 30000/500000, 
2023-12-08 17:23:40.162823 Evaluation Reward: [10.93262747  1.08912314],
2023-12-08 17:23:40.162862 Time: 21.376
2023-12-08 17:24:02.404013 Episodes 800:, 
2023-12-08 17:24:02.404084 Total steps 40000/500000, 
2023-12-08 17:24:02.404284 Evaluation Reward: [5.81069383 0.07153569],
2023-12-08 17:24:02.404324 Time: 22.239
2023-12-08 17:24:23.806292 Episodes 1000:, 
2023-12-08 17:24:23.806373 Total steps 50000/500000, 
2023-12-08 17:24:23.806583 Evaluation Reward: [13.32891511  0.34700839],
2023-12-08 17:24:23.806622 Time: 21.399
2023-12-08 17:24:45.427065 Episodes 1200:, 
2023-12-08 17:24:45.427135 Total steps 60000/500000, 
2023-12-08 17:24:45.427340 Evaluation Reward: [35.44192147  6.54533129],
2023-12-08 17:24:45.427383 Time: 21.617
2023-12-08 17:25:07.004443 Episodes 1400:, 
2023-12-08 17:25:07.004510 Total steps 70000/500000, 
2023-12-08 17:25:07.004710 Evaluation Reward: [36.71771666  3.38084391],
2023-12-08 17:25:07.004750 Time: 21.573
2023-12-08 17:25:29.242148 Episodes 1600:, 
2023-12-08 17:25:29.242213 Total steps 80000/500000, 
2023-12-08 17:25:29.242457 Evaluation Reward: [34.61584059 13.46063532],
2023-12-08 17:25:29.242506 Time: 22.233
2023-12-08 17:25:51.230620 Episodes 1800:, 
2023-12-08 17:25:51.230689 Total steps 90000/500000, 
2023-12-08 17:25:51.230888 Evaluation Reward: [37.74452805 15.66471423],
2023-12-08 17:25:51.230941 Time: 21.982
2023-12-08 17:26:12.924754 Episodes 2000:, 
2023-12-08 17:26:12.924842 Total steps 100000/500000, 
2023-12-08 17:26:12.925050 Evaluation Reward: [34.03651246 25.32599367],
2023-12-08 17:26:12.925096 Time: 21.689
2023-12-08 17:26:34.694303 Episodes 2200:, 
2023-12-08 17:26:34.694402 Total steps 110000/500000, 
2023-12-08 17:26:34.694665 Evaluation Reward: [32.87906995 30.86445746],
2023-12-08 17:26:34.694722 Time: 21.763
2023-12-08 17:26:56.362570 Episodes 2400:, 
2023-12-08 17:26:56.362633 Total steps 120000/500000, 
2023-12-08 17:26:56.362847 Evaluation Reward: [36.67368544 32.88459652],
2023-12-08 17:26:56.362887 Time: 21.662
2023-12-08 17:27:17.978639 Episodes 2600:, 
2023-12-08 17:27:17.978710 Total steps 130000/500000, 
2023-12-08 17:27:17.978915 Evaluation Reward: [38.11547285 39.15554473],
2023-12-08 17:27:17.978957 Time: 21.609
2023-12-08 17:27:39.478403 Episodes 2800:, 
2023-12-08 17:27:39.478481 Total steps 140000/500000, 
2023-12-08 17:27:39.478774 Evaluation Reward: [40.730916   36.48037538],
2023-12-08 17:27:39.478838 Time: 21.493
2023-12-08 17:28:01.549173 Episodes 3000:, 
2023-12-08 17:28:01.549239 Total steps 150000/500000, 
2023-12-08 17:28:01.549442 Evaluation Reward: [34.04653137 39.40589564],
2023-12-08 17:28:01.549480 Time: 22.063
2023-12-08 17:28:23.436801 Episodes 3200:, 
2023-12-08 17:28:23.436871 Total steps 160000/500000, 
2023-12-08 17:28:23.437075 Evaluation Reward: [38.34622386 30.58489017],
2023-12-08 17:28:23.437118 Time: 21.879
2023-12-08 17:28:44.842769 Episodes 3400:, 
2023-12-08 17:28:44.842843 Total steps 170000/500000, 
2023-12-08 17:28:44.843051 Evaluation Reward: [35.38335115 27.62055161],
2023-12-08 17:28:44.843092 Time: 21.397
2023-12-08 17:29:06.511204 Episodes 3600:, 
2023-12-08 17:29:06.511272 Total steps 180000/500000, 
2023-12-08 17:29:06.511477 Evaluation Reward: [40.73316596 41.62807287],
2023-12-08 17:29:06.511518 Time: 21.659
2023-12-08 17:29:28.560853 Episodes 3800:, 
2023-12-08 17:29:28.560920 Total steps 190000/500000, 
2023-12-08 17:29:28.561126 Evaluation Reward: [39.37371708 40.52460638],
2023-12-08 17:29:28.561170 Time: 22.039
2023-12-08 17:29:50.970046 Episodes 4000:, 
2023-12-08 17:29:50.970143 Total steps 200000/500000, 
2023-12-08 17:29:50.970455 Evaluation Reward: [38.98457115 39.80141905],
2023-12-08 17:29:50.970517 Time: 22.398
2023-12-08 17:30:12.789020 Episodes 4200:, 
2023-12-08 17:30:12.789085 Total steps 210000/500000, 
2023-12-08 17:30:12.789294 Evaluation Reward: [38.96526016 36.41135808],
2023-12-08 17:30:12.789332 Time: 21.8
2023-12-08 17:30:34.479846 Episodes 4400:, 
2023-12-08 17:30:34.479964 Total steps 220000/500000, 
2023-12-08 17:30:34.480217 Evaluation Reward: [37.02943031 33.48098565],
2023-12-08 17:30:34.480256 Time: 21.675
2023-12-08 17:30:56.812867 Episodes 4600:, 
2023-12-08 17:30:56.812944 Total steps 230000/500000, 
2023-12-08 17:30:56.813157 Evaluation Reward: [37.50445897 38.03257581],
2023-12-08 17:30:56.813205 Time: 22.313
2023-12-08 17:31:20.023048 Episodes 4800:, 
2023-12-08 17:31:20.023139 Total steps 240000/500000, 
2023-12-08 17:31:20.023433 Evaluation Reward: [42.47536236 35.181484  ],
2023-12-08 17:31:20.023488 Time: 23.197
2023-12-08 17:31:43.546582 Episodes 5000:, 
2023-12-08 17:31:43.546648 Total steps 250000/500000, 
2023-12-08 17:31:43.546865 Evaluation Reward: [38.63553906 36.69054311],
2023-12-08 17:31:43.546905 Time: 23.503
2023-12-08 17:32:06.619671 Episodes 5200:, 
2023-12-08 17:32:06.619740 Total steps 260000/500000, 
2023-12-08 17:32:06.619953 Evaluation Reward: [37.20623063 37.66496172],
2023-12-08 17:32:06.619999 Time: 23.059
2023-12-08 17:32:29.395391 Episodes 5400:, 
2023-12-08 17:32:29.395462 Total steps 270000/500000, 
2023-12-08 17:32:29.395664 Evaluation Reward: [38.95014405 37.10028877],
2023-12-08 17:32:29.395702 Time: 22.755
2023-12-08 17:32:52.047744 Episodes 5600:, 
2023-12-08 17:32:52.047811 Total steps 280000/500000, 
2023-12-08 17:32:52.048045 Evaluation Reward: [39.57454957 41.85827666],
2023-12-08 17:32:52.048086 Time: 22.638
2023-12-08 17:33:14.830524 Episodes 5800:, 
2023-12-08 17:33:14.830597 Total steps 290000/500000, 
2023-12-08 17:33:14.830807 Evaluation Reward: [41.28477004 40.87499812],
2023-12-08 17:33:14.830849 Time: 22.767
2023-12-08 17:33:38.121518 Episodes 6000:, 
2023-12-08 17:33:38.121588 Total steps 300000/500000, 
2023-12-08 17:33:38.121798 Evaluation Reward: [36.41590791 41.58330493],
2023-12-08 17:33:38.121840 Time: 23.274
2023-12-08 17:34:00.854064 Episodes 6200:, 
2023-12-08 17:34:00.854142 Total steps 310000/500000, 
2023-12-08 17:34:00.854363 Evaluation Reward: [34.47039078 31.3067018 ],
2023-12-08 17:34:00.854405 Time: 22.715
2023-12-08 17:34:23.197614 Episodes 6400:, 
2023-12-08 17:34:23.197690 Total steps 320000/500000, 
2023-12-08 17:34:23.197997 Evaluation Reward: [39.16759701 38.25326524],
2023-12-08 17:34:23.198065 Time: 22.323
2023-12-08 17:34:45.514171 Episodes 6600:, 
2023-12-08 17:34:45.514249 Total steps 330000/500000, 
2023-12-08 17:34:45.514456 Evaluation Reward: [40.3688538 39.28534  ],
2023-12-08 17:34:45.514506 Time: 22.292
2023-12-08 17:35:07.987528 Episodes 6800:, 
2023-12-08 17:35:07.987602 Total steps 340000/500000, 
2023-12-08 17:35:07.987820 Evaluation Reward: [37.36830804 38.45486622],
2023-12-08 17:35:07.987861 Time: 22.455
2023-12-08 17:35:30.583319 Episodes 7000:, 
2023-12-08 17:35:30.583398 Total steps 350000/500000, 
2023-12-08 17:35:30.583610 Evaluation Reward: [40.06329086 33.53917431],
2023-12-08 17:35:30.583648 Time: 22.568
2023-12-08 17:35:53.156393 Episodes 7200:, 
2023-12-08 17:35:53.156460 Total steps 360000/500000, 
2023-12-08 17:35:53.156670 Evaluation Reward: [38.46304289 39.63361413],
2023-12-08 17:35:53.156714 Time: 22.553
2023-12-08 17:36:15.928867 Episodes 7400:, 
2023-12-08 17:36:15.928956 Total steps 370000/500000, 
2023-12-08 17:36:15.929173 Evaluation Reward: [37.79418227 35.24469532],
2023-12-08 17:36:15.929214 Time: 22.752
2023-12-08 17:36:38.521315 Episodes 7600:, 
2023-12-08 17:36:38.521380 Total steps 380000/500000, 
2023-12-08 17:36:38.521595 Evaluation Reward: [41.83881405 33.22695649],
2023-12-08 17:36:38.521639 Time: 22.571
2023-12-08 17:37:00.383518 Episodes 7800:, 
2023-12-08 17:37:00.383586 Total steps 390000/500000, 
2023-12-08 17:37:00.383799 Evaluation Reward: [38.8453592  40.81091606],
2023-12-08 17:37:00.383842 Time: 21.843
2023-12-08 17:37:22.620443 Episodes 8000:, 
2023-12-08 17:37:22.620511 Total steps 400000/500000, 
2023-12-08 17:37:22.620736 Evaluation Reward: [29.60590631 38.16262405],
2023-12-08 17:37:22.620781 Time: 22.215
2023-12-08 17:37:44.561584 Episodes 8200:, 
2023-12-08 17:37:44.561655 Total steps 410000/500000, 
2023-12-08 17:37:44.561912 Evaluation Reward: [38.96643617 34.64161932],
2023-12-08 17:37:44.561955 Time: 21.918
2023-12-08 17:38:06.214279 Episodes 8400:, 
2023-12-08 17:38:06.214345 Total steps 420000/500000, 
2023-12-08 17:38:06.214541 Evaluation Reward: [37.13802849 38.52653871],
2023-12-08 17:38:06.214581 Time: 21.628
2023-12-08 17:38:28.255417 Episodes 8600:, 
2023-12-08 17:38:28.255487 Total steps 430000/500000, 
2023-12-08 17:38:28.255703 Evaluation Reward: [42.84097861 36.51811454],
2023-12-08 17:38:28.255746 Time: 22.015
2023-12-08 17:38:50.468709 Episodes 8800:, 
2023-12-08 17:38:50.468784 Total steps 440000/500000, 
2023-12-08 17:38:50.469004 Evaluation Reward: [40.87512236 39.64038064],
2023-12-08 17:38:50.469047 Time: 22.187
2023-12-08 17:39:12.888908 Episodes 9000:, 
2023-12-08 17:39:12.888992 Total steps 450000/500000, 
2023-12-08 17:39:12.889219 Evaluation Reward: [37.83039963 35.47728584],
2023-12-08 17:39:12.889266 Time: 22.394
2023-12-08 17:39:35.200428 Episodes 9200:, 
2023-12-08 17:39:35.200501 Total steps 460000/500000, 
2023-12-08 17:39:35.200734 Evaluation Reward: [29.5669259  40.40097665],
2023-12-08 17:39:35.200774 Time: 22.286
2023-12-08 17:39:56.887032 Episodes 9400:, 
2023-12-08 17:39:56.887117 Total steps 470000/500000, 
2023-12-08 17:39:56.887402 Evaluation Reward: [34.09719177 37.39996102],
2023-12-08 17:39:56.887459 Time: 21.66
2023-12-08 17:40:19.181374 Episodes 9600:, 
2023-12-08 17:40:19.181441 Total steps 480000/500000, 
2023-12-08 17:40:19.181677 Evaluation Reward: [33.0902336  40.59286558],
2023-12-08 17:40:19.181722 Time: 22.267
2023-12-08 17:40:40.779067 Episodes 9800:, 
2023-12-08 17:40:40.779141 Total steps 490000/500000, 
2023-12-08 17:40:40.779358 Evaluation Reward: [21.45261096 41.0510813 ],
2023-12-08 17:40:40.779400 Time: 21.571
2023-12-08 17:41:02.400265 Episodes 9999:, 
2023-12-08 17:41:02.400333 Total steps 499999/500000, 
2023-12-08 17:41:02.400535 Evaluation Reward: [25.27542656 38.34454239],
2023-12-08 17:41:02.400577 Time: 21.594
2023-12-08 17:41:03.480910 ========================================Basic Configurations========================================
2023-12-08 17:41:03.481130 Daemon Filename: /home/Desktop/studies/q_functionals_daemon/results/final/2agent_2landmarks/maddpg_run_50-step-update_individual-reward_episode-10000_lr0001_b512_l3_n256_m500000_iter1/timestamp.log
2023-12-08 17:41:03.481409 Training Environment: q_functions_2agent_2landmarks
2023-12-08 17:41:03.481452 Functional: polynomial
2023-12-08 17:41:03.481483 rank: 2
2023-12-08 17:41:03.481511 seed: 2
2023-12-08 17:41:03.481545 learning_rate: 0.001
2023-12-08 17:41:03.481574 target_network_learning_rate: 0.005
2023-12-08 17:41:03.481602 nb_runs: 5
2023-12-08 17:41:03.481628 ma_type: maddpg
2023-12-08 17:41:03.481653 policy_type: gaussian
2023-12-08 17:41:03.481679 noise_std: 0.05
2023-12-08 17:41:03.481707 ========================================Model Configurations========================================
2023-12-08 17:41:03.481736 TD3 Trick:: False
2023-12-08 17:41:03.481764 Entropy Regularization: 0.0
2023-12-08 17:41:03.481790 ======================================Sampling Configurations=======================================
2023-12-08 17:41:03.481816 : q_functions_2agent_2landmarks
2023-12-08 17:41:03.481843 Using quantile sampling during bootstrapping:: False
2023-12-08 17:41:03.481869 Using quantile sampling during evaluation interaction: False
2023-12-08 17:41:03.481896 Using quantile sampling during training interaction:: False
2023-12-08 17:41:03.481922 Sampling Percent: 0.01
2023-12-08 17:41:03.481948 Anneal Sampling Percent: False
2023-12-08 17:41:03.481972 ===============================================Split================================================
2023-12-08 17:41:03.483356 running on CUDA...
2023-12-08 17:41:11.025108 Episodes 0:, 
2023-12-08 17:41:11.025178 Total steps 0/500000, 
2023-12-08 17:41:11.025410 Evaluation Reward: [1.37521271e-09 7.67463123e-03],
2023-12-08 17:41:11.025448 Time: 5.774
2023-12-08 17:41:32.686518 Episodes 200:, 
2023-12-08 17:41:32.686595 Total steps 10000/500000, 
2023-12-08 17:41:32.686803 Evaluation Reward: [0.83505019 0.18762828],
2023-12-08 17:41:32.686840 Time: 21.661
2023-12-08 17:41:54.829625 Episodes 400:, 
2023-12-08 17:41:54.829694 Total steps 20000/500000, 
2023-12-08 17:41:54.829911 Evaluation Reward: [0.33433973 0.349998  ],
2023-12-08 17:41:54.829955 Time: 22.142
2023-12-08 17:42:17.043822 Episodes 600:, 
2023-12-08 17:42:17.043906 Total steps 30000/500000, 
2023-12-08 17:42:17.044129 Evaluation Reward: [2.39816897 4.15020611],
2023-12-08 17:42:17.044173 Time: 22.212
2023-12-08 17:42:39.391677 Episodes 800:, 
2023-12-08 17:42:39.391760 Total steps 40000/500000, 
2023-12-08 17:42:39.391986 Evaluation Reward: [14.90077402 18.71100039],
2023-12-08 17:42:39.392042 Time: 22.345
2023-12-08 17:43:01.795311 Episodes 1000:, 
2023-12-08 17:43:01.795382 Total steps 50000/500000, 
2023-12-08 17:43:01.795596 Evaluation Reward: [32.69547448 40.40627997],
2023-12-08 17:43:01.795642 Time: 22.4
2023-12-08 17:43:35.527328 Episodes 1200:, 
2023-12-08 17:43:35.527421 Total steps 60000/500000, 
2023-12-08 17:43:35.527772 Evaluation Reward: [37.31998373 38.57863504],
2023-12-08 17:43:35.527834 Time: 33.729
2023-12-08 17:44:06.752087 Episodes 1400:, 
2023-12-08 17:44:06.752152 Total steps 70000/500000, 
2023-12-08 17:44:06.752412 Evaluation Reward: [36.473976   39.34987651],
2023-12-08 17:44:06.752460 Time: 31.217
2023-12-08 17:44:33.531020 Episodes 1600:, 
2023-12-08 17:44:33.531117 Total steps 80000/500000, 
2023-12-08 17:44:33.531365 Evaluation Reward: [41.31118512 41.14964552],
2023-12-08 17:44:33.531412 Time: 26.774
2023-12-08 17:45:07.950111 Episodes 1800:, 
2023-12-08 17:45:07.950210 Total steps 90000/500000, 
2023-12-08 17:45:07.950604 Evaluation Reward: [41.48106806 41.20285816],
2023-12-08 17:45:07.950678 Time: 34.414
2023-12-08 17:45:42.361045 Episodes 2000:, 
2023-12-08 17:45:42.361234 Total steps 100000/500000, 
2023-12-08 17:45:42.361538 Evaluation Reward: [38.99359067 41.31089149],
2023-12-08 17:45:42.361586 Time: 34.399
2023-12-08 17:46:07.457987 Episodes 2200:, 
2023-12-08 17:46:07.458054 Total steps 110000/500000, 
2023-12-08 17:46:07.458273 Evaluation Reward: [42.03088745 40.83015031],
2023-12-08 17:46:07.458315 Time: 25.09
2023-12-08 17:46:29.446841 Episodes 2400:, 
2023-12-08 17:46:29.446905 Total steps 120000/500000, 
2023-12-08 17:46:29.447150 Evaluation Reward: [37.3546621  39.90878869],
2023-12-08 17:46:29.447198 Time: 21.982
2023-12-08 17:46:56.155182 Episodes 2600:, 
2023-12-08 17:46:56.155262 Total steps 130000/500000, 
2023-12-08 17:46:56.155484 Evaluation Reward: [42.68111679 40.29997679],
2023-12-08 17:46:56.155528 Time: 26.699
2023-12-08 17:47:29.501479 Episodes 2800:, 
2023-12-08 17:47:29.501590 Total steps 140000/500000, 
2023-12-08 17:47:29.501986 Evaluation Reward: [38.39443926 38.84543514],
2023-12-08 17:47:29.502070 Time: 33.338
2023-12-08 17:47:58.643791 Episodes 3000:, 
2023-12-08 17:47:58.643852 Total steps 150000/500000, 
2023-12-08 17:47:58.644091 Evaluation Reward: [39.02543852 42.31417569],
2023-12-08 17:47:58.644132 Time: 29.124
2023-12-08 17:48:21.509539 Episodes 3200:, 
2023-12-08 17:48:21.509615 Total steps 160000/500000, 
2023-12-08 17:48:21.509841 Evaluation Reward: [38.13067212 40.18015206],
2023-12-08 17:48:21.509892 Time: 22.857
2023-12-08 17:48:43.958704 Episodes 3400:, 
2023-12-08 17:48:43.958779 Total steps 170000/500000, 
2023-12-08 17:48:43.958984 Evaluation Reward: [41.87585681 41.57014888],
2023-12-08 17:48:43.959023 Time: 22.435
2023-12-08 17:49:05.974114 Episodes 3600:, 
2023-12-08 17:49:05.974181 Total steps 180000/500000, 
2023-12-08 17:49:05.974394 Evaluation Reward: [43.29798104 42.61797099],
2023-12-08 17:49:05.974436 Time: 22.001
2023-12-08 17:49:27.442636 Episodes 3800:, 
2023-12-08 17:49:27.442703 Total steps 190000/500000, 
2023-12-08 17:49:27.442919 Evaluation Reward: [40.45984123 39.12007557],
2023-12-08 17:49:27.442971 Time: 21.459
2023-12-08 17:49:49.698698 Episodes 4000:, 
2023-12-08 17:49:49.698766 Total steps 200000/500000, 
2023-12-08 17:49:49.698970 Evaluation Reward: [40.95443664 40.88755527],
2023-12-08 17:49:49.699011 Time: 22.243
2023-12-08 17:50:12.303628 Episodes 4200:, 
2023-12-08 17:50:12.303695 Total steps 210000/500000, 
2023-12-08 17:50:12.303903 Evaluation Reward: [39.45531467 44.21205721],
2023-12-08 17:50:12.303945 Time: 22.594
2023-12-08 17:50:34.338373 Episodes 4400:, 
2023-12-08 17:50:34.338476 Total steps 220000/500000, 
2023-12-08 17:50:34.338778 Evaluation Reward: [42.55787651 40.14506584],
2023-12-08 17:50:34.338847 Time: 22.023
2023-12-08 17:50:55.638426 Episodes 4600:, 
2023-12-08 17:50:55.638501 Total steps 230000/500000, 
2023-12-08 17:50:55.638728 Evaluation Reward: [40.26678621 41.15348104],
2023-12-08 17:50:55.638773 Time: 21.281
2023-12-08 17:51:17.669259 Episodes 4800:, 
2023-12-08 17:51:17.669346 Total steps 240000/500000, 
2023-12-08 17:51:17.669586 Evaluation Reward: [39.55955084 40.04091926],
2023-12-08 17:51:17.669627 Time: 22.018
2023-12-08 17:51:39.480029 Episodes 5000:, 
2023-12-08 17:51:39.480096 Total steps 250000/500000, 
2023-12-08 17:51:39.480320 Evaluation Reward: [40.90300766 38.90503398],
2023-12-08 17:51:39.480362 Time: 21.797
2023-12-08 17:52:01.421531 Episodes 5200:, 
2023-12-08 17:52:01.421613 Total steps 260000/500000, 
2023-12-08 17:52:01.421819 Evaluation Reward: [38.10842171 36.00168962],
2023-12-08 17:52:01.421869 Time: 21.921
2023-12-08 17:52:23.542839 Episodes 5400:, 
2023-12-08 17:52:23.542922 Total steps 270000/500000, 
2023-12-08 17:52:23.543146 Evaluation Reward: [39.50202007 37.4943636 ],
2023-12-08 17:52:23.543198 Time: 22.107
2023-12-08 17:52:45.615392 Episodes 5600:, 
2023-12-08 17:52:45.615470 Total steps 280000/500000, 
2023-12-08 17:52:45.615705 Evaluation Reward: [40.73175697 37.91154524],
2023-12-08 17:52:45.615748 Time: 22.058
2023-12-08 17:53:08.164510 Episodes 5800:, 
2023-12-08 17:53:08.164577 Total steps 290000/500000, 
2023-12-08 17:53:08.164774 Evaluation Reward: [39.79612504 41.38979231],
2023-12-08 17:53:08.164814 Time: 22.533
2023-12-08 17:53:29.923678 Episodes 6000:, 
2023-12-08 17:53:29.923750 Total steps 300000/500000, 
2023-12-08 17:53:29.923991 Evaluation Reward: [38.35778085 36.92627566],
2023-12-08 17:53:29.924033 Time: 21.741
2023-12-08 17:53:53.166306 Episodes 6200:, 
2023-12-08 17:53:53.166368 Total steps 310000/500000, 
2023-12-08 17:53:53.166567 Evaluation Reward: [40.09331567 39.84534594],
2023-12-08 17:53:53.166605 Time: 23.226
2023-12-08 17:54:15.303836 Episodes 6400:, 
2023-12-08 17:54:15.303930 Total steps 320000/500000, 
2023-12-08 17:54:15.304166 Evaluation Reward: [38.63653314 40.24158573],
2023-12-08 17:54:15.304205 Time: 22.12
2023-12-08 17:54:38.139365 Episodes 6600:, 
2023-12-08 17:54:38.139480 Total steps 330000/500000, 
2023-12-08 17:54:38.139805 Evaluation Reward: [42.27227007 41.3813138 ],
2023-12-08 17:54:38.139890 Time: 22.817
2023-12-08 17:55:02.830980 Episodes 6800:, 
2023-12-08 17:55:02.831062 Total steps 340000/500000, 
2023-12-08 17:55:02.831290 Evaluation Reward: [41.35871784 40.0059563 ],
2023-12-08 17:55:02.831332 Time: 24.65
2023-12-08 17:55:25.481791 Episodes 7000:, 
2023-12-08 17:55:25.481858 Total steps 350000/500000, 
2023-12-08 17:55:25.482083 Evaluation Reward: [42.04176897 40.02968555],
2023-12-08 17:55:25.482130 Time: 22.627
2023-12-08 17:55:48.470196 Episodes 7200:, 
2023-12-08 17:55:48.470264 Total steps 360000/500000, 
2023-12-08 17:55:48.470468 Evaluation Reward: [40.2084929  41.13807761],
2023-12-08 17:55:48.470513 Time: 22.965
2023-12-08 17:56:13.757341 Episodes 7400:, 
2023-12-08 17:56:13.757417 Total steps 370000/500000, 
2023-12-08 17:56:13.757664 Evaluation Reward: [37.81773961 39.89726662],
2023-12-08 17:56:13.757710 Time: 25.268
2023-12-08 17:56:36.613047 Episodes 7600:, 
2023-12-08 17:56:36.613122 Total steps 380000/500000, 
2023-12-08 17:56:36.613352 Evaluation Reward: [40.76311701 38.25262615],
2023-12-08 17:56:36.613407 Time: 22.834
2023-12-08 17:57:00.441546 Episodes 7800:, 
2023-12-08 17:57:00.441622 Total steps 390000/500000, 
2023-12-08 17:57:00.441834 Evaluation Reward: [40.34886778 40.45876366],
2023-12-08 17:57:00.441873 Time: 23.806
2023-12-08 17:57:25.285130 Episodes 8000:, 
2023-12-08 17:57:25.285199 Total steps 400000/500000, 
2023-12-08 17:57:25.285410 Evaluation Reward: [41.26916923 39.90709058],
2023-12-08 17:57:25.285453 Time: 24.822
2023-12-08 17:57:48.593767 Episodes 8200:, 
2023-12-08 17:57:48.593843 Total steps 410000/500000, 
2023-12-08 17:57:48.594067 Evaluation Reward: [40.47369368 41.56584967],
2023-12-08 17:57:48.594111 Time: 23.286
2023-12-08 17:58:13.170141 Episodes 8400:, 
2023-12-08 17:58:13.170211 Total steps 420000/500000, 
2023-12-08 17:58:13.170411 Evaluation Reward: [40.56090284 40.73516556],
2023-12-08 17:58:13.170454 Time: 24.549
2023-12-08 17:58:35.249825 Episodes 8600:, 
2023-12-08 17:58:35.249899 Total steps 430000/500000, 
2023-12-08 17:58:35.250188 Evaluation Reward: [42.08218255 41.31205066],
2023-12-08 17:58:35.250244 Time: 22.057
2023-12-08 17:58:57.339774 Episodes 8800:, 
2023-12-08 17:58:57.339847 Total steps 440000/500000, 
2023-12-08 17:58:57.340097 Evaluation Reward: [40.04466226 40.44671683],
2023-12-08 17:58:57.340152 Time: 22.056
2023-12-08 17:59:19.496566 Episodes 9000:, 
2023-12-08 17:59:19.496634 Total steps 450000/500000, 
2023-12-08 17:59:19.496863 Evaluation Reward: [40.12943468 41.48790551],
2023-12-08 17:59:19.496918 Time: 22.024
2023-12-08 17:59:42.375855 Episodes 9200:, 
2023-12-08 17:59:42.375934 Total steps 460000/500000, 
2023-12-08 17:59:42.376164 Evaluation Reward: [38.998827   39.56737344],
2023-12-08 17:59:42.376207 Time: 22.855
2023-12-08 18:00:06.353653 Episodes 9400:, 
2023-12-08 18:00:06.353723 Total steps 470000/500000, 
2023-12-08 18:00:06.353938 Evaluation Reward: [37.85501362 39.54688117],
2023-12-08 18:00:06.353981 Time: 23.949
2023-12-08 18:00:30.529753 Episodes 9600:, 
2023-12-08 18:00:30.529825 Total steps 480000/500000, 
2023-12-08 18:00:30.530055 Evaluation Reward: [40.6661598  37.41883492],
2023-12-08 18:00:30.530094 Time: 24.15
2023-12-08 18:00:55.308308 Episodes 9800:, 
2023-12-08 18:00:55.308379 Total steps 490000/500000, 
2023-12-08 18:00:55.308583 Evaluation Reward: [40.3942879  39.03447738],
2023-12-08 18:00:55.308627 Time: 24.753
2023-12-08 18:01:20.005035 Episodes 9999:, 
2023-12-08 18:01:20.005101 Total steps 499999/500000, 
2023-12-08 18:01:20.005312 Evaluation Reward: [39.48513926 41.1460046 ],
2023-12-08 18:01:20.005352 Time: 24.67
2023-12-08 18:01:21.226104 ========================================Basic Configurations========================================
2023-12-08 18:01:21.226196 Daemon Filename: /home/Desktop/studies/q_functionals_daemon/results/final/2agent_2landmarks/maddpg_run_50-step-update_individual-reward_episode-10000_lr0001_b512_l3_n256_m500000_iter1/timestamp.log
2023-12-08 18:01:21.226224 Training Environment: q_functions_2agent_2landmarks
2023-12-08 18:01:21.226255 Functional: polynomial
2023-12-08 18:01:21.226282 rank: 2
2023-12-08 18:01:21.226302 seed: 3
2023-12-08 18:01:21.226322 learning_rate: 0.001
2023-12-08 18:01:21.226338 target_network_learning_rate: 0.005
2023-12-08 18:01:21.226353 nb_runs: 5
2023-12-08 18:01:21.226368 ma_type: maddpg
2023-12-08 18:01:21.226383 policy_type: gaussian
2023-12-08 18:01:21.226398 noise_std: 0.05
2023-12-08 18:01:21.226414 ========================================Model Configurations========================================
2023-12-08 18:01:21.226430 TD3 Trick:: False
2023-12-08 18:01:21.226445 Entropy Regularization: 0.0
2023-12-08 18:01:21.226460 ======================================Sampling Configurations=======================================
2023-12-08 18:01:21.226475 : q_functions_2agent_2landmarks
2023-12-08 18:01:21.226490 Using quantile sampling during bootstrapping:: False
2023-12-08 18:01:21.226505 Using quantile sampling during evaluation interaction: False
2023-12-08 18:01:21.226521 Using quantile sampling during training interaction:: False
2023-12-08 18:01:21.226536 Sampling Percent: 0.01
2023-12-08 18:01:21.226551 Anneal Sampling Percent: False
2023-12-08 18:01:21.226565 ===============================================Split================================================
2023-12-08 18:01:21.227612 running on CUDA...
2023-12-08 18:01:29.945669 Episodes 0:, 
2023-12-08 18:01:29.945744 Total steps 0/500000, 
2023-12-08 18:01:29.945991 Evaluation Reward: [6.04941489e-06 1.13532184e-05],
2023-12-08 18:01:29.946035 Time: 6.327
2023-12-08 18:01:55.297529 Episodes 200:, 
2023-12-08 18:01:55.297608 Total steps 10000/500000, 
2023-12-08 18:01:55.297839 Evaluation Reward: [1.0163603  2.47396398],
2023-12-08 18:01:55.297889 Time: 25.352
2023-12-08 18:02:19.554958 Episodes 400:, 
2023-12-08 18:02:19.555049 Total steps 20000/500000, 
2023-12-08 18:02:19.555358 Evaluation Reward: [0.25877018 0.97687489],
2023-12-08 18:02:19.555417 Time: 24.256
2023-12-08 18:02:43.248218 Episodes 600:, 
2023-12-08 18:02:43.248284 Total steps 30000/500000, 
2023-12-08 18:02:43.248478 Evaluation Reward: [1.55953902 0.73054965],
2023-12-08 18:02:43.248515 Time: 23.69
2023-12-08 18:03:06.596465 Episodes 800:, 
2023-12-08 18:03:06.596529 Total steps 40000/500000, 
2023-12-08 18:03:06.596756 Evaluation Reward: [8.89742479 1.89158372],
2023-12-08 18:03:06.596809 Time: 23.346
2023-12-08 18:03:29.981256 Episodes 1000:, 
2023-12-08 18:03:29.981328 Total steps 50000/500000, 
2023-12-08 18:03:29.981541 Evaluation Reward: [22.89988443  4.71008799],
2023-12-08 18:03:29.981592 Time: 23.382
2023-12-08 18:03:53.333768 Episodes 1200:, 
2023-12-08 18:03:53.333837 Total steps 60000/500000, 
2023-12-08 18:03:53.334053 Evaluation Reward: [39.84292596 34.25234749],
2023-12-08 18:03:53.334099 Time: 23.349
2023-12-08 18:04:17.648427 Episodes 1400:, 
2023-12-08 18:04:17.648497 Total steps 70000/500000, 
2023-12-08 18:04:17.648720 Evaluation Reward: [37.69943665 38.33114926],
2023-12-08 18:04:17.648763 Time: 24.31
2023-12-08 18:04:41.309966 Episodes 1600:, 
2023-12-08 18:04:41.310048 Total steps 80000/500000, 
2023-12-08 18:04:41.310275 Evaluation Reward: [39.94810824 34.20116488],
2023-12-08 18:04:41.310321 Time: 23.656
2023-12-08 18:05:03.241458 Episodes 1800:, 
2023-12-08 18:05:03.241532 Total steps 90000/500000, 
2023-12-08 18:05:03.241737 Evaluation Reward: [38.61654766 36.25612434],
2023-12-08 18:05:03.241779 Time: 21.926
2023-12-08 18:05:26.618499 Episodes 2000:, 
2023-12-08 18:05:26.618578 Total steps 100000/500000, 
2023-12-08 18:05:26.618786 Evaluation Reward: [37.36918834 37.57383004],
2023-12-08 18:05:26.618830 Time: 23.372
2023-12-08 18:05:48.831384 Episodes 2200:, 
2023-12-08 18:05:48.831453 Total steps 110000/500000, 
2023-12-08 18:05:48.831658 Evaluation Reward: [40.55794251 40.0977661 ],
2023-12-08 18:05:48.831697 Time: 22.207
2023-12-08 18:06:11.931122 Episodes 2400:, 
2023-12-08 18:06:11.931188 Total steps 120000/500000, 
2023-12-08 18:06:11.931391 Evaluation Reward: [40.41709771 37.99413244],
2023-12-08 18:06:11.931434 Time: 23.093
2023-12-08 18:06:34.055938 Episodes 2600:, 
2023-12-08 18:06:34.056014 Total steps 130000/500000, 
2023-12-08 18:06:34.056319 Evaluation Reward: [39.90262848 40.24004906],
2023-12-08 18:06:34.056370 Time: 22.118
2023-12-08 18:06:56.460964 Episodes 2800:, 
2023-12-08 18:06:56.461031 Total steps 140000/500000, 
2023-12-08 18:06:56.461236 Evaluation Reward: [42.75926058 40.89959249],
2023-12-08 18:06:56.461277 Time: 22.394
2023-12-08 18:07:20.200290 Episodes 3000:, 
2023-12-08 18:07:20.200361 Total steps 150000/500000, 
2023-12-08 18:07:20.200585 Evaluation Reward: [41.46377059 40.37424127],
2023-12-08 18:07:20.200633 Time: 23.731
2023-12-08 18:07:44.209282 Episodes 3200:, 
2023-12-08 18:07:44.209353 Total steps 160000/500000, 
2023-12-08 18:07:44.209561 Evaluation Reward: [39.21534689 39.80443569],
2023-12-08 18:07:44.209601 Time: 24.0
2023-12-08 18:08:07.351629 Episodes 3400:, 
2023-12-08 18:08:07.351704 Total steps 170000/500000, 
2023-12-08 18:08:07.351926 Evaluation Reward: [39.49238275 40.60953498],
2023-12-08 18:08:07.351969 Time: 23.133
2023-12-08 18:08:31.488645 Episodes 3600:, 
2023-12-08 18:08:31.488712 Total steps 180000/500000, 
2023-12-08 18:08:31.488940 Evaluation Reward: [42.04185037 42.47851151],
2023-12-08 18:08:31.488981 Time: 24.127
2023-12-08 18:08:54.975089 Episodes 3800:, 
2023-12-08 18:08:54.975170 Total steps 190000/500000, 
2023-12-08 18:08:54.975422 Evaluation Reward: [38.85226479 41.22502355],
2023-12-08 18:08:54.975463 Time: 23.475
2023-12-08 18:09:16.852465 Episodes 4000:, 
2023-12-08 18:09:16.852552 Total steps 200000/500000, 
2023-12-08 18:09:16.852835 Evaluation Reward: [43.2532391  41.28217103],
2023-12-08 18:09:16.852888 Time: 21.866
2023-12-08 18:09:38.958811 Episodes 4200:, 
2023-12-08 18:09:38.958879 Total steps 210000/500000, 
2023-12-08 18:09:38.959073 Evaluation Reward: [41.55368154 36.78094104],
2023-12-08 18:09:38.959116 Time: 22.093
2023-12-08 18:10:01.164656 Episodes 4400:, 
2023-12-08 18:10:01.164724 Total steps 220000/500000, 
2023-12-08 18:10:01.164989 Evaluation Reward: [36.97891961 41.78774757],
2023-12-08 18:10:01.165035 Time: 22.194
2023-12-08 18:10:23.105902 Episodes 4600:, 
2023-12-08 18:10:23.105967 Total steps 230000/500000, 
2023-12-08 18:10:23.106192 Evaluation Reward: [39.03608436 41.18986082],
2023-12-08 18:10:23.106233 Time: 21.923
2023-12-08 18:10:45.091500 Episodes 4800:, 
2023-12-08 18:10:45.091580 Total steps 240000/500000, 
2023-12-08 18:10:45.091788 Evaluation Reward: [43.00914798 42.39100946],
2023-12-08 18:10:45.091827 Time: 21.972
2023-12-08 18:11:07.486949 Episodes 5000:, 
2023-12-08 18:11:07.487029 Total steps 250000/500000, 
2023-12-08 18:11:07.487241 Evaluation Reward: [42.29071381 36.89292072],
2023-12-08 18:11:07.487286 Time: 22.381
2023-12-08 18:11:29.548651 Episodes 5200:, 
2023-12-08 18:11:29.548722 Total steps 260000/500000, 
2023-12-08 18:11:29.548932 Evaluation Reward: [41.86191414 41.94380635],
2023-12-08 18:11:29.548975 Time: 22.047
2023-12-08 18:11:51.695588 Episodes 5400:, 
2023-12-08 18:11:51.695659 Total steps 270000/500000, 
2023-12-08 18:11:51.695887 Evaluation Reward: [39.29832144 42.19943614],
2023-12-08 18:11:51.695934 Time: 22.133
2023-12-08 18:12:14.052140 Episodes 5600:, 
2023-12-08 18:12:14.052207 Total steps 280000/500000, 
2023-12-08 18:12:14.052461 Evaluation Reward: [43.43308261 43.01512811],
2023-12-08 18:12:14.052508 Time: 22.338
2023-12-08 18:12:35.982394 Episodes 5800:, 
2023-12-08 18:12:35.982462 Total steps 290000/500000, 
2023-12-08 18:12:35.982683 Evaluation Reward: [40.27720525 41.46827455],
2023-12-08 18:12:35.982723 Time: 21.911
2023-12-08 18:12:57.570245 Episodes 6000:, 
2023-12-08 18:12:57.570318 Total steps 300000/500000, 
2023-12-08 18:12:57.570548 Evaluation Reward: [40.06144436 39.28241118],
2023-12-08 18:12:57.570592 Time: 21.572
2023-12-08 18:13:19.687185 Episodes 6200:, 
2023-12-08 18:13:19.687250 Total steps 310000/500000, 
2023-12-08 18:13:19.687478 Evaluation Reward: [41.24996248 40.83203718],
2023-12-08 18:13:19.687522 Time: 22.099
2023-12-08 18:13:46.031419 Episodes 6400:, 
2023-12-08 18:13:46.031560 Total steps 320000/500000, 
2023-12-08 18:13:46.031907 Evaluation Reward: [39.03902692 39.20620874],
2023-12-08 18:13:46.031968 Time: 26.327
2023-12-08 18:14:09.353341 Episodes 6600:, 
2023-12-08 18:14:09.353411 Total steps 330000/500000, 
2023-12-08 18:14:09.353633 Evaluation Reward: [38.31174972 35.51427525],
2023-12-08 18:14:09.353688 Time: 23.289
2023-12-08 18:14:31.367493 Episodes 6800:, 
2023-12-08 18:14:31.367557 Total steps 340000/500000, 
2023-12-08 18:14:31.367778 Evaluation Reward: [40.69617678 39.83511061],
2023-12-08 18:14:31.367821 Time: 21.993
2023-12-08 18:14:53.221120 Episodes 7000:, 
2023-12-08 18:14:53.221185 Total steps 350000/500000, 
2023-12-08 18:14:53.221399 Evaluation Reward: [42.06668135 41.87482634],
2023-12-08 18:14:53.221448 Time: 21.833
2023-12-08 18:15:17.676138 Episodes 7200:, 
2023-12-08 18:15:17.676208 Total steps 360000/500000, 
2023-12-08 18:15:17.676431 Evaluation Reward: [38.04889027 41.07119019],
2023-12-08 18:15:17.676488 Time: 24.435
2023-12-08 18:15:42.041886 Episodes 7400:, 
2023-12-08 18:15:42.041981 Total steps 370000/500000, 
2023-12-08 18:15:42.042194 Evaluation Reward: [40.97645334 41.35956105],
2023-12-08 18:15:42.042247 Time: 24.344
2023-12-08 18:16:04.919780 Episodes 7600:, 
2023-12-08 18:16:04.919847 Total steps 380000/500000, 
2023-12-08 18:16:04.920055 Evaluation Reward: [39.2540612  40.06722978],
2023-12-08 18:16:04.920094 Time: 22.85
2023-12-08 18:16:28.462050 Episodes 7800:, 
2023-12-08 18:16:28.462125 Total steps 390000/500000, 
2023-12-08 18:16:28.462333 Evaluation Reward: [43.48762278 42.26205964],
2023-12-08 18:16:28.462376 Time: 23.52
2023-12-08 18:16:51.854992 Episodes 8000:, 
2023-12-08 18:16:51.855106 Total steps 400000/500000, 
2023-12-08 18:16:51.855453 Evaluation Reward: [39.49325828 39.47694806],
2023-12-08 18:16:51.855515 Time: 23.368
2023-12-08 18:17:14.727495 Episodes 8200:, 
2023-12-08 18:17:14.727566 Total steps 410000/500000, 
2023-12-08 18:17:14.727787 Evaluation Reward: [44.03269694 42.10242662],
2023-12-08 18:17:14.727830 Time: 22.827
2023-12-08 18:17:36.976035 Episodes 8400:, 
2023-12-08 18:17:36.976108 Total steps 420000/500000, 
2023-12-08 18:17:36.976315 Evaluation Reward: [42.13550717 40.70678709],
2023-12-08 18:17:36.976355 Time: 22.224
2023-12-08 18:17:59.325811 Episodes 8600:, 
2023-12-08 18:17:59.325883 Total steps 430000/500000, 
2023-12-08 18:17:59.326101 Evaluation Reward: [38.57158725 39.76550292],
2023-12-08 18:17:59.326142 Time: 22.326
2023-12-08 18:18:23.517794 Episodes 8800:, 
2023-12-08 18:18:23.517859 Total steps 440000/500000, 
2023-12-08 18:18:23.518078 Evaluation Reward: [40.82033333 43.1879549 ],
2023-12-08 18:18:23.518131 Time: 24.167
2023-12-08 18:18:46.861716 Episodes 9000:, 
2023-12-08 18:18:46.861790 Total steps 450000/500000, 
2023-12-08 18:18:46.862019 Evaluation Reward: [38.90067023 41.19722098],
2023-12-08 18:18:46.862076 Time: 23.32
2023-12-08 18:19:08.965950 Episodes 9200:, 
2023-12-08 18:19:08.966016 Total steps 460000/500000, 
2023-12-08 18:19:08.966215 Evaluation Reward: [39.84162566 40.53019031],
2023-12-08 18:19:08.966254 Time: 22.079
2023-12-08 18:19:31.480216 Episodes 9400:, 
2023-12-08 18:19:31.480286 Total steps 470000/500000, 
2023-12-08 18:19:31.480514 Evaluation Reward: [39.05547177 34.58388281],
2023-12-08 18:19:31.480558 Time: 22.488
2023-12-08 18:19:55.688814 Episodes 9600:, 
2023-12-08 18:19:55.688880 Total steps 480000/500000, 
2023-12-08 18:19:55.689082 Evaluation Reward: [35.60777011 40.18023397],
2023-12-08 18:19:55.689131 Time: 24.183
2023-12-08 18:20:17.832519 Episodes 9800:, 
2023-12-08 18:20:17.832585 Total steps 490000/500000, 
2023-12-08 18:20:17.832815 Evaluation Reward: [38.34340315 38.35169247],
2023-12-08 18:20:17.832856 Time: 22.114
2023-12-08 18:20:39.498613 Episodes 9999:, 
2023-12-08 18:20:39.498676 Total steps 499999/500000, 
2023-12-08 18:20:39.498898 Evaluation Reward: [32.39042365 41.57608741],
2023-12-08 18:20:39.498938 Time: 21.64
2023-12-08 18:20:40.786993 ========================================Basic Configurations========================================
2023-12-08 18:20:40.787073 Daemon Filename: /home/Desktop/studies/q_functionals_daemon/results/final/2agent_2landmarks/maddpg_run_50-step-update_individual-reward_episode-10000_lr0001_b512_l3_n256_m500000_iter1/timestamp.log
2023-12-08 18:20:40.787096 Training Environment: q_functions_2agent_2landmarks
2023-12-08 18:20:40.787335 Functional: polynomial
2023-12-08 18:20:40.787358 rank: 2
2023-12-08 18:20:40.787374 seed: 4
2023-12-08 18:20:40.787393 learning_rate: 0.001
2023-12-08 18:20:40.787409 target_network_learning_rate: 0.005
2023-12-08 18:20:40.787424 nb_runs: 5
2023-12-08 18:20:40.787439 ma_type: maddpg
2023-12-08 18:20:40.787453 policy_type: gaussian
2023-12-08 18:20:40.787468 noise_std: 0.05
2023-12-08 18:20:40.787484 ========================================Model Configurations========================================
2023-12-08 18:20:40.787501 TD3 Trick:: False
2023-12-08 18:20:40.787518 Entropy Regularization: 0.0
2023-12-08 18:20:40.787532 ======================================Sampling Configurations=======================================
2023-12-08 18:20:40.787547 : q_functions_2agent_2landmarks
2023-12-08 18:20:40.787562 Using quantile sampling during bootstrapping:: False
2023-12-08 18:20:40.787577 Using quantile sampling during evaluation interaction: False
2023-12-08 18:20:40.787592 Using quantile sampling during training interaction:: False
2023-12-08 18:20:40.787607 Sampling Percent: 0.01
2023-12-08 18:20:40.787621 Anneal Sampling Percent: False
2023-12-08 18:20:40.787635 ===============================================Split================================================
2023-12-08 18:20:40.788512 running on CUDA...
2023-12-08 18:20:49.456458 Episodes 0:, 
2023-12-08 18:20:49.456531 Total steps 0/500000, 
2023-12-08 18:20:49.456750 Evaluation Reward: [3.36492156e-05 1.62381803e+00],
2023-12-08 18:20:49.456798 Time: 6.338
2023-12-08 18:21:12.294947 Episodes 200:, 
2023-12-08 18:21:12.295018 Total steps 10000/500000, 
2023-12-08 18:21:12.295335 Evaluation Reward: [7.93435587e-01 4.08895189e-07],
2023-12-08 18:21:12.295385 Time: 22.838
2023-12-08 18:21:34.918745 Episodes 400:, 
2023-12-08 18:21:34.918823 Total steps 20000/500000, 
2023-12-08 18:21:34.919021 Evaluation Reward: [1.12630629 2.05906678],
2023-12-08 18:21:34.919066 Time: 22.622
2023-12-08 18:21:57.408258 Episodes 600:, 
2023-12-08 18:21:57.408332 Total steps 30000/500000, 
2023-12-08 18:21:57.408541 Evaluation Reward: [3.14509189 0.96708291],
2023-12-08 18:21:57.408581 Time: 22.487
2023-12-08 18:22:19.382947 Episodes 800:, 
2023-12-08 18:22:19.383014 Total steps 40000/500000, 
2023-12-08 18:22:19.383232 Evaluation Reward: [5.79833504 4.65896796],
2023-12-08 18:22:19.383272 Time: 21.972
2023-12-08 18:22:41.678253 Episodes 1000:, 
2023-12-08 18:22:41.678322 Total steps 50000/500000, 
2023-12-08 18:22:41.678536 Evaluation Reward: [ 0.29598682 10.00855476],
2023-12-08 18:22:41.678593 Time: 22.292
2023-12-08 18:23:03.281498 Episodes 1200:, 
2023-12-08 18:23:03.281569 Total steps 60000/500000, 
2023-12-08 18:23:03.281789 Evaluation Reward: [13.97005689 40.28397272],
2023-12-08 18:23:03.281832 Time: 21.6
2023-12-08 18:23:24.784326 Episodes 1400:, 
2023-12-08 18:23:24.784392 Total steps 70000/500000, 
2023-12-08 18:23:24.784607 Evaluation Reward: [33.24863388 41.88933092],
2023-12-08 18:23:24.784649 Time: 21.499
2023-12-08 18:23:47.530550 Episodes 1600:, 
2023-12-08 18:23:47.530627 Total steps 80000/500000, 
2023-12-08 18:23:47.530834 Evaluation Reward: [28.47377921 35.22512423],
2023-12-08 18:23:47.530876 Time: 22.742
2023-12-08 18:24:09.232704 Episodes 1800:, 
2023-12-08 18:24:09.232775 Total steps 90000/500000, 
2023-12-08 18:24:09.232994 Evaluation Reward: [24.96231322 32.61367105],
2023-12-08 18:24:09.233033 Time: 21.697
2023-12-08 18:24:31.453320 Episodes 2000:, 
2023-12-08 18:24:31.453404 Total steps 100000/500000, 
2023-12-08 18:24:31.453633 Evaluation Reward: [35.72078851 36.64167117],
2023-12-08 18:24:31.453701 Time: 22.215
2023-12-08 18:24:55.261171 Episodes 2200:, 
2023-12-08 18:24:55.261243 Total steps 110000/500000, 
2023-12-08 18:24:55.261531 Evaluation Reward: [37.79790939 39.24920208],
2023-12-08 18:24:55.261584 Time: 23.802
2023-12-08 18:25:18.201249 Episodes 2400:, 
2023-12-08 18:25:18.201313 Total steps 120000/500000, 
2023-12-08 18:25:18.201528 Evaluation Reward: [31.90678262 33.42954519],
2023-12-08 18:25:18.201575 Time: 22.931
2023-12-08 18:25:40.353614 Episodes 2600:, 
2023-12-08 18:25:40.353678 Total steps 130000/500000, 
2023-12-08 18:25:40.353874 Evaluation Reward: [36.51560258 36.20938653],
2023-12-08 18:25:40.353915 Time: 22.145
2023-12-08 18:26:03.190778 Episodes 2800:, 
2023-12-08 18:26:03.190858 Total steps 140000/500000, 
2023-12-08 18:26:03.191136 Evaluation Reward: [35.98591747 38.82289289],
2023-12-08 18:26:03.191190 Time: 22.83
2023-12-08 18:26:25.378970 Episodes 3000:, 
2023-12-08 18:26:25.379033 Total steps 150000/500000, 
2023-12-08 18:26:25.379253 Evaluation Reward: [36.49584684 40.76801466],
2023-12-08 18:26:25.379295 Time: 22.178
2023-12-08 18:26:48.117081 Episodes 3200:, 
2023-12-08 18:26:48.117151 Total steps 160000/500000, 
2023-12-08 18:26:48.117350 Evaluation Reward: [40.68011701 41.45166096],
2023-12-08 18:26:48.117391 Time: 22.73
2023-12-08 18:27:13.535732 Episodes 3400:, 
2023-12-08 18:27:13.535801 Total steps 170000/500000, 
2023-12-08 18:27:13.536043 Evaluation Reward: [41.8592085  39.17363464],
2023-12-08 18:27:13.536091 Time: 25.409
2023-12-08 18:27:37.794765 Episodes 3600:, 
2023-12-08 18:27:37.794837 Total steps 180000/500000, 
2023-12-08 18:27:37.795046 Evaluation Reward: [39.14682202 39.37048247],
2023-12-08 18:27:37.795087 Time: 24.249
2023-12-08 18:28:01.842775 Episodes 3800:, 
2023-12-08 18:28:01.842860 Total steps 190000/500000, 
2023-12-08 18:28:01.843220 Evaluation Reward: [37.4498355  39.49201752],
2023-12-08 18:28:01.843276 Time: 24.037
2023-12-08 18:28:26.387926 Episodes 4000:, 
2023-12-08 18:28:26.388021 Total steps 200000/500000, 
2023-12-08 18:28:26.388241 Evaluation Reward: [38.5700552  40.10093632],
2023-12-08 18:28:26.388283 Time: 24.533
2023-12-08 18:28:51.504177 Episodes 4200:, 
2023-12-08 18:28:51.504247 Total steps 210000/500000, 
2023-12-08 18:28:51.504480 Evaluation Reward: [39.18575311 41.03494464],
2023-12-08 18:28:51.504523 Time: 25.104
2023-12-08 18:29:15.557983 Episodes 4400:, 
2023-12-08 18:29:15.558053 Total steps 220000/500000, 
2023-12-08 18:29:15.558275 Evaluation Reward: [40.20414151 40.17499042],
2023-12-08 18:29:15.558320 Time: 24.04
2023-12-08 18:29:40.097220 Episodes 4600:, 
2023-12-08 18:29:40.097313 Total steps 230000/500000, 
2023-12-08 18:29:40.097616 Evaluation Reward: [41.37081254 43.20553913],
2023-12-08 18:29:40.097674 Time: 24.527
2023-12-08 18:30:04.820940 Episodes 4800:, 
2023-12-08 18:30:04.821016 Total steps 240000/500000, 
2023-12-08 18:30:04.821227 Evaluation Reward: [40.50981625 40.94565805],
2023-12-08 18:30:04.821272 Time: 24.708
2023-12-08 18:30:33.179335 Episodes 5000:, 
2023-12-08 18:30:33.179412 Total steps 250000/500000, 
2023-12-08 18:30:33.179647 Evaluation Reward: [40.6305312  38.90574571],
2023-12-08 18:30:33.179693 Time: 28.342
2023-12-08 18:31:00.910747 Episodes 5200:, 
2023-12-08 18:31:00.910849 Total steps 260000/500000, 
2023-12-08 18:31:00.911180 Evaluation Reward: [36.98759495 35.81059267],
2023-12-08 18:31:00.911244 Time: 27.711
2023-12-08 18:31:29.305753 Episodes 5400:, 
2023-12-08 18:31:29.305866 Total steps 270000/500000, 
2023-12-08 18:31:29.306217 Evaluation Reward: [39.42293426 41.11865917],
2023-12-08 18:31:29.306283 Time: 28.374
2023-12-08 18:31:57.793509 Episodes 5600:, 
2023-12-08 18:31:57.793583 Total steps 280000/500000, 
2023-12-08 18:31:57.793806 Evaluation Reward: [42.05572829 41.8701174 ],
2023-12-08 18:31:57.793849 Time: 28.456
2023-12-08 18:32:23.840722 Episodes 5800:, 
2023-12-08 18:32:23.840805 Total steps 290000/500000, 
2023-12-08 18:32:23.841100 Evaluation Reward: [35.80282042 40.22774701],
2023-12-08 18:32:23.841154 Time: 26.031
2023-12-08 18:32:49.755630 Episodes 6000:, 
2023-12-08 18:32:49.755708 Total steps 300000/500000, 
2023-12-08 18:32:49.755984 Evaluation Reward: [39.62529961 40.11381028],
2023-12-08 18:32:49.756030 Time: 25.889
2023-12-08 18:33:18.568321 Episodes 6200:, 
2023-12-08 18:33:18.568394 Total steps 310000/500000, 
2023-12-08 18:33:18.568614 Evaluation Reward: [34.16456152 36.08753748],
2023-12-08 18:33:18.568663 Time: 28.793
2023-12-08 18:33:45.290617 Episodes 6400:, 
2023-12-08 18:33:45.290689 Total steps 320000/500000, 
2023-12-08 18:33:45.290994 Evaluation Reward: [39.07734276 41.81151069],
2023-12-08 18:33:45.291048 Time: 26.702
2023-12-08 18:34:13.628500 Episodes 6600:, 
2023-12-08 18:34:13.628651 Total steps 330000/500000, 
2023-12-08 18:34:13.629029 Evaluation Reward: [42.22442488 38.34741959],
2023-12-08 18:34:13.629101 Time: 28.309
2023-12-08 18:34:40.252639 Episodes 6800:, 
2023-12-08 18:34:40.252717 Total steps 340000/500000, 
2023-12-08 18:34:40.252943 Evaluation Reward: [42.377621   41.46312608],
2023-12-08 18:34:40.252985 Time: 26.576
2023-12-08 18:35:09.090829 Episodes 7000:, 
2023-12-08 18:35:09.090906 Total steps 350000/500000, 
2023-12-08 18:35:09.091150 Evaluation Reward: [40.24998405 40.76200149],
2023-12-08 18:35:09.091198 Time: 28.816
2023-12-08 18:35:36.184956 Episodes 7200:, 
2023-12-08 18:35:36.185037 Total steps 360000/500000, 
2023-12-08 18:35:36.185255 Evaluation Reward: [40.72001476 41.04955906],
2023-12-08 18:35:36.185303 Time: 27.073
2023-12-08 18:36:04.766990 Episodes 7400:, 
2023-12-08 18:36:04.767090 Total steps 370000/500000, 
2023-12-08 18:36:04.767406 Evaluation Reward: [37.78980308 36.78830644],
2023-12-08 18:36:04.767462 Time: 28.56
2023-12-08 18:36:31.531948 Episodes 7600:, 
2023-12-08 18:36:31.532021 Total steps 380000/500000, 
2023-12-08 18:36:31.532242 Evaluation Reward: [40.2467462  40.42418733],
2023-12-08 18:36:31.532286 Time: 26.729
2023-12-08 18:37:00.195268 Episodes 7800:, 
2023-12-08 18:37:00.195343 Total steps 390000/500000, 
2023-12-08 18:37:00.195643 Evaluation Reward: [40.69598759 42.33570639],
2023-12-08 18:37:00.195708 Time: 28.638
2023-12-08 18:37:26.319018 Episodes 8000:, 
2023-12-08 18:37:26.319096 Total steps 400000/500000, 
2023-12-08 18:37:26.319308 Evaluation Reward: [41.41958815 41.28626447],
2023-12-08 18:37:26.319352 Time: 26.096
2023-12-08 18:37:54.116407 Episodes 8200:, 
2023-12-08 18:37:54.116654 Total steps 410000/500000, 
2023-12-08 18:37:54.116889 Evaluation Reward: [41.19513981 39.2357988 ],
2023-12-08 18:37:54.116932 Time: 27.774
2023-12-08 18:38:20.574764 Episodes 8400:, 
2023-12-08 18:38:20.574892 Total steps 420000/500000, 
2023-12-08 18:38:20.575276 Evaluation Reward: [39.60192139 40.18505527],
2023-12-08 18:38:20.575350 Time: 26.431
2023-12-08 18:38:45.645696 Episodes 8600:, 
2023-12-08 18:38:45.645777 Total steps 430000/500000, 
2023-12-08 18:38:45.646025 Evaluation Reward: [40.70726376 40.61479152],
2023-12-08 18:38:45.646066 Time: 25.029
2023-12-08 18:39:11.869447 Episodes 8800:, 
2023-12-08 18:39:11.869536 Total steps 440000/500000, 
2023-12-08 18:39:11.869749 Evaluation Reward: [42.10741252 39.82060284],
2023-12-08 18:39:11.869792 Time: 26.197
2023-12-08 18:39:37.213809 Episodes 9000:, 
2023-12-08 18:39:37.213880 Total steps 450000/500000, 
2023-12-08 18:39:37.214108 Evaluation Reward: [40.60673871 39.85382173],
2023-12-08 18:39:37.214153 Time: 25.318
2023-12-08 18:40:02.470279 Episodes 9200:, 
2023-12-08 18:40:02.470363 Total steps 460000/500000, 
2023-12-08 18:40:02.470607 Evaluation Reward: [37.83042355 41.27204809],
2023-12-08 18:40:02.470659 Time: 25.228
2023-12-08 18:40:28.492129 Episodes 9400:, 
2023-12-08 18:40:28.492203 Total steps 470000/500000, 
2023-12-08 18:40:28.492427 Evaluation Reward: [40.02359963 38.68861841],
2023-12-08 18:40:28.492473 Time: 25.995
2023-12-08 18:40:56.618298 Episodes 9600:, 
2023-12-08 18:40:56.618389 Total steps 480000/500000, 
2023-12-08 18:40:56.618654 Evaluation Reward: [40.86594544 42.22012857],
2023-12-08 18:40:56.618729 Time: 28.098
2023-12-08 18:41:26.226593 Episodes 9800:, 
2023-12-08 18:41:26.226673 Total steps 490000/500000, 
2023-12-08 18:41:26.226896 Evaluation Reward: [35.32469183 37.93162619],
2023-12-08 18:41:26.226950 Time: 29.573
2023-12-08 18:41:51.939916 Episodes 9999:, 
2023-12-08 18:41:51.939994 Total steps 499999/500000, 
2023-12-08 18:41:51.940210 Evaluation Reward: [37.36708334 41.69467166],
2023-12-08 18:41:51.940252 Time: 25.542
